#! /usr/local/iverilog/bin/vvp
:ivl_version "11.0 (devel)" "(s20150603-642-g3bdb50da)";
:ivl_delay_selection "TYPICAL";
:vpi_time_precision + 0;
:vpi_module "system";
:vpi_module "vhdl_sys";
:vpi_module "vhdl_textio";
:vpi_module "v2005_math";
:vpi_module "va_math";
:vpi_module "v2009";
S_0000000001004f30 .scope package, "$unit" "$unit" 2 1;
 .timescale 0 0;
S_0000000000fd2ba0 .scope module, "test" "test" 3 1;
 .timescale 0 0;
v0000000000fbcef0_0 .net "b", 0 0, v0000000000fbaf70_0;  1 drivers
v0000000001002d50_0 .var "clk", 0 0;
v0000000001002df0_0 .var "en", 0 0;
v0000000001002e90_0 .var "v", 7 0;
S_0000000000fd2d30 .scope module, "ppc" "p_p_counter" 3 4, 4 1 0, S_0000000000fd2ba0;
 .timescale 0 0;
    .port_info 0 /INPUT 1 "clk";
    .port_info 1 /INPUT 1 "en";
    .port_info 2 /INPUT 8 "v";
    .port_info 3 /OUTPUT 1 "b";
v0000000000fbaf70_0 .var "b", 0 0;
v0000000000fd2ec0_0 .var "beep", 1 0;
v0000000000fd2f60_0 .net "clk", 0 0, v0000000001002d50_0;  1 drivers
v00000000010050c0_0 .var "counter", 7 0;
v0000000001005160_0 .net "en", 0 0, v0000000001002df0_0;  1 drivers
v0000000000fbce50_0 .net "v", 7 0, v0000000001002e90_0;  1 drivers
E_0000000000fba890/0 .event edge, v0000000001005160_0;
E_0000000000fba890/1 .event posedge, v0000000000fd2f60_0;
E_0000000000fba890 .event/or E_0000000000fba890/0, E_0000000000fba890/1;
    .scope S_0000000000fd2d30;
T_0 ;
    %wait E_0000000000fba890;
    %load/vec4 v0000000001005160_0;
    %flag_set/vec4 8;
    %jmp/0xz  T_0.0, 8;
    %load/vec4 v00000000010050c0_0;
    %pad/u 32;
    %cmpi/ne 0, 0, 32;
    %jmp/0xz  T_0.2, 4;
    %load/vec4 v00000000010050c0_0;
    %subi 1, 0, 8;
    %assign/vec4 v00000000010050c0_0, 0;
    %jmp T_0.3;
T_0.2 ;
    %load/vec4 v0000000000fd2ec0_0;
    %addi 1, 0, 2;
    %assign/vec4 v0000000000fd2ec0_0, 0;
    %pushi/vec4 1, 0, 1;
    %assign/vec4 v0000000000fbaf70_0, 0;
    %load/vec4 v0000000000fd2ec0_0;
    %cmpi/u 2, 0, 2;
    %flag_or 5, 4; GT is !LE
    %flag_inv 5;
    %jmp/0xz  T_0.4, 5;
    %pushi/vec4 0, 0, 1;
    %assign/vec4 v0000000000fbaf70_0, 0;
T_0.4 ;
T_0.3 ;
    %jmp T_0.1;
T_0.0 ;
    %load/vec4 v0000000000fbce50_0;
    %assign/vec4 v00000000010050c0_0, 0;
    %pushi/vec4 0, 0, 2;
    %assign/vec4 v0000000000fd2ec0_0, 0;
    %pushi/vec4 0, 0, 1;
    %assign/vec4 v0000000000fbaf70_0, 0;
T_0.1 ;
    %jmp T_0;
    .thread T_0;
    .scope S_0000000000fd2ba0;
T_1 ;
    %vpi_call/w 3 6 "$dumpfile", "p_p_counter.vcd" {0 0 0};
    %vpi_call/w 3 7 "$dumpvars", 32'sb00000000000000000000000000000000, S_0000000000fd2ba0 {0 0 0};
    %pushi/vec4 0, 0, 1;
    %store/vec4 v0000000001002df0_0, 0, 1;
    %pushi/vec4 5, 0, 8;
    %store/vec4 v0000000001002e90_0, 0, 8;
    %delay 1, 0;
    %pushi/vec4 1, 0, 1;
    %store/vec4 v0000000001002df0_0, 0, 1;
    %delay 18, 0;
    %pushi/vec4 0, 0, 1;
    %store/vec4 v0000000001002df0_0, 0, 1;
    %pushi/vec4 3, 0, 8;
    %store/vec4 v0000000001002e90_0, 0, 8;
    %delay 1, 0;
    %pushi/vec4 1, 0, 1;
    %store/vec4 v0000000001002df0_0, 0, 1;
    %delay 10, 0;
    %vpi_call/w 3 18 "$finish" {0 0 0};
    %end;
    .thread T_1;
    .scope S_0000000000fd2ba0;
T_2 ;
    %pushi/vec4 0, 0, 1;
    %store/vec4 v0000000001002d50_0, 0, 1;
    %delay 1, 0;
    %pushi/vec4 1, 0, 1;
    %store/vec4 v0000000001002d50_0, 0, 1;
    %delay 1, 0;
    %jmp T_2;
    .thread T_2;
# The file index is used to find the file name in the following table.
:file_names 5;
    "N/A";
    "<interactive>";
    "-";
    "test.v";
    "p_p_counter.v";
