#! /usr/local/iverilog/bin/vvp
:ivl_version "11.0 (devel)" "(s20150603-642-g3bdb50da)";
:ivl_delay_selection "TYPICAL";
:vpi_time_precision + 0;
:vpi_module "system";
:vpi_module "vhdl_sys";
:vpi_module "vhdl_textio";
:vpi_module "v2005_math";
:vpi_module "va_math";
:vpi_module "v2009";
S_0000000000f52ff0 .scope package, "$unit" "$unit" 2 1;
 .timescale 0 0;
S_0000000000f93430 .scope module, "test" "test" 3 1;
 .timescale 0 0;
v0000000000fe85d0_0 .var "clk", 0 0;
v0000000000fe8990_0 .var "rst", 0 0;
S_0000000000f935c0 .scope module, "top" "top" 3 3, 4 1 0, S_0000000000f93430;
 .timescale 0 0;
    .port_info 0 /INPUT 1 "clk";
    .port_info 1 /INPUT 1 "rst";
L_0000000000f798b0 .functor BUFZ 10, v0000000000f7d2e0_0, C4<0000000000>, C4<0000000000>, C4<0000000000>;
L_0000000000f79d10 .functor NOT 1, L_0000000000fe79f0, C4<0>, C4<0>, C4<0>;
v0000000000fe8530_0 .net *"_s7", 9 0, L_0000000000f798b0;  1 drivers
v0000000000fe71d0_0 .net "a", 15 0, L_0000000000f79ed0;  1 drivers
v0000000000fe88f0_0 .net "arad", 1 0, L_0000000000fe7310;  1 drivers
v0000000000fe7450_0 .net "b", 15 0, L_0000000000f79bc0;  1 drivers
v0000000000fe8850_0 .net "brad", 1 0, L_0000000000fe8a30;  1 drivers
v0000000000fe80d0_0 .net "clk", 0 0, v0000000000fe85d0_0;  1 drivers
v0000000000fe8f30_0 .net "h", 0 0, L_0000000000fe79f0;  1 drivers
v0000000000fe8170_0 .net "o", 9 0, v0000000000f7d2e0_0;  1 drivers
v0000000000fe7bd0_0 .net "op", 2 0, L_0000000000fe8710;  1 drivers
v0000000000fe73b0_0 .net "pca", 5 0, v0000000000f7d380_0;  1 drivers
v0000000000fe8350_0 .net "rst", 0 0, v0000000000fe8990_0;  1 drivers
v0000000000fe7590_0 .net "wad", 1 0, L_0000000000fe8670;  1 drivers
v0000000000fe83f0_0 .net "wd", 15 0, v0000000000f7d9c0_0;  1 drivers
v0000000000fe7270_0 .net "we", 0 0, L_0000000000f79d10;  1 drivers
L_0000000000fe79f0 .part L_0000000000f798b0, 9, 1;
L_0000000000fe8670 .part L_0000000000f798b0, 7, 2;
L_0000000000fe8710 .part L_0000000000f798b0, 4, 3;
L_0000000000fe8a30 .part L_0000000000f798b0, 2, 2;
L_0000000000fe7310 .part L_0000000000f798b0, 0, 2;
S_0000000000f91ad0 .scope module, "alu" "alu" 4 8, 5 1 0, S_0000000000f935c0;
 .timescale 0 0;
    .port_info 0 /INPUT 16 "a";
    .port_info 1 /INPUT 16 "b";
    .port_info 2 /INPUT 3 "op";
    .port_info 3 /OUTPUT 16 "r";
P_0000000000f76740 .param/l "ADD" 0 5 2, C4<010>;
P_0000000000f76778 .param/l "SET0" 0 5 2, C4<000>;
P_0000000000f767b0 .param/l "SET1" 0 5 2, C4<001>;
P_0000000000f767e8 .param/l "SUB" 0 5 3, C4<011>;
P_0000000000f76820 .param/l "TRU" 0 5 3, C4<100>;
v0000000000f7d100_0 .net "a", 15 0, L_0000000000f79ed0;  alias, 1 drivers
v0000000000f7d920_0 .net "b", 15 0, L_0000000000f79bc0;  alias, 1 drivers
v0000000000f7d6a0_0 .net "op", 2 0, L_0000000000fe8710;  alias, 1 drivers
v0000000000f7d9c0_0 .var "r", 15 0;
E_0000000000f7f5b0 .event edge, v0000000000f7d6a0_0, v0000000000f7d100_0, v0000000000f7d920_0;
S_0000000000f91c60 .scope module, "imem" "imem" 4 10, 6 1 0, S_0000000000f935c0;
 .timescale 0 0;
    .port_info 0 /INPUT 6 "pc";
    .port_info 1 /OUTPUT 10 "o";
v0000000000f7d2e0_0 .var "o", 9 0;
v0000000000f7cde0_0 .net "pc", 5 0, v0000000000f7d380_0;  alias, 1 drivers
E_0000000000f7f130 .event edge, v0000000000f7cde0_0;
S_00000000001ee400 .scope module, "pc" "pc" 4 9, 7 1 0, S_0000000000f935c0;
 .timescale 0 0;
    .port_info 0 /INPUT 1 "halt";
    .port_info 1 /OUTPUT 6 "pc";
    .port_info 2 /INPUT 1 "clk";
    .port_info 3 /INPUT 1 "rst";
v0000000000f7da60_0 .net "clk", 0 0, v0000000000fe85d0_0;  alias, 1 drivers
v0000000000f7d420_0 .net "halt", 0 0, L_0000000000fe79f0;  alias, 1 drivers
v0000000000f7d380_0 .var "pc", 5 0;
v0000000000f7dba0_0 .net "rst", 0 0, v0000000000fe8990_0;  alias, 1 drivers
E_0000000000f7f7b0 .event posedge, v0000000000f7dba0_0, v0000000000f7da60_0;
S_00000000001ee590 .scope module, "rega" "rega" 4 7, 8 1 0, S_0000000000f935c0;
 .timescale 0 0;
    .port_info 0 /INPUT 2 "arad";
    .port_info 1 /INPUT 2 "brad";
    .port_info 2 /OUTPUT 16 "a";
    .port_info 3 /OUTPUT 16 "b";
    .port_info 4 /INPUT 1 "we";
    .port_info 5 /INPUT 2 "wad";
    .port_info 6 /INPUT 16 "wd";
    .port_info 7 /INPUT 1 "clk";
    .port_info 8 /INPUT 1 "rst";
L_0000000000f79ed0 .functor BUFZ 16, L_0000000000fe7d10, C4<0000000000000000>, C4<0000000000000000>, C4<0000000000000000>;
L_0000000000f79bc0 .functor BUFZ 16, L_0000000000fe7db0, C4<0000000000000000>, C4<0000000000000000>, C4<0000000000000000>;
v0000000000f7d600_0 .net *"_s0", 15 0, L_0000000000fe7d10;  1 drivers
v0000000000f7ce80_0 .net *"_s10", 3 0, L_0000000000fe7e50;  1 drivers
L_0000000000fe90a0 .functor BUFT 1, C4<00>, C4<0>, C4<0>, C4<0>;
v0000000000f7dce0_0 .net *"_s13", 1 0, L_0000000000fe90a0;  1 drivers
v0000000000f7d740_0 .net *"_s2", 3 0, L_0000000000fe87b0;  1 drivers
L_0000000000fe9058 .functor BUFT 1, C4<00>, C4<0>, C4<0>, C4<0>;
v0000000000f7d560_0 .net *"_s5", 1 0, L_0000000000fe9058;  1 drivers
v0000000000fe78b0_0 .net *"_s8", 15 0, L_0000000000fe7db0;  1 drivers
v0000000000fe8ad0_0 .net "a", 15 0, L_0000000000f79ed0;  alias, 1 drivers
v0000000000fe8490_0 .net "arad", 1 0, L_0000000000fe7310;  alias, 1 drivers
v0000000000fe74f0_0 .net "b", 15 0, L_0000000000f79bc0;  alias, 1 drivers
v0000000000fe7950_0 .net "brad", 1 0, L_0000000000fe8a30;  alias, 1 drivers
v0000000000fe82b0_0 .net "clk", 0 0, v0000000000fe85d0_0;  alias, 1 drivers
v0000000000fe8e90 .array "regar", 0 3, 15 0;
v0000000000fe8210_0 .net "rst", 0 0, v0000000000fe8990_0;  alias, 1 drivers
v0000000000fe8cb0_0 .net "wad", 1 0, L_0000000000fe8670;  alias, 1 drivers
v0000000000fe7a90_0 .net "wd", 15 0, v0000000000f7d9c0_0;  alias, 1 drivers
v0000000000fe7c70_0 .net "we", 0 0, L_0000000000f79d10;  alias, 1 drivers
L_0000000000fe7d10 .array/port v0000000000fe8e90, L_0000000000fe87b0;
L_0000000000fe87b0 .concat [ 2 2 0 0], L_0000000000fe7310, L_0000000000fe9058;
L_0000000000fe7db0 .array/port v0000000000fe8e90, L_0000000000fe7e50;
L_0000000000fe7e50 .concat [ 2 2 0 0], L_0000000000fe8a30, L_0000000000fe90a0;
    .scope S_00000000001ee590;
T_0 ;
    %wait E_0000000000f7f7b0;
    %load/vec4 v0000000000fe8210_0;
    %flag_set/vec4 8;
    %jmp/0xz  T_0.0, 8;
    %pushi/vec4 0, 0, 16;
    %ix/load 3, 0, 0;
    %flag_set/imm 4, 0;
    %ix/load 4, 0, 0; Constant delay
    %assign/vec4/a/d v0000000000fe8e90, 0, 4;
    %pushi/vec4 1, 0, 16;
    %ix/load 3, 1, 0;
    %flag_set/imm 4, 0;
    %ix/load 4, 0, 0; Constant delay
    %assign/vec4/a/d v0000000000fe8e90, 0, 4;
    %jmp T_0.1;
T_0.0 ;
    %load/vec4 v0000000000fe7c70_0;
    %flag_set/vec4 8;
    %jmp/0xz  T_0.2, 8;
    %load/vec4 v0000000000fe7a90_0;
    %load/vec4 v0000000000fe8cb0_0;
    %pad/u 4;
    %ix/vec4 3;
    %ix/load 4, 0, 0; Constant delay
    %assign/vec4/a/d v0000000000fe8e90, 0, 4;
T_0.2 ;
T_0.1 ;
    %jmp T_0;
    .thread T_0;
    .scope S_0000000000f91ad0;
T_1 ;
Ewait_0 .event/or E_0000000000f7f5b0, E_0x0;
    %wait Ewait_0;
    %load/vec4 v0000000000f7d6a0_0;
    %dup/vec4;
    %pushi/vec4 0, 0, 3;
    %cmp/u;
    %jmp/1 T_1.0, 6;
    %dup/vec4;
    %pushi/vec4 1, 0, 3;
    %cmp/u;
    %jmp/1 T_1.1, 6;
    %dup/vec4;
    %pushi/vec4 2, 0, 3;
    %cmp/u;
    %jmp/1 T_1.2, 6;
    %dup/vec4;
    %pushi/vec4 3, 0, 3;
    %cmp/u;
    %jmp/1 T_1.3, 6;
    %dup/vec4;
    %pushi/vec4 4, 0, 3;
    %cmp/u;
    %jmp/1 T_1.4, 6;
    %jmp T_1.5;
T_1.0 ;
    %pushi/vec4 0, 0, 16;
    %store/vec4 v0000000000f7d9c0_0, 0, 16;
    %jmp T_1.5;
T_1.1 ;
    %pushi/vec4 1, 0, 16;
    %store/vec4 v0000000000f7d9c0_0, 0, 16;
    %jmp T_1.5;
T_1.2 ;
    %load/vec4 v0000000000f7d100_0;
    %load/vec4 v0000000000f7d920_0;
    %add;
    %store/vec4 v0000000000f7d9c0_0, 0, 16;
    %jmp T_1.5;
T_1.3 ;
    %load/vec4 v0000000000f7d100_0;
    %load/vec4 v0000000000f7d920_0;
    %sub;
    %store/vec4 v0000000000f7d9c0_0, 0, 16;
    %jmp T_1.5;
T_1.4 ;
    %load/vec4 v0000000000f7d100_0;
    %store/vec4 v0000000000f7d9c0_0, 0, 16;
    %jmp T_1.5;
T_1.5 ;
    %pop/vec4 1;
    %jmp T_1;
    .thread T_1, $push;
    .scope S_00000000001ee400;
T_2 ;
    %wait E_0000000000f7f7b0;
    %load/vec4 v0000000000f7dba0_0;
    %flag_set/vec4 8;
    %jmp/0xz  T_2.0, 8;
    %pushi/vec4 0, 0, 6;
    %assign/vec4 v0000000000f7d380_0, 0;
    %jmp T_2.1;
T_2.0 ;
    %load/vec4 v0000000000f7d420_0;
    %nor/r;
    %flag_set/vec4 8;
    %jmp/0xz  T_2.2, 8;
    %load/vec4 v0000000000f7d380_0;
    %addi 1, 0, 6;
    %assign/vec4 v0000000000f7d380_0, 0;
T_2.2 ;
T_2.1 ;
    %jmp T_2;
    .thread T_2;
    .scope S_0000000000f91c60;
T_3 ;
Ewait_1 .event/or E_0000000000f7f130, E_0x0;
    %wait Ewait_1;
    %load/vec4 v0000000000f7cde0_0;
    %dup/vec4;
    %pushi/vec4 0, 0, 6;
    %cmp/u;
    %jmp/1 T_3.0, 6;
    %dup/vec4;
    %pushi/vec4 1, 0, 6;
    %cmp/u;
    %jmp/1 T_3.1, 6;
    %dup/vec4;
    %pushi/vec4 2, 0, 6;
    %cmp/u;
    %jmp/1 T_3.2, 6;
    %dup/vec4;
    %pushi/vec4 3, 0, 6;
    %cmp/u;
    %jmp/1 T_3.3, 6;
    %dup/vec4;
    %pushi/vec4 4, 0, 6;
    %cmp/u;
    %jmp/1 T_3.4, 6;
    %dup/vec4;
    %pushi/vec4 5, 0, 6;
    %cmp/u;
    %jmp/1 T_3.5, 6;
    %dup/vec4;
    %pushi/vec4 6, 0, 6;
    %cmp/u;
    %jmp/1 T_3.6, 6;
    %dup/vec4;
    %pushi/vec4 7, 0, 6;
    %cmp/u;
    %jmp/1 T_3.7, 6;
    %dup/vec4;
    %pushi/vec4 8, 0, 6;
    %cmp/u;
    %jmp/1 T_3.8, 6;
    %dup/vec4;
    %pushi/vec4 9, 0, 6;
    %cmp/u;
    %jmp/1 T_3.9, 6;
    %dup/vec4;
    %pushi/vec4 10, 0, 6;
    %cmp/u;
    %jmp/1 T_3.10, 6;
    %dup/vec4;
    %pushi/vec4 11, 0, 6;
    %cmp/u;
    %jmp/1 T_3.11, 6;
    %dup/vec4;
    %pushi/vec4 12, 0, 6;
    %cmp/u;
    %jmp/1 T_3.12, 6;
    %dup/vec4;
    %pushi/vec4 13, 0, 6;
    %cmp/u;
    %jmp/1 T_3.13, 6;
    %dup/vec4;
    %pushi/vec4 14, 0, 6;
    %cmp/u;
    %jmp/1 T_3.14, 6;
    %dup/vec4;
    %pushi/vec4 15, 0, 6;
    %cmp/u;
    %jmp/1 T_3.15, 6;
    %dup/vec4;
    %pushi/vec4 16, 0, 6;
    %cmp/u;
    %jmp/1 T_3.16, 6;
    %dup/vec4;
    %pushi/vec4 17, 0, 6;
    %cmp/u;
    %jmp/1 T_3.17, 6;
    %dup/vec4;
    %pushi/vec4 18, 0, 6;
    %cmp/u;
    %jmp/1 T_3.18, 6;
    %dup/vec4;
    %pushi/vec4 19, 0, 6;
    %cmp/u;
    %jmp/1 T_3.19, 6;
    %dup/vec4;
    %pushi/vec4 20, 0, 6;
    %cmp/u;
    %jmp/1 T_3.20, 6;
    %dup/vec4;
    %pushi/vec4 21, 0, 6;
    %cmp/u;
    %jmp/1 T_3.21, 6;
    %dup/vec4;
    %pushi/vec4 22, 0, 6;
    %cmp/u;
    %jmp/1 T_3.22, 6;
    %dup/vec4;
    %pushi/vec4 23, 0, 6;
    %cmp/u;
    %jmp/1 T_3.23, 6;
    %dup/vec4;
    %pushi/vec4 24, 0, 6;
    %cmp/u;
    %jmp/1 T_3.24, 6;
    %dup/vec4;
    %pushi/vec4 25, 0, 6;
    %cmp/u;
    %jmp/1 T_3.25, 6;
    %dup/vec4;
    %pushi/vec4 26, 0, 6;
    %cmp/u;
    %jmp/1 T_3.26, 6;
    %dup/vec4;
    %pushi/vec4 27, 0, 6;
    %cmp/u;
    %jmp/1 T_3.27, 6;
    %dup/vec4;
    %pushi/vec4 28, 0, 6;
    %cmp/u;
    %jmp/1 T_3.28, 6;
    %dup/vec4;
    %pushi/vec4 29, 0, 6;
    %cmp/u;
    %jmp/1 T_3.29, 6;
    %dup/vec4;
    %pushi/vec4 30, 0, 6;
    %cmp/u;
    %jmp/1 T_3.30, 6;
    %dup/vec4;
    %pushi/vec4 31, 0, 6;
    %cmp/u;
    %jmp/1 T_3.31, 6;
    %dup/vec4;
    %pushi/vec4 32, 0, 6;
    %cmp/u;
    %jmp/1 T_3.32, 6;
    %dup/vec4;
    %pushi/vec4 33, 0, 6;
    %cmp/u;
    %jmp/1 T_3.33, 6;
    %jmp T_3.34;
T_3.0 ;
    %pushi/vec4 16, 0, 10;
    %store/vec4 v0000000000f7d2e0_0, 0, 10;
    %jmp T_3.34;
T_3.1 ;
    %pushi/vec4 144, 0, 10;
    %store/vec4 v0000000000f7d2e0_0, 0, 10;
    %jmp T_3.34;
T_3.2 ;
    %pushi/vec4 289, 0, 10;
    %store/vec4 v0000000000f7d2e0_0, 0, 10;
    %jmp T_3.34;
T_3.3 ;
    %pushi/vec4 41, 0, 10;
    %store/vec4 v0000000000f7d2e0_0, 0, 10;
    %jmp T_3.34;
T_3.4 ;
    %pushi/vec4 129, 0, 10;
    %store/vec4 v0000000000f7d2e0_0, 0, 10;
    %jmp T_3.34;
T_3.5 ;
    %pushi/vec4 417, 0, 10;
    %store/vec4 v0000000000f7d2e0_0, 0, 10;
    %jmp T_3.34;
T_3.6 ;
    %pushi/vec4 65, 0, 10;
    %store/vec4 v0000000000f7d2e0_0, 0, 10;
    %jmp T_3.34;
T_3.7 ;
    %pushi/vec4 194, 0, 10;
    %store/vec4 v0000000000f7d2e0_0, 0, 10;
    %jmp T_3.34;
T_3.8 ;
    %pushi/vec4 323, 0, 10;
    %store/vec4 v0000000000f7d2e0_0, 0, 10;
    %jmp T_3.34;
T_3.9 ;
    %pushi/vec4 417, 0, 10;
    %store/vec4 v0000000000f7d2e0_0, 0, 10;
    %jmp T_3.34;
T_3.10 ;
    %pushi/vec4 65, 0, 10;
    %store/vec4 v0000000000f7d2e0_0, 0, 10;
    %jmp T_3.34;
T_3.11 ;
    %pushi/vec4 194, 0, 10;
    %store/vec4 v0000000000f7d2e0_0, 0, 10;
    %jmp T_3.34;
T_3.12 ;
    %pushi/vec4 323, 0, 10;
    %store/vec4 v0000000000f7d2e0_0, 0, 10;
    %jmp T_3.34;
T_3.13 ;
    %pushi/vec4 417, 0, 10;
    %store/vec4 v0000000000f7d2e0_0, 0, 10;
    %jmp T_3.34;
T_3.14 ;
    %pushi/vec4 65, 0, 10;
    %store/vec4 v0000000000f7d2e0_0, 0, 10;
    %jmp T_3.34;
T_3.15 ;
    %pushi/vec4 194, 0, 10;
    %store/vec4 v0000000000f7d2e0_0, 0, 10;
    %jmp T_3.34;
T_3.16 ;
    %pushi/vec4 323, 0, 10;
    %store/vec4 v0000000000f7d2e0_0, 0, 10;
    %jmp T_3.34;
T_3.17 ;
    %pushi/vec4 417, 0, 10;
    %store/vec4 v0000000000f7d2e0_0, 0, 10;
    %jmp T_3.34;
T_3.18 ;
    %pushi/vec4 65, 0, 10;
    %store/vec4 v0000000000f7d2e0_0, 0, 10;
    %jmp T_3.34;
T_3.19 ;
    %pushi/vec4 194, 0, 10;
    %store/vec4 v0000000000f7d2e0_0, 0, 10;
    %jmp T_3.34;
T_3.20 ;
    %pushi/vec4 323, 0, 10;
    %store/vec4 v0000000000f7d2e0_0, 0, 10;
    %jmp T_3.34;
T_3.21 ;
    %pushi/vec4 417, 0, 10;
    %store/vec4 v0000000000f7d2e0_0, 0, 10;
    %jmp T_3.34;
T_3.22 ;
    %pushi/vec4 65, 0, 10;
    %store/vec4 v0000000000f7d2e0_0, 0, 10;
    %jmp T_3.34;
T_3.23 ;
    %pushi/vec4 194, 0, 10;
    %store/vec4 v0000000000f7d2e0_0, 0, 10;
    %jmp T_3.34;
T_3.24 ;
    %pushi/vec4 323, 0, 10;
    %store/vec4 v0000000000f7d2e0_0, 0, 10;
    %jmp T_3.34;
T_3.25 ;
    %pushi/vec4 417, 0, 10;
    %store/vec4 v0000000000f7d2e0_0, 0, 10;
    %jmp T_3.34;
T_3.26 ;
    %pushi/vec4 65, 0, 10;
    %store/vec4 v0000000000f7d2e0_0, 0, 10;
    %jmp T_3.34;
T_3.27 ;
    %pushi/vec4 194, 0, 10;
    %store/vec4 v0000000000f7d2e0_0, 0, 10;
    %jmp T_3.34;
T_3.28 ;
    %pushi/vec4 323, 0, 10;
    %store/vec4 v0000000000f7d2e0_0, 0, 10;
    %jmp T_3.34;
T_3.29 ;
    %pushi/vec4 417, 0, 10;
    %store/vec4 v0000000000f7d2e0_0, 0, 10;
    %jmp T_3.34;
T_3.30 ;
    %pushi/vec4 65, 0, 10;
    %store/vec4 v0000000000f7d2e0_0, 0, 10;
    %jmp T_3.34;
T_3.31 ;
    %pushi/vec4 194, 0, 10;
    %store/vec4 v0000000000f7d2e0_0, 0, 10;
    %jmp T_3.34;
T_3.32 ;
    %pushi/vec4 323, 0, 10;
    %store/vec4 v0000000000f7d2e0_0, 0, 10;
    %jmp T_3.34;
T_3.33 ;
    %pushi/vec4 512, 0, 10;
    %store/vec4 v0000000000f7d2e0_0, 0, 10;
    %jmp T_3.34;
T_3.34 ;
    %pop/vec4 1;
    %jmp T_3;
    .thread T_3, $push;
    .scope S_0000000000f93430;
T_4 ;
    %delay 5, 0;
    %load/vec4 v0000000000fe85d0_0;
    %inv;
    %store/vec4 v0000000000fe85d0_0, 0, 1;
    %jmp T_4;
    .thread T_4;
    .scope S_0000000000f93430;
T_5 ;
    %vpi_call/w 3 6 "$dumpfile", "peran.vcd" {0 0 0};
    %vpi_call/w 3 7 "$dumpvars", 32'sb00000000000000000000000000000000, S_0000000000f935c0 {0 0 0};
    %pushi/vec4 1, 0, 1;
    %store/vec4 v0000000000fe8990_0, 0, 1;
    %pushi/vec4 0, 0, 1;
    %store/vec4 v0000000000fe85d0_0, 0, 1;
    %delay 20, 0;
    %pushi/vec4 0, 0, 1;
    %store/vec4 v0000000000fe8990_0, 0, 1;
    %delay 500, 0;
    %vpi_call/w 3 13 "$finish" {0 0 0};
    %end;
    .thread T_5;
# The file index is used to find the file name in the following table.
:file_names 9;
    "N/A";
    "<interactive>";
    "-";
    "test.v";
    "top.v";
    "alu.v";
    "imem.v";
    "pc.v";
    "rega.v";
