#! /usr/local/iverilog/bin/vvp
:ivl_version "11.0 (devel)" "(s20150603-642-g3bdb50da)";
:ivl_delay_selection "TYPICAL";
:vpi_time_precision + 0;
:vpi_module "system";
:vpi_module "vhdl_sys";
:vpi_module "vhdl_textio";
:vpi_module "v2005_math";
:vpi_module "va_math";
:vpi_module "v2009";
S_0000000000f52490 .scope package, "$unit" "$unit" 2 1;
 .timescale 0 0;
S_0000000000f52620 .scope module, "test" "test" 3 1;
 .timescale 0 0;
    .port_info 0 /INPUT 1 "a";
    .port_info 1 /OUTPUT 1 "b";
o0000000000f73cd8 .functor BUFZ 1, C4<z>; HiZ drive
L_00000000000ee870 .functor BUFZ 1, o0000000000f73cd8, C4<0>, C4<0>, C4<0>;
v0000000000f527b0_0 .net "a", 0 0, o0000000000f73cd8;  0 drivers
v00000000000ee7d0_0 .net "b", 0 0, L_00000000000ee870;  1 drivers
# The file index is used to find the file name in the following table.
:file_names 4;
    "N/A";
    "<interactive>";
    "-";
    "test.v";
