#! /usr/local/iverilog/bin/vvp
:ivl_version "11.0 (devel)" "(s20150603-642-g3bdb50da)";
:ivl_delay_selection "TYPICAL";
:vpi_time_precision + 0;
:vpi_module "system";
:vpi_module "vhdl_sys";
:vpi_module "vhdl_textio";
:vpi_module "v2005_math";
:vpi_module "va_math";
:vpi_module "v2009";
S_00000000010d7c10 .scope package, "$unit" "$unit" 2 1;
 .timescale 0 0;
S_00000000010d7da0 .scope module, "test" "test" 3 1;
 .timescale 0 0;
v000000000113e3f0_0 .var "a", 0 0;
v000000000113e490_0 .var "b", 0 0;
v000000000113e530_0 .net "change", 2 0, v00000000010d7f30_0;  1 drivers
v000000000113e5d0_0 .var "clk", 0 0;
v000000000113e670_0 .net "out", 0 0, v0000000001087b30_0;  1 drivers
v000000000113e710_0 .var "rst", 0 0;
S_0000000001087860 .scope module, "vend" "vm" 3 4, 4 1 0, S_00000000010d7da0;
 .timescale 0 0;
    .port_info 0 /INPUT 1 "a";
    .port_info 1 /INPUT 1 "b";
    .port_info 2 /INPUT 1 "clk";
    .port_info 3 /INPUT 1 "rst";
    .port_info 4 /OUTPUT 3 "change";
    .port_info 5 /OUTPUT 1 "out";
enum00000000010e2ee0 .enum4 (6)
   "READY" 6'b000001,
   "TEN" 6'b000010,
   "TWENTY" 6'b000100,
   "THIRTY" 6'b001000,
   "FORTY" 6'b010000,
   "EXE" 6'b100000
 ;
v000000000108ce60_0 .net "a", 0 0, v000000000113e3f0_0;  1 drivers
v000000000108c900_0 .net "b", 0 0, v000000000113e490_0;  1 drivers
v00000000010d7f30_0 .var "change", 2 0;
v00000000010eb940_0 .net "clk", 0 0, v000000000113e5d0_0;  1 drivers
v00000000010879f0_0 .var "nchange", 2 0;
v0000000001087a90_0 .var "nstate", 5 0;
v0000000001087b30_0 .var "out", 0 0;
v0000000001087bd0_0 .net "rst", 0 0, v000000000113e710_0;  1 drivers
v000000000113e350_0 .var "state", 5 0;
E_00000000010e5140 .event edge, v000000000113e350_0, v000000000108ce60_0, v000000000108c900_0, v00000000010879f0_0;
E_00000000010e5a40 .event posedge, v0000000001087bd0_0, v00000000010eb940_0;
    .scope S_0000000001087860;
T_0 ;
    %wait E_00000000010e5a40;
    %load/vec4 v0000000001087bd0_0;
    %flag_set/vec4 8;
    %jmp/0xz  T_0.0, 8;
    %pushi/vec4 1, 0, 6;
    %assign/vec4 v000000000113e350_0, 0;
    %jmp T_0.1;
T_0.0 ;
    %load/vec4 v0000000001087a90_0;
    %assign/vec4 v000000000113e350_0, 0;
T_0.1 ;
    %jmp T_0;
    .thread T_0;
    .scope S_0000000001087860;
T_1 ;
Ewait_0 .event/or E_00000000010e5140, E_0x0;
    %wait Ewait_0;
    %load/vec4 v000000000113e350_0;
    %dup/vec4;
    %pushi/vec4 1, 0, 6;
    %cmp/u;
    %jmp/1 T_1.0, 6;
    %dup/vec4;
    %pushi/vec4 2, 0, 6;
    %cmp/u;
    %jmp/1 T_1.1, 6;
    %dup/vec4;
    %pushi/vec4 4, 0, 6;
    %cmp/u;
    %jmp/1 T_1.2, 6;
    %dup/vec4;
    %pushi/vec4 8, 0, 6;
    %cmp/u;
    %jmp/1 T_1.3, 6;
    %dup/vec4;
    %pushi/vec4 16, 0, 6;
    %cmp/u;
    %jmp/1 T_1.4, 6;
    %dup/vec4;
    %pushi/vec4 32, 0, 6;
    %cmp/u;
    %jmp/1 T_1.5, 6;
    %jmp T_1.6;
T_1.0 ;
    %pushi/vec4 0, 0, 3;
    %store/vec4 v00000000010d7f30_0, 0, 3;
    %pushi/vec4 0, 0, 1;
    %store/vec4 v0000000001087b30_0, 0, 1;
    %pushi/vec4 0, 0, 3;
    %store/vec4 v00000000010879f0_0, 0, 3;
    %load/vec4 v000000000108ce60_0;
    %load/vec4 v000000000108c900_0;
    %concat/vec4; draw_concat_vec4
    %dup/vec4;
    %pushi/vec4 0, 0, 2;
    %cmp/u;
    %jmp/1 T_1.7, 6;
    %dup/vec4;
    %pushi/vec4 1, 0, 2;
    %cmp/u;
    %jmp/1 T_1.8, 6;
    %dup/vec4;
    %pushi/vec4 2, 0, 2;
    %cmp/u;
    %jmp/1 T_1.9, 6;
    %jmp T_1.10;
T_1.7 ;
    %pushi/vec4 1, 0, 6;
    %store/vec4 v0000000001087a90_0, 0, 6;
    %jmp T_1.10;
T_1.8 ;
    %pushi/vec4 32, 0, 6;
    %store/vec4 v0000000001087a90_0, 0, 6;
    %jmp T_1.10;
T_1.9 ;
    %pushi/vec4 2, 0, 6;
    %store/vec4 v0000000001087a90_0, 0, 6;
    %jmp T_1.10;
T_1.10 ;
    %pop/vec4 1;
    %jmp T_1.6;
T_1.1 ;
    %load/vec4 v000000000108ce60_0;
    %load/vec4 v000000000108c900_0;
    %concat/vec4; draw_concat_vec4
    %dup/vec4;
    %pushi/vec4 0, 0, 2;
    %cmp/u;
    %jmp/1 T_1.11, 6;
    %dup/vec4;
    %pushi/vec4 1, 0, 2;
    %cmp/u;
    %jmp/1 T_1.12, 6;
    %dup/vec4;
    %pushi/vec4 2, 0, 2;
    %cmp/u;
    %jmp/1 T_1.13, 6;
    %jmp T_1.14;
T_1.11 ;
    %pushi/vec4 2, 0, 6;
    %store/vec4 v0000000001087a90_0, 0, 6;
    %jmp T_1.14;
T_1.12 ;
    %pushi/vec4 32, 0, 6;
    %store/vec4 v0000000001087a90_0, 0, 6;
    %pushi/vec4 1, 0, 3;
    %store/vec4 v00000000010879f0_0, 0, 3;
    %jmp T_1.14;
T_1.13 ;
    %pushi/vec4 4, 0, 6;
    %store/vec4 v0000000001087a90_0, 0, 6;
    %jmp T_1.14;
T_1.14 ;
    %pop/vec4 1;
    %jmp T_1.6;
T_1.2 ;
    %load/vec4 v000000000108ce60_0;
    %load/vec4 v000000000108c900_0;
    %concat/vec4; draw_concat_vec4
    %dup/vec4;
    %pushi/vec4 0, 0, 2;
    %cmp/u;
    %jmp/1 T_1.15, 6;
    %dup/vec4;
    %pushi/vec4 1, 0, 2;
    %cmp/u;
    %jmp/1 T_1.16, 6;
    %dup/vec4;
    %pushi/vec4 2, 0, 2;
    %cmp/u;
    %jmp/1 T_1.17, 6;
    %jmp T_1.18;
T_1.15 ;
    %pushi/vec4 4, 0, 6;
    %store/vec4 v0000000001087a90_0, 0, 6;
    %jmp T_1.18;
T_1.16 ;
    %pushi/vec4 32, 0, 6;
    %store/vec4 v0000000001087a90_0, 0, 6;
    %pushi/vec4 2, 0, 3;
    %store/vec4 v00000000010879f0_0, 0, 3;
    %jmp T_1.18;
T_1.17 ;
    %pushi/vec4 8, 0, 6;
    %store/vec4 v0000000001087a90_0, 0, 6;
    %jmp T_1.18;
T_1.18 ;
    %pop/vec4 1;
    %jmp T_1.6;
T_1.3 ;
    %load/vec4 v000000000108ce60_0;
    %load/vec4 v000000000108c900_0;
    %concat/vec4; draw_concat_vec4
    %dup/vec4;
    %pushi/vec4 0, 0, 2;
    %cmp/u;
    %jmp/1 T_1.19, 6;
    %dup/vec4;
    %pushi/vec4 1, 0, 2;
    %cmp/u;
    %jmp/1 T_1.20, 6;
    %dup/vec4;
    %pushi/vec4 2, 0, 2;
    %cmp/u;
    %jmp/1 T_1.21, 6;
    %jmp T_1.22;
T_1.19 ;
    %pushi/vec4 8, 0, 6;
    %store/vec4 v0000000001087a90_0, 0, 6;
    %jmp T_1.22;
T_1.20 ;
    %pushi/vec4 32, 0, 6;
    %store/vec4 v0000000001087a90_0, 0, 6;
    %pushi/vec4 3, 0, 3;
    %store/vec4 v00000000010879f0_0, 0, 3;
    %jmp T_1.22;
T_1.21 ;
    %pushi/vec4 16, 0, 6;
    %store/vec4 v0000000001087a90_0, 0, 6;
    %jmp T_1.22;
T_1.22 ;
    %pop/vec4 1;
    %jmp T_1.6;
T_1.4 ;
    %load/vec4 v000000000108ce60_0;
    %load/vec4 v000000000108c900_0;
    %concat/vec4; draw_concat_vec4
    %dup/vec4;
    %pushi/vec4 0, 0, 2;
    %cmp/u;
    %jmp/1 T_1.23, 6;
    %dup/vec4;
    %pushi/vec4 1, 0, 2;
    %cmp/u;
    %jmp/1 T_1.24, 6;
    %dup/vec4;
    %pushi/vec4 2, 0, 2;
    %cmp/u;
    %jmp/1 T_1.25, 6;
    %jmp T_1.26;
T_1.23 ;
    %pushi/vec4 16, 0, 6;
    %store/vec4 v0000000001087a90_0, 0, 6;
    %jmp T_1.26;
T_1.24 ;
    %pushi/vec4 32, 0, 6;
    %store/vec4 v0000000001087a90_0, 0, 6;
    %pushi/vec4 4, 0, 3;
    %store/vec4 v00000000010879f0_0, 0, 3;
    %jmp T_1.26;
T_1.25 ;
    %pushi/vec4 32, 0, 6;
    %store/vec4 v0000000001087a90_0, 0, 6;
    %pushi/vec4 0, 0, 3;
    %store/vec4 v00000000010879f0_0, 0, 3;
    %jmp T_1.26;
T_1.26 ;
    %pop/vec4 1;
    %jmp T_1.6;
T_1.5 ;
    %pushi/vec4 1, 0, 6;
    %store/vec4 v0000000001087a90_0, 0, 6;
    %load/vec4 v00000000010879f0_0;
    %store/vec4 v00000000010d7f30_0, 0, 3;
    %pushi/vec4 1, 0, 1;
    %store/vec4 v0000000001087b30_0, 0, 1;
    %jmp T_1.6;
T_1.6 ;
    %pop/vec4 1;
    %jmp T_1;
    .thread T_1, $push;
    .scope S_00000000010d7da0;
T_2 ;
    %vpi_call/w 3 6 "$dumpfile", "vm.vcd" {0 0 0};
    %vpi_call/w 3 7 "$dumpvars", 32'sb00000000000000000000000000000000, S_00000000010d7da0 {0 0 0};
    %pushi/vec4 1, 0, 1;
    %store/vec4 v000000000113e710_0, 0, 1;
    %pushi/vec4 0, 0, 1;
    %store/vec4 v000000000113e3f0_0, 0, 1;
    %pushi/vec4 0, 0, 1;
    %store/vec4 v000000000113e490_0, 0, 1;
    %delay 2, 0;
    %pushi/vec4 0, 0, 1;
    %store/vec4 v000000000113e710_0, 0, 1;
    %pushi/vec4 1, 0, 1;
    %store/vec4 v000000000113e3f0_0, 0, 1;
    %pushi/vec4 0, 0, 1;
    %store/vec4 v000000000113e490_0, 0, 1;
    %delay 2, 0;
    %pushi/vec4 1, 0, 1;
    %store/vec4 v000000000113e3f0_0, 0, 1;
    %pushi/vec4 0, 0, 1;
    %store/vec4 v000000000113e490_0, 0, 1;
    %delay 2, 0;
    %pushi/vec4 0, 0, 1;
    %store/vec4 v000000000113e3f0_0, 0, 1;
    %pushi/vec4 1, 0, 1;
    %store/vec4 v000000000113e490_0, 0, 1;
    %delay 4, 0;
    %pushi/vec4 1, 0, 1;
    %store/vec4 v000000000113e710_0, 0, 1;
    %pushi/vec4 0, 0, 1;
    %store/vec4 v000000000113e3f0_0, 0, 1;
    %pushi/vec4 0, 0, 1;
    %store/vec4 v000000000113e490_0, 0, 1;
    %delay 2, 0;
    %pushi/vec4 0, 0, 1;
    %store/vec4 v000000000113e710_0, 0, 1;
    %pushi/vec4 0, 0, 1;
    %store/vec4 v000000000113e3f0_0, 0, 1;
    %pushi/vec4 1, 0, 1;
    %store/vec4 v000000000113e490_0, 0, 1;
    %delay 4, 0;
    %pushi/vec4 1, 0, 1;
    %store/vec4 v000000000113e710_0, 0, 1;
    %pushi/vec4 0, 0, 1;
    %store/vec4 v000000000113e3f0_0, 0, 1;
    %pushi/vec4 0, 0, 1;
    %store/vec4 v000000000113e490_0, 0, 1;
    %delay 2, 0;
    %pushi/vec4 0, 0, 1;
    %store/vec4 v000000000113e710_0, 0, 1;
    %pushi/vec4 1, 0, 1;
    %store/vec4 v000000000113e3f0_0, 0, 1;
    %pushi/vec4 0, 0, 1;
    %store/vec4 v000000000113e490_0, 0, 1;
    %delay 2, 0;
    %pushi/vec4 1, 0, 1;
    %store/vec4 v000000000113e3f0_0, 0, 1;
    %pushi/vec4 0, 0, 1;
    %store/vec4 v000000000113e490_0, 0, 1;
    %delay 2, 0;
    %pushi/vec4 1, 0, 1;
    %store/vec4 v000000000113e3f0_0, 0, 1;
    %pushi/vec4 0, 0, 1;
    %store/vec4 v000000000113e490_0, 0, 1;
    %delay 2, 0;
    %pushi/vec4 1, 0, 1;
    %store/vec4 v000000000113e3f0_0, 0, 1;
    %pushi/vec4 0, 0, 1;
    %store/vec4 v000000000113e490_0, 0, 1;
    %delay 2, 0;
    %pushi/vec4 0, 0, 1;
    %store/vec4 v000000000113e3f0_0, 0, 1;
    %pushi/vec4 1, 0, 1;
    %store/vec4 v000000000113e490_0, 0, 1;
    %delay 4, 0;
    %vpi_call/w 3 50 "$finish" {0 0 0};
    %end;
    .thread T_2;
    .scope S_00000000010d7da0;
T_3 ;
    %pushi/vec4 0, 0, 1;
    %store/vec4 v000000000113e5d0_0, 0, 1;
    %delay 1, 0;
    %pushi/vec4 1, 0, 1;
    %store/vec4 v000000000113e5d0_0, 0, 1;
    %delay 1, 0;
    %jmp T_3;
    .thread T_3;
# The file index is used to find the file name in the following table.
:file_names 5;
    "N/A";
    "<interactive>";
    "-";
    "test.v";
    "vm.v";
