#! /usr/local/iverilog/bin/vvp
:ivl_version "11.0 (devel)" "(s20150603-642-g3bdb50da)";
:ivl_delay_selection "TYPICAL";
:vpi_time_precision + 0;
:vpi_module "system";
:vpi_module "vhdl_sys";
:vpi_module "vhdl_textio";
:vpi_module "v2005_math";
:vpi_module "va_math";
:vpi_module "v2009";
S_0000000001060b60 .scope package, "$unit" "$unit" 2 1;
 .timescale 0 0;
S_0000000001060cf0 .scope module, "test" "test" 3 1;
 .timescale 0 0;
v00000000010c4220_0 .var "clk", 0 0;
v00000000010c54e0_0 .var "rst", 0 0;
S_0000000001060210 .scope module, "top" "top" 3 3, 4 1 0, S_0000000001060cf0;
 .timescale 0 0;
    .port_info 0 /INPUT 1 "clk";
    .port_info 1 /INPUT 1 "rst";
L_0000000001077000 .functor BUFZ 10, v0000000001077f90_0, C4<0000000000>, C4<0000000000>, C4<0000000000>;
L_0000000001076f90 .functor NOT 1, L_00000000010c4a40, C4<0>, C4<0>, C4<0>;
v00000000010c44a0_0 .net *"_s7", 9 0, L_0000000001077000;  1 drivers
v00000000010c4720_0 .net "a", 15 0, L_0000000001076ba0;  1 drivers
v00000000010c40e0_0 .net "arad", 1 0, L_00000000010c4fe0;  1 drivers
v00000000010c4d60_0 .net "b", 15 0, L_0000000001076c10;  1 drivers
v00000000010c3d20_0 .net "brad", 1 0, L_00000000010c3e60;  1 drivers
v00000000010c3960_0 .net "clk", 0 0, v00000000010c4220_0;  1 drivers
v00000000010c4cc0_0 .net "h", 0 0, L_00000000010c4a40;  1 drivers
v00000000010c5260_0 .net "o", 9 0, v0000000001077f90_0;  1 drivers
v00000000010c3be0_0 .net "op", 2 0, L_00000000010c5120;  1 drivers
v00000000010c3dc0_0 .net "pca", 5 0, v0000000001077c70_0;  1 drivers
v00000000010c4540_0 .net "rst", 0 0, v00000000010c54e0_0;  1 drivers
v00000000010c5440_0 .net "wad", 1 0, L_00000000010c4e00;  1 drivers
v00000000010c4b80_0 .net "wd", 15 0, v0000000001077630_0;  1 drivers
v00000000010c42c0_0 .net "we", 0 0, L_0000000001076f90;  1 drivers
L_00000000010c4a40 .part L_0000000001077000, 9, 1;
L_00000000010c4e00 .part L_0000000001077000, 7, 2;
L_00000000010c5120 .part L_0000000001077000, 4, 3;
L_00000000010c3e60 .part L_0000000001077000, 2, 2;
L_00000000010c4fe0 .part L_0000000001077000, 0, 2;
S_00000000010603a0 .scope module, "alu" "alu" 4 8, 5 1 0, S_0000000001060210;
 .timescale 0 0;
    .port_info 0 /INPUT 16 "a";
    .port_info 1 /INPUT 16 "b";
    .port_info 2 /INPUT 3 "op";
    .port_info 3 /OUTPUT 16 "r";
enum0000000001009030 .enum2/s (32)
   "ADD" 0,
   "TRU" 1
 ;
v0000000001077b30_0 .net "a", 15 0, L_0000000001076ba0;  alias, 1 drivers
v0000000001077590_0 .net "b", 15 0, L_0000000001076c10;  alias, 1 drivers
v0000000001078350_0 .net "op", 2 0, L_00000000010c5120;  alias, 1 drivers
v0000000001077630_0 .var "r", 15 0;
E_00000000010752c0 .event edge, v0000000001078350_0, v0000000001077b30_0, v0000000001077590_0;
S_000000000100d290 .scope module, "imem" "imem" 4 10, 6 1 0, S_0000000001060210;
 .timescale 0 0;
    .port_info 0 /INPUT 6 "pc";
    .port_info 1 /OUTPUT 10 "o";
v0000000001077f90_0 .var "o", 9 0;
v0000000001077bd0_0 .net "pc", 5 0, v0000000001077c70_0;  alias, 1 drivers
E_0000000001074e40 .event edge, v0000000001077bd0_0;
S_000000000100d420 .scope module, "pc" "pc" 4 9, 7 1 0, S_0000000001060210;
 .timescale 0 0;
    .port_info 0 /INPUT 1 "halt";
    .port_info 1 /OUTPUT 6 "pc";
    .port_info 2 /INPUT 1 "clk";
    .port_info 3 /INPUT 1 "rst";
v0000000001078030_0 .net "clk", 0 0, v00000000010c4220_0;  alias, 1 drivers
v00000000010776d0_0 .net "halt", 0 0, L_00000000010c4a40;  alias, 1 drivers
v0000000001077c70_0 .var "pc", 5 0;
v0000000001077a90_0 .net "rst", 0 0, v00000000010c54e0_0;  alias, 1 drivers
E_0000000001075900 .event posedge, v0000000001077a90_0, v0000000001078030_0;
S_0000000001022d70 .scope module, "rega" "rega" 4 7, 8 1 0, S_0000000001060210;
 .timescale 0 0;
    .port_info 0 /INPUT 2 "arad";
    .port_info 1 /INPUT 2 "brad";
    .port_info 2 /OUTPUT 16 "a";
    .port_info 3 /OUTPUT 16 "b";
    .port_info 4 /INPUT 1 "we";
    .port_info 5 /INPUT 2 "wad";
    .port_info 6 /INPUT 16 "wd";
    .port_info 7 /INPUT 1 "clk";
    .port_info 8 /INPUT 1 "rst";
L_0000000001076ba0 .functor BUFZ 16, L_00000000010c4ae0, C4<0000000000000000>, C4<0000000000000000>, C4<0000000000000000>;
L_0000000001076c10 .functor BUFZ 16, L_00000000010c3c80, C4<0000000000000000>, C4<0000000000000000>, C4<0000000000000000>;
v0000000001077db0_0 .net *"_s0", 15 0, L_00000000010c4ae0;  1 drivers
v0000000001077e50_0 .net *"_s10", 3 0, L_00000000010c4400;  1 drivers
L_00000000014500d0 .functor BUFT 1, C4<00>, C4<0>, C4<0>, C4<0>;
v0000000001077770_0 .net *"_s13", 1 0, L_00000000014500d0;  1 drivers
v00000000010780d0_0 .net *"_s2", 3 0, L_00000000010c49a0;  1 drivers
L_0000000001450088 .functor BUFT 1, C4<00>, C4<0>, C4<0>, C4<0>;
v00000000010783f0_0 .net *"_s5", 1 0, L_0000000001450088;  1 drivers
v0000000001078170_0 .net *"_s8", 15 0, L_00000000010c3c80;  1 drivers
v0000000001078490_0 .net "a", 15 0, L_0000000001076ba0;  alias, 1 drivers
v0000000001077810_0 .net "arad", 1 0, L_00000000010c4fe0;  alias, 1 drivers
v00000000010778b0_0 .net "b", 15 0, L_0000000001076c10;  alias, 1 drivers
v00000000010779f0_0 .net "brad", 1 0, L_00000000010c3e60;  alias, 1 drivers
v00000000010c4900_0 .net "clk", 0 0, v00000000010c4220_0;  alias, 1 drivers
v00000000010c4c20 .array "regar", 0 3, 15 0;
v00000000010c3a00_0 .net "rst", 0 0, v00000000010c54e0_0;  alias, 1 drivers
v00000000010c3aa0_0 .net "wad", 1 0, L_00000000010c4e00;  alias, 1 drivers
v00000000010c4860_0 .net "wd", 15 0, v0000000001077630_0;  alias, 1 drivers
v00000000010c3b40_0 .net "we", 0 0, L_0000000001076f90;  alias, 1 drivers
L_00000000010c4ae0 .array/port v00000000010c4c20, L_00000000010c49a0;
L_00000000010c49a0 .concat [ 2 2 0 0], L_00000000010c4fe0, L_0000000001450088;
L_00000000010c3c80 .array/port v00000000010c4c20, L_00000000010c4400;
L_00000000010c4400 .concat [ 2 2 0 0], L_00000000010c3e60, L_00000000014500d0;
    .scope S_0000000001022d70;
T_0 ;
    %wait E_0000000001075900;
    %load/vec4 v00000000010c3a00_0;
    %flag_set/vec4 8;
    %jmp/0xz  T_0.0, 8;
    %pushi/vec4 0, 0, 16;
    %ix/load 3, 0, 0;
    %flag_set/imm 4, 0;
    %ix/load 4, 0, 0; Constant delay
    %assign/vec4/a/d v00000000010c4c20, 0, 4;
    %pushi/vec4 1, 0, 16;
    %ix/load 3, 1, 0;
    %flag_set/imm 4, 0;
    %ix/load 4, 0, 0; Constant delay
    %assign/vec4/a/d v00000000010c4c20, 0, 4;
    %jmp T_0.1;
T_0.0 ;
    %load/vec4 v00000000010c3b40_0;
    %flag_set/vec4 8;
    %jmp/0xz  T_0.2, 8;
    %load/vec4 v00000000010c4860_0;
    %load/vec4 v00000000010c3aa0_0;
    %pad/u 4;
    %ix/vec4 3;
    %ix/load 4, 0, 0; Constant delay
    %assign/vec4/a/d v00000000010c4c20, 0, 4;
T_0.2 ;
T_0.1 ;
    %jmp T_0;
    .thread T_0;
    .scope S_00000000010603a0;
T_1 ;
Ewait_0 .event/or E_00000000010752c0, E_0x0;
    %wait Ewait_0;
    %load/vec4 v0000000001078350_0;
    %parti/s 1, 0, 2;
    %dup/vec4;
    %pushi/vec4 0, 0, 1;
    %cmp/u;
    %jmp/1 T_1.0, 6;
    %dup/vec4;
    %pushi/vec4 1, 0, 1;
    %cmp/u;
    %jmp/1 T_1.1, 6;
    %jmp T_1.2;
T_1.0 ;
    %load/vec4 v0000000001077b30_0;
    %load/vec4 v0000000001077590_0;
    %add;
    %store/vec4 v0000000001077630_0, 0, 16;
    %jmp T_1.2;
T_1.1 ;
    %load/vec4 v0000000001077b30_0;
    %store/vec4 v0000000001077630_0, 0, 16;
    %jmp T_1.2;
T_1.2 ;
    %pop/vec4 1;
    %jmp T_1;
    .thread T_1, $push;
    .scope S_000000000100d420;
T_2 ;
    %wait E_0000000001075900;
    %load/vec4 v0000000001077a90_0;
    %flag_set/vec4 8;
    %jmp/0xz  T_2.0, 8;
    %pushi/vec4 0, 0, 6;
    %assign/vec4 v0000000001077c70_0, 0;
    %jmp T_2.1;
T_2.0 ;
    %load/vec4 v00000000010776d0_0;
    %nor/r;
    %flag_set/vec4 8;
    %jmp/0xz  T_2.2, 8;
    %load/vec4 v0000000001077c70_0;
    %addi 1, 0, 6;
    %assign/vec4 v0000000001077c70_0, 0;
T_2.2 ;
T_2.1 ;
    %jmp T_2;
    .thread T_2;
    .scope S_000000000100d290;
T_3 ;
Ewait_1 .event/or E_0000000001074e40, E_0x0;
    %wait Ewait_1;
    %load/vec4 v0000000001077bd0_0;
    %dup/vec4;
    %pushi/vec4 0, 0, 6;
    %cmp/u;
    %jmp/1 T_3.0, 6;
    %dup/vec4;
    %pushi/vec4 1, 0, 6;
    %cmp/u;
    %jmp/1 T_3.1, 6;
    %dup/vec4;
    %pushi/vec4 2, 0, 6;
    %cmp/u;
    %jmp/1 T_3.2, 6;
    %dup/vec4;
    %pushi/vec4 3, 0, 6;
    %cmp/u;
    %jmp/1 T_3.3, 6;
    %dup/vec4;
    %pushi/vec4 4, 0, 6;
    %cmp/u;
    %jmp/1 T_3.4, 6;
    %dup/vec4;
    %pushi/vec4 5, 0, 6;
    %cmp/u;
    %jmp/1 T_3.5, 6;
    %dup/vec4;
    %pushi/vec4 6, 0, 6;
    %cmp/u;
    %jmp/1 T_3.6, 6;
    %dup/vec4;
    %pushi/vec4 7, 0, 6;
    %cmp/u;
    %jmp/1 T_3.7, 6;
    %dup/vec4;
    %pushi/vec4 8, 0, 6;
    %cmp/u;
    %jmp/1 T_3.8, 6;
    %dup/vec4;
    %pushi/vec4 9, 0, 6;
    %cmp/u;
    %jmp/1 T_3.9, 6;
    %dup/vec4;
    %pushi/vec4 10, 0, 6;
    %cmp/u;
    %jmp/1 T_3.10, 6;
    %dup/vec4;
    %pushi/vec4 11, 0, 6;
    %cmp/u;
    %jmp/1 T_3.11, 6;
    %dup/vec4;
    %pushi/vec4 12, 0, 6;
    %cmp/u;
    %jmp/1 T_3.12, 6;
    %dup/vec4;
    %pushi/vec4 13, 0, 6;
    %cmp/u;
    %jmp/1 T_3.13, 6;
    %dup/vec4;
    %pushi/vec4 14, 0, 6;
    %cmp/u;
    %jmp/1 T_3.14, 6;
    %dup/vec4;
    %pushi/vec4 15, 0, 6;
    %cmp/u;
    %jmp/1 T_3.15, 6;
    %dup/vec4;
    %pushi/vec4 16, 0, 6;
    %cmp/u;
    %jmp/1 T_3.16, 6;
    %dup/vec4;
    %pushi/vec4 17, 0, 6;
    %cmp/u;
    %jmp/1 T_3.17, 6;
    %dup/vec4;
    %pushi/vec4 18, 0, 6;
    %cmp/u;
    %jmp/1 T_3.18, 6;
    %dup/vec4;
    %pushi/vec4 19, 0, 6;
    %cmp/u;
    %jmp/1 T_3.19, 6;
    %dup/vec4;
    %pushi/vec4 20, 0, 6;
    %cmp/u;
    %jmp/1 T_3.20, 6;
    %dup/vec4;
    %pushi/vec4 21, 0, 6;
    %cmp/u;
    %jmp/1 T_3.21, 6;
    %jmp T_3.22;
T_3.0 ;
    %pushi/vec4 257, 0, 10;
    %store/vec4 v0000000001077f90_0, 0, 10;
    %jmp T_3.22;
T_3.1 ;
    %pushi/vec4 17, 0, 10;
    %store/vec4 v0000000001077f90_0, 0, 10;
    %jmp T_3.22;
T_3.2 ;
    %pushi/vec4 146, 0, 10;
    %store/vec4 v0000000001077f90_0, 0, 10;
    %jmp T_3.22;
T_3.3 ;
    %pushi/vec4 257, 0, 10;
    %store/vec4 v0000000001077f90_0, 0, 10;
    %jmp T_3.22;
T_3.4 ;
    %pushi/vec4 17, 0, 10;
    %store/vec4 v0000000001077f90_0, 0, 10;
    %jmp T_3.22;
T_3.5 ;
    %pushi/vec4 146, 0, 10;
    %store/vec4 v0000000001077f90_0, 0, 10;
    %jmp T_3.22;
T_3.6 ;
    %pushi/vec4 257, 0, 10;
    %store/vec4 v0000000001077f90_0, 0, 10;
    %jmp T_3.22;
T_3.7 ;
    %pushi/vec4 17, 0, 10;
    %store/vec4 v0000000001077f90_0, 0, 10;
    %jmp T_3.22;
T_3.8 ;
    %pushi/vec4 146, 0, 10;
    %store/vec4 v0000000001077f90_0, 0, 10;
    %jmp T_3.22;
T_3.9 ;
    %pushi/vec4 257, 0, 10;
    %store/vec4 v0000000001077f90_0, 0, 10;
    %jmp T_3.22;
T_3.10 ;
    %pushi/vec4 17, 0, 10;
    %store/vec4 v0000000001077f90_0, 0, 10;
    %jmp T_3.22;
T_3.11 ;
    %pushi/vec4 146, 0, 10;
    %store/vec4 v0000000001077f90_0, 0, 10;
    %jmp T_3.22;
T_3.12 ;
    %pushi/vec4 257, 0, 10;
    %store/vec4 v0000000001077f90_0, 0, 10;
    %jmp T_3.22;
T_3.13 ;
    %pushi/vec4 17, 0, 10;
    %store/vec4 v0000000001077f90_0, 0, 10;
    %jmp T_3.22;
T_3.14 ;
    %pushi/vec4 146, 0, 10;
    %store/vec4 v0000000001077f90_0, 0, 10;
    %jmp T_3.22;
T_3.15 ;
    %pushi/vec4 257, 0, 10;
    %store/vec4 v0000000001077f90_0, 0, 10;
    %jmp T_3.22;
T_3.16 ;
    %pushi/vec4 17, 0, 10;
    %store/vec4 v0000000001077f90_0, 0, 10;
    %jmp T_3.22;
T_3.17 ;
    %pushi/vec4 146, 0, 10;
    %store/vec4 v0000000001077f90_0, 0, 10;
    %jmp T_3.22;
T_3.18 ;
    %pushi/vec4 257, 0, 10;
    %store/vec4 v0000000001077f90_0, 0, 10;
    %jmp T_3.22;
T_3.19 ;
    %pushi/vec4 17, 0, 10;
    %store/vec4 v0000000001077f90_0, 0, 10;
    %jmp T_3.22;
T_3.20 ;
    %pushi/vec4 146, 0, 10;
    %store/vec4 v0000000001077f90_0, 0, 10;
    %jmp T_3.22;
T_3.21 ;
    %pushi/vec4 512, 0, 10;
    %store/vec4 v0000000001077f90_0, 0, 10;
    %jmp T_3.22;
T_3.22 ;
    %pop/vec4 1;
    %jmp T_3;
    .thread T_3, $push;
    .scope S_0000000001060cf0;
T_4 ;
    %delay 5, 0;
    %load/vec4 v00000000010c4220_0;
    %inv;
    %store/vec4 v00000000010c4220_0, 0, 1;
    %jmp T_4;
    .thread T_4;
    .scope S_0000000001060cf0;
T_5 ;
    %vpi_call/w 3 6 "$dumpfile", "fibo.vcd" {0 0 0};
    %vpi_call/w 3 7 "$dumpvars", 32'sb00000000000000000000000000000000, S_0000000001060210 {0 0 0};
    %pushi/vec4 1, 0, 1;
    %store/vec4 v00000000010c54e0_0, 0, 1;
    %pushi/vec4 0, 0, 1;
    %store/vec4 v00000000010c4220_0, 0, 1;
    %delay 20, 0;
    %pushi/vec4 0, 0, 1;
    %store/vec4 v00000000010c54e0_0, 0, 1;
    %delay 500, 0;
    %vpi_call/w 3 13 "$finish" {0 0 0};
    %end;
    .thread T_5;
# The file index is used to find the file name in the following table.
:file_names 9;
    "N/A";
    "<interactive>";
    "-";
    "test.v";
    "top.v";
    "alu.v";
    "imem.v";
    "pc.v";
    "rega.v";
