#! /usr/local/iverilog/bin/vvp
:ivl_version "11.0 (devel)" "(s20150603-642-g3bdb50da)";
:ivl_delay_selection "TYPICAL";
:vpi_time_precision + 0;
:vpi_module "system";
:vpi_module "vhdl_sys";
:vpi_module "vhdl_textio";
:vpi_module "v2005_math";
:vpi_module "va_math";
:vpi_module "v2009";
S_00000000011ecd10 .scope package, "$unit" "$unit" 2 1;
 .timescale 0 0;
S_0000000001064320 .scope module, "dainari" "dainari" 3 1;
 .timescale 0 0;
    .port_info 0 /INPUT 3 "a";
    .port_info 1 /INPUT 3 "b";
    .port_info 2 /OUTPUT 1 "o";
o0000000001066fb8 .functor BUFZ 3, C4<zzz>; HiZ drive
v0000000001064640_0 .net "a", 2 0, o0000000001066fb8;  0 drivers
o0000000001066fe8 .functor BUFZ 3, C4<zzz>; HiZ drive
v00000000011ecea0_0 .net "b", 2 0, o0000000001066fe8;  0 drivers
v00000000011ecf40_0 .var "o", 0 0;
E_0000000001065060 .event edge, v0000000001064640_0, v00000000011ecea0_0;
S_00000000010644b0 .scope module, "testd" "testd" 4 1;
 .timescale 0 0;
v0000000001032f10_0 .var "a", 2 0;
v00000000010a9820_0 .var "b", 2 0;
v00000000010a98c0_0 .net "o", 0 0, v0000000001032e70_0;  1 drivers
S_0000000001032ba0 .scope module, "d0" "dainariequal" 4 4, 5 1 0, S_00000000010644b0;
 .timescale 0 0;
    .port_info 0 /INPUT 3 "a";
    .port_info 1 /INPUT 3 "b";
    .port_info 2 /OUTPUT 1 "o";
v0000000001032d30_0 .net "a", 2 0, v0000000001032f10_0;  1 drivers
v0000000001032dd0_0 .net "b", 2 0, v00000000010a9820_0;  1 drivers
v0000000001032e70_0 .var "o", 0 0;
E_00000000010650e0 .event edge, v0000000001032d30_0, v0000000001032dd0_0;
    .scope S_0000000001064320;
T_0 ;
Ewait_0 .event/or E_0000000001065060, E_0x0;
    %wait Ewait_0;
    %load/vec4 v00000000011ecea0_0;
    %load/vec4 v0000000001064640_0;
    %cmp/u;
    %jmp/0xz  T_0.0, 5;
    %pushi/vec4 1, 0, 1;
    %store/vec4 v00000000011ecf40_0, 0, 1;
    %jmp T_0.1;
T_0.0 ;
    %pushi/vec4 0, 0, 1;
    %store/vec4 v00000000011ecf40_0, 0, 1;
T_0.1 ;
    %jmp T_0;
    .thread T_0, $push;
    .scope S_0000000001032ba0;
T_1 ;
Ewait_1 .event/or E_00000000010650e0, E_0x0;
    %wait Ewait_1;
    %load/vec4 v0000000001032dd0_0;
    %load/vec4 v0000000001032d30_0;
    %cmp/u;
    %flag_or 5, 4;
    %jmp/0xz  T_1.0, 5;
    %pushi/vec4 1, 0, 1;
    %store/vec4 v0000000001032e70_0, 0, 1;
    %jmp T_1.1;
T_1.0 ;
    %pushi/vec4 0, 0, 1;
    %store/vec4 v0000000001032e70_0, 0, 1;
T_1.1 ;
    %jmp T_1;
    .thread T_1, $push;
    .scope S_00000000010644b0;
T_2 ;
    %vpi_call/w 4 7 "$dumpfile", "dainari.vcd" {0 0 0};
    %vpi_call/w 4 8 "$dumpvars", 32'sb00000000000000000000000000000000, S_00000000010644b0 {0 0 0};
    %pushi/vec4 7, 0, 3;
    %store/vec4 v0000000001032f10_0, 0, 3;
    %pushi/vec4 3, 0, 3;
    %store/vec4 v00000000010a9820_0, 0, 3;
    %delay 10, 0;
    %pushi/vec4 7, 0, 3;
    %store/vec4 v0000000001032f10_0, 0, 3;
    %pushi/vec4 7, 0, 3;
    %store/vec4 v00000000010a9820_0, 0, 3;
    %delay 10, 0;
    %pushi/vec4 5, 0, 3;
    %store/vec4 v0000000001032f10_0, 0, 3;
    %pushi/vec4 7, 0, 3;
    %store/vec4 v00000000010a9820_0, 0, 3;
    %delay 10, 0;
    %vpi_call/w 4 18 "$finish" {0 0 0};
    %end;
    .thread T_2;
# The file index is used to find the file name in the following table.
:file_names 6;
    "N/A";
    "<interactive>";
    "-";
    "dainari.v";
    "testd.v";
    "dainariequal.v";
