#! /usr/local/bin/vvp
:ivl_version "11.0 (devel)" "(s20150603-838-g40d2a49b-dirty)";
:ivl_delay_selection "TYPICAL";
:vpi_time_precision + 0;
:vpi_module "/usr/local/lib/ivl/system.vpi";
:vpi_module "/usr/local/lib/ivl/vhdl_sys.vpi";
:vpi_module "/usr/local/lib/ivl/vhdl_textio.vpi";
:vpi_module "/usr/local/lib/ivl/v2005_math.vpi";
:vpi_module "/usr/local/lib/ivl/va_math.vpi";
:vpi_module "/usr/local/lib/ivl/v2009.vpi";
S_0x7fe5c2e6b6c0 .scope package, "$unit" "$unit" 2 1;
 .timescale 0 0;
S_0x7fe5c2e1c560 .scope module, "test" "test" 3 2;
 .timescale 0 0;
v0x7fe5c2e7e250_0 .var "clk", 0 0;
v0x7fe5c2e7e2e0_0 .var "rst", 0 0;
v0x7fe5c2e7e3f0_0 .net "wd", 15 0, v0x7fe5c2e7a940_0;  1 drivers
v0x7fe5c2e7e480_0 .net "we", 0 0, v0x7fe5c2e799a0_0;  1 drivers
S_0x7fe5c2e4ded0 .scope module, "pu" "pu" 3 5, 4 2 0, S_0x7fe5c2e1c560;
 .timescale 0 0;
    .port_info 0 /OUTPUT 1 "we";
    .port_info 1 /OUTPUT 16 "rwd";
    .port_info 2 /INPUT 1 "clk";
    .port_info 3 /INPUT 1 "rst";
L_0x7fe5c2d73098 .functor BUFT 1, C4<0000000000>, C4<0>, C4<0>, C4<0>;
v0x7fe5c2e7cb50_0 .net/2u *"_ivl_0", 9 0, L_0x7fe5c2d73098;  1 drivers
v0x7fe5c2e7cc10_0 .net "a", 15 0, L_0x7fe5c2e7e690;  1 drivers
v0x7fe5c2e7ccb0_0 .net "ao", 15 0, v0x7fe5c2e78630_0;  1 drivers
v0x7fe5c2e7cd80_0 .net "arad", 1 0, v0x7fe5c2e79620_0;  1 drivers
v0x7fe5c2e7ce50_0 .net "b", 15 0, L_0x7fe5c2e7e900;  1 drivers
v0x7fe5c2e7cf20_0 .net "bo", 15 0, v0x7fe5c2e7b2e0_0;  1 drivers
v0x7fe5c2e7cff0_0 .net "brad", 1 0, v0x7fe5c2e796b0_0;  1 drivers
v0x7fe5c2e7d0c0_0 .net "ca", 0 0, v0x7fe5c2e77b40_0;  1 drivers
v0x7fe5c2e7d190_0 .net "clk", 0 0, v0x7fe5c2e7e250_0;  1 drivers
v0x7fe5c2e7d320_0 .net "dms", 0 0, v0x7fe5c2e78dd0_0;  1 drivers
v0x7fe5c2e7d3b0_0 .net "dmwe", 0 0, v0x7fe5c2e78e60_0;  1 drivers
v0x7fe5c2e7d440_0 .net "dstb", 0 0, v0x7fe5c2e78f10_0;  1 drivers
v0x7fe5c2e7d510_0 .net "h", 0 0, v0x7fe5c2e79130_0;  1 drivers
v0x7fe5c2e7d5e0_0 .net "iv", 7 0, v0x7fe5c2e791d0_0;  1 drivers
v0x7fe5c2e7d6b0_0 .net "liop", 1 0, v0x7fe5c2e79280_0;  1 drivers
v0x7fe5c2e7d780_0 .net "lp", 15 0, L_0x7fe5c2e7ead0;  1 drivers
v0x7fe5c2e7d850_0 .net "mrd", 15 0, L_0x7fe5c2e7ee10;  1 drivers
v0x7fe5c2e7da20_0 .net "o", 15 0, v0x7fe5c2e7ad40_0;  1 drivers
v0x7fe5c2e7dab0_0 .net "op", 2 0, v0x7fe5c2e79440_0;  1 drivers
v0x7fe5c2e7db40_0 .net "pca", 5 0, v0x7fe5c2e7b940_0;  1 drivers
v0x7fe5c2e7dc10_0 .net "pcs", 0 0, v0x7fe5c2e79500_0;  1 drivers
v0x7fe5c2e7dce0_0 .net "pcwe", 0 0, v0x7fe5c2e79590_0;  1 drivers
v0x7fe5c2e7ddb0_0 .net "rst", 0 0, v0x7fe5c2e7e2e0_0;  1 drivers
v0x7fe5c2e7de40_0 .net "rwd", 15 0, v0x7fe5c2e7a940_0;  alias, 1 drivers
v0x7fe5c2e7df10_0 .net "sg", 0 0, v0x7fe5c2e78090_0;  1 drivers
v0x7fe5c2e7dfe0_0 .net "wad", 1 0, v0x7fe5c2e79800_0;  1 drivers
v0x7fe5c2e7e0b0_0 .net "we", 0 0, v0x7fe5c2e799a0_0;  alias, 1 drivers
v0x7fe5c2e7e180_0 .net "ze", 0 0, v0x7fe5c2e78120_0;  1 drivers
L_0x7fe5c2e7e9f0 .concat [ 6 10 0 0], v0x7fe5c2e7b940_0, L_0x7fe5c2d73098;
L_0x7fe5c2e7eb70 .part v0x7fe5c2e7a940_0, 0, 6;
L_0x7fe5c2e7eec0 .part L_0x7fe5c2e7ead0, 0, 8;
S_0x7fe5c2e4eb40 .scope module, "alu" "alu" 4 13, 5 3 0, S_0x7fe5c2e4ded0;
 .timescale 0 0;
    .port_info 0 /INPUT 16 "a";
    .port_info 1 /INPUT 16 "b";
    .port_info 2 /INPUT 3 "op";
    .port_info 3 /OUTPUT 16 "r";
    .port_info 4 /INPUT 1 "dstb";
    .port_info 5 /OUTPUT 1 "ze";
    .port_info 6 /OUTPUT 1 "ca";
    .port_info 7 /OUTPUT 1 "sg";
    .port_info 8 /INPUT 1 "clk";
    .port_info 9 /INPUT 1 "rst";
enum0x7fe5c2e40140 .enum2/s (32)
   "ADD" 0,
   "SUB" 1,
   "THB" 2,
   "ASR" 3,
   "RSR" 4,
   "RSL" 5,
   "NAD" 6,
   "XOR" 7
 ;
v0x7fe5c2e51c80_0 .net "a", 15 0, v0x7fe5c2e78630_0;  alias, 1 drivers
v0x7fe5c2e77a90_0 .net "b", 15 0, v0x7fe5c2e7b2e0_0;  alias, 1 drivers
v0x7fe5c2e77b40_0 .var "ca", 0 0;
v0x7fe5c2e77bf0_0 .net "clk", 0 0, v0x7fe5c2e7e250_0;  alias, 1 drivers
v0x7fe5c2e77c90_0 .net "dstb", 0 0, v0x7fe5c2e78f10_0;  alias, 1 drivers
v0x7fe5c2e77d70_0 .net "op", 2 0, v0x7fe5c2e79440_0;  alias, 1 drivers
v0x7fe5c2e77e20_0 .net "r", 15 0, L_0x7fe5c2e7ead0;  alias, 1 drivers
v0x7fe5c2e77ed0_0 .var "rr", 16 0;
v0x7fe5c2e77f80_0 .net "rst", 0 0, v0x7fe5c2e7e2e0_0;  alias, 1 drivers
v0x7fe5c2e78090_0 .var "sg", 0 0;
v0x7fe5c2e78120_0 .var "ze", 0 0;
E_0x7fe5c2e4ed60 .event posedge, v0x7fe5c2e77f80_0, v0x7fe5c2e77bf0_0;
E_0x7fe5c2e4ee30 .event edge, v0x7fe5c2e77d70_0, v0x7fe5c2e51c80_0, v0x7fe5c2e77a90_0;
L_0x7fe5c2e7ead0 .part v0x7fe5c2e77ed0_0, 0, 16;
S_0x7fe5c2e782b0 .scope module, "asel" "sel" 4 11, 6 2 0, S_0x7fe5c2e4ded0;
 .timescale 0 0;
    .port_info 0 /INPUT 16 "a";
    .port_info 1 /INPUT 16 "b";
    .port_info 2 /INPUT 1 "s";
    .port_info 3 /OUTPUT 16 "o";
v0x7fe5c2e784d0_0 .net "a", 15 0, L_0x7fe5c2e7e690;  alias, 1 drivers
v0x7fe5c2e78580_0 .net "b", 15 0, L_0x7fe5c2e7e9f0;  1 drivers
v0x7fe5c2e78630_0 .var "o", 15 0;
v0x7fe5c2e78700_0 .net "s", 0 0, v0x7fe5c2e79500_0;  alias, 1 drivers
E_0x7fe5c2e78480 .event edge, v0x7fe5c2e78700_0, v0x7fe5c2e78580_0, v0x7fe5c2e784d0_0;
S_0x7fe5c2e787f0 .scope module, "dec" "dec" 4 16, 7 5 0, S_0x7fe5c2e4ded0;
 .timescale 0 0;
    .port_info 0 /INPUT 16 "o";
    .port_info 1 /OUTPUT 1 "h";
    .port_info 2 /OUTPUT 1 "we";
    .port_info 3 /OUTPUT 2 "wad";
    .port_info 4 /OUTPUT 3 "op";
    .port_info 5 /OUTPUT 2 "rb";
    .port_info 6 /OUTPUT 2 "ra";
    .port_info 7 /OUTPUT 2 "liop";
    .port_info 8 /OUTPUT 8 "iv";
    .port_info 9 /OUTPUT 1 "pcwe";
    .port_info 10 /OUTPUT 1 "dmwe";
    .port_info 11 /OUTPUT 1 "dms";
    .port_info 12 /OUTPUT 1 "pcs";
    .port_info 13 /OUTPUT 1 "dstb";
    .port_info 14 /INPUT 1 "ze";
    .port_info 15 /INPUT 1 "ca";
    .port_info 16 /INPUT 1 "sg";
enum0x7fe5c2e41b00 .enum2/s (32)
   "THU" 0,
   "IMM" 1,
   "LIL" 2,
   "LIH" 3
 ;
enum0x7fe5c2e42460 .enum2/s (32)
   "UC" 0,
   "ZE" 1,
   "CA" 2,
   "SG" 3
 ;
v0x7fe5c2e78d20_0 .net "ca", 0 0, v0x7fe5c2e77b40_0;  alias, 1 drivers
v0x7fe5c2e78dd0_0 .var "dms", 0 0;
v0x7fe5c2e78e60_0 .var "dmwe", 0 0;
v0x7fe5c2e78f10_0 .var "dstb", 0 0;
v0x7fe5c2e78fc0_0 .var "f1", 0 0;
v0x7fe5c2e79090_0 .var "f2", 0 0;
v0x7fe5c2e79130_0 .var "h", 0 0;
v0x7fe5c2e791d0_0 .var "iv", 7 0;
v0x7fe5c2e79280_0 .var "liop", 1 0;
v0x7fe5c2e79390_0 .net "o", 15 0, v0x7fe5c2e7ad40_0;  alias, 1 drivers
v0x7fe5c2e79440_0 .var "op", 2 0;
v0x7fe5c2e79500_0 .var "pcs", 0 0;
v0x7fe5c2e79590_0 .var "pcwe", 0 0;
v0x7fe5c2e79620_0 .var "ra", 1 0;
v0x7fe5c2e796b0_0 .var "rb", 1 0;
v0x7fe5c2e79750_0 .net "sg", 0 0, v0x7fe5c2e78090_0;  alias, 1 drivers
v0x7fe5c2e79800_0 .var "wad", 1 0;
v0x7fe5c2e799a0_0 .var "we", 0 0;
v0x7fe5c2e79a40_0 .net "ze", 0 0, v0x7fe5c2e78120_0;  alias, 1 drivers
v0x7fe5c2e7c6d0_0 .array/port v0x7fe5c2e7c6d0, 0;
E_0x7fe5c2e78be0/0 .event edge, v0x7fe5c2e7adf0_0, v0x7fe5c2e79590_0, v0x7fe5c2e79390_0, v0x7fe5c2e7c6d0_0;
v0x7fe5c2e7c6d0_1 .array/port v0x7fe5c2e7c6d0, 1;
v0x7fe5c2e7c6d0_2 .array/port v0x7fe5c2e7c6d0, 2;
v0x7fe5c2e7c6d0_3 .array/port v0x7fe5c2e7c6d0, 3;
E_0x7fe5c2e78be0/1 .event edge, v0x7fe5c2e7c6d0_1, v0x7fe5c2e7c6d0_2, v0x7fe5c2e7c6d0_3, v0x7fe5c2e79800_0;
E_0x7fe5c2e78be0/2 .event edge, v0x7fe5c2e77c90_0, v0x7fe5c2e77d70_0, v0x7fe5c2e79620_0, v0x7fe5c2e796b0_0;
E_0x7fe5c2e78be0/3 .event edge, v0x7fe5c2e78fc0_0, v0x7fe5c2e78120_0, v0x7fe5c2e77b40_0, v0x7fe5c2e78090_0;
E_0x7fe5c2e78be0/4 .event edge, v0x7fe5c2e799a0_0, v0x7fe5c2e791d0_0, v0x7fe5c2e79090_0, v0x7fe5c2e79280_0;
E_0x7fe5c2e78be0 .event/or E_0x7fe5c2e78be0/0, E_0x7fe5c2e78be0/1, E_0x7fe5c2e78be0/2, E_0x7fe5c2e78be0/3, E_0x7fe5c2e78be0/4;
E_0x7fe5c2e78cb0 .event edge, v0x7fe5c2e79390_0, v0x7fe5c2e78120_0, v0x7fe5c2e77b40_0, v0x7fe5c2e78090_0;
S_0x7fe5c2e79c00 .scope module, "dmem" "dmem" 4 18, 8 2 0, S_0x7fe5c2e4ded0;
 .timescale 0 0;
    .port_info 0 /INPUT 8 "ad";
    .port_info 1 /INPUT 16 "wd";
    .port_info 2 /INPUT 1 "we";
    .port_info 3 /OUTPUT 16 "rd";
    .port_info 4 /INPUT 1 "clk";
L_0x7fe5c2e7ee10 .functor BUFZ 16, L_0x7fe5c2e7ec90, C4<0000000000000000>, C4<0000000000000000>, C4<0000000000000000>;
v0x7fe5c2e789b0_0 .net *"_ivl_0", 15 0, L_0x7fe5c2e7ec90;  1 drivers
v0x7fe5c2e79ef0_0 .net *"_ivl_2", 9 0, L_0x7fe5c2e7ed30;  1 drivers
L_0x7fe5c2d730e0 .functor BUFT 1, C4<00>, C4<0>, C4<0>, C4<0>;
v0x7fe5c2e79fa0_0 .net *"_ivl_5", 1 0, L_0x7fe5c2d730e0;  1 drivers
v0x7fe5c2e7a060_0 .net "ad", 7 0, L_0x7fe5c2e7eec0;  1 drivers
v0x7fe5c2e7a110_0 .net "clk", 0 0, v0x7fe5c2e7e250_0;  alias, 1 drivers
v0x7fe5c2e7a1e0 .array "dm", 0 255, 15 0;
v0x7fe5c2e7a270_0 .net "rd", 15 0, L_0x7fe5c2e7ee10;  alias, 1 drivers
v0x7fe5c2e7a320_0 .net "wd", 15 0, L_0x7fe5c2e7e900;  alias, 1 drivers
v0x7fe5c2e7a3d0_0 .net "we", 0 0, v0x7fe5c2e78e60_0;  alias, 1 drivers
E_0x7fe5c2e79e70 .event posedge, v0x7fe5c2e77bf0_0;
L_0x7fe5c2e7ec90 .array/port v0x7fe5c2e7a1e0, L_0x7fe5c2e7ed30;
L_0x7fe5c2e7ed30 .concat [ 8 2 0 0], L_0x7fe5c2e7eec0, L_0x7fe5c2d730e0;
S_0x7fe5c2e7a530 .scope module, "dsel" "sel" 4 19, 6 2 0, S_0x7fe5c2e4ded0;
 .timescale 0 0;
    .port_info 0 /INPUT 16 "a";
    .port_info 1 /INPUT 16 "b";
    .port_info 2 /INPUT 1 "s";
    .port_info 3 /OUTPUT 16 "o";
v0x7fe5c2e7a7c0_0 .net "a", 15 0, L_0x7fe5c2e7ead0;  alias, 1 drivers
v0x7fe5c2e7a890_0 .net "b", 15 0, L_0x7fe5c2e7ee10;  alias, 1 drivers
v0x7fe5c2e7a940_0 .var "o", 15 0;
v0x7fe5c2e7a9f0_0 .net "s", 0 0, v0x7fe5c2e78dd0_0;  alias, 1 drivers
E_0x7fe5c2e79dc0 .event edge, v0x7fe5c2e78dd0_0, v0x7fe5c2e7a270_0, v0x7fe5c2e77e20_0;
S_0x7fe5c2e7aaf0 .scope module, "imem" "imem" 4 15, 9 2 0, S_0x7fe5c2e4ded0;
 .timescale 0 0;
    .port_info 0 /INPUT 6 "pc";
    .port_info 1 /OUTPUT 16 "o";
v0x7fe5c2e7ad40_0 .var "o", 15 0;
v0x7fe5c2e7adf0_0 .net "pc", 5 0, v0x7fe5c2e7b940_0;  alias, 1 drivers
E_0x7fe5c2e7acf0 .event edge, v0x7fe5c2e7adf0_0;
S_0x7fe5c2e7aec0 .scope module, "lidx" "lidx" 4 12, 10 2 0, S_0x7fe5c2e4ded0;
 .timescale 0 0;
    .port_info 0 /INPUT 16 "i";
    .port_info 1 /INPUT 8 "iv";
    .port_info 2 /INPUT 2 "op";
    .port_info 3 /OUTPUT 16 "o";
enum0x7fe5c2e3f460 .enum2/s (32)
   "THU" 0,
   "IMM" 1,
   "LIL" 2,
   "LIH" 3
 ;
v0x7fe5c2e7b160_0 .net "i", 15 0, L_0x7fe5c2e7e900;  alias, 1 drivers
v0x7fe5c2e7b230_0 .net "iv", 7 0, v0x7fe5c2e791d0_0;  alias, 1 drivers
v0x7fe5c2e7b2e0_0 .var "o", 15 0;
v0x7fe5c2e7b3b0_0 .net "op", 1 0, v0x7fe5c2e79280_0;  alias, 1 drivers
E_0x7fe5c2e7b100 .event edge, v0x7fe5c2e79280_0, v0x7fe5c2e7a320_0, v0x7fe5c2e791d0_0;
S_0x7fe5c2e7b4a0 .scope module, "pc" "pc" 4 14, 11 2 0, S_0x7fe5c2e4ded0;
 .timescale 0 0;
    .port_info 0 /INPUT 1 "halt";
    .port_info 1 /OUTPUT 6 "pc";
    .port_info 2 /INPUT 1 "we";
    .port_info 3 /INPUT 6 "jpc";
    .port_info 4 /INPUT 1 "clk";
    .port_info 5 /INPUT 1 "rst";
v0x7fe5c2e7b720_0 .net "clk", 0 0, v0x7fe5c2e7e250_0;  alias, 1 drivers
v0x7fe5c2e7b800_0 .net "halt", 0 0, v0x7fe5c2e79130_0;  alias, 1 drivers
v0x7fe5c2e7b890_0 .net "jpc", 5 0, L_0x7fe5c2e7eb70;  1 drivers
v0x7fe5c2e7b940_0 .var "pc", 5 0;
v0x7fe5c2e7b9f0_0 .net "rst", 0 0, v0x7fe5c2e7e2e0_0;  alias, 1 drivers
v0x7fe5c2e7bac0_0 .net "we", 0 0, v0x7fe5c2e79590_0;  alias, 1 drivers
S_0x7fe5c2e7bbc0 .scope module, "rega" "rega" 4 10, 12 2 0, S_0x7fe5c2e4ded0;
 .timescale 0 0;
    .port_info 0 /INPUT 2 "arad";
    .port_info 1 /INPUT 2 "brad";
    .port_info 2 /OUTPUT 16 "a";
    .port_info 3 /OUTPUT 16 "b";
    .port_info 4 /INPUT 1 "we";
    .port_info 5 /INPUT 2 "wad";
    .port_info 6 /INPUT 16 "wd";
    .port_info 7 /INPUT 1 "clk";
    .port_info 8 /INPUT 1 "rst";
L_0x7fe5c2e7e690 .functor BUFZ 16, L_0x7fe5c2e7e510, C4<0000000000000000>, C4<0000000000000000>, C4<0000000000000000>;
L_0x7fe5c2e7e900 .functor BUFZ 16, L_0x7fe5c2e7e740, C4<0000000000000000>, C4<0000000000000000>, C4<0000000000000000>;
v0x7fe5c2e7bf30_0 .net *"_ivl_0", 15 0, L_0x7fe5c2e7e510;  1 drivers
v0x7fe5c2e7bfc0_0 .net *"_ivl_10", 3 0, L_0x7fe5c2e7e7e0;  1 drivers
L_0x7fe5c2d73050 .functor BUFT 1, C4<00>, C4<0>, C4<0>, C4<0>;
v0x7fe5c2e7c060_0 .net *"_ivl_13", 1 0, L_0x7fe5c2d73050;  1 drivers
v0x7fe5c2e7c0f0_0 .net *"_ivl_2", 3 0, L_0x7fe5c2e7e5b0;  1 drivers
L_0x7fe5c2d73008 .functor BUFT 1, C4<00>, C4<0>, C4<0>, C4<0>;
v0x7fe5c2e7c1a0_0 .net *"_ivl_5", 1 0, L_0x7fe5c2d73008;  1 drivers
v0x7fe5c2e7c290_0 .net *"_ivl_8", 15 0, L_0x7fe5c2e7e740;  1 drivers
v0x7fe5c2e7c340_0 .net "a", 15 0, L_0x7fe5c2e7e690;  alias, 1 drivers
v0x7fe5c2e7c3e0_0 .net "arad", 1 0, v0x7fe5c2e79620_0;  alias, 1 drivers
v0x7fe5c2e7c490_0 .net "b", 15 0, L_0x7fe5c2e7e900;  alias, 1 drivers
v0x7fe5c2e7c5a0_0 .net "brad", 1 0, v0x7fe5c2e796b0_0;  alias, 1 drivers
v0x7fe5c2e7c640_0 .net "clk", 0 0, v0x7fe5c2e7e250_0;  alias, 1 drivers
v0x7fe5c2e7c6d0 .array "regar", 0 3, 15 0;
v0x7fe5c2e7c7c0_0 .net "rst", 0 0, v0x7fe5c2e7e2e0_0;  alias, 1 drivers
v0x7fe5c2e7c890_0 .net "wad", 1 0, v0x7fe5c2e79800_0;  alias, 1 drivers
v0x7fe5c2e7c930_0 .net "wd", 15 0, v0x7fe5c2e7a940_0;  alias, 1 drivers
v0x7fe5c2e7c9e0_0 .net "we", 0 0, v0x7fe5c2e799a0_0;  alias, 1 drivers
L_0x7fe5c2e7e510 .array/port v0x7fe5c2e7c6d0, L_0x7fe5c2e7e5b0;
L_0x7fe5c2e7e5b0 .concat [ 2 2 0 0], v0x7fe5c2e79620_0, L_0x7fe5c2d73008;
L_0x7fe5c2e7e740 .array/port v0x7fe5c2e7c6d0, L_0x7fe5c2e7e7e0;
L_0x7fe5c2e7e7e0 .concat [ 2 2 0 0], v0x7fe5c2e796b0_0, L_0x7fe5c2d73050;
    .scope S_0x7fe5c2e7bbc0;
T_0 ;
    %wait E_0x7fe5c2e4ed60;
    %load/vec4 v0x7fe5c2e7c7c0_0;
    %flag_set/vec4 8;
    %jmp/0xz  T_0.0, 8;
    %pushi/vec4 0, 0, 16;
    %ix/load 3, 0, 0;
    %flag_set/imm 4, 0;
    %ix/load 4, 0, 0; Constant delay
    %assign/vec4/a/d v0x7fe5c2e7c6d0, 0, 4;
    %pushi/vec4 0, 0, 16;
    %ix/load 3, 1, 0;
    %flag_set/imm 4, 0;
    %ix/load 4, 0, 0; Constant delay
    %assign/vec4/a/d v0x7fe5c2e7c6d0, 0, 4;
    %pushi/vec4 0, 0, 16;
    %ix/load 3, 2, 0;
    %flag_set/imm 4, 0;
    %ix/load 4, 0, 0; Constant delay
    %assign/vec4/a/d v0x7fe5c2e7c6d0, 0, 4;
    %pushi/vec4 0, 0, 16;
    %ix/load 3, 3, 0;
    %flag_set/imm 4, 0;
    %ix/load 4, 0, 0; Constant delay
    %assign/vec4/a/d v0x7fe5c2e7c6d0, 0, 4;
    %jmp T_0.1;
T_0.0 ;
    %load/vec4 v0x7fe5c2e7c9e0_0;
    %flag_set/vec4 8;
    %jmp/0xz  T_0.2, 8;
    %load/vec4 v0x7fe5c2e7c930_0;
    %load/vec4 v0x7fe5c2e7c890_0;
    %pad/u 4;
    %ix/vec4 3;
    %ix/load 4, 0, 0; Constant delay
    %assign/vec4/a/d v0x7fe5c2e7c6d0, 0, 4;
T_0.2 ;
T_0.1 ;
    %jmp T_0;
    .thread T_0;
    .scope S_0x7fe5c2e782b0;
T_1 ;
Ewait_0 .event/or E_0x7fe5c2e78480, E_0x0;
    %wait Ewait_0;
    %load/vec4 v0x7fe5c2e78700_0;
    %flag_set/vec4 8;
    %jmp/0xz  T_1.0, 8;
    %load/vec4 v0x7fe5c2e78580_0;
    %store/vec4 v0x7fe5c2e78630_0, 0, 16;
    %jmp T_1.1;
T_1.0 ;
    %load/vec4 v0x7fe5c2e784d0_0;
    %store/vec4 v0x7fe5c2e78630_0, 0, 16;
T_1.1 ;
    %jmp T_1;
    .thread T_1, $push;
    .scope S_0x7fe5c2e7aec0;
T_2 ;
    %wait E_0x7fe5c2e7b100;
    %load/vec4 v0x7fe5c2e7b3b0_0;
    %dup/vec4;
    %pushi/vec4 0, 0, 2;
    %cmp/x;
    %jmp/1 T_2.0, 4;
    %dup/vec4;
    %pushi/vec4 1, 0, 2;
    %cmp/x;
    %jmp/1 T_2.1, 4;
    %dup/vec4;
    %pushi/vec4 2, 0, 2;
    %cmp/x;
    %jmp/1 T_2.2, 4;
    %dup/vec4;
    %pushi/vec4 3, 0, 2;
    %cmp/x;
    %jmp/1 T_2.3, 4;
    %jmp T_2.4;
T_2.0 ;
    %load/vec4 v0x7fe5c2e7b160_0;
    %store/vec4 v0x7fe5c2e7b2e0_0, 0, 16;
    %jmp T_2.4;
T_2.1 ;
    %load/vec4 v0x7fe5c2e7b230_0;
    %parti/s 1, 7, 4;
    %replicate 8;
    %load/vec4 v0x7fe5c2e7b230_0;
    %concat/vec4; draw_concat_vec4
    %store/vec4 v0x7fe5c2e7b2e0_0, 0, 16;
    %jmp T_2.4;
T_2.2 ;
    %load/vec4 v0x7fe5c2e7b160_0;
    %parti/s 8, 8, 5;
    %load/vec4 v0x7fe5c2e7b230_0;
    %concat/vec4; draw_concat_vec4
    %store/vec4 v0x7fe5c2e7b2e0_0, 0, 16;
    %jmp T_2.4;
T_2.3 ;
    %load/vec4 v0x7fe5c2e7b230_0;
    %load/vec4 v0x7fe5c2e7b160_0;
    %parti/s 8, 0, 2;
    %concat/vec4; draw_concat_vec4
    %store/vec4 v0x7fe5c2e7b2e0_0, 0, 16;
    %jmp T_2.4;
T_2.4 ;
    %pop/vec4 1;
    %jmp T_2;
    .thread T_2, $push;
    .scope S_0x7fe5c2e4eb40;
T_3 ;
    %wait E_0x7fe5c2e4ee30;
    %load/vec4 v0x7fe5c2e77d70_0;
    %dup/vec4;
    %pushi/vec4 0, 0, 3;
    %cmp/u;
    %jmp/1 T_3.0, 6;
    %dup/vec4;
    %pushi/vec4 1, 0, 3;
    %cmp/u;
    %jmp/1 T_3.1, 6;
    %dup/vec4;
    %pushi/vec4 2, 0, 3;
    %cmp/u;
    %jmp/1 T_3.2, 6;
    %dup/vec4;
    %pushi/vec4 3, 0, 3;
    %cmp/u;
    %jmp/1 T_3.3, 6;
    %dup/vec4;
    %pushi/vec4 4, 0, 3;
    %cmp/u;
    %jmp/1 T_3.4, 6;
    %dup/vec4;
    %pushi/vec4 5, 0, 3;
    %cmp/u;
    %jmp/1 T_3.5, 6;
    %dup/vec4;
    %pushi/vec4 6, 0, 3;
    %cmp/u;
    %jmp/1 T_3.6, 6;
    %dup/vec4;
    %pushi/vec4 7, 0, 3;
    %cmp/u;
    %jmp/1 T_3.7, 6;
    %jmp T_3.8;
T_3.0 ;
    %load/vec4 v0x7fe5c2e51c80_0;
    %pad/u 17;
    %load/vec4 v0x7fe5c2e77a90_0;
    %pad/u 17;
    %add;
    %store/vec4 v0x7fe5c2e77ed0_0, 0, 17;
    %jmp T_3.8;
T_3.1 ;
    %load/vec4 v0x7fe5c2e51c80_0;
    %pad/u 17;
    %load/vec4 v0x7fe5c2e77a90_0;
    %pad/u 17;
    %sub;
    %store/vec4 v0x7fe5c2e77ed0_0, 0, 17;
    %jmp T_3.8;
T_3.2 ;
    %load/vec4 v0x7fe5c2e77a90_0;
    %pad/u 17;
    %store/vec4 v0x7fe5c2e77ed0_0, 0, 17;
    %jmp T_3.8;
T_3.3 ;
    %load/vec4 v0x7fe5c2e51c80_0;
    %pad/u 17;
    %ix/getv 4, v0x7fe5c2e77a90_0;
    %shiftr 4;
    %store/vec4 v0x7fe5c2e77ed0_0, 0, 17;
    %jmp T_3.8;
T_3.4 ;
    %load/vec4 v0x7fe5c2e51c80_0;
    %pad/u 17;
    %ix/getv 4, v0x7fe5c2e77a90_0;
    %shiftr 4;
    %store/vec4 v0x7fe5c2e77ed0_0, 0, 17;
    %jmp T_3.8;
T_3.5 ;
    %load/vec4 v0x7fe5c2e51c80_0;
    %pad/u 17;
    %ix/getv 4, v0x7fe5c2e77a90_0;
    %shiftl 4;
    %store/vec4 v0x7fe5c2e77ed0_0, 0, 17;
    %jmp T_3.8;
T_3.6 ;
    %load/vec4 v0x7fe5c2e51c80_0;
    %pad/u 17;
    %load/vec4 v0x7fe5c2e77a90_0;
    %pad/u 17;
    %and;
    %inv;
    %store/vec4 v0x7fe5c2e77ed0_0, 0, 17;
    %jmp T_3.8;
T_3.7 ;
    %load/vec4 v0x7fe5c2e51c80_0;
    %pad/u 17;
    %load/vec4 v0x7fe5c2e77a90_0;
    %pad/u 17;
    %xor;
    %store/vec4 v0x7fe5c2e77ed0_0, 0, 17;
    %jmp T_3.8;
T_3.8 ;
    %pop/vec4 1;
    %jmp T_3;
    .thread T_3, $push;
    .scope S_0x7fe5c2e4eb40;
T_4 ;
    %wait E_0x7fe5c2e4ed60;
    %load/vec4 v0x7fe5c2e77f80_0;
    %flag_set/vec4 8;
    %jmp/0xz  T_4.0, 8;
    %pushi/vec4 0, 0, 1;
    %assign/vec4 v0x7fe5c2e78120_0, 0;
    %pushi/vec4 0, 0, 1;
    %assign/vec4 v0x7fe5c2e77b40_0, 0;
    %pushi/vec4 0, 0, 1;
    %assign/vec4 v0x7fe5c2e78090_0, 0;
    %jmp T_4.1;
T_4.0 ;
    %load/vec4 v0x7fe5c2e77e20_0;
    %pad/u 32;
    %cmpi/e 0, 0, 32;
    %jmp/0xz  T_4.2, 4;
    %pushi/vec4 1, 0, 1;
    %assign/vec4 v0x7fe5c2e78120_0, 0;
    %jmp T_4.3;
T_4.2 ;
    %pushi/vec4 0, 0, 1;
    %assign/vec4 v0x7fe5c2e78120_0, 0;
T_4.3 ;
    %load/vec4 v0x7fe5c2e77e20_0;
    %parti/s 1, 15, 5;
    %cmpi/e 1, 0, 1;
    %jmp/0xz  T_4.4, 4;
    %pushi/vec4 1, 0, 1;
    %assign/vec4 v0x7fe5c2e78090_0, 0;
    %jmp T_4.5;
T_4.4 ;
    %pushi/vec4 0, 0, 1;
    %assign/vec4 v0x7fe5c2e78090_0, 0;
T_4.5 ;
    %load/vec4 v0x7fe5c2e77ed0_0;
    %parti/s 1, 16, 6;
    %cmpi/e 1, 0, 1;
    %jmp/0xz  T_4.6, 4;
    %pushi/vec4 1, 0, 1;
    %assign/vec4 v0x7fe5c2e77b40_0, 0;
    %jmp T_4.7;
T_4.6 ;
    %pushi/vec4 0, 0, 1;
    %assign/vec4 v0x7fe5c2e77b40_0, 0;
T_4.7 ;
T_4.1 ;
    %jmp T_4;
    .thread T_4;
    .scope S_0x7fe5c2e7b4a0;
T_5 ;
    %wait E_0x7fe5c2e4ed60;
    %load/vec4 v0x7fe5c2e7b9f0_0;
    %flag_set/vec4 8;
    %jmp/0xz  T_5.0, 8;
    %pushi/vec4 0, 0, 6;
    %assign/vec4 v0x7fe5c2e7b940_0, 0;
    %jmp T_5.1;
T_5.0 ;
    %load/vec4 v0x7fe5c2e7b800_0;
    %nor/r;
    %flag_set/vec4 8;
    %jmp/0xz  T_5.2, 8;
    %load/vec4 v0x7fe5c2e7bac0_0;
    %cmpi/e 1, 0, 1;
    %jmp/0xz  T_5.4, 4;
    %load/vec4 v0x7fe5c2e7b890_0;
    %assign/vec4 v0x7fe5c2e7b940_0, 0;
    %jmp T_5.5;
T_5.4 ;
    %load/vec4 v0x7fe5c2e7b940_0;
    %addi 1, 0, 6;
    %assign/vec4 v0x7fe5c2e7b940_0, 0;
T_5.5 ;
T_5.2 ;
T_5.1 ;
    %jmp T_5;
    .thread T_5;
    .scope S_0x7fe5c2e7aaf0;
T_6 ;
Ewait_1 .event/or E_0x7fe5c2e7acf0, E_0x0;
    %wait Ewait_1;
    %load/vec4 v0x7fe5c2e7adf0_0;
    %dup/vec4;
    %pushi/vec4 0, 0, 6;
    %cmp/u;
    %jmp/1 T_6.0, 6;
    %dup/vec4;
    %pushi/vec4 1, 0, 6;
    %cmp/u;
    %jmp/1 T_6.1, 6;
    %dup/vec4;
    %pushi/vec4 2, 0, 6;
    %cmp/u;
    %jmp/1 T_6.2, 6;
    %dup/vec4;
    %pushi/vec4 3, 0, 6;
    %cmp/u;
    %jmp/1 T_6.3, 6;
    %dup/vec4;
    %pushi/vec4 4, 0, 6;
    %cmp/u;
    %jmp/1 T_6.4, 6;
    %dup/vec4;
    %pushi/vec4 5, 0, 6;
    %cmp/u;
    %jmp/1 T_6.5, 6;
    %dup/vec4;
    %pushi/vec4 6, 0, 6;
    %cmp/u;
    %jmp/1 T_6.6, 6;
    %dup/vec4;
    %pushi/vec4 7, 0, 6;
    %cmp/u;
    %jmp/1 T_6.7, 6;
    %dup/vec4;
    %pushi/vec4 8, 0, 6;
    %cmp/u;
    %jmp/1 T_6.8, 6;
    %dup/vec4;
    %pushi/vec4 9, 0, 6;
    %cmp/u;
    %jmp/1 T_6.9, 6;
    %dup/vec4;
    %pushi/vec4 10, 0, 6;
    %cmp/u;
    %jmp/1 T_6.10, 6;
    %dup/vec4;
    %pushi/vec4 11, 0, 6;
    %cmp/u;
    %jmp/1 T_6.11, 6;
    %dup/vec4;
    %pushi/vec4 12, 0, 6;
    %cmp/u;
    %jmp/1 T_6.12, 6;
    %dup/vec4;
    %pushi/vec4 13, 0, 6;
    %cmp/u;
    %jmp/1 T_6.13, 6;
    %dup/vec4;
    %pushi/vec4 14, 0, 6;
    %cmp/u;
    %jmp/1 T_6.14, 6;
    %dup/vec4;
    %pushi/vec4 15, 0, 6;
    %cmp/u;
    %jmp/1 T_6.15, 6;
    %dup/vec4;
    %pushi/vec4 16, 0, 6;
    %cmp/u;
    %jmp/1 T_6.16, 6;
    %dup/vec4;
    %pushi/vec4 17, 0, 6;
    %cmp/u;
    %jmp/1 T_6.17, 6;
    %dup/vec4;
    %pushi/vec4 18, 0, 6;
    %cmp/u;
    %jmp/1 T_6.18, 6;
    %dup/vec4;
    %pushi/vec4 19, 0, 6;
    %cmp/u;
    %jmp/1 T_6.19, 6;
    %dup/vec4;
    %pushi/vec4 20, 0, 6;
    %cmp/u;
    %jmp/1 T_6.20, 6;
    %dup/vec4;
    %pushi/vec4 21, 0, 6;
    %cmp/u;
    %jmp/1 T_6.21, 6;
    %dup/vec4;
    %pushi/vec4 22, 0, 6;
    %cmp/u;
    %jmp/1 T_6.22, 6;
    %dup/vec4;
    %pushi/vec4 23, 0, 6;
    %cmp/u;
    %jmp/1 T_6.23, 6;
    %dup/vec4;
    %pushi/vec4 24, 0, 6;
    %cmp/u;
    %jmp/1 T_6.24, 6;
    %dup/vec4;
    %pushi/vec4 25, 0, 6;
    %cmp/u;
    %jmp/1 T_6.25, 6;
    %dup/vec4;
    %pushi/vec4 26, 0, 6;
    %cmp/u;
    %jmp/1 T_6.26, 6;
    %dup/vec4;
    %pushi/vec4 27, 0, 6;
    %cmp/u;
    %jmp/1 T_6.27, 6;
    %dup/vec4;
    %pushi/vec4 28, 0, 6;
    %cmp/u;
    %jmp/1 T_6.28, 6;
    %jmp T_6.29;
T_6.0 ;
    %pushi/vec4 0, 0, 16;
    %store/vec4 v0x7fe5c2e7ad40_0, 0, 16;
    %jmp T_6.29;
T_6.1 ;
    %pushi/vec4 33366, 0, 16;
    %store/vec4 v0x7fe5c2e7ad40_0, 0, 16;
    %jmp T_6.29;
T_6.2 ;
    %pushi/vec4 33705, 0, 16;
    %store/vec4 v0x7fe5c2e7ad40_0, 0, 16;
    %jmp T_6.29;
T_6.3 ;
    %pushi/vec4 34473, 0, 16;
    %store/vec4 v0x7fe5c2e7ad40_0, 0, 16;
    %jmp T_6.29;
T_6.4 ;
    %pushi/vec4 34646, 0, 16;
    %store/vec4 v0x7fe5c2e7ad40_0, 0, 16;
    %jmp T_6.29;
T_6.5 ;
    %pushi/vec4 2144, 0, 16;
    %store/vec4 v0x7fe5c2e7ad40_0, 0, 16;
    %jmp T_6.29;
T_6.6 ;
    %pushi/vec4 2405, 0, 16;
    %store/vec4 v0x7fe5c2e7ad40_0, 0, 16;
    %jmp T_6.29;
T_6.7 ;
    %pushi/vec4 2145, 0, 16;
    %store/vec4 v0x7fe5c2e7ad40_0, 0, 16;
    %jmp T_6.29;
T_6.8 ;
    %pushi/vec4 34303, 0, 16;
    %store/vec4 v0x7fe5c2e7ad40_0, 0, 16;
    %jmp T_6.29;
T_6.9 ;
    %pushi/vec4 35079, 0, 16;
    %store/vec4 v0x7fe5c2e7ad40_0, 0, 16;
    %jmp T_6.29;
T_6.10 ;
    %pushi/vec4 2390, 0, 16;
    %store/vec4 v0x7fe5c2e7ad40_0, 0, 16;
    %jmp T_6.29;
T_6.11 ;
    %pushi/vec4 9599, 0, 16;
    %store/vec4 v0x7fe5c2e7ad40_0, 0, 16;
    %jmp T_6.29;
T_6.12 ;
    %pushi/vec4 3089, 0, 16;
    %store/vec4 v0x7fe5c2e7ad40_0, 0, 16;
    %jmp T_6.29;
T_6.13 ;
    %pushi/vec4 23810, 0, 16;
    %store/vec4 v0x7fe5c2e7ad40_0, 0, 16;
    %jmp T_6.29;
T_6.14 ;
    %pushi/vec4 1, 0, 16;
    %store/vec4 v0x7fe5c2e7ad40_0, 0, 16;
    %jmp T_6.29;
T_6.15 ;
    %pushi/vec4 2337, 0, 16;
    %store/vec4 v0x7fe5c2e7ad40_0, 0, 16;
    %jmp T_6.29;
T_6.16 ;
    %pushi/vec4 24322, 0, 16;
    %store/vec4 v0x7fe5c2e7ad40_0, 0, 16;
    %jmp T_6.29;
T_6.17 ;
    %pushi/vec4 1, 0, 16;
    %store/vec4 v0x7fe5c2e7ad40_0, 0, 16;
    %jmp T_6.29;
T_6.18 ;
    %pushi/vec4 9217, 0, 16;
    %store/vec4 v0x7fe5c2e7ad40_0, 0, 16;
    %jmp T_6.29;
T_6.19 ;
    %pushi/vec4 23810, 0, 16;
    %store/vec4 v0x7fe5c2e7ad40_0, 0, 16;
    %jmp T_6.29;
T_6.20 ;
    %pushi/vec4 1, 0, 16;
    %store/vec4 v0x7fe5c2e7ad40_0, 0, 16;
    %jmp T_6.29;
T_6.21 ;
    %pushi/vec4 2337, 0, 16;
    %store/vec4 v0x7fe5c2e7ad40_0, 0, 16;
    %jmp T_6.29;
T_6.22 ;
    %pushi/vec4 19714, 0, 16;
    %store/vec4 v0x7fe5c2e7ad40_0, 0, 16;
    %jmp T_6.29;
T_6.23 ;
    %pushi/vec4 23554, 0, 16;
    %store/vec4 v0x7fe5c2e7ad40_0, 0, 16;
    %jmp T_6.29;
T_6.24 ;
    %pushi/vec4 1, 0, 16;
    %store/vec4 v0x7fe5c2e7ad40_0, 0, 16;
    %jmp T_6.29;
T_6.25 ;
    %pushi/vec4 22529, 0, 16;
    %store/vec4 v0x7fe5c2e7ad40_0, 0, 16;
    %jmp T_6.29;
T_6.26 ;
    %pushi/vec4 39937, 0, 16;
    %store/vec4 v0x7fe5c2e7ad40_0, 0, 16;
    %jmp T_6.29;
T_6.27 ;
    %pushi/vec4 1, 0, 16;
    %store/vec4 v0x7fe5c2e7ad40_0, 0, 16;
    %jmp T_6.29;
T_6.28 ;
    %pushi/vec4 0, 0, 16;
    %store/vec4 v0x7fe5c2e7ad40_0, 0, 16;
    %jmp T_6.29;
T_6.29 ;
    %pop/vec4 1;
    %jmp T_6;
    .thread T_6, $push;
    .scope S_0x7fe5c2e787f0;
T_7 ;
    %wait E_0x7fe5c2e78cb0;
    %pushi/vec4 0, 0, 1;
    %store/vec4 v0x7fe5c2e78fc0_0, 0, 1;
    %pushi/vec4 0, 0, 1;
    %store/vec4 v0x7fe5c2e79090_0, 0, 1;
    %load/vec4 v0x7fe5c2e79390_0;
    %parti/s 2, 8, 5;
    %dup/vec4;
    %pushi/vec4 0, 0, 2;
    %cmp/u;
    %jmp/1 T_7.0, 6;
    %dup/vec4;
    %pushi/vec4 1, 0, 2;
    %cmp/u;
    %jmp/1 T_7.1, 6;
    %dup/vec4;
    %pushi/vec4 2, 0, 2;
    %cmp/u;
    %jmp/1 T_7.2, 6;
    %dup/vec4;
    %pushi/vec4 3, 0, 2;
    %cmp/u;
    %jmp/1 T_7.3, 6;
    %jmp T_7.4;
T_7.0 ;
    %pushi/vec4 1, 0, 1;
    %store/vec4 v0x7fe5c2e78fc0_0, 0, 1;
    %pushi/vec4 1, 0, 1;
    %store/vec4 v0x7fe5c2e79090_0, 0, 1;
    %jmp T_7.4;
T_7.1 ;
    %load/vec4 v0x7fe5c2e79a40_0;
    %inv;
    %load/vec4 v0x7fe5c2e79390_0;
    %parti/s 1, 7, 4;
    %xor;
    %store/vec4 v0x7fe5c2e78fc0_0, 0, 1;
    %load/vec4 v0x7fe5c2e79a40_0;
    %inv;
    %load/vec4 v0x7fe5c2e79390_0;
    %parti/s 1, 12, 5;
    %xor;
    %store/vec4 v0x7fe5c2e79090_0, 0, 1;
    %jmp T_7.4;
T_7.2 ;
    %load/vec4 v0x7fe5c2e78d20_0;
    %inv;
    %load/vec4 v0x7fe5c2e79390_0;
    %parti/s 1, 7, 4;
    %xor;
    %store/vec4 v0x7fe5c2e78fc0_0, 0, 1;
    %load/vec4 v0x7fe5c2e78d20_0;
    %inv;
    %load/vec4 v0x7fe5c2e79390_0;
    %parti/s 1, 12, 5;
    %xor;
    %store/vec4 v0x7fe5c2e79090_0, 0, 1;
    %jmp T_7.4;
T_7.3 ;
    %load/vec4 v0x7fe5c2e79750_0;
    %inv;
    %load/vec4 v0x7fe5c2e79390_0;
    %parti/s 1, 7, 4;
    %xor;
    %store/vec4 v0x7fe5c2e78fc0_0, 0, 1;
    %load/vec4 v0x7fe5c2e79750_0;
    %inv;
    %load/vec4 v0x7fe5c2e79390_0;
    %parti/s 1, 12, 5;
    %xor;
    %store/vec4 v0x7fe5c2e79090_0, 0, 1;
    %jmp T_7.4;
T_7.4 ;
    %pop/vec4 1;
    %jmp T_7;
    .thread T_7, $push;
    .scope S_0x7fe5c2e787f0;
T_8 ;
    %wait E_0x7fe5c2e78be0;
    %pushi/vec4 0, 0, 1;
    %store/vec4 v0x7fe5c2e79130_0, 0, 1;
    %pushi/vec4 0, 0, 2;
    %store/vec4 v0x7fe5c2e79620_0, 0, 2;
    %pushi/vec4 0, 0, 2;
    %store/vec4 v0x7fe5c2e796b0_0, 0, 2;
    %pushi/vec4 2, 0, 3;
    %store/vec4 v0x7fe5c2e79440_0, 0, 3;
    %pushi/vec4 0, 0, 1;
    %store/vec4 v0x7fe5c2e799a0_0, 0, 1;
    %pushi/vec4 0, 0, 2;
    %store/vec4 v0x7fe5c2e79800_0, 0, 2;
    %pushi/vec4 0, 0, 2;
    %store/vec4 v0x7fe5c2e79280_0, 0, 2;
    %pushi/vec4 0, 0, 8;
    %store/vec4 v0x7fe5c2e791d0_0, 0, 8;
    %pushi/vec4 0, 0, 1;
    %store/vec4 v0x7fe5c2e78f10_0, 0, 1;
    %pushi/vec4 0, 0, 1;
    %store/vec4 v0x7fe5c2e79590_0, 0, 1;
    %pushi/vec4 0, 0, 1;
    %store/vec4 v0x7fe5c2e78e60_0, 0, 1;
    %pushi/vec4 0, 0, 1;
    %store/vec4 v0x7fe5c2e78dd0_0, 0, 1;
    %pushi/vec4 0, 0, 1;
    %store/vec4 v0x7fe5c2e79500_0, 0, 1;
    %vpi_call/w 7 77 "$display", "*****PC[%h]we[%h]CODE:%h", v0x7fe5c2e7b940_0, v0x7fe5c2e79590_0, v0x7fe5c2e79390_0 {0 0 0};
    %vpi_call/w 7 78 "$display", "r0[%h]1[%h]2[%h]3[%h]", &A<v0x7fe5c2e7c6d0, 0>, &A<v0x7fe5c2e7c6d0, 1>, &A<v0x7fe5c2e7c6d0, 2>, &A<v0x7fe5c2e7c6d0, 3> {0 0 0};
    %load/vec4 v0x7fe5c2e79390_0;
    %parti/s 3, 13, 5;
    %dup/vec4;
    %pushi/vec4 0, 0, 3;
    %cmp/u;
    %jmp/1 T_8.0, 6;
    %dup/vec4;
    %pushi/vec4 1, 0, 3;
    %cmp/u;
    %jmp/1 T_8.1, 6;
    %dup/vec4;
    %pushi/vec4 2, 0, 3;
    %cmp/u;
    %jmp/1 T_8.2, 6;
    %dup/vec4;
    %pushi/vec4 3, 0, 3;
    %cmp/u;
    %jmp/1 T_8.3, 6;
    %dup/vec4;
    %pushi/vec4 4, 0, 3;
    %cmp/u;
    %jmp/1 T_8.4, 6;
    %dup/vec4;
    %pushi/vec4 5, 0, 3;
    %cmp/u;
    %jmp/1 T_8.5, 6;
    %dup/vec4;
    %pushi/vec4 6, 0, 3;
    %cmp/u;
    %jmp/1 T_8.6, 6;
    %dup/vec4;
    %pushi/vec4 7, 0, 3;
    %cmp/u;
    %jmp/1 T_8.7, 6;
    %jmp T_8.8;
T_8.0 ;
    %load/vec4 v0x7fe5c2e79390_0;
    %parti/s 3, 10, 5;
    %dup/vec4;
    %pushi/vec4 0, 0, 3;
    %cmp/u;
    %jmp/1 T_8.9, 6;
    %dup/vec4;
    %pushi/vec4 1, 0, 3;
    %cmp/u;
    %jmp/1 T_8.10, 6;
    %dup/vec4;
    %pushi/vec4 2, 0, 3;
    %cmp/u;
    %jmp/1 T_8.11, 6;
    %dup/vec4;
    %pushi/vec4 3, 0, 3;
    %cmp/u;
    %jmp/1 T_8.12, 6;
    %dup/vec4;
    %pushi/vec4 4, 0, 3;
    %cmp/u;
    %jmp/1 T_8.13, 6;
    %dup/vec4;
    %pushi/vec4 5, 0, 3;
    %cmp/u;
    %jmp/1 T_8.14, 6;
    %dup/vec4;
    %pushi/vec4 6, 0, 3;
    %cmp/u;
    %jmp/1 T_8.15, 6;
    %dup/vec4;
    %pushi/vec4 7, 0, 3;
    %cmp/u;
    %jmp/1 T_8.16, 6;
    %jmp T_8.17;
T_8.9 ;
    %load/vec4 v0x7fe5c2e79390_0;
    %parti/s 1, 0, 2;
    %dup/vec4;
    %pushi/vec4 0, 0, 1;
    %cmp/u;
    %jmp/1 T_8.18, 6;
    %dup/vec4;
    %pushi/vec4 1, 0, 1;
    %cmp/u;
    %jmp/1 T_8.19, 6;
    %jmp T_8.20;
T_8.18 ;
    %pushi/vec4 1, 0, 1;
    %store/vec4 v0x7fe5c2e78f10_0, 0, 1;
    %vpi_call/w 7 95 "$display", "NOP" {0 0 0};
    %jmp T_8.20;
T_8.19 ;
    %pushi/vec4 1, 0, 1;
    %store/vec4 v0x7fe5c2e79130_0, 0, 1;
    %vpi_call/w 7 102 "$display", "HALT" {0 0 0};
    %jmp T_8.20;
T_8.20 ;
    %pop/vec4 1;
    %jmp T_8.17;
T_8.10 ;
    %jmp T_8.17;
T_8.11 ;
    %load/vec4 v0x7fe5c2e79390_0;
    %parti/s 2, 8, 5;
    %store/vec4 v0x7fe5c2e79800_0, 0, 2;
    %pushi/vec4 1, 0, 1;
    %store/vec4 v0x7fe5c2e799a0_0, 0, 1;
    %load/vec4 v0x7fe5c2e79390_0;
    %parti/s 1, 7, 4;
    %store/vec4 v0x7fe5c2e78f10_0, 0, 1;
    %load/vec4 v0x7fe5c2e79390_0;
    %parti/s 3, 4, 4;
    %store/vec4 v0x7fe5c2e79440_0, 0, 3;
    %load/vec4 v0x7fe5c2e79390_0;
    %parti/s 2, 2, 3;
    %store/vec4 v0x7fe5c2e79620_0, 0, 2;
    %load/vec4 v0x7fe5c2e79390_0;
    %parti/s 2, 0, 2;
    %store/vec4 v0x7fe5c2e796b0_0, 0, 2;
    %vpi_call/w 7 121 "$display", "CAL rw:%h F:%h op:%h, ra:%h, rb:%h", v0x7fe5c2e79800_0, v0x7fe5c2e78f10_0, v0x7fe5c2e79440_0, v0x7fe5c2e79620_0, v0x7fe5c2e796b0_0 {0 0 0};
    %vpi_call/w 7 122 "$display", "CAL rw=ra,rb (F=0:NORM/1:DSTB) MV" {0 0 0};
    %jmp T_8.17;
T_8.12 ;
    %load/vec4 v0x7fe5c2e79390_0;
    %parti/s 3, 4, 4;
    %store/vec4 v0x7fe5c2e79440_0, 0, 3;
    %load/vec4 v0x7fe5c2e79390_0;
    %parti/s 2, 2, 3;
    %store/vec4 v0x7fe5c2e79620_0, 0, 2;
    %load/vec4 v0x7fe5c2e79390_0;
    %parti/s 2, 0, 2;
    %store/vec4 v0x7fe5c2e796b0_0, 0, 2;
    %vpi_call/w 7 132 "$display", "EVA CAL op:%h, ra:%h, rb:%h", v0x7fe5c2e79440_0, v0x7fe5c2e79620_0, v0x7fe5c2e796b0_0 {0 0 0};
    %vpi_call/w 7 133 "$display", "EVA CAL ra,rb (F=0)/CMP ra,rb" {0 0 0};
    %jmp T_8.17;
T_8.13 ;
    %load/vec4 v0x7fe5c2e78fc0_0;
    %cmpi/e 1, 0, 1;
    %jmp/0xz  T_8.21, 4;
    %load/vec4 v0x7fe5c2e79390_0;
    %parti/s 2, 2, 3;
    %store/vec4 v0x7fe5c2e79620_0, 0, 2;
    %load/vec4 v0x7fe5c2e79390_0;
    %parti/s 3, 4, 4;
    %store/vec4 v0x7fe5c2e79440_0, 0, 3;
    %load/vec4 v0x7fe5c2e79390_0;
    %parti/s 2, 0, 2;
    %store/vec4 v0x7fe5c2e796b0_0, 0, 2;
    %pushi/vec4 1, 0, 1;
    %store/vec4 v0x7fe5c2e79590_0, 0, 1;
T_8.21 ;
    %vpi_call/w 7 146 "$display", "JP/BR f1:%h(Z%hC%hS%h) op:%h, ra:%h, rb:%h", v0x7fe5c2e78fc0_0, v0x7fe5c2e79a40_0, v0x7fe5c2e78d20_0, v0x7fe5c2e79750_0, v0x7fe5c2e79440_0, v0x7fe5c2e79620_0, v0x7fe5c2e796b0_0 {0 0 0};
    %vpi_call/w 7 147 "$display", "JP/BR fp [ra op rb] (ff:NC,Z,C,S)" {0 0 0};
    %jmp T_8.17;
T_8.14 ;
    %jmp T_8.17;
T_8.15 ;
    %pushi/vec4 1, 0, 1;
    %store/vec4 v0x7fe5c2e78e60_0, 0, 1;
    %load/vec4 v0x7fe5c2e79390_0;
    %parti/s 1, 9, 5;
    %store/vec4 v0x7fe5c2e78f10_0, 0, 1;
    %load/vec4 v0x7fe5c2e79390_0;
    %parti/s 3, 4, 4;
    %store/vec4 v0x7fe5c2e79440_0, 0, 3;
    %load/vec4 v0x7fe5c2e79390_0;
    %parti/s 2, 2, 3;
    %store/vec4 v0x7fe5c2e79620_0, 0, 2;
    %load/vec4 v0x7fe5c2e79390_0;
    %parti/s 2, 0, 2;
    %store/vec4 v0x7fe5c2e796b0_0, 0, 2;
    %vpi_call/w 7 163 "$display", "SM [ra]=rb / SM [ra] = [ra op rb] *MM" {0 0 0};
    %vpi_call/w 7 164 "$display", "SM d:%h op:%h, ra:%h, rb:%h", v0x7fe5c2e78f10_0, v0x7fe5c2e79440_0, v0x7fe5c2e79620_0, v0x7fe5c2e796b0_0 {0 0 0};
    %jmp T_8.17;
T_8.16 ;
    %load/vec4 v0x7fe5c2e79390_0;
    %parti/s 2, 8, 5;
    %store/vec4 v0x7fe5c2e79800_0, 0, 2;
    %pushi/vec4 1, 0, 1;
    %store/vec4 v0x7fe5c2e799a0_0, 0, 1;
    %load/vec4 v0x7fe5c2e79390_0;
    %parti/s 1, 7, 4;
    %store/vec4 v0x7fe5c2e78f10_0, 0, 1;
    %load/vec4 v0x7fe5c2e79390_0;
    %parti/s 3, 4, 4;
    %store/vec4 v0x7fe5c2e79440_0, 0, 3;
    %load/vec4 v0x7fe5c2e79390_0;
    %parti/s 2, 2, 3;
    %store/vec4 v0x7fe5c2e79620_0, 0, 2;
    %load/vec4 v0x7fe5c2e79390_0;
    %parti/s 2, 0, 2;
    %store/vec4 v0x7fe5c2e796b0_0, 0, 2;
    %pushi/vec4 1, 0, 1;
    %store/vec4 v0x7fe5c2e78dd0_0, 0, 1;
    %vpi_call/w 7 178 "$display", "LM rw=[ra op rb] / LM rw=[rb] *MM" {0 0 0};
    %vpi_call/w 7 179 "$display", "SM wr:%d d:%h op:%h, ra:%h, rb:%h", v0x7fe5c2e79800_0, v0x7fe5c2e78f10_0, v0x7fe5c2e79440_0, v0x7fe5c2e79620_0, v0x7fe5c2e796b0_0 {0 0 0};
    %jmp T_8.17;
T_8.17 ;
    %pop/vec4 1;
    %jmp T_8.8;
T_8.1 ;
    %load/vec4 v0x7fe5c2e79390_0;
    %parti/s 2, 10, 5;
    %store/vec4 v0x7fe5c2e79800_0, 0, 2;
    %pushi/vec4 1, 0, 1;
    %store/vec4 v0x7fe5c2e799a0_0, 0, 1;
    %load/vec4 v0x7fe5c2e79390_0;
    %parti/s 2, 8, 5;
    %store/vec4 v0x7fe5c2e79620_0, 0, 2;
    %pushi/vec4 0, 0, 2;
    %load/vec4 v0x7fe5c2e79390_0;
    %parti/s 1, 12, 5;
    %concat/vec4; draw_concat_vec4
    %store/vec4 v0x7fe5c2e79440_0, 0, 3;
    %load/vec4 v0x7fe5c2e79390_0;
    %parti/s 8, 0, 2;
    %store/vec4 v0x7fe5c2e791d0_0, 0, 8;
    %pushi/vec4 1, 0, 2;
    %store/vec4 v0x7fe5c2e79280_0, 0, 2;
    %vpi_call/w 7 194 "$display", "CAL rw=ra,im (#=0:ADD/1:SUB only)" {0 0 0};
    %vpi_call/w 7 195 "$display", "CAL op#:%h wr:%h[%h], ra:%h, rb:%h, IM:%h", v0x7fe5c2e79440_0, v0x7fe5c2e79800_0, v0x7fe5c2e799a0_0, v0x7fe5c2e79620_0, v0x7fe5c2e796b0_0, v0x7fe5c2e791d0_0 {0 0 0};
    %jmp T_8.8;
T_8.2 ;
    %load/vec4 v0x7fe5c2e79390_0;
    %parti/s 1, 11, 5;
    %dup/vec4;
    %pushi/vec4 0, 0, 1;
    %cmp/u;
    %jmp/1 T_8.23, 6;
    %dup/vec4;
    %pushi/vec4 1, 0, 1;
    %cmp/u;
    %jmp/1 T_8.24, 6;
    %jmp T_8.25;
T_8.23 ;
    %load/vec4 v0x7fe5c2e79090_0;
    %cmpi/e 1, 0, 1;
    %jmp/0xz  T_8.26, 4;
    %load/vec4 v0x7fe5c2e79390_0;
    %parti/s 8, 0, 2;
    %store/vec4 v0x7fe5c2e791d0_0, 0, 8;
    %pushi/vec4 1, 0, 2;
    %store/vec4 v0x7fe5c2e79280_0, 0, 2;
    %pushi/vec4 1, 0, 1;
    %store/vec4 v0x7fe5c2e79590_0, 0, 1;
T_8.26 ;
    %vpi_call/w 7 210 "$display", "JP/BR fp [(s)im]" {0 0 0};
    %vpi_call/w 7 211 "$display", "JP/BR f2:%h(Z%hC%hS%h) liop:%h, IM:%h", v0x7fe5c2e79090_0, v0x7fe5c2e79a40_0, v0x7fe5c2e78d20_0, v0x7fe5c2e79750_0, v0x7fe5c2e79280_0, v0x7fe5c2e791d0_0 {0 0 0};
    %jmp T_8.25;
T_8.24 ;
    %load/vec4 v0x7fe5c2e79390_0;
    %parti/s 1, 10, 5;
    %dup/vec4;
    %pushi/vec4 1, 0, 1;
    %cmp/u;
    %jmp/1 T_8.28, 6;
    %dup/vec4;
    %pushi/vec4 0, 0, 1;
    %cmp/u;
    %jmp/1 T_8.29, 6;
    %jmp T_8.30;
T_8.28 ;
    %load/vec4 v0x7fe5c2e79090_0;
    %cmpi/e 1, 0, 1;
    %jmp/0xz  T_8.31, 4;
    %pushi/vec4 1, 0, 1;
    %store/vec4 v0x7fe5c2e79500_0, 0, 1;
    %load/vec4 v0x7fe5c2e79390_0;
    %parti/s 8, 0, 2;
    %store/vec4 v0x7fe5c2e791d0_0, 0, 8;
    %pushi/vec4 1, 0, 2;
    %store/vec4 v0x7fe5c2e79280_0, 0, 2;
    %pushi/vec4 0, 0, 3;
    %store/vec4 v0x7fe5c2e79440_0, 0, 3;
    %pushi/vec4 1, 0, 1;
    %store/vec4 v0x7fe5c2e79590_0, 0, 1;
T_8.31 ;
    %vpi_call/w 7 228 "$display", "JP/BR fp [PC + (s)im]" {0 0 0};
    %vpi_call/w 7 229 "$display", "JP/BR f2:%h(Z%hC%hS%h) liop:%h, op:%h IM:%h", v0x7fe5c2e79090_0, v0x7fe5c2e79a40_0, v0x7fe5c2e78d20_0, v0x7fe5c2e79750_0, v0x7fe5c2e79440_0, v0x7fe5c2e79280_0, v0x7fe5c2e791d0_0 {0 0 0};
    %jmp T_8.30;
T_8.29 ;
    %load/vec4 v0x7fe5c2e79390_0;
    %parti/s 2, 8, 5;
    %store/vec4 v0x7fe5c2e796b0_0, 0, 2;
    %pushi/vec4 1, 0, 1;
    %store/vec4 v0x7fe5c2e78e60_0, 0, 1;
    %load/vec4 v0x7fe5c2e79390_0;
    %parti/s 8, 0, 2;
    %store/vec4 v0x7fe5c2e791d0_0, 0, 8;
    %pushi/vec4 1, 0, 2;
    %store/vec4 v0x7fe5c2e79280_0, 0, 2;
    %vpi_call/w 7 240 "$display", "SM [(s)im]=rb *MM" {0 0 0};
    %vpi_call/w 7 241 "$display", "SM rb:%h IM:%h", v0x7fe5c2e796b0_0, v0x7fe5c2e791d0_0 {0 0 0};
    %jmp T_8.30;
T_8.30 ;
    %pop/vec4 1;
    %jmp T_8.25;
T_8.25 ;
    %pop/vec4 1;
    %jmp T_8.8;
T_8.3 ;
    %load/vec4 v0x7fe5c2e79090_0;
    %cmpi/e 1, 0, 1;
    %jmp/0xz  T_8.33, 4;
    %load/vec4 v0x7fe5c2e79390_0;
    %parti/s 2, 10, 5;
    %store/vec4 v0x7fe5c2e79620_0, 0, 2;
    %load/vec4 v0x7fe5c2e79390_0;
    %parti/s 8, 0, 2;
    %store/vec4 v0x7fe5c2e791d0_0, 0, 8;
    %pushi/vec4 1, 0, 2;
    %store/vec4 v0x7fe5c2e79280_0, 0, 2;
    %pushi/vec4 0, 0, 3;
    %store/vec4 v0x7fe5c2e79440_0, 0, 3;
    %pushi/vec4 1, 0, 1;
    %store/vec4 v0x7fe5c2e79590_0, 0, 1;
T_8.33 ;
    %vpi_call/w 7 259 "$display", "JP/BR fp [ra + (s)im]" {0 0 0};
    %vpi_call/w 7 260 "$display", "JP/BR f2:%h(Z%hC%hS%h) ra:%h liop:%h, op:%h IM:%h", v0x7fe5c2e79090_0, v0x7fe5c2e79a40_0, v0x7fe5c2e78d20_0, v0x7fe5c2e79750_0, v0x7fe5c2e79620_0, v0x7fe5c2e79440_0, v0x7fe5c2e79280_0, v0x7fe5c2e791d0_0 {0 0 0};
    %jmp T_8.8;
T_8.4 ;
    %load/vec4 v0x7fe5c2e79390_0;
    %parti/s 1, 12, 5;
    %dup/vec4;
    %pushi/vec4 0, 0, 1;
    %cmp/u;
    %jmp/1 T_8.35, 6;
    %dup/vec4;
    %pushi/vec4 1, 0, 1;
    %cmp/u;
    %jmp/1 T_8.36, 6;
    %jmp T_8.37;
T_8.35 ;
    %load/vec4 v0x7fe5c2e79390_0;
    %parti/s 2, 8, 5;
    %dup/vec4;
    %pushi/vec4 0, 0, 2;
    %cmp/u;
    %jmp/1 T_8.38, 6;
    %dup/vec4;
    %pushi/vec4 1, 0, 2;
    %cmp/u;
    %jmp/1 T_8.39, 6;
    %dup/vec4;
    %pushi/vec4 2, 0, 2;
    %cmp/u;
    %jmp/1 T_8.40, 6;
    %dup/vec4;
    %pushi/vec4 3, 0, 2;
    %cmp/u;
    %jmp/1 T_8.41, 6;
    %jmp T_8.42;
T_8.38 ;
    %load/vec4 v0x7fe5c2e79390_0;
    %parti/s 2, 10, 5;
    %store/vec4 v0x7fe5c2e79800_0, 0, 2;
    %pushi/vec4 1, 0, 1;
    %store/vec4 v0x7fe5c2e799a0_0, 0, 1;
    %pushi/vec4 0, 0, 5;
    %load/vec4 v0x7fe5c2e79750_0;
    %concat/vec4; draw_concat_vec4
    %load/vec4 v0x7fe5c2e78d20_0;
    %concat/vec4; draw_concat_vec4
    %load/vec4 v0x7fe5c2e79a40_0;
    %concat/vec4; draw_concat_vec4
    %store/vec4 v0x7fe5c2e791d0_0, 0, 8;
    %pushi/vec4 1, 0, 2;
    %store/vec4 v0x7fe5c2e79280_0, 0, 2;
    %vpi_call/w 7 277 "$display", "LI rw,SM S:sign C:carry Z:zero" {0 0 0};
    %vpi_call/w 7 278 "$display", "LI SM h(Z%hC%hS%h) wr:%h liop:%h, IM:%h", v0x7fe5c2e79090_0, v0x7fe5c2e79a40_0, v0x7fe5c2e78d20_0, v0x7fe5c2e79750_0, v0x7fe5c2e79800_0, v0x7fe5c2e79280_0, v0x7fe5c2e791d0_0 {0 0 0};
    %jmp T_8.42;
T_8.39 ;
    %load/vec4 v0x7fe5c2e79390_0;
    %parti/s 2, 10, 5;
    %store/vec4 v0x7fe5c2e79800_0, 0, 2;
    %pushi/vec4 1, 0, 1;
    %store/vec4 v0x7fe5c2e799a0_0, 0, 1;
    %load/vec4 v0x7fe5c2e79390_0;
    %parti/s 8, 0, 2;
    %store/vec4 v0x7fe5c2e791d0_0, 0, 8;
    %pushi/vec4 1, 0, 2;
    %store/vec4 v0x7fe5c2e79280_0, 0, 2;
    %vpi_call/w 7 289 "$display", "LI rw,(s)im lidx=o[9:8]" {0 0 0};
    %vpi_call/w 7 290 "$display", "LI wr:%h liop:%h, IM:%h", v0x7fe5c2e79800_0, v0x7fe5c2e79280_0, v0x7fe5c2e791d0_0 {0 0 0};
    %jmp T_8.42;
T_8.40 ;
    %load/vec4 v0x7fe5c2e79390_0;
    %parti/s 2, 10, 5;
    %store/vec4 v0x7fe5c2e79800_0, 0, 2;
    %pushi/vec4 1, 0, 1;
    %store/vec4 v0x7fe5c2e799a0_0, 0, 1;
    %load/vec4 v0x7fe5c2e79390_0;
    %parti/s 2, 10, 5;
    %store/vec4 v0x7fe5c2e796b0_0, 0, 2;
    %load/vec4 v0x7fe5c2e79390_0;
    %parti/s 8, 0, 2;
    %store/vec4 v0x7fe5c2e791d0_0, 0, 8;
    %pushi/vec4 2, 0, 2;
    %store/vec4 v0x7fe5c2e79280_0, 0, 2;
    %vpi_call/w 7 302 "$display", "LIL rw,im (rw=rb)" {0 0 0};
    %vpi_call/w 7 303 "$display", "LIL wr:%h liop:%h, IM:%h (rb:%h)", v0x7fe5c2e79800_0, v0x7fe5c2e79280_0, v0x7fe5c2e791d0_0, v0x7fe5c2e796b0_0 {0 0 0};
    %jmp T_8.42;
T_8.41 ;
    %load/vec4 v0x7fe5c2e79390_0;
    %parti/s 2, 10, 5;
    %store/vec4 v0x7fe5c2e79800_0, 0, 2;
    %pushi/vec4 1, 0, 1;
    %store/vec4 v0x7fe5c2e799a0_0, 0, 1;
    %load/vec4 v0x7fe5c2e79390_0;
    %parti/s 2, 10, 5;
    %store/vec4 v0x7fe5c2e796b0_0, 0, 2;
    %load/vec4 v0x7fe5c2e79390_0;
    %parti/s 8, 0, 2;
    %store/vec4 v0x7fe5c2e791d0_0, 0, 8;
    %pushi/vec4 3, 0, 2;
    %store/vec4 v0x7fe5c2e79280_0, 0, 2;
    %vpi_call/w 7 315 "$display", "LIH rw,im (rw=rb)" {0 0 0};
    %vpi_call/w 7 316 "$display", "LIH wr:%h liop:%h, IM:%h (rb:%h)", v0x7fe5c2e79800_0, v0x7fe5c2e79280_0, v0x7fe5c2e791d0_0, v0x7fe5c2e796b0_0 {0 0 0};
    %jmp T_8.42;
T_8.42 ;
    %pop/vec4 1;
    %jmp T_8.37;
T_8.36 ;
    %load/vec4 v0x7fe5c2e79390_0;
    %parti/s 2, 10, 5;
    %store/vec4 v0x7fe5c2e79800_0, 0, 2;
    %pushi/vec4 1, 0, 1;
    %store/vec4 v0x7fe5c2e799a0_0, 0, 1;
    %load/vec4 v0x7fe5c2e79390_0;
    %parti/s 8, 0, 2;
    %store/vec4 v0x7fe5c2e791d0_0, 0, 8;
    %pushi/vec4 1, 0, 2;
    %store/vec4 v0x7fe5c2e79280_0, 0, 2;
    %pushi/vec4 1, 0, 1;
    %store/vec4 v0x7fe5c2e78dd0_0, 0, 1;
    %vpi_call/w 7 330 "$display", "LM rw=[im] *MM" {0 0 0};
    %vpi_call/w 7 331 "$display", "LM wr:%h liop:%h, IM:%h", v0x7fe5c2e79800_0, v0x7fe5c2e79280_0, v0x7fe5c2e791d0_0, v0x7fe5c2e796b0_0 {0 0 0};
    %jmp T_8.37;
T_8.37 ;
    %pop/vec4 1;
    %jmp T_8.8;
T_8.5 ;
    %load/vec4 v0x7fe5c2e79390_0;
    %parti/s 1, 12, 5;
    %dup/vec4;
    %pushi/vec4 0, 0, 1;
    %cmp/u;
    %jmp/1 T_8.43, 6;
    %dup/vec4;
    %pushi/vec4 1, 0, 1;
    %cmp/u;
    %jmp/1 T_8.44, 6;
    %jmp T_8.45;
T_8.43 ;
    %load/vec4 v0x7fe5c2e79390_0;
    %parti/s 2, 10, 5;
    %store/vec4 v0x7fe5c2e79800_0, 0, 2;
    %pushi/vec4 1, 0, 1;
    %store/vec4 v0x7fe5c2e799a0_0, 0, 1;
    %load/vec4 v0x7fe5c2e79390_0;
    %parti/s 2, 8, 5;
    %store/vec4 v0x7fe5c2e79620_0, 0, 2;
    %load/vec4 v0x7fe5c2e79390_0;
    %parti/s 8, 0, 2;
    %store/vec4 v0x7fe5c2e791d0_0, 0, 8;
    %pushi/vec4 1, 0, 2;
    %store/vec4 v0x7fe5c2e79280_0, 0, 2;
    %pushi/vec4 0, 0, 3;
    %store/vec4 v0x7fe5c2e79440_0, 0, 3;
    %pushi/vec4 1, 0, 1;
    %store/vec4 v0x7fe5c2e78dd0_0, 0, 1;
    %vpi_call/w 7 350 "$display", "LM rw=[ra + (s)im]" {0 0 0};
    %vpi_call/w 7 351 "$display", "LM wr:%h ra:%h, liop:%h, IM:%h ADD", v0x7fe5c2e79800_0, v0x7fe5c2e79620_0, v0x7fe5c2e79280_0, v0x7fe5c2e791d0_0 {0 0 0};
    %jmp T_8.45;
T_8.44 ;
    %pushi/vec4 1, 0, 1;
    %store/vec4 v0x7fe5c2e78e60_0, 0, 1;
    %load/vec4 v0x7fe5c2e79390_0;
    %parti/s 2, 8, 5;
    %store/vec4 v0x7fe5c2e79620_0, 0, 2;
    %load/vec4 v0x7fe5c2e79390_0;
    %parti/s 2, 8, 5;
    %store/vec4 v0x7fe5c2e796b0_0, 0, 2;
    %load/vec4 v0x7fe5c2e79390_0;
    %parti/s 8, 0, 2;
    %store/vec4 v0x7fe5c2e791d0_0, 0, 8;
    %pushi/vec4 1, 0, 2;
    %store/vec4 v0x7fe5c2e79280_0, 0, 2;
    %pushi/vec4 0, 0, 3;
    %store/vec4 v0x7fe5c2e79440_0, 0, 3;
    %vpi_call/w 7 364 "$display", "SM [ra + (s)im]=rb" {0 0 0};
    %vpi_call/w 7 365 "$display", "SM ra:%h rb:%h liop:%h IM:%h ADD", v0x7fe5c2e796b0_0, v0x7fe5c2e79280_0, v0x7fe5c2e791d0_0 {0 0 0};
    %jmp T_8.45;
T_8.45 ;
    %pop/vec4 1;
    %jmp T_8.8;
T_8.6 ;
    %jmp T_8.8;
T_8.7 ;
    %jmp T_8.8;
T_8.8 ;
    %pop/vec4 1;
    %jmp T_8;
    .thread T_8, $push;
    .scope S_0x7fe5c2e79c00;
T_9 ;
    %wait E_0x7fe5c2e79e70;
    %load/vec4 v0x7fe5c2e7a3d0_0;
    %flag_set/vec4 8;
    %jmp/0xz  T_9.0, 8;
    %load/vec4 v0x7fe5c2e7a320_0;
    %load/vec4 v0x7fe5c2e7a060_0;
    %pad/u 10;
    %ix/vec4 3;
    %ix/load 4, 0, 0; Constant delay
    %assign/vec4/a/d v0x7fe5c2e7a1e0, 0, 4;
T_9.0 ;
    %jmp T_9;
    .thread T_9;
    .scope S_0x7fe5c2e7a530;
T_10 ;
Ewait_2 .event/or E_0x7fe5c2e79dc0, E_0x0;
    %wait Ewait_2;
    %load/vec4 v0x7fe5c2e7a9f0_0;
    %flag_set/vec4 8;
    %jmp/0xz  T_10.0, 8;
    %load/vec4 v0x7fe5c2e7a890_0;
    %store/vec4 v0x7fe5c2e7a940_0, 0, 16;
    %jmp T_10.1;
T_10.0 ;
    %load/vec4 v0x7fe5c2e7a7c0_0;
    %store/vec4 v0x7fe5c2e7a940_0, 0, 16;
T_10.1 ;
    %jmp T_10;
    .thread T_10, $push;
    .scope S_0x7fe5c2e1c560;
T_11 ;
    %delay 5, 0;
    %load/vec4 v0x7fe5c2e7e250_0;
    %inv;
    %store/vec4 v0x7fe5c2e7e250_0, 0, 1;
    %jmp T_11;
    .thread T_11;
    .scope S_0x7fe5c2e1c560;
T_12 ;
    %vpi_call/w 3 8 "$dumpfile", "pu.vcd" {0 0 0};
    %vpi_call/w 3 9 "$dumpvars", 32'sb00000000000000000000000000000000, S_0x7fe5c2e4ded0 {0 0 0};
    %pushi/vec4 1, 0, 1;
    %store/vec4 v0x7fe5c2e7e2e0_0, 0, 1;
    %pushi/vec4 0, 0, 1;
    %store/vec4 v0x7fe5c2e7e250_0, 0, 1;
    %delay 20, 0;
    %pushi/vec4 0, 0, 1;
    %store/vec4 v0x7fe5c2e7e2e0_0, 0, 1;
    %delay 500, 0;
    %vpi_call/w 3 15 "$finish" {0 0 0};
    %end;
    .thread T_12;
# The file index is used to find the file name in the following table.
:file_names 13;
    "N/A";
    "<interactive>";
    "-";
    "test.v";
    "pu.v";
    "alu.v";
    "sel.v";
    "dec.v";
    "dmem.v";
    "imem.v";
    "lidx.v";
    "pc.v";
    "rega.v";
