#! /usr/local/iverilog/bin/vvp
:ivl_version "11.0 (devel)" "(s20150603-642-g3bdb50da)";
:ivl_delay_selection "TYPICAL";
:vpi_time_precision + 0;
:vpi_module "system";
:vpi_module "vhdl_sys";
:vpi_module "vhdl_textio";
:vpi_module "v2005_math";
:vpi_module "va_math";
:vpi_module "v2009";
S_00000000010e4d10 .scope package, "$unit" "$unit" 2 1;
 .timescale 0 0;
S_00000000010e4ea0 .scope module, "test" "test" 3 1;
 .timescale 0 0;
v0000000001139f40_0 .array/port v0000000001139f40, 0;
L_0000000001182100 .functor BUFZ 5, v0000000001139f40_0, C4<00000>, C4<00000>, C4<00000>;
v0000000001139f40_1 .array/port v0000000001139f40, 1;
L_0000000001182170 .functor BUFZ 5, v0000000001139f40_1, C4<00000>, C4<00000>, C4<00000>;
v0000000001139f40_2 .array/port v0000000001139f40, 2;
L_00000000011821e0 .functor BUFZ 5, v0000000001139f40_2, C4<00000>, C4<00000>, C4<00000>;
v0000000001139f40_3 .array/port v0000000001139f40, 3;
L_0000000001182250 .functor BUFZ 5, v0000000001139f40_3, C4<00000>, C4<00000>, C4<00000>;
v0000000001139f40_4 .array/port v0000000001139f40, 4;
L_00000000011822c0 .functor BUFZ 5, v0000000001139f40_4, C4<00000>, C4<00000>, C4<00000>;
v0000000001139f40_5 .array/port v0000000001139f40, 5;
L_0000000001182330 .functor BUFZ 5, v0000000001139f40_5, C4<00000>, C4<00000>, C4<00000>;
v0000000001139f40_6 .array/port v0000000001139f40, 6;
L_00000000011823a0 .functor BUFZ 5, v0000000001139f40_6, C4<00000>, C4<00000>, C4<00000>;
v0000000001139f40_7 .array/port v0000000001139f40, 7;
L_0000000001182410 .functor BUFZ 5, v0000000001139f40_7, C4<00000>, C4<00000>, C4<00000>;
v0000000001139f40_8 .array/port v0000000001139f40, 8;
L_00000000011828c0 .functor BUFZ 5, v0000000001139f40_8, C4<00000>, C4<00000>, C4<00000>;
v0000000001139f40_9 .array/port v0000000001139f40, 9;
L_0000000001182930 .functor BUFZ 5, v0000000001139f40_9, C4<00000>, C4<00000>, C4<00000>;
v0000000001139f40_10 .array/port v0000000001139f40, 10;
L_00000000011824d0 .functor BUFZ 5, v0000000001139f40_10, C4<00000>, C4<00000>, C4<00000>;
v0000000001139f40_11 .array/port v0000000001139f40, 11;
L_00000000011829a0 .functor BUFZ 5, v0000000001139f40_11, C4<00000>, C4<00000>, C4<00000>;
v0000000001139f40_12 .array/port v0000000001139f40, 12;
L_0000000001182bd0 .functor BUFZ 5, v0000000001139f40_12, C4<00000>, C4<00000>, C4<00000>;
v0000000001139f40_13 .array/port v0000000001139f40, 13;
L_0000000001182a10 .functor BUFZ 5, v0000000001139f40_13, C4<00000>, C4<00000>, C4<00000>;
v0000000001139f40_14 .array/port v0000000001139f40, 14;
L_0000000001182a80 .functor BUFZ 5, v0000000001139f40_14, C4<00000>, C4<00000>, C4<00000>;
v0000000001139f40_15 .array/port v0000000001139f40, 15;
L_0000000001182700 .functor BUFZ 5, v0000000001139f40_15, C4<00000>, C4<00000>, C4<00000>;
v0000000001139f40_16 .array/port v0000000001139f40, 16;
L_0000000001182af0 .functor BUFZ 5, v0000000001139f40_16, C4<00000>, C4<00000>, C4<00000>;
v0000000001139f40_17 .array/port v0000000001139f40, 17;
L_0000000001182770 .functor BUFZ 5, v0000000001139f40_17, C4<00000>, C4<00000>, C4<00000>;
v0000000001139f40_18 .array/port v0000000001139f40, 18;
L_0000000001182b60 .functor BUFZ 5, v0000000001139f40_18, C4<00000>, C4<00000>, C4<00000>;
v0000000001139f40_19 .array/port v0000000001139f40, 19;
L_0000000001182540 .functor BUFZ 5, v0000000001139f40_19, C4<00000>, C4<00000>, C4<00000>;
v0000000001139f40_20 .array/port v0000000001139f40, 20;
L_00000000011825b0 .functor BUFZ 5, v0000000001139f40_20, C4<00000>, C4<00000>, C4<00000>;
v0000000001139f40_21 .array/port v0000000001139f40, 21;
L_0000000001182850 .functor BUFZ 5, v0000000001139f40_21, C4<00000>, C4<00000>, C4<00000>;
v0000000001139f40_22 .array/port v0000000001139f40, 22;
L_0000000001182620 .functor BUFZ 5, v0000000001139f40_22, C4<00000>, C4<00000>, C4<00000>;
v0000000001139f40_23 .array/port v0000000001139f40, 23;
L_00000000011827e0 .functor BUFZ 5, v0000000001139f40_23, C4<00000>, C4<00000>, C4<00000>;
v0000000001139f40_24 .array/port v0000000001139f40, 24;
L_0000000001182690 .functor BUFZ 5, v0000000001139f40_24, C4<00000>, C4<00000>, C4<00000>;
v0000000001139f40_25 .array/port v0000000001139f40, 25;
L_00000000010e1840 .functor BUFZ 5, v0000000001139f40_25, C4<00000>, C4<00000>, C4<00000>;
v0000000001139f40_26 .array/port v0000000001139f40, 26;
L_00000000010e1a00 .functor BUFZ 5, v0000000001139f40_26, C4<00000>, C4<00000>, C4<00000>;
v0000000001139f40_27 .array/port v0000000001139f40, 27;
L_00000000010e1220 .functor BUFZ 5, v0000000001139f40_27, C4<00000>, C4<00000>, C4<00000>;
v0000000001139f40_28 .array/port v0000000001139f40, 28;
L_00000000010e1ca0 .functor BUFZ 5, v0000000001139f40_28, C4<00000>, C4<00000>, C4<00000>;
v0000000001139f40_29 .array/port v0000000001139f40, 29;
L_00000000010e1450 .functor BUFZ 5, v0000000001139f40_29, C4<00000>, C4<00000>, C4<00000>;
v0000000001139f40_30 .array/port v0000000001139f40, 30;
L_00000000010e1760 .functor BUFZ 5, v0000000001139f40_30, C4<00000>, C4<00000>, C4<00000>;
v0000000001139f40_31 .array/port v0000000001139f40, 31;
L_00000000010e2090 .functor BUFZ 5, v0000000001139f40_31, C4<00000>, C4<00000>, C4<00000>;
v0000000001139e00_0 .var "clk", 0 0;
v0000000001139ea0_0 .net "dot", 4 0, L_00000000008dc720;  1 drivers
v0000000001139f40 .array "memory", 0 31, 4 0;
v00000000010e1110_0 .var "rst", 0 0;
v00000000010e0210_0 .var "st", 0 0;
S_00000000010b2b80 .scope module, "ledarray" "ledarray" 3 6, 4 1 0, S_00000000010e4ea0;
 .timescale 0 0;
    .port_info 0 /INPUT 1 "clk";
    .port_info 1 /INPUT 1 "st";
    .port_info 2 /INPUT 1 "rst";
    .port_info 3 /INPUT 160 "memory";
    .port_info 4 /OUTPUT 5 "dot";
L_00000000008dc720 .functor BUFZ 5, L_00000000010e0490, C4<00000>, C4<00000>, C4<00000>;
v00000000010d6740_0 .net *"_s0", 4 0, L_00000000010e0490;  1 drivers
v00000000010e5030_0 .net *"_s2", 6 0, L_00000000010e03f0;  1 drivers
L_000000000113a0f8 .functor BUFT 1, C4<00>, C4<0>, C4<0>, C4<0>;
v00000000008dc680_0 .net *"_s5", 1 0, L_000000000113a0f8;  1 drivers
v00000000010d6920_0 .net "clk", 0 0, v0000000001139e00_0;  1 drivers
v00000000010d69c0_0 .var "cnt", 4 0;
v00000000010b2d10_0 .net "dot", 4 0, L_00000000008dc720;  alias, 1 drivers
v00000000010b2db0_0 .var "enable", 0 0;
v00000000010b2e50 .array "memory", 0 31;
v00000000010b2e50_0 .net v00000000010b2e50 0, 4 0, L_0000000001182100; 1 drivers
v00000000010b2e50_1 .net v00000000010b2e50 1, 4 0, L_0000000001182170; 1 drivers
v00000000010b2e50_2 .net v00000000010b2e50 2, 4 0, L_00000000011821e0; 1 drivers
v00000000010b2e50_3 .net v00000000010b2e50 3, 4 0, L_0000000001182250; 1 drivers
v00000000010b2e50_4 .net v00000000010b2e50 4, 4 0, L_00000000011822c0; 1 drivers
v00000000010b2e50_5 .net v00000000010b2e50 5, 4 0, L_0000000001182330; 1 drivers
v00000000010b2e50_6 .net v00000000010b2e50 6, 4 0, L_00000000011823a0; 1 drivers
v00000000010b2e50_7 .net v00000000010b2e50 7, 4 0, L_0000000001182410; 1 drivers
v00000000010b2e50_8 .net v00000000010b2e50 8, 4 0, L_00000000011828c0; 1 drivers
v00000000010b2e50_9 .net v00000000010b2e50 9, 4 0, L_0000000001182930; 1 drivers
v00000000010b2e50_10 .net v00000000010b2e50 10, 4 0, L_00000000011824d0; 1 drivers
v00000000010b2e50_11 .net v00000000010b2e50 11, 4 0, L_00000000011829a0; 1 drivers
v00000000010b2e50_12 .net v00000000010b2e50 12, 4 0, L_0000000001182bd0; 1 drivers
v00000000010b2e50_13 .net v00000000010b2e50 13, 4 0, L_0000000001182a10; 1 drivers
v00000000010b2e50_14 .net v00000000010b2e50 14, 4 0, L_0000000001182a80; 1 drivers
v00000000010b2e50_15 .net v00000000010b2e50 15, 4 0, L_0000000001182700; 1 drivers
v00000000010b2e50_16 .net v00000000010b2e50 16, 4 0, L_0000000001182af0; 1 drivers
v00000000010b2e50_17 .net v00000000010b2e50 17, 4 0, L_0000000001182770; 1 drivers
v00000000010b2e50_18 .net v00000000010b2e50 18, 4 0, L_0000000001182b60; 1 drivers
v00000000010b2e50_19 .net v00000000010b2e50 19, 4 0, L_0000000001182540; 1 drivers
v00000000010b2e50_20 .net v00000000010b2e50 20, 4 0, L_00000000011825b0; 1 drivers
v00000000010b2e50_21 .net v00000000010b2e50 21, 4 0, L_0000000001182850; 1 drivers
v00000000010b2e50_22 .net v00000000010b2e50 22, 4 0, L_0000000001182620; 1 drivers
v00000000010b2e50_23 .net v00000000010b2e50 23, 4 0, L_00000000011827e0; 1 drivers
v00000000010b2e50_24 .net v00000000010b2e50 24, 4 0, L_0000000001182690; 1 drivers
v00000000010b2e50_25 .net v00000000010b2e50 25, 4 0, L_00000000010e1840; 1 drivers
v00000000010b2e50_26 .net v00000000010b2e50 26, 4 0, L_00000000010e1a00; 1 drivers
v00000000010b2e50_27 .net v00000000010b2e50 27, 4 0, L_00000000010e1220; 1 drivers
v00000000010b2e50_28 .net v00000000010b2e50 28, 4 0, L_00000000010e1ca0; 1 drivers
v00000000010b2e50_29 .net v00000000010b2e50 29, 4 0, L_00000000010e1450; 1 drivers
v00000000010b2e50_30 .net v00000000010b2e50 30, 4 0, L_00000000010e1760; 1 drivers
v00000000010b2e50_31 .net v00000000010b2e50 31, 4 0, L_00000000010e2090; 1 drivers
v00000000010b2ef0_0 .net "rst", 0 0, v00000000010e1110_0;  1 drivers
v0000000001139d60_0 .net "st", 0 0, v00000000010e0210_0;  1 drivers
E_00000000008d9eb0 .event posedge, v00000000010d6920_0;
L_00000000010e0490 .array/port v00000000010b2e50, L_00000000010e03f0;
L_00000000010e03f0 .concat [ 5 2 0 0], v00000000010d69c0_0, L_000000000113a0f8;
    .scope S_00000000010b2b80;
T_0 ;
    %wait E_00000000008d9eb0;
    %load/vec4 v00000000010b2ef0_0;
    %flag_set/vec4 8;
    %jmp/0xz  T_0.0, 8;
    %pushi/vec4 0, 0, 5;
    %assign/vec4 v00000000010d69c0_0, 0;
    %pushi/vec4 0, 0, 1;
    %assign/vec4 v00000000010b2db0_0, 0;
    %jmp T_0.1;
T_0.0 ;
    %load/vec4 v00000000010b2db0_0;
    %flag_set/vec4 8;
    %jmp/0xz  T_0.2, 8;
    %load/vec4 v00000000010d69c0_0;
    %addi 1, 0, 5;
    %assign/vec4 v00000000010d69c0_0, 0;
    %jmp T_0.3;
T_0.2 ;
    %pushi/vec4 0, 0, 5;
    %assign/vec4 v00000000010d69c0_0, 0;
T_0.3 ;
    %load/vec4 v0000000001139d60_0;
    %flag_set/vec4 8;
    %jmp/0xz  T_0.4, 8;
    %pushi/vec4 1, 0, 1;
    %assign/vec4 v00000000010b2db0_0, 0;
    %jmp T_0.5;
T_0.4 ;
    %load/vec4 v00000000010d69c0_0;
    %cmpi/e 31, 0, 5;
    %jmp/0xz  T_0.6, 4;
    %pushi/vec4 0, 0, 1;
    %assign/vec4 v00000000010b2db0_0, 0;
    %jmp T_0.7;
T_0.6 ;
    %pushi/vec4 1, 0, 1;
    %assign/vec4 v00000000010b2db0_0, 0;
T_0.7 ;
T_0.5 ;
T_0.1 ;
    %jmp T_0;
    .thread T_0;
    .scope S_00000000010e4ea0;
T_1 ;
    %vpi_call/w 3 9 "$dumpfile", "LED.vcd" {0 0 0};
    %vpi_call/w 3 10 "$dumpvars", 32'sb00000000000000000000000000000000, S_00000000010e4ea0 {0 0 0};
    %vpi_call/w 3 11 "$readmemb", "pattern.txt", v0000000001139f40 {0 0 0};
    %delay 2, 0;
    %pushi/vec4 1, 0, 1;
    %store/vec4 v00000000010e1110_0, 0, 1;
    %pushi/vec4 1, 0, 1;
    %store/vec4 v0000000001139e00_0, 0, 1;
    %pushi/vec4 0, 0, 1;
    %store/vec4 v00000000010e0210_0, 0, 1;
    %delay 2, 0;
    %pushi/vec4 0, 0, 1;
    %store/vec4 v00000000010e1110_0, 0, 1;
    %delay 2, 0;
    %pushi/vec4 1, 0, 1;
    %store/vec4 v00000000010e0210_0, 0, 1;
    %delay 2, 0;
    %pushi/vec4 0, 0, 1;
    %store/vec4 v00000000010e0210_0, 0, 1;
    %delay 40, 0;
    %pushi/vec4 1, 0, 1;
    %store/vec4 v00000000010e0210_0, 0, 1;
    %delay 2, 0;
    %pushi/vec4 0, 0, 1;
    %store/vec4 v00000000010e0210_0, 0, 1;
    %delay 40, 0;
    %vpi_call/w 3 27 "$finish" {0 0 0};
    %end;
    .thread T_1;
    .scope S_00000000010e4ea0;
T_2 ;
    %delay 1, 0;
    %load/vec4 v0000000001139e00_0;
    %inv;
    %store/vec4 v0000000001139e00_0, 0, 1;
    %jmp T_2;
    .thread T_2;
# The file index is used to find the file name in the following table.
:file_names 5;
    "N/A";
    "<interactive>";
    "-";
    "test.v";
    "ledarray.v";
