#! /usr/local/iverilog/bin/vvp
:ivl_version "11.0 (devel)" "(s20150603-642-g3bdb50da)";
:ivl_delay_selection "TYPICAL";
:vpi_time_precision + 0;
:vpi_module "system";
:vpi_module "vhdl_sys";
:vpi_module "vhdl_textio";
:vpi_module "v2005_math";
:vpi_module "va_math";
:vpi_module "v2009";
S_000000000119f8e0 .scope package, "$unit" "$unit" 2 1;
 .timescale 0 0;
S_000000000119bff0 .scope module, "swtest" "swtest" 3 2;
 .timescale 0 0;
v000000000157a5a0_0 .var "clk", 0 0;
v000000000157b2c0_0 .var "i0", 9 0;
v000000000157a6e0_0 .var "i1", 9 0;
v000000000157a8c0_0 .var "i2", 9 0;
v000000000157a820_0 .var "i3", 9 0;
v000000000157aa00_0 .net "o0", 9 0, v00000000011e19b0_0;  1 drivers
v000000000157ba40_0 .net "o1", 9 0, v00000000011e33d0_0;  1 drivers
v000000000157ad20_0 .net "o2", 9 0, v00000000011e2b10_0;  1 drivers
v000000000157a3c0_0 .net "o3", 9 0, v00000000011e21b0_0;  1 drivers
v000000000157ae60_0 .var "rst", 0 0;
S_0000000001161190 .scope module, "sw" "sw" 3 6, 4 1 0, S_000000000119bff0;
 .timescale 0 0;
    .port_info 0 /INPUT 10 "i0";
    .port_info 1 /INPUT 10 "i1";
    .port_info 2 /INPUT 10 "i2";
    .port_info 3 /INPUT 10 "i3";
    .port_info 4 /OUTPUT 10 "o0";
    .port_info 5 /OUTPUT 10 "o1";
    .port_info 6 /OUTPUT 10 "o2";
    .port_info 7 /OUTPUT 10 "o3";
    .port_info 8 /INPUT 1 "clk";
    .port_info 9 /INPUT 1 "rst";
v00000000015761c0_0 .net "ack0", 0 0, L_0000000001159b50;  1 drivers
v0000000001577480_0 .net "ack00", 0 0, v00000000011a5df0_0;  1 drivers
v0000000001576b20_0 .net "ack01", 0 0, v00000000011a6610_0;  1 drivers
v0000000001577ac0_0 .net "ack02", 0 0, v00000000011a5f30_0;  1 drivers
v00000000015763a0_0 .net "ack03", 0 0, v00000000011a6250_0;  1 drivers
v0000000001576260_0 .net "ack1", 0 0, L_0000000001158f80;  1 drivers
v00000000015777a0_0 .net "ack10", 0 0, v00000000011e0290_0;  1 drivers
v00000000015770c0_0 .net "ack11", 0 0, v00000000011e08d0_0;  1 drivers
v0000000001576080_0 .net "ack12", 0 0, v00000000011e03d0_0;  1 drivers
v0000000001576300_0 .net "ack13", 0 0, v00000000011e1190_0;  1 drivers
v0000000001577d40_0 .net "ack2", 0 0, L_00000000011591b0;  1 drivers
v0000000001577840_0 .net "ack20", 0 0, v00000000011e0150_0;  1 drivers
v0000000001576800_0 .net "ack21", 0 0, v00000000011e1550_0;  1 drivers
v0000000001576440_0 .net "ack22", 0 0, v00000000011e0c90_0;  1 drivers
v00000000015764e0_0 .net "ack23", 0 0, v00000000011e1230_0;  1 drivers
v0000000001576a80_0 .net "ack3", 0 0, L_0000000001158ff0;  1 drivers
v0000000001576e40_0 .net "ack30", 0 0, v00000000011e05b0_0;  1 drivers
v0000000001576580_0 .net "ack31", 0 0, v00000000011e0010_0;  1 drivers
v00000000015778e0_0 .net "ack32", 0 0, v00000000011e06f0_0;  1 drivers
v0000000001577160_0 .net "ack33", 0 0, v00000000011e0fb0_0;  1 drivers
v00000000015772a0_0 .net "clk", 0 0, v000000000157a5a0_0;  1 drivers
v0000000001577660_0 .net "co0", 9 0, v00000000011e35b0_0;  1 drivers
v0000000001576f80_0 .net "co1", 9 0, v00000000011e7000_0;  1 drivers
v0000000001577340_0 .net "co2", 9 0, v00000000011ed660_0;  1 drivers
v00000000015775c0_0 .net "co3", 9 0, v00000000011ed7a0_0;  1 drivers
v00000000015773e0_0 .net "empty0", 0 0, v00000000011e2e30_0;  1 drivers
v0000000001576620_0 .net "empty1", 0 0, v00000000011e8c20_0;  1 drivers
v0000000001577980_0 .net "empty2", 0 0, v00000000011e7320_0;  1 drivers
v0000000001577700_0 .net "empty3", 0 0, v00000000011ecf80_0;  1 drivers
v0000000001576760_0 .net "full0", 0 0, v00000000011e3510_0;  1 drivers
v00000000015768a0_0 .net "full1", 0 0, v00000000011e7500_0;  1 drivers
v0000000001577b60_0 .net "full2", 0 0, v00000000011e76e0_0;  1 drivers
v0000000001576940_0 .net "full3", 0 0, v00000000011ed700_0;  1 drivers
v0000000001577e80_0 .net "i0", 9 0, v000000000157b2c0_0;  1 drivers
v0000000001577f20_0 .net "i1", 9 0, v000000000157a6e0_0;  1 drivers
v00000000015769e0_0 .net "i2", 9 0, v000000000157a8c0_0;  1 drivers
v0000000001576da0_0 .net "i3", 9 0, v000000000157a820_0;  1 drivers
v0000000001576ee0_0 .net "o0", 9 0, v00000000011e19b0_0;  alias, 1 drivers
v000000000157adc0_0 .net "o1", 9 0, v00000000011e33d0_0;  alias, 1 drivers
v000000000157ac80_0 .net "o2", 9 0, v00000000011e2b10_0;  alias, 1 drivers
v000000000157bc20_0 .net "o3", 9 0, v00000000011e21b0_0;  alias, 1 drivers
v000000000157b9a0_0 .net "req0", 3 0, v00000000011e3d30_0;  1 drivers
v000000000157bea0_0 .net "req1", 3 0, v00000000011e8180_0;  1 drivers
v000000000157b400_0 .net "req2", 3 0, v00000000011ed340_0;  1 drivers
v000000000157a780_0 .net "req3", 3 0, v00000000011ee560_0;  1 drivers
v000000000157a960_0 .net "rst", 0 0, v000000000157ae60_0;  1 drivers
L_000000000157bf40 .part v00000000011e3d30_0, 0, 1;
L_000000000157af00 .part v00000000011e8180_0, 0, 1;
L_000000000157afa0 .part v00000000011ed340_0, 0, 1;
L_000000000157aaa0 .part v00000000011ee560_0, 0, 1;
L_000000000157b040 .part v00000000011e3d30_0, 1, 1;
L_000000000157ab40 .part v00000000011e8180_0, 1, 1;
L_000000000157a280 .part v00000000011ed340_0, 1, 1;
L_000000000157bae0 .part v00000000011ee560_0, 1, 1;
L_000000000157b360 .part v00000000011e3d30_0, 2, 1;
L_000000000157b4a0 .part v00000000011e8180_0, 2, 1;
L_000000000157a460 .part v00000000011ed340_0, 2, 1;
L_000000000157a500 .part v00000000011ee560_0, 2, 1;
L_000000000157bb80 .part v00000000011e3d30_0, 3, 1;
L_000000000157abe0 .part v00000000011e8180_0, 3, 1;
L_000000000157b540 .part v00000000011ed340_0, 3, 1;
L_000000000157a140 .part v00000000011ee560_0, 3, 1;
L_000000000157b0e0 .concat [ 1 1 1 1], v00000000011a5df0_0, v00000000011a6610_0, v00000000011a5f30_0, v00000000011a6250_0;
L_000000000157a1e0 .concat [ 1 1 1 1], v00000000011e0290_0, v00000000011e08d0_0, v00000000011e03d0_0, v00000000011e1190_0;
L_000000000157bd60 .concat [ 1 1 1 1], v00000000011e0150_0, v00000000011e1550_0, v00000000011e0c90_0, v00000000011e1230_0;
L_000000000157b220 .concat [ 1 1 1 1], v00000000011e05b0_0, v00000000011e0010_0, v00000000011e06f0_0, v00000000011e0fb0_0;
S_0000000001161320 .scope module, "ackor0" "ackor" 4 8, 5 1 0, S_0000000001161190;
 .timescale 0 0;
    .port_info 0 /INPUT 1 "ack0";
    .port_info 1 /INPUT 1 "ack1";
    .port_info 2 /INPUT 1 "ack2";
    .port_info 3 /INPUT 1 "ack3";
    .port_info 4 /OUTPUT 1 "ack";
L_00000000011aa360 .functor OR 1, v00000000011a5df0_0, v00000000011e0290_0, C4<0>, C4<0>;
L_00000000011aa590 .functor OR 1, L_00000000011aa360, v00000000011e0150_0, C4<0>, C4<0>;
L_0000000001159b50 .functor OR 1, L_00000000011aa590, v00000000011e05b0_0, C4<0>, C4<0>;
v00000000011b5450_0 .net *"_s0", 0 0, L_00000000011aa360;  1 drivers
v00000000011b6d50_0 .net *"_s2", 0 0, L_00000000011aa590;  1 drivers
v00000000011b71b0_0 .net "ack", 0 0, L_0000000001159b50;  alias, 1 drivers
v00000000011b7070_0 .net "ack0", 0 0, v00000000011a5df0_0;  alias, 1 drivers
v00000000011b7250_0 .net "ack1", 0 0, v00000000011e0290_0;  alias, 1 drivers
v00000000011b54f0_0 .net "ack2", 0 0, v00000000011e0150_0;  alias, 1 drivers
v00000000011b67b0_0 .net "ack3", 0 0, v00000000011e05b0_0;  alias, 1 drivers
S_0000000001142dc0 .scope module, "ackor1" "ackor" 4 9, 5 1 0, S_0000000001161190;
 .timescale 0 0;
    .port_info 0 /INPUT 1 "ack0";
    .port_info 1 /INPUT 1 "ack1";
    .port_info 2 /INPUT 1 "ack2";
    .port_info 3 /INPUT 1 "ack3";
    .port_info 4 /OUTPUT 1 "ack";
L_0000000001159990 .functor OR 1, v00000000011a6610_0, v00000000011e08d0_0, C4<0>, C4<0>;
L_0000000001159ae0 .functor OR 1, L_0000000001159990, v00000000011e1550_0, C4<0>, C4<0>;
L_0000000001158f80 .functor OR 1, L_0000000001159ae0, v00000000011e0010_0, C4<0>, C4<0>;
v00000000011b6170_0 .net *"_s0", 0 0, L_0000000001159990;  1 drivers
v00000000011b72f0_0 .net *"_s2", 0 0, L_0000000001159ae0;  1 drivers
v00000000011b5590_0 .net "ack", 0 0, L_0000000001158f80;  alias, 1 drivers
v00000000011b5630_0 .net "ack0", 0 0, v00000000011a6610_0;  alias, 1 drivers
v00000000011b56d0_0 .net "ack1", 0 0, v00000000011e08d0_0;  alias, 1 drivers
v00000000011b5770_0 .net "ack2", 0 0, v00000000011e1550_0;  alias, 1 drivers
v00000000011b6210_0 .net "ack3", 0 0, v00000000011e0010_0;  alias, 1 drivers
S_0000000001142f50 .scope module, "ackor2" "ackor" 4 10, 5 1 0, S_0000000001161190;
 .timescale 0 0;
    .port_info 0 /INPUT 1 "ack0";
    .port_info 1 /INPUT 1 "ack1";
    .port_info 2 /INPUT 1 "ack2";
    .port_info 3 /INPUT 1 "ack3";
    .port_info 4 /OUTPUT 1 "ack";
L_0000000001158ce0 .functor OR 1, v00000000011a5f30_0, v00000000011e03d0_0, C4<0>, C4<0>;
L_0000000001159300 .functor OR 1, L_0000000001158ce0, v00000000011e0c90_0, C4<0>, C4<0>;
L_00000000011591b0 .functor OR 1, L_0000000001159300, v00000000011e06f0_0, C4<0>, C4<0>;
v00000000011b5810_0 .net *"_s0", 0 0, L_0000000001158ce0;  1 drivers
v00000000011b59f0_0 .net *"_s2", 0 0, L_0000000001159300;  1 drivers
v00000000011b58b0_0 .net "ack", 0 0, L_00000000011591b0;  alias, 1 drivers
v00000000011b5950_0 .net "ack0", 0 0, v00000000011a5f30_0;  alias, 1 drivers
v00000000011b5a90_0 .net "ack1", 0 0, v00000000011e03d0_0;  alias, 1 drivers
v00000000011b5c70_0 .net "ack2", 0 0, v00000000011e0c90_0;  alias, 1 drivers
v00000000011b6030_0 .net "ack3", 0 0, v00000000011e06f0_0;  alias, 1 drivers
S_0000000001147210 .scope module, "ackor3" "ackor" 4 11, 5 1 0, S_0000000001161190;
 .timescale 0 0;
    .port_info 0 /INPUT 1 "ack0";
    .port_info 1 /INPUT 1 "ack1";
    .port_info 2 /INPUT 1 "ack2";
    .port_info 3 /INPUT 1 "ack3";
    .port_info 4 /OUTPUT 1 "ack";
L_0000000001158d50 .functor OR 1, v00000000011a6250_0, v00000000011e1190_0, C4<0>, C4<0>;
L_0000000001158dc0 .functor OR 1, L_0000000001158d50, v00000000011e1230_0, C4<0>, C4<0>;
L_0000000001158ff0 .functor OR 1, L_0000000001158dc0, v00000000011e0fb0_0, C4<0>, C4<0>;
v00000000011b5e50_0 .net *"_s0", 0 0, L_0000000001158d50;  1 drivers
v00000000011b5f90_0 .net *"_s2", 0 0, L_0000000001158dc0;  1 drivers
v00000000011b60d0_0 .net "ack", 0 0, L_0000000001158ff0;  alias, 1 drivers
v00000000011b6350_0 .net "ack0", 0 0, v00000000011a6250_0;  alias, 1 drivers
v00000000011b6530_0 .net "ack1", 0 0, v00000000011e1190_0;  alias, 1 drivers
v00000000011b63f0_0 .net "ack2", 0 0, v00000000011e1230_0;  alias, 1 drivers
v00000000011b6490_0 .net "ack3", 0 0, v00000000011e0fb0_0;  alias, 1 drivers
S_00000000011473a0 .scope module, "arb0" "arb" 4 12, 6 1 0, S_0000000001161190;
 .timescale 0 0;
    .port_info 0 /INPUT 1 "req0";
    .port_info 1 /INPUT 1 "req1";
    .port_info 2 /INPUT 1 "req2";
    .port_info 3 /INPUT 1 "req3";
    .port_info 4 /OUTPUT 1 "ack0";
    .port_info 5 /OUTPUT 1 "ack1";
    .port_info 6 /OUTPUT 1 "ack2";
    .port_info 7 /OUTPUT 1 "ack3";
    .port_info 8 /INPUT 1 "clk";
    .port_info 9 /INPUT 1 "rst";
v00000000011a5df0_0 .var "ack0", 0 0;
v00000000011a6610_0 .var "ack1", 0 0;
v00000000011a5f30_0 .var "ack2", 0 0;
v00000000011a6250_0 .var "ack3", 0 0;
v00000000011e14b0_0 .net "clk", 0 0, v000000000157a5a0_0;  alias, 1 drivers
v00000000011e17d0_0 .var "req", 0 0;
v00000000011e00b0_0 .net "req0", 0 0, L_000000000157bf40;  1 drivers
v00000000011e1370_0 .net "req1", 0 0, L_000000000157af00;  1 drivers
v00000000011dfed0_0 .net "req2", 0 0, L_000000000157afa0;  1 drivers
v00000000011e0970_0 .net "req3", 0 0, L_000000000157aaa0;  1 drivers
v00000000011e0d30_0 .net "rst", 0 0, v000000000157ae60_0;  alias, 1 drivers
v00000000011e1690_0 .var "state", 2 0;
E_00000000011cd6f0 .event posedge, v00000000011e17d0_0;
E_00000000011cd670 .event posedge, v00000000011e0d30_0, v00000000011e14b0_0;
E_00000000011cd730 .event edge, v00000000011e00b0_0, v00000000011e1370_0, v00000000011dfed0_0, v00000000011e0970_0;
S_00000000011e1d50 .scope module, "arb1" "arb" 4 13, 6 1 0, S_0000000001161190;
 .timescale 0 0;
    .port_info 0 /INPUT 1 "req0";
    .port_info 1 /INPUT 1 "req1";
    .port_info 2 /INPUT 1 "req2";
    .port_info 3 /INPUT 1 "req3";
    .port_info 4 /OUTPUT 1 "ack0";
    .port_info 5 /OUTPUT 1 "ack1";
    .port_info 6 /OUTPUT 1 "ack2";
    .port_info 7 /OUTPUT 1 "ack3";
    .port_info 8 /INPUT 1 "clk";
    .port_info 9 /INPUT 1 "rst";
v00000000011e0290_0 .var "ack0", 0 0;
v00000000011e08d0_0 .var "ack1", 0 0;
v00000000011e03d0_0 .var "ack2", 0 0;
v00000000011e1190_0 .var "ack3", 0 0;
v00000000011e1910_0 .net "clk", 0 0, v000000000157a5a0_0;  alias, 1 drivers
v00000000011e0650_0 .var "req", 0 0;
v00000000011e0bf0_0 .net "req0", 0 0, L_000000000157b040;  1 drivers
v00000000011e1050_0 .net "req1", 0 0, L_000000000157ab40;  1 drivers
v00000000011e0470_0 .net "req2", 0 0, L_000000000157a280;  1 drivers
v00000000011e1410_0 .net "req3", 0 0, L_000000000157bae0;  1 drivers
v00000000011e01f0_0 .net "rst", 0 0, v000000000157ae60_0;  alias, 1 drivers
v00000000011e0510_0 .var "state", 2 0;
E_00000000011cd430 .event posedge, v00000000011e0650_0;
E_00000000011cd0b0 .event edge, v00000000011e0bf0_0, v00000000011e1050_0, v00000000011e0470_0, v00000000011e1410_0;
S_00000000011600a0 .scope module, "arb2" "arb" 4 14, 6 1 0, S_0000000001161190;
 .timescale 0 0;
    .port_info 0 /INPUT 1 "req0";
    .port_info 1 /INPUT 1 "req1";
    .port_info 2 /INPUT 1 "req2";
    .port_info 3 /INPUT 1 "req3";
    .port_info 4 /OUTPUT 1 "ack0";
    .port_info 5 /OUTPUT 1 "ack1";
    .port_info 6 /OUTPUT 1 "ack2";
    .port_info 7 /OUTPUT 1 "ack3";
    .port_info 8 /INPUT 1 "clk";
    .port_info 9 /INPUT 1 "rst";
v00000000011e0150_0 .var "ack0", 0 0;
v00000000011e1550_0 .var "ack1", 0 0;
v00000000011e0c90_0 .var "ack2", 0 0;
v00000000011e1230_0 .var "ack3", 0 0;
v00000000011e0830_0 .net "clk", 0 0, v000000000157a5a0_0;  alias, 1 drivers
v00000000011dff70_0 .var "req", 0 0;
v00000000011dfe30_0 .net "req0", 0 0, L_000000000157b360;  1 drivers
v00000000011e0dd0_0 .net "req1", 0 0, L_000000000157b4a0;  1 drivers
v00000000011e1870_0 .net "req2", 0 0, L_000000000157a460;  1 drivers
v00000000011e0a10_0 .net "req3", 0 0, L_000000000157a500;  1 drivers
v00000000011e1a50_0 .net "rst", 0 0, v000000000157ae60_0;  alias, 1 drivers
v00000000011e12d0_0 .var "state", 2 0;
E_00000000011cd970 .event posedge, v00000000011dff70_0;
E_00000000011ccd70 .event edge, v00000000011dfe30_0, v00000000011e0dd0_0, v00000000011e1870_0, v00000000011e0a10_0;
S_0000000001160230 .scope module, "arb3" "arb" 4 15, 6 1 0, S_0000000001161190;
 .timescale 0 0;
    .port_info 0 /INPUT 1 "req0";
    .port_info 1 /INPUT 1 "req1";
    .port_info 2 /INPUT 1 "req2";
    .port_info 3 /INPUT 1 "req3";
    .port_info 4 /OUTPUT 1 "ack0";
    .port_info 5 /OUTPUT 1 "ack1";
    .port_info 6 /OUTPUT 1 "ack2";
    .port_info 7 /OUTPUT 1 "ack3";
    .port_info 8 /INPUT 1 "clk";
    .port_info 9 /INPUT 1 "rst";
v00000000011e05b0_0 .var "ack0", 0 0;
v00000000011e0010_0 .var "ack1", 0 0;
v00000000011e06f0_0 .var "ack2", 0 0;
v00000000011e0fb0_0 .var "ack3", 0 0;
v00000000011e10f0_0 .net "clk", 0 0, v000000000157a5a0_0;  alias, 1 drivers
v00000000011e0e70_0 .var "req", 0 0;
v00000000011e0330_0 .net "req0", 0 0, L_000000000157bb80;  1 drivers
v00000000011e0790_0 .net "req1", 0 0, L_000000000157abe0;  1 drivers
v00000000011e1b90_0 .net "req2", 0 0, L_000000000157b540;  1 drivers
v00000000011e1af0_0 .net "req3", 0 0, L_000000000157a140;  1 drivers
v00000000011e0ab0_0 .net "rst", 0 0, v000000000157ae60_0;  alias, 1 drivers
v00000000011e0b50_0 .var "state", 2 0;
E_00000000011cd030 .event posedge, v00000000011e0e70_0;
E_00000000011cd2f0 .event edge, v00000000011e0330_0, v00000000011e0790_0, v00000000011e1b90_0, v00000000011e1af0_0;
S_000000000115b050 .scope module, "cb" "cb" 4 16, 7 1 0, S_0000000001161190;
 .timescale 0 0;
    .port_info 0 /INPUT 10 "i0";
    .port_info 1 /INPUT 10 "i1";
    .port_info 2 /INPUT 10 "i2";
    .port_info 3 /INPUT 10 "i3";
    .port_info 4 /OUTPUT 10 "o0";
    .port_info 5 /OUTPUT 10 "o1";
    .port_info 6 /OUTPUT 10 "o2";
    .port_info 7 /OUTPUT 10 "o3";
    .port_info 8 /INPUT 4 "d0";
    .port_info 9 /INPUT 4 "d1";
    .port_info 10 /INPUT 4 "d2";
    .port_info 11 /INPUT 4 "d3";
v00000000011e2250_0 .net "d0", 3 0, L_000000000157b0e0;  1 drivers
v00000000011e3650_0 .net "d1", 3 0, L_000000000157a1e0;  1 drivers
v00000000011e1f30_0 .net "d2", 3 0, L_000000000157bd60;  1 drivers
v00000000011e3c90_0 .net "d3", 3 0, L_000000000157b220;  1 drivers
v00000000011e22f0_0 .net "i0", 9 0, v00000000011e35b0_0;  alias, 1 drivers
v00000000011e24d0_0 .net "i1", 9 0, v00000000011e7000_0;  alias, 1 drivers
v00000000011e2930_0 .net "i2", 9 0, v00000000011ed660_0;  alias, 1 drivers
v00000000011e2570_0 .net "i3", 9 0, v00000000011ed7a0_0;  alias, 1 drivers
v00000000011e36f0_0 .net "o0", 9 0, v00000000011e19b0_0;  alias, 1 drivers
v00000000011e30b0_0 .net "o1", 9 0, v00000000011e33d0_0;  alias, 1 drivers
v00000000011e2bb0_0 .net "o2", 9 0, v00000000011e2b10_0;  alias, 1 drivers
v00000000011e3830_0 .net "o3", 9 0, v00000000011e21b0_0;  alias, 1 drivers
S_000000000115b1e0 .scope module, "cbsel0" "cbsel" 7 4, 8 1 0, S_000000000115b050;
 .timescale 0 0;
    .port_info 0 /INPUT 10 "i0";
    .port_info 1 /INPUT 10 "i1";
    .port_info 2 /INPUT 10 "i2";
    .port_info 3 /INPUT 10 "i3";
    .port_info 4 /OUTPUT 10 "o";
    .port_info 5 /INPUT 4 "d";
v00000000011e1c30_0 .net "d", 3 0, L_000000000157b0e0;  alias, 1 drivers
v00000000011e0f10_0 .net "i0", 9 0, v00000000011e35b0_0;  alias, 1 drivers
v00000000011e15f0_0 .net "i1", 9 0, v00000000011e7000_0;  alias, 1 drivers
v00000000011e1730_0 .net "i2", 9 0, v00000000011ed660_0;  alias, 1 drivers
v00000000011dfd90_0 .net "i3", 9 0, v00000000011ed7a0_0;  alias, 1 drivers
v00000000011e19b0_0 .var "o", 9 0;
E_00000000011cd770/0 .event edge, v00000000011e0f10_0, v00000000011e1c30_0, v00000000011e15f0_0, v00000000011e1730_0;
E_00000000011cd770/1 .event edge, v00000000011dfd90_0;
E_00000000011cd770 .event/or E_00000000011cd770/0, E_00000000011cd770/1;
S_0000000001151d40 .scope module, "cbsel1" "cbsel" 7 5, 8 1 0, S_000000000115b050;
 .timescale 0 0;
    .port_info 0 /INPUT 10 "i0";
    .port_info 1 /INPUT 10 "i1";
    .port_info 2 /INPUT 10 "i2";
    .port_info 3 /INPUT 10 "i3";
    .port_info 4 /OUTPUT 10 "o";
    .port_info 5 /INPUT 4 "d";
v00000000011e3bf0_0 .net "d", 3 0, L_000000000157a1e0;  alias, 1 drivers
v00000000011e2d90_0 .net "i0", 9 0, v00000000011e35b0_0;  alias, 1 drivers
v00000000011e1fd0_0 .net "i1", 9 0, v00000000011e7000_0;  alias, 1 drivers
v00000000011e3a10_0 .net "i2", 9 0, v00000000011ed660_0;  alias, 1 drivers
v00000000011e2a70_0 .net "i3", 9 0, v00000000011ed7a0_0;  alias, 1 drivers
v00000000011e33d0_0 .var "o", 9 0;
E_00000000011cd570/0 .event edge, v00000000011e0f10_0, v00000000011e3bf0_0, v00000000011e15f0_0, v00000000011e1730_0;
E_00000000011cd570/1 .event edge, v00000000011dfd90_0;
E_00000000011cd570 .event/or E_00000000011cd570/0, E_00000000011cd570/1;
S_0000000001151ed0 .scope module, "cbsel2" "cbsel" 7 6, 8 1 0, S_000000000115b050;
 .timescale 0 0;
    .port_info 0 /INPUT 10 "i0";
    .port_info 1 /INPUT 10 "i1";
    .port_info 2 /INPUT 10 "i2";
    .port_info 3 /INPUT 10 "i3";
    .port_info 4 /OUTPUT 10 "o";
    .port_info 5 /INPUT 4 "d";
v00000000011e2390_0 .net "d", 3 0, L_000000000157bd60;  alias, 1 drivers
v00000000011e2cf0_0 .net "i0", 9 0, v00000000011e35b0_0;  alias, 1 drivers
v00000000011e2f70_0 .net "i1", 9 0, v00000000011e7000_0;  alias, 1 drivers
v00000000011e26b0_0 .net "i2", 9 0, v00000000011ed660_0;  alias, 1 drivers
v00000000011e3010_0 .net "i3", 9 0, v00000000011ed7a0_0;  alias, 1 drivers
v00000000011e2b10_0 .var "o", 9 0;
E_00000000011cd1f0/0 .event edge, v00000000011e0f10_0, v00000000011e2390_0, v00000000011e15f0_0, v00000000011e1730_0;
E_00000000011cd1f0/1 .event edge, v00000000011dfd90_0;
E_00000000011cd1f0 .event/or E_00000000011cd1f0/0, E_00000000011cd1f0/1;
S_0000000001160cd0 .scope module, "cbsel3" "cbsel" 7 7, 8 1 0, S_000000000115b050;
 .timescale 0 0;
    .port_info 0 /INPUT 10 "i0";
    .port_info 1 /INPUT 10 "i1";
    .port_info 2 /INPUT 10 "i2";
    .port_info 3 /INPUT 10 "i3";
    .port_info 4 /OUTPUT 10 "o";
    .port_info 5 /INPUT 4 "d";
v00000000011e2890_0 .net "d", 3 0, L_000000000157b220;  alias, 1 drivers
v00000000011e2070_0 .net "i0", 9 0, v00000000011e35b0_0;  alias, 1 drivers
v00000000011e2750_0 .net "i1", 9 0, v00000000011e7000_0;  alias, 1 drivers
v00000000011e2110_0 .net "i2", 9 0, v00000000011ed660_0;  alias, 1 drivers
v00000000011e3dd0_0 .net "i3", 9 0, v00000000011ed7a0_0;  alias, 1 drivers
v00000000011e21b0_0 .var "o", 9 0;
E_00000000011cdbb0/0 .event edge, v00000000011e0f10_0, v00000000011e2890_0, v00000000011e15f0_0, v00000000011e1730_0;
E_00000000011cdbb0/1 .event edge, v00000000011dfd90_0;
E_00000000011cdbb0 .event/or E_00000000011cdbb0/0, E_00000000011cdbb0/1;
S_0000000001160e60 .scope module, "ib0" "ib" 4 4, 9 1 0, S_0000000001161190;
 .timescale 0 0;
    .port_info 0 /INPUT 10 "pkti";
    .port_info 1 /OUTPUT 10 "pkto";
    .port_info 2 /OUTPUT 4 "req";
    .port_info 3 /INPUT 1 "ack";
    .port_info 4 /OUTPUT 1 "empty";
    .port_info 5 /OUTPUT 1 "full";
    .port_info 6 /INPUT 1 "clk";
    .port_info 7 /INPUT 1 "rst";
v00000000011e7460_0 .net "ack", 0 0, L_0000000001159b50;  alias, 1 drivers
v00000000011e7aa0_0 .net "clk", 0 0, v000000000157a5a0_0;  alias, 1 drivers
v00000000011e75a0_0 .net "empty", 0 0, v00000000011e2e30_0;  alias, 1 drivers
v00000000011e8360_0 .net "full", 0 0, v00000000011e3510_0;  alias, 1 drivers
v00000000011e7780_0 .net "pkti", 9 0, v000000000157b2c0_0;  alias, 1 drivers
v00000000011e7820_0 .net "pkto", 9 0, v00000000011e35b0_0;  alias, 1 drivers
v00000000011e7dc0_0 .net "re", 0 0, v00000000011e3290_0;  1 drivers
v00000000011e8220_0 .net "req", 3 0, v00000000011e3d30_0;  alias, 1 drivers
v00000000011e8e00_0 .net "rst", 0 0, v000000000157ae60_0;  alias, 1 drivers
v00000000011e8540_0 .net "we", 0 0, v00000000011e7c80_0;  1 drivers
S_00000000011e40d0 .scope module, "fifo" "fifo" 9 4, 10 1 0, S_0000000001160e60;
 .timescale 0 0;
    .port_info 0 /INPUT 10 "pkti";
    .port_info 1 /INPUT 1 "we";
    .port_info 2 /OUTPUT 1 "full";
    .port_info 3 /OUTPUT 10 "pkto";
    .port_info 4 /INPUT 1 "re";
    .port_info 5 /OUTPUT 1 "empty";
    .port_info 6 /INPUT 1 "clk";
    .port_info 7 /INPUT 1 "rst";
v00000000011e2610_0 .net "clk", 0 0, v000000000157a5a0_0;  alias, 1 drivers
v00000000011e2e30_0 .var "empty", 0 0;
v00000000011e3510_0 .var "full", 0 0;
v00000000011e3790_0 .var "head", 3 0;
v00000000011e27f0_0 .var "headi", 3 0;
v00000000011e2430 .array "mem", 0 15, 9 0;
v00000000011e29d0_0 .net "pkti", 9 0, v000000000157b2c0_0;  alias, 1 drivers
v00000000011e35b0_0 .var "pkto", 9 0;
v00000000011e38d0_0 .net "re", 0 0, v00000000011e3290_0;  alias, 1 drivers
v00000000011e2c50_0 .net "rst", 0 0, v000000000157ae60_0;  alias, 1 drivers
v00000000011e3970_0 .var "tail", 3 0;
v00000000011e3ab0_0 .net "we", 0 0, v00000000011e7c80_0;  alias, 1 drivers
v00000000011e2430_0 .array/port v00000000011e2430, 0;
v00000000011e2430_1 .array/port v00000000011e2430, 1;
v00000000011e2430_2 .array/port v00000000011e2430, 2;
E_00000000011cd8f0/0 .event edge, v00000000011e3970_0, v00000000011e2430_0, v00000000011e2430_1, v00000000011e2430_2;
v00000000011e2430_3 .array/port v00000000011e2430, 3;
v00000000011e2430_4 .array/port v00000000011e2430, 4;
v00000000011e2430_5 .array/port v00000000011e2430, 5;
v00000000011e2430_6 .array/port v00000000011e2430, 6;
E_00000000011cd8f0/1 .event edge, v00000000011e2430_3, v00000000011e2430_4, v00000000011e2430_5, v00000000011e2430_6;
v00000000011e2430_7 .array/port v00000000011e2430, 7;
v00000000011e2430_8 .array/port v00000000011e2430, 8;
v00000000011e2430_9 .array/port v00000000011e2430, 9;
v00000000011e2430_10 .array/port v00000000011e2430, 10;
E_00000000011cd8f0/2 .event edge, v00000000011e2430_7, v00000000011e2430_8, v00000000011e2430_9, v00000000011e2430_10;
v00000000011e2430_11 .array/port v00000000011e2430, 11;
v00000000011e2430_12 .array/port v00000000011e2430, 12;
v00000000011e2430_13 .array/port v00000000011e2430, 13;
v00000000011e2430_14 .array/port v00000000011e2430, 14;
E_00000000011cd8f0/3 .event edge, v00000000011e2430_11, v00000000011e2430_12, v00000000011e2430_13, v00000000011e2430_14;
v00000000011e2430_15 .array/port v00000000011e2430, 15;
E_00000000011cd8f0/4 .event edge, v00000000011e2430_15, v00000000011e3790_0;
E_00000000011cd8f0 .event/or E_00000000011cd8f0/0, E_00000000011cd8f0/1, E_00000000011cd8f0/2, E_00000000011cd8f0/3, E_00000000011cd8f0/4;
E_00000000011cd7f0 .event posedge, v00000000011e14b0_0;
S_00000000011e4a30 .scope module, "ibsm" "ibsm" 9 5, 11 1 0, S_0000000001160e60;
 .timescale 0 0;
    .port_info 0 /INPUT 10 "pkto";
    .port_info 1 /OUTPUT 1 "re";
    .port_info 2 /INPUT 1 "empty";
    .port_info 3 /OUTPUT 4 "req";
    .port_info 4 /INPUT 1 "ack";
    .port_info 5 /INPUT 1 "clk";
    .port_info 6 /INPUT 1 "rst";
v00000000011e2ed0_0 .net "ack", 0 0, L_0000000001159b50;  alias, 1 drivers
v00000000011e3b50_0 .net "clk", 0 0, v000000000157a5a0_0;  alias, 1 drivers
v00000000011e3150_0 .net "empty", 0 0, v00000000011e2e30_0;  alias, 1 drivers
v00000000011e31f0_0 .net "pkto", 9 0, v00000000011e35b0_0;  alias, 1 drivers
v00000000011e3290_0 .var "re", 0 0;
v00000000011e3d30_0 .var "req", 3 0;
v00000000011e3330_0 .net "rst", 0 0, v000000000157ae60_0;  alias, 1 drivers
v00000000011e8b80_0 .var "state", 2 0;
S_00000000011e48a0 .scope module, "mkwe" "mkwe" 9 3, 12 1 0, S_0000000001160e60;
 .timescale 0 0;
    .port_info 0 /INPUT 10 "pkti";
    .port_info 1 /OUTPUT 1 "we";
v00000000011e8d60_0 .net "pkti", 9 0, v000000000157b2c0_0;  alias, 1 drivers
v00000000011e7c80_0 .var "we", 0 0;
E_00000000011cd870 .event edge, v00000000011e29d0_0;
S_00000000011e4d50 .scope module, "ib1" "ib" 4 5, 9 1 0, S_0000000001161190;
 .timescale 0 0;
    .port_info 0 /INPUT 10 "pkti";
    .port_info 1 /OUTPUT 10 "pkto";
    .port_info 2 /OUTPUT 4 "req";
    .port_info 3 /INPUT 1 "ack";
    .port_info 4 /OUTPUT 1 "empty";
    .port_info 5 /OUTPUT 1 "full";
    .port_info 6 /INPUT 1 "clk";
    .port_info 7 /INPUT 1 "rst";
v00000000011e85e0_0 .net "ack", 0 0, L_0000000001158f80;  alias, 1 drivers
v00000000011e7960_0 .net "clk", 0 0, v000000000157a5a0_0;  alias, 1 drivers
v00000000011e7d20_0 .net "empty", 0 0, v00000000011e8c20_0;  alias, 1 drivers
v00000000011e8cc0_0 .net "full", 0 0, v00000000011e7500_0;  alias, 1 drivers
v00000000011e7e60_0 .net "pkti", 9 0, v000000000157a6e0_0;  alias, 1 drivers
v00000000011e6f60_0 .net "pkto", 9 0, v00000000011e7000_0;  alias, 1 drivers
v00000000011e8860_0 .net "re", 0 0, v00000000011e8a40_0;  1 drivers
v00000000011e70a0_0 .net "req", 3 0, v00000000011e8180_0;  alias, 1 drivers
v00000000011e7640_0 .net "rst", 0 0, v000000000157ae60_0;  alias, 1 drivers
v00000000011e7140_0 .net "we", 0 0, v00000000011e8ae0_0;  1 drivers
S_00000000011e4bc0 .scope module, "fifo" "fifo" 9 4, 10 1 0, S_00000000011e4d50;
 .timescale 0 0;
    .port_info 0 /INPUT 10 "pkti";
    .port_info 1 /INPUT 1 "we";
    .port_info 2 /OUTPUT 1 "full";
    .port_info 3 /OUTPUT 10 "pkto";
    .port_info 4 /INPUT 1 "re";
    .port_info 5 /OUTPUT 1 "empty";
    .port_info 6 /INPUT 1 "clk";
    .port_info 7 /INPUT 1 "rst";
v00000000011e7f00_0 .net "clk", 0 0, v000000000157a5a0_0;  alias, 1 drivers
v00000000011e8c20_0 .var "empty", 0 0;
v00000000011e7500_0 .var "full", 0 0;
v00000000011e7fa0_0 .var "head", 3 0;
v00000000011e7a00_0 .var "headi", 3 0;
v00000000011e73c0 .array "mem", 0 15, 9 0;
v00000000011e84a0_0 .net "pkti", 9 0, v000000000157a6e0_0;  alias, 1 drivers
v00000000011e7000_0 .var "pkto", 9 0;
v00000000011e80e0_0 .net "re", 0 0, v00000000011e8a40_0;  alias, 1 drivers
v00000000011e8900_0 .net "rst", 0 0, v000000000157ae60_0;  alias, 1 drivers
v00000000011e7b40_0 .var "tail", 3 0;
v00000000011e89a0_0 .net "we", 0 0, v00000000011e8ae0_0;  alias, 1 drivers
v00000000011e73c0_0 .array/port v00000000011e73c0, 0;
v00000000011e73c0_1 .array/port v00000000011e73c0, 1;
v00000000011e73c0_2 .array/port v00000000011e73c0, 2;
E_00000000011cd4f0/0 .event edge, v00000000011e7b40_0, v00000000011e73c0_0, v00000000011e73c0_1, v00000000011e73c0_2;
v00000000011e73c0_3 .array/port v00000000011e73c0, 3;
v00000000011e73c0_4 .array/port v00000000011e73c0, 4;
v00000000011e73c0_5 .array/port v00000000011e73c0, 5;
v00000000011e73c0_6 .array/port v00000000011e73c0, 6;
E_00000000011cd4f0/1 .event edge, v00000000011e73c0_3, v00000000011e73c0_4, v00000000011e73c0_5, v00000000011e73c0_6;
v00000000011e73c0_7 .array/port v00000000011e73c0, 7;
v00000000011e73c0_8 .array/port v00000000011e73c0, 8;
v00000000011e73c0_9 .array/port v00000000011e73c0, 9;
v00000000011e73c0_10 .array/port v00000000011e73c0, 10;
E_00000000011cd4f0/2 .event edge, v00000000011e73c0_7, v00000000011e73c0_8, v00000000011e73c0_9, v00000000011e73c0_10;
v00000000011e73c0_11 .array/port v00000000011e73c0, 11;
v00000000011e73c0_12 .array/port v00000000011e73c0, 12;
v00000000011e73c0_13 .array/port v00000000011e73c0, 13;
v00000000011e73c0_14 .array/port v00000000011e73c0, 14;
E_00000000011cd4f0/3 .event edge, v00000000011e73c0_11, v00000000011e73c0_12, v00000000011e73c0_13, v00000000011e73c0_14;
v00000000011e73c0_15 .array/port v00000000011e73c0, 15;
E_00000000011cd4f0/4 .event edge, v00000000011e73c0_15, v00000000011e7fa0_0;
E_00000000011cd4f0 .event/or E_00000000011cd4f0/0, E_00000000011cd4f0/1, E_00000000011cd4f0/2, E_00000000011cd4f0/3, E_00000000011cd4f0/4;
S_00000000011e4710 .scope module, "ibsm" "ibsm" 9 5, 11 1 0, S_00000000011e4d50;
 .timescale 0 0;
    .port_info 0 /INPUT 10 "pkto";
    .port_info 1 /OUTPUT 1 "re";
    .port_info 2 /INPUT 1 "empty";
    .port_info 3 /OUTPUT 4 "req";
    .port_info 4 /INPUT 1 "ack";
    .port_info 5 /INPUT 1 "clk";
    .port_info 6 /INPUT 1 "rst";
v00000000011e8400_0 .net "ack", 0 0, L_0000000001158f80;  alias, 1 drivers
v00000000011e7be0_0 .net "clk", 0 0, v000000000157a5a0_0;  alias, 1 drivers
v00000000011e8720_0 .net "empty", 0 0, v00000000011e8c20_0;  alias, 1 drivers
v00000000011e8040_0 .net "pkto", 9 0, v00000000011e7000_0;  alias, 1 drivers
v00000000011e8a40_0 .var "re", 0 0;
v00000000011e8180_0 .var "req", 3 0;
v00000000011e82c0_0 .net "rst", 0 0, v000000000157ae60_0;  alias, 1 drivers
v00000000011e78c0_0 .var "state", 2 0;
S_00000000011e4260 .scope module, "mkwe" "mkwe" 9 3, 12 1 0, S_00000000011e4d50;
 .timescale 0 0;
    .port_info 0 /INPUT 10 "pkti";
    .port_info 1 /OUTPUT 1 "we";
v00000000011e8680_0 .net "pkti", 9 0, v000000000157a6e0_0;  alias, 1 drivers
v00000000011e8ae0_0 .var "we", 0 0;
E_00000000011cd930 .event edge, v00000000011e84a0_0;
S_00000000011e4580 .scope module, "ib2" "ib" 4 6, 9 1 0, S_0000000001161190;
 .timescale 0 0;
    .port_info 0 /INPUT 10 "pkti";
    .port_info 1 /OUTPUT 10 "pkto";
    .port_info 2 /OUTPUT 4 "req";
    .port_info 3 /INPUT 1 "ack";
    .port_info 4 /OUTPUT 1 "empty";
    .port_info 5 /OUTPUT 1 "full";
    .port_info 6 /INPUT 1 "clk";
    .port_info 7 /INPUT 1 "rst";
v00000000011ee920_0 .net "ack", 0 0, L_00000000011591b0;  alias, 1 drivers
v00000000011ee100_0 .net "clk", 0 0, v000000000157a5a0_0;  alias, 1 drivers
v00000000011eeb00_0 .net "empty", 0 0, v00000000011e7320_0;  alias, 1 drivers
v00000000011ed980_0 .net "full", 0 0, v00000000011e76e0_0;  alias, 1 drivers
v00000000011eece0_0 .net "pkti", 9 0, v000000000157a8c0_0;  alias, 1 drivers
v00000000011ee060_0 .net "pkto", 9 0, v00000000011ed660_0;  alias, 1 drivers
v00000000011edca0_0 .net "re", 0 0, v00000000011ed020_0;  1 drivers
v00000000011ed160_0 .net "req", 3 0, v00000000011ed340_0;  alias, 1 drivers
v00000000011ed3e0_0 .net "rst", 0 0, v000000000157ae60_0;  alias, 1 drivers
v00000000011ed200_0 .net "we", 0 0, v00000000011edb60_0;  1 drivers
S_00000000011e43f0 .scope module, "fifo" "fifo" 9 4, 10 1 0, S_00000000011e4580;
 .timescale 0 0;
    .port_info 0 /INPUT 10 "pkti";
    .port_info 1 /INPUT 1 "we";
    .port_info 2 /OUTPUT 1 "full";
    .port_info 3 /OUTPUT 10 "pkto";
    .port_info 4 /INPUT 1 "re";
    .port_info 5 /OUTPUT 1 "empty";
    .port_info 6 /INPUT 1 "clk";
    .port_info 7 /INPUT 1 "rst";
v00000000011e7280_0 .net "clk", 0 0, v000000000157a5a0_0;  alias, 1 drivers
v00000000011e7320_0 .var "empty", 0 0;
v00000000011e76e0_0 .var "full", 0 0;
v00000000011eec40_0 .var "head", 3 0;
v00000000011ed2a0_0 .var "headi", 3 0;
v00000000011ed5c0 .array "mem", 0 15, 9 0;
v00000000011edf20_0 .net "pkti", 9 0, v000000000157a8c0_0;  alias, 1 drivers
v00000000011ed660_0 .var "pkto", 9 0;
v00000000011ed520_0 .net "re", 0 0, v00000000011ed020_0;  alias, 1 drivers
v00000000011edfc0_0 .net "rst", 0 0, v000000000157ae60_0;  alias, 1 drivers
v00000000011eee20_0 .var "tail", 3 0;
v00000000011ee380_0 .net "we", 0 0, v00000000011edb60_0;  alias, 1 drivers
v00000000011ed5c0_0 .array/port v00000000011ed5c0, 0;
v00000000011ed5c0_1 .array/port v00000000011ed5c0, 1;
v00000000011ed5c0_2 .array/port v00000000011ed5c0, 2;
E_00000000011cd9f0/0 .event edge, v00000000011eee20_0, v00000000011ed5c0_0, v00000000011ed5c0_1, v00000000011ed5c0_2;
v00000000011ed5c0_3 .array/port v00000000011ed5c0, 3;
v00000000011ed5c0_4 .array/port v00000000011ed5c0, 4;
v00000000011ed5c0_5 .array/port v00000000011ed5c0, 5;
v00000000011ed5c0_6 .array/port v00000000011ed5c0, 6;
E_00000000011cd9f0/1 .event edge, v00000000011ed5c0_3, v00000000011ed5c0_4, v00000000011ed5c0_5, v00000000011ed5c0_6;
v00000000011ed5c0_7 .array/port v00000000011ed5c0, 7;
v00000000011ed5c0_8 .array/port v00000000011ed5c0, 8;
v00000000011ed5c0_9 .array/port v00000000011ed5c0, 9;
v00000000011ed5c0_10 .array/port v00000000011ed5c0, 10;
E_00000000011cd9f0/2 .event edge, v00000000011ed5c0_7, v00000000011ed5c0_8, v00000000011ed5c0_9, v00000000011ed5c0_10;
v00000000011ed5c0_11 .array/port v00000000011ed5c0, 11;
v00000000011ed5c0_12 .array/port v00000000011ed5c0, 12;
v00000000011ed5c0_13 .array/port v00000000011ed5c0, 13;
v00000000011ed5c0_14 .array/port v00000000011ed5c0, 14;
E_00000000011cd9f0/3 .event edge, v00000000011ed5c0_11, v00000000011ed5c0_12, v00000000011ed5c0_13, v00000000011ed5c0_14;
v00000000011ed5c0_15 .array/port v00000000011ed5c0, 15;
E_00000000011cd9f0/4 .event edge, v00000000011ed5c0_15, v00000000011eec40_0;
E_00000000011cd9f0 .event/or E_00000000011cd9f0/0, E_00000000011cd9f0/1, E_00000000011cd9f0/2, E_00000000011cd9f0/3, E_00000000011cd9f0/4;
S_00000000011e3f40 .scope module, "ibsm" "ibsm" 9 5, 11 1 0, S_00000000011e4580;
 .timescale 0 0;
    .port_info 0 /INPUT 10 "pkto";
    .port_info 1 /OUTPUT 1 "re";
    .port_info 2 /INPUT 1 "empty";
    .port_info 3 /OUTPUT 4 "req";
    .port_info 4 /INPUT 1 "ack";
    .port_info 5 /INPUT 1 "clk";
    .port_info 6 /INPUT 1 "rst";
v00000000011ee7e0_0 .net "ack", 0 0, L_00000000011591b0;  alias, 1 drivers
v00000000011ee420_0 .net "clk", 0 0, v000000000157a5a0_0;  alias, 1 drivers
v00000000011ed480_0 .net "empty", 0 0, v00000000011e7320_0;  alias, 1 drivers
v00000000011edde0_0 .net "pkto", 9 0, v00000000011ed660_0;  alias, 1 drivers
v00000000011ed020_0 .var "re", 0 0;
v00000000011ed340_0 .var "req", 3 0;
v00000000011edac0_0 .net "rst", 0 0, v000000000157ae60_0;  alias, 1 drivers
v00000000011ed8e0_0 .var "state", 2 0;
S_0000000001574cf0 .scope module, "mkwe" "mkwe" 9 3, 12 1 0, S_00000000011e4580;
 .timescale 0 0;
    .port_info 0 /INPUT 10 "pkti";
    .port_info 1 /OUTPUT 1 "we";
v00000000011ed0c0_0 .net "pkti", 9 0, v000000000157a8c0_0;  alias, 1 drivers
v00000000011edb60_0 .var "we", 0 0;
E_00000000011cda30 .event edge, v00000000011edf20_0;
S_00000000015757e0 .scope module, "ib3" "ib" 4 7, 9 1 0, S_0000000001161190;
 .timescale 0 0;
    .port_info 0 /INPUT 10 "pkti";
    .port_info 1 /OUTPUT 10 "pkto";
    .port_info 2 /OUTPUT 4 "req";
    .port_info 3 /INPUT 1 "ack";
    .port_info 4 /OUTPUT 1 "empty";
    .port_info 5 /OUTPUT 1 "full";
    .port_info 6 /INPUT 1 "clk";
    .port_info 7 /INPUT 1 "rst";
v0000000001577520_0 .net "ack", 0 0, L_0000000001158ff0;  alias, 1 drivers
v0000000001576c60_0 .net "clk", 0 0, v000000000157a5a0_0;  alias, 1 drivers
v0000000001576bc0_0 .net "empty", 0 0, v00000000011ecf80_0;  alias, 1 drivers
v00000000015766c0_0 .net "full", 0 0, v00000000011ed700_0;  alias, 1 drivers
v0000000001576d00_0 .net "pkti", 9 0, v000000000157a820_0;  alias, 1 drivers
v0000000001577200_0 .net "pkto", 9 0, v00000000011ed7a0_0;  alias, 1 drivers
v0000000001577ca0_0 .net "re", 0 0, v00000000011ee4c0_0;  1 drivers
v0000000001577a20_0 .net "req", 3 0, v00000000011ee560_0;  alias, 1 drivers
v0000000001577de0_0 .net "rst", 0 0, v000000000157ae60_0;  alias, 1 drivers
v0000000001576120_0 .net "we", 0 0, v0000000001577c00_0;  1 drivers
S_00000000015749d0 .scope module, "fifo" "fifo" 9 4, 10 1 0, S_00000000015757e0;
 .timescale 0 0;
    .port_info 0 /INPUT 10 "pkti";
    .port_info 1 /INPUT 1 "we";
    .port_info 2 /OUTPUT 1 "full";
    .port_info 3 /OUTPUT 10 "pkto";
    .port_info 4 /INPUT 1 "re";
    .port_info 5 /OUTPUT 1 "empty";
    .port_info 6 /INPUT 1 "clk";
    .port_info 7 /INPUT 1 "rst";
v00000000011ee9c0_0 .net "clk", 0 0, v000000000157a5a0_0;  alias, 1 drivers
v00000000011ecf80_0 .var "empty", 0 0;
v00000000011ed700_0 .var "full", 0 0;
v00000000011edd40_0 .var "head", 3 0;
v00000000011eea60_0 .var "headi", 3 0;
v00000000011eeba0 .array "mem", 0 15, 9 0;
v00000000011eed80_0 .net "pkti", 9 0, v000000000157a820_0;  alias, 1 drivers
v00000000011ed7a0_0 .var "pkto", 9 0;
v00000000011ed840_0 .net "re", 0 0, v00000000011ee4c0_0;  alias, 1 drivers
v00000000011eda20_0 .net "rst", 0 0, v000000000157ae60_0;  alias, 1 drivers
v00000000011edc00_0 .var "tail", 3 0;
v00000000011ede80_0 .net "we", 0 0, v0000000001577c00_0;  alias, 1 drivers
v00000000011eeba0_0 .array/port v00000000011eeba0, 0;
v00000000011eeba0_1 .array/port v00000000011eeba0, 1;
v00000000011eeba0_2 .array/port v00000000011eeba0, 2;
E_00000000011cdab0/0 .event edge, v00000000011edc00_0, v00000000011eeba0_0, v00000000011eeba0_1, v00000000011eeba0_2;
v00000000011eeba0_3 .array/port v00000000011eeba0, 3;
v00000000011eeba0_4 .array/port v00000000011eeba0, 4;
v00000000011eeba0_5 .array/port v00000000011eeba0, 5;
v00000000011eeba0_6 .array/port v00000000011eeba0, 6;
E_00000000011cdab0/1 .event edge, v00000000011eeba0_3, v00000000011eeba0_4, v00000000011eeba0_5, v00000000011eeba0_6;
v00000000011eeba0_7 .array/port v00000000011eeba0, 7;
v00000000011eeba0_8 .array/port v00000000011eeba0, 8;
v00000000011eeba0_9 .array/port v00000000011eeba0, 9;
v00000000011eeba0_10 .array/port v00000000011eeba0, 10;
E_00000000011cdab0/2 .event edge, v00000000011eeba0_7, v00000000011eeba0_8, v00000000011eeba0_9, v00000000011eeba0_10;
v00000000011eeba0_11 .array/port v00000000011eeba0, 11;
v00000000011eeba0_12 .array/port v00000000011eeba0, 12;
v00000000011eeba0_13 .array/port v00000000011eeba0, 13;
v00000000011eeba0_14 .array/port v00000000011eeba0, 14;
E_00000000011cdab0/3 .event edge, v00000000011eeba0_11, v00000000011eeba0_12, v00000000011eeba0_13, v00000000011eeba0_14;
v00000000011eeba0_15 .array/port v00000000011eeba0, 15;
E_00000000011cdab0/4 .event edge, v00000000011eeba0_15, v00000000011edd40_0;
E_00000000011cdab0 .event/or E_00000000011cdab0/0, E_00000000011cdab0/1, E_00000000011cdab0/2, E_00000000011cdab0/3, E_00000000011cdab0/4;
S_0000000001574e80 .scope module, "ibsm" "ibsm" 9 5, 11 1 0, S_00000000015757e0;
 .timescale 0 0;
    .port_info 0 /INPUT 10 "pkto";
    .port_info 1 /OUTPUT 1 "re";
    .port_info 2 /INPUT 1 "empty";
    .port_info 3 /OUTPUT 4 "req";
    .port_info 4 /INPUT 1 "ack";
    .port_info 5 /INPUT 1 "clk";
    .port_info 6 /INPUT 1 "rst";
v00000000011ee600_0 .net "ack", 0 0, L_0000000001158ff0;  alias, 1 drivers
v00000000011ee1a0_0 .net "clk", 0 0, v000000000157a5a0_0;  alias, 1 drivers
v00000000011ee240_0 .net "empty", 0 0, v00000000011ecf80_0;  alias, 1 drivers
v00000000011ee2e0_0 .net "pkto", 9 0, v00000000011ed7a0_0;  alias, 1 drivers
v00000000011ee4c0_0 .var "re", 0 0;
v00000000011ee560_0 .var "req", 3 0;
v00000000011ee6a0_0 .net "rst", 0 0, v000000000157ae60_0;  alias, 1 drivers
v00000000011ee740_0 .var "state", 2 0;
S_0000000001574b60 .scope module, "mkwe" "mkwe" 9 3, 12 1 0, S_00000000015757e0;
 .timescale 0 0;
    .port_info 0 /INPUT 10 "pkti";
    .port_info 1 /OUTPUT 1 "we";
v0000000001577020_0 .net "pkti", 9 0, v000000000157a820_0;  alias, 1 drivers
v0000000001577c00_0 .var "we", 0 0;
E_00000000011cdcf0 .event edge, v00000000011eed80_0;
    .scope S_00000000011e48a0;
T_0 ;
Ewait_0 .event/or E_00000000011cd870, E_0x0;
    %wait Ewait_0;
    %pushi/vec4 0, 0, 1;
    %store/vec4 v00000000011e7c80_0, 0, 1;
    %load/vec4 v00000000011e8d60_0;
    %parti/s 2, 8, 5;
    %cmpi/e 0, 0, 2;
    %jmp/0xz  T_0.0, 4;
    %pushi/vec4 0, 0, 1;
    %store/vec4 v00000000011e7c80_0, 0, 1;
    %jmp T_0.1;
T_0.0 ;
    %pushi/vec4 1, 0, 1;
    %store/vec4 v00000000011e7c80_0, 0, 1;
T_0.1 ;
    %jmp T_0;
    .thread T_0, $push;
    .scope S_00000000011e40d0;
T_1 ;
    %wait E_00000000011cd670;
    %load/vec4 v00000000011e2c50_0;
    %flag_set/vec4 8;
    %jmp/0xz  T_1.0, 8;
    %pushi/vec4 0, 0, 4;
    %assign/vec4 v00000000011e3790_0, 0;
    %pushi/vec4 0, 0, 4;
    %assign/vec4 v00000000011e3970_0, 0;
    %jmp T_1.1;
T_1.0 ;
    %load/vec4 v00000000011e3ab0_0;
    %flag_set/vec4 8;
    %jmp/0xz  T_1.2, 8;
    %load/vec4 v00000000011e3790_0;
    %addi 1, 0, 4;
    %assign/vec4 v00000000011e3790_0, 0;
T_1.2 ;
    %load/vec4 v00000000011e38d0_0;
    %flag_set/vec4 8;
    %jmp/0xz  T_1.4, 8;
    %load/vec4 v00000000011e3970_0;
    %addi 1, 0, 4;
    %assign/vec4 v00000000011e3970_0, 0;
T_1.4 ;
T_1.1 ;
    %jmp T_1;
    .thread T_1;
    .scope S_00000000011e40d0;
T_2 ;
    %wait E_00000000011cd7f0;
    %load/vec4 v00000000011e3ab0_0;
    %flag_set/vec4 8;
    %jmp/0xz  T_2.0, 8;
    %load/vec4 v00000000011e29d0_0;
    %load/vec4 v00000000011e3790_0;
    %pad/u 6;
    %ix/vec4 3;
    %ix/load 4, 0, 0; Constant delay
    %assign/vec4/a/d v00000000011e2430, 0, 4;
T_2.0 ;
    %jmp T_2;
    .thread T_2;
    .scope S_00000000011e40d0;
T_3 ;
Ewait_1 .event/or E_00000000011cd8f0, E_0x0;
    %wait Ewait_1;
    %load/vec4 v00000000011e3970_0;
    %pad/u 6;
    %ix/vec4 4;
    %load/vec4a v00000000011e2430, 4;
    %store/vec4 v00000000011e35b0_0, 0, 10;
    %load/vec4 v00000000011e3790_0;
    %load/vec4 v00000000011e3970_0;
    %cmp/e;
    %jmp/0xz  T_3.0, 4;
    %pushi/vec4 1, 0, 1;
    %store/vec4 v00000000011e2e30_0, 0, 1;
    %pushi/vec4 0, 0, 10;
    %store/vec4 v00000000011e35b0_0, 0, 10;
    %jmp T_3.1;
T_3.0 ;
    %pushi/vec4 0, 0, 1;
    %store/vec4 v00000000011e2e30_0, 0, 1;
T_3.1 ;
    %load/vec4 v00000000011e3790_0;
    %addi 1, 0, 4;
    %store/vec4 v00000000011e27f0_0, 0, 4;
    %load/vec4 v00000000011e3970_0;
    %load/vec4 v00000000011e27f0_0;
    %cmp/e;
    %jmp/0xz  T_3.2, 4;
    %pushi/vec4 1, 0, 1;
    %store/vec4 v00000000011e3510_0, 0, 1;
    %jmp T_3.3;
T_3.2 ;
    %pushi/vec4 0, 0, 1;
    %store/vec4 v00000000011e3510_0, 0, 1;
T_3.3 ;
    %jmp T_3;
    .thread T_3, $push;
    .scope S_00000000011e4a30;
T_4 ;
    %wait E_00000000011cd670;
    %load/vec4 v00000000011e3330_0;
    %flag_set/vec4 8;
    %jmp/0xz  T_4.0, 8;
    %pushi/vec4 1, 0, 3;
    %assign/vec4 v00000000011e8b80_0, 0;
    %pushi/vec4 0, 0, 1;
    %assign/vec4 v00000000011e3290_0, 0;
    %pushi/vec4 0, 0, 4;
    %assign/vec4 v00000000011e3d30_0, 0;
    %jmp T_4.1;
T_4.0 ;
    %pushi/vec4 1, 0, 32;
    %dup/vec4;
    %load/vec4 v00000000011e8b80_0;
    %parti/s 1, 0, 2;
    %pad/u 32;
    %cmp/u;
    %jmp/1 T_4.2, 6;
    %dup/vec4;
    %load/vec4 v00000000011e8b80_0;
    %parti/s 1, 1, 2;
    %pad/u 32;
    %cmp/u;
    %jmp/1 T_4.3, 6;
    %dup/vec4;
    %load/vec4 v00000000011e8b80_0;
    %parti/s 1, 2, 3;
    %pad/u 32;
    %cmp/u;
    %jmp/1 T_4.4, 6;
    %jmp T_4.5;
T_4.2 ;
    %pushi/vec4 0, 0, 4;
    %store/vec4 v00000000011e3d30_0, 0, 4;
    %load/vec4 v00000000011e31f0_0;
    %parti/s 2, 8, 5;
    %cmpi/e 2, 0, 2;
    %jmp/0xz  T_4.6, 4;
    %pushi/vec4 2, 0, 3;
    %store/vec4 v00000000011e8b80_0, 0, 3;
T_4.6 ;
    %jmp T_4.5;
T_4.3 ;
    %load/vec4 v00000000011e31f0_0;
    %parti/s 2, 0, 2;
    %dup/vec4;
    %pushi/vec4 0, 0, 2;
    %cmp/u;
    %jmp/1 T_4.8, 6;
    %dup/vec4;
    %pushi/vec4 1, 0, 2;
    %cmp/u;
    %jmp/1 T_4.9, 6;
    %dup/vec4;
    %pushi/vec4 2, 0, 2;
    %cmp/u;
    %jmp/1 T_4.10, 6;
    %dup/vec4;
    %pushi/vec4 3, 0, 2;
    %cmp/u;
    %jmp/1 T_4.11, 6;
    %jmp T_4.12;
T_4.8 ;
    %pushi/vec4 1, 0, 4;
    %store/vec4 v00000000011e3d30_0, 0, 4;
    %jmp T_4.12;
T_4.9 ;
    %pushi/vec4 2, 0, 4;
    %store/vec4 v00000000011e3d30_0, 0, 4;
    %jmp T_4.12;
T_4.10 ;
    %pushi/vec4 4, 0, 4;
    %store/vec4 v00000000011e3d30_0, 0, 4;
    %jmp T_4.12;
T_4.11 ;
    %pushi/vec4 8, 0, 4;
    %store/vec4 v00000000011e3d30_0, 0, 4;
    %jmp T_4.12;
T_4.12 ;
    %pop/vec4 1;
    %load/vec4 v00000000011e2ed0_0;
    %cmpi/e 1, 0, 1;
    %jmp/0xz  T_4.13, 4;
    %pushi/vec4 4, 0, 3;
    %store/vec4 v00000000011e8b80_0, 0, 3;
T_4.13 ;
    %jmp T_4.5;
T_4.4 ;
    %pushi/vec4 0, 0, 4;
    %store/vec4 v00000000011e3d30_0, 0, 4;
    %pushi/vec4 1, 0, 1;
    %store/vec4 v00000000011e3290_0, 0, 1;
    %load/vec4 v00000000011e3150_0;
    %cmpi/e 1, 0, 1;
    %jmp/0xz  T_4.15, 4;
    %pushi/vec4 1, 0, 3;
    %store/vec4 v00000000011e8b80_0, 0, 3;
    %pushi/vec4 0, 0, 1;
    %store/vec4 v00000000011e3290_0, 0, 1;
T_4.15 ;
    %jmp T_4.5;
T_4.5 ;
    %pop/vec4 1;
T_4.1 ;
    %jmp T_4;
    .thread T_4;
    .scope S_00000000011e4260;
T_5 ;
Ewait_2 .event/or E_00000000011cd930, E_0x0;
    %wait Ewait_2;
    %pushi/vec4 0, 0, 1;
    %store/vec4 v00000000011e8ae0_0, 0, 1;
    %load/vec4 v00000000011e8680_0;
    %parti/s 2, 8, 5;
    %cmpi/e 0, 0, 2;
    %jmp/0xz  T_5.0, 4;
    %pushi/vec4 0, 0, 1;
    %store/vec4 v00000000011e8ae0_0, 0, 1;
    %jmp T_5.1;
T_5.0 ;
    %pushi/vec4 1, 0, 1;
    %store/vec4 v00000000011e8ae0_0, 0, 1;
T_5.1 ;
    %jmp T_5;
    .thread T_5, $push;
    .scope S_00000000011e4bc0;
T_6 ;
    %wait E_00000000011cd670;
    %load/vec4 v00000000011e8900_0;
    %flag_set/vec4 8;
    %jmp/0xz  T_6.0, 8;
    %pushi/vec4 0, 0, 4;
    %assign/vec4 v00000000011e7fa0_0, 0;
    %pushi/vec4 0, 0, 4;
    %assign/vec4 v00000000011e7b40_0, 0;
    %jmp T_6.1;
T_6.0 ;
    %load/vec4 v00000000011e89a0_0;
    %flag_set/vec4 8;
    %jmp/0xz  T_6.2, 8;
    %load/vec4 v00000000011e7fa0_0;
    %addi 1, 0, 4;
    %assign/vec4 v00000000011e7fa0_0, 0;
T_6.2 ;
    %load/vec4 v00000000011e80e0_0;
    %flag_set/vec4 8;
    %jmp/0xz  T_6.4, 8;
    %load/vec4 v00000000011e7b40_0;
    %addi 1, 0, 4;
    %assign/vec4 v00000000011e7b40_0, 0;
T_6.4 ;
T_6.1 ;
    %jmp T_6;
    .thread T_6;
    .scope S_00000000011e4bc0;
T_7 ;
    %wait E_00000000011cd7f0;
    %load/vec4 v00000000011e89a0_0;
    %flag_set/vec4 8;
    %jmp/0xz  T_7.0, 8;
    %load/vec4 v00000000011e84a0_0;
    %load/vec4 v00000000011e7fa0_0;
    %pad/u 6;
    %ix/vec4 3;
    %ix/load 4, 0, 0; Constant delay
    %assign/vec4/a/d v00000000011e73c0, 0, 4;
T_7.0 ;
    %jmp T_7;
    .thread T_7;
    .scope S_00000000011e4bc0;
T_8 ;
Ewait_3 .event/or E_00000000011cd4f0, E_0x0;
    %wait Ewait_3;
    %load/vec4 v00000000011e7b40_0;
    %pad/u 6;
    %ix/vec4 4;
    %load/vec4a v00000000011e73c0, 4;
    %store/vec4 v00000000011e7000_0, 0, 10;
    %load/vec4 v00000000011e7fa0_0;
    %load/vec4 v00000000011e7b40_0;
    %cmp/e;
    %jmp/0xz  T_8.0, 4;
    %pushi/vec4 1, 0, 1;
    %store/vec4 v00000000011e8c20_0, 0, 1;
    %pushi/vec4 0, 0, 10;
    %store/vec4 v00000000011e7000_0, 0, 10;
    %jmp T_8.1;
T_8.0 ;
    %pushi/vec4 0, 0, 1;
    %store/vec4 v00000000011e8c20_0, 0, 1;
T_8.1 ;
    %load/vec4 v00000000011e7fa0_0;
    %addi 1, 0, 4;
    %store/vec4 v00000000011e7a00_0, 0, 4;
    %load/vec4 v00000000011e7b40_0;
    %load/vec4 v00000000011e7a00_0;
    %cmp/e;
    %jmp/0xz  T_8.2, 4;
    %pushi/vec4 1, 0, 1;
    %store/vec4 v00000000011e7500_0, 0, 1;
    %jmp T_8.3;
T_8.2 ;
    %pushi/vec4 0, 0, 1;
    %store/vec4 v00000000011e7500_0, 0, 1;
T_8.3 ;
    %jmp T_8;
    .thread T_8, $push;
    .scope S_00000000011e4710;
T_9 ;
    %wait E_00000000011cd670;
    %load/vec4 v00000000011e82c0_0;
    %flag_set/vec4 8;
    %jmp/0xz  T_9.0, 8;
    %pushi/vec4 1, 0, 3;
    %assign/vec4 v00000000011e78c0_0, 0;
    %pushi/vec4 0, 0, 1;
    %assign/vec4 v00000000011e8a40_0, 0;
    %pushi/vec4 0, 0, 4;
    %assign/vec4 v00000000011e8180_0, 0;
    %jmp T_9.1;
T_9.0 ;
    %pushi/vec4 1, 0, 32;
    %dup/vec4;
    %load/vec4 v00000000011e78c0_0;
    %parti/s 1, 0, 2;
    %pad/u 32;
    %cmp/u;
    %jmp/1 T_9.2, 6;
    %dup/vec4;
    %load/vec4 v00000000011e78c0_0;
    %parti/s 1, 1, 2;
    %pad/u 32;
    %cmp/u;
    %jmp/1 T_9.3, 6;
    %dup/vec4;
    %load/vec4 v00000000011e78c0_0;
    %parti/s 1, 2, 3;
    %pad/u 32;
    %cmp/u;
    %jmp/1 T_9.4, 6;
    %jmp T_9.5;
T_9.2 ;
    %pushi/vec4 0, 0, 4;
    %store/vec4 v00000000011e8180_0, 0, 4;
    %load/vec4 v00000000011e8040_0;
    %parti/s 2, 8, 5;
    %cmpi/e 2, 0, 2;
    %jmp/0xz  T_9.6, 4;
    %pushi/vec4 2, 0, 3;
    %store/vec4 v00000000011e78c0_0, 0, 3;
T_9.6 ;
    %jmp T_9.5;
T_9.3 ;
    %load/vec4 v00000000011e8040_0;
    %parti/s 2, 0, 2;
    %dup/vec4;
    %pushi/vec4 0, 0, 2;
    %cmp/u;
    %jmp/1 T_9.8, 6;
    %dup/vec4;
    %pushi/vec4 1, 0, 2;
    %cmp/u;
    %jmp/1 T_9.9, 6;
    %dup/vec4;
    %pushi/vec4 2, 0, 2;
    %cmp/u;
    %jmp/1 T_9.10, 6;
    %dup/vec4;
    %pushi/vec4 3, 0, 2;
    %cmp/u;
    %jmp/1 T_9.11, 6;
    %jmp T_9.12;
T_9.8 ;
    %pushi/vec4 1, 0, 4;
    %store/vec4 v00000000011e8180_0, 0, 4;
    %jmp T_9.12;
T_9.9 ;
    %pushi/vec4 2, 0, 4;
    %store/vec4 v00000000011e8180_0, 0, 4;
    %jmp T_9.12;
T_9.10 ;
    %pushi/vec4 4, 0, 4;
    %store/vec4 v00000000011e8180_0, 0, 4;
    %jmp T_9.12;
T_9.11 ;
    %pushi/vec4 8, 0, 4;
    %store/vec4 v00000000011e8180_0, 0, 4;
    %jmp T_9.12;
T_9.12 ;
    %pop/vec4 1;
    %load/vec4 v00000000011e8400_0;
    %cmpi/e 1, 0, 1;
    %jmp/0xz  T_9.13, 4;
    %pushi/vec4 4, 0, 3;
    %store/vec4 v00000000011e78c0_0, 0, 3;
T_9.13 ;
    %jmp T_9.5;
T_9.4 ;
    %pushi/vec4 0, 0, 4;
    %store/vec4 v00000000011e8180_0, 0, 4;
    %pushi/vec4 1, 0, 1;
    %store/vec4 v00000000011e8a40_0, 0, 1;
    %load/vec4 v00000000011e8720_0;
    %cmpi/e 1, 0, 1;
    %jmp/0xz  T_9.15, 4;
    %pushi/vec4 1, 0, 3;
    %store/vec4 v00000000011e78c0_0, 0, 3;
    %pushi/vec4 0, 0, 1;
    %store/vec4 v00000000011e8a40_0, 0, 1;
T_9.15 ;
    %jmp T_9.5;
T_9.5 ;
    %pop/vec4 1;
T_9.1 ;
    %jmp T_9;
    .thread T_9;
    .scope S_0000000001574cf0;
T_10 ;
Ewait_4 .event/or E_00000000011cda30, E_0x0;
    %wait Ewait_4;
    %pushi/vec4 0, 0, 1;
    %store/vec4 v00000000011edb60_0, 0, 1;
    %load/vec4 v00000000011ed0c0_0;
    %parti/s 2, 8, 5;
    %cmpi/e 0, 0, 2;
    %jmp/0xz  T_10.0, 4;
    %pushi/vec4 0, 0, 1;
    %store/vec4 v00000000011edb60_0, 0, 1;
    %jmp T_10.1;
T_10.0 ;
    %pushi/vec4 1, 0, 1;
    %store/vec4 v00000000011edb60_0, 0, 1;
T_10.1 ;
    %jmp T_10;
    .thread T_10, $push;
    .scope S_00000000011e43f0;
T_11 ;
    %wait E_00000000011cd670;
    %load/vec4 v00000000011edfc0_0;
    %flag_set/vec4 8;
    %jmp/0xz  T_11.0, 8;
    %pushi/vec4 0, 0, 4;
    %assign/vec4 v00000000011eec40_0, 0;
    %pushi/vec4 0, 0, 4;
    %assign/vec4 v00000000011eee20_0, 0;
    %jmp T_11.1;
T_11.0 ;
    %load/vec4 v00000000011ee380_0;
    %flag_set/vec4 8;
    %jmp/0xz  T_11.2, 8;
    %load/vec4 v00000000011eec40_0;
    %addi 1, 0, 4;
    %assign/vec4 v00000000011eec40_0, 0;
T_11.2 ;
    %load/vec4 v00000000011ed520_0;
    %flag_set/vec4 8;
    %jmp/0xz  T_11.4, 8;
    %load/vec4 v00000000011eee20_0;
    %addi 1, 0, 4;
    %assign/vec4 v00000000011eee20_0, 0;
T_11.4 ;
T_11.1 ;
    %jmp T_11;
    .thread T_11;
    .scope S_00000000011e43f0;
T_12 ;
    %wait E_00000000011cd7f0;
    %load/vec4 v00000000011ee380_0;
    %flag_set/vec4 8;
    %jmp/0xz  T_12.0, 8;
    %load/vec4 v00000000011edf20_0;
    %load/vec4 v00000000011eec40_0;
    %pad/u 6;
    %ix/vec4 3;
    %ix/load 4, 0, 0; Constant delay
    %assign/vec4/a/d v00000000011ed5c0, 0, 4;
T_12.0 ;
    %jmp T_12;
    .thread T_12;
    .scope S_00000000011e43f0;
T_13 ;
Ewait_5 .event/or E_00000000011cd9f0, E_0x0;
    %wait Ewait_5;
    %load/vec4 v00000000011eee20_0;
    %pad/u 6;
    %ix/vec4 4;
    %load/vec4a v00000000011ed5c0, 4;
    %store/vec4 v00000000011ed660_0, 0, 10;
    %load/vec4 v00000000011eec40_0;
    %load/vec4 v00000000011eee20_0;
    %cmp/e;
    %jmp/0xz  T_13.0, 4;
    %pushi/vec4 1, 0, 1;
    %store/vec4 v00000000011e7320_0, 0, 1;
    %pushi/vec4 0, 0, 10;
    %store/vec4 v00000000011ed660_0, 0, 10;
    %jmp T_13.1;
T_13.0 ;
    %pushi/vec4 0, 0, 1;
    %store/vec4 v00000000011e7320_0, 0, 1;
T_13.1 ;
    %load/vec4 v00000000011eec40_0;
    %addi 1, 0, 4;
    %store/vec4 v00000000011ed2a0_0, 0, 4;
    %load/vec4 v00000000011eee20_0;
    %load/vec4 v00000000011ed2a0_0;
    %cmp/e;
    %jmp/0xz  T_13.2, 4;
    %pushi/vec4 1, 0, 1;
    %store/vec4 v00000000011e76e0_0, 0, 1;
    %jmp T_13.3;
T_13.2 ;
    %pushi/vec4 0, 0, 1;
    %store/vec4 v00000000011e76e0_0, 0, 1;
T_13.3 ;
    %jmp T_13;
    .thread T_13, $push;
    .scope S_00000000011e3f40;
T_14 ;
    %wait E_00000000011cd670;
    %load/vec4 v00000000011edac0_0;
    %flag_set/vec4 8;
    %jmp/0xz  T_14.0, 8;
    %pushi/vec4 1, 0, 3;
    %assign/vec4 v00000000011ed8e0_0, 0;
    %pushi/vec4 0, 0, 1;
    %assign/vec4 v00000000011ed020_0, 0;
    %pushi/vec4 0, 0, 4;
    %assign/vec4 v00000000011ed340_0, 0;
    %jmp T_14.1;
T_14.0 ;
    %pushi/vec4 1, 0, 32;
    %dup/vec4;
    %load/vec4 v00000000011ed8e0_0;
    %parti/s 1, 0, 2;
    %pad/u 32;
    %cmp/u;
    %jmp/1 T_14.2, 6;
    %dup/vec4;
    %load/vec4 v00000000011ed8e0_0;
    %parti/s 1, 1, 2;
    %pad/u 32;
    %cmp/u;
    %jmp/1 T_14.3, 6;
    %dup/vec4;
    %load/vec4 v00000000011ed8e0_0;
    %parti/s 1, 2, 3;
    %pad/u 32;
    %cmp/u;
    %jmp/1 T_14.4, 6;
    %jmp T_14.5;
T_14.2 ;
    %pushi/vec4 0, 0, 4;
    %store/vec4 v00000000011ed340_0, 0, 4;
    %load/vec4 v00000000011edde0_0;
    %parti/s 2, 8, 5;
    %cmpi/e 2, 0, 2;
    %jmp/0xz  T_14.6, 4;
    %pushi/vec4 2, 0, 3;
    %store/vec4 v00000000011ed8e0_0, 0, 3;
T_14.6 ;
    %jmp T_14.5;
T_14.3 ;
    %load/vec4 v00000000011edde0_0;
    %parti/s 2, 0, 2;
    %dup/vec4;
    %pushi/vec4 0, 0, 2;
    %cmp/u;
    %jmp/1 T_14.8, 6;
    %dup/vec4;
    %pushi/vec4 1, 0, 2;
    %cmp/u;
    %jmp/1 T_14.9, 6;
    %dup/vec4;
    %pushi/vec4 2, 0, 2;
    %cmp/u;
    %jmp/1 T_14.10, 6;
    %dup/vec4;
    %pushi/vec4 3, 0, 2;
    %cmp/u;
    %jmp/1 T_14.11, 6;
    %jmp T_14.12;
T_14.8 ;
    %pushi/vec4 1, 0, 4;
    %store/vec4 v00000000011ed340_0, 0, 4;
    %jmp T_14.12;
T_14.9 ;
    %pushi/vec4 2, 0, 4;
    %store/vec4 v00000000011ed340_0, 0, 4;
    %jmp T_14.12;
T_14.10 ;
    %pushi/vec4 4, 0, 4;
    %store/vec4 v00000000011ed340_0, 0, 4;
    %jmp T_14.12;
T_14.11 ;
    %pushi/vec4 8, 0, 4;
    %store/vec4 v00000000011ed340_0, 0, 4;
    %jmp T_14.12;
T_14.12 ;
    %pop/vec4 1;
    %load/vec4 v00000000011ee7e0_0;
    %cmpi/e 1, 0, 1;
    %jmp/0xz  T_14.13, 4;
    %pushi/vec4 4, 0, 3;
    %store/vec4 v00000000011ed8e0_0, 0, 3;
T_14.13 ;
    %jmp T_14.5;
T_14.4 ;
    %pushi/vec4 0, 0, 4;
    %store/vec4 v00000000011ed340_0, 0, 4;
    %pushi/vec4 1, 0, 1;
    %store/vec4 v00000000011ed020_0, 0, 1;
    %load/vec4 v00000000011ed480_0;
    %cmpi/e 1, 0, 1;
    %jmp/0xz  T_14.15, 4;
    %pushi/vec4 1, 0, 3;
    %store/vec4 v00000000011ed8e0_0, 0, 3;
    %pushi/vec4 0, 0, 1;
    %store/vec4 v00000000011ed020_0, 0, 1;
T_14.15 ;
    %jmp T_14.5;
T_14.5 ;
    %pop/vec4 1;
T_14.1 ;
    %jmp T_14;
    .thread T_14;
    .scope S_0000000001574b60;
T_15 ;
Ewait_6 .event/or E_00000000011cdcf0, E_0x0;
    %wait Ewait_6;
    %pushi/vec4 0, 0, 1;
    %store/vec4 v0000000001577c00_0, 0, 1;
    %load/vec4 v0000000001577020_0;
    %parti/s 2, 8, 5;
    %cmpi/e 0, 0, 2;
    %jmp/0xz  T_15.0, 4;
    %pushi/vec4 0, 0, 1;
    %store/vec4 v0000000001577c00_0, 0, 1;
    %jmp T_15.1;
T_15.0 ;
    %pushi/vec4 1, 0, 1;
    %store/vec4 v0000000001577c00_0, 0, 1;
T_15.1 ;
    %jmp T_15;
    .thread T_15, $push;
    .scope S_00000000015749d0;
T_16 ;
    %wait E_00000000011cd670;
    %load/vec4 v00000000011eda20_0;
    %flag_set/vec4 8;
    %jmp/0xz  T_16.0, 8;
    %pushi/vec4 0, 0, 4;
    %assign/vec4 v00000000011edd40_0, 0;
    %pushi/vec4 0, 0, 4;
    %assign/vec4 v00000000011edc00_0, 0;
    %jmp T_16.1;
T_16.0 ;
    %load/vec4 v00000000011ede80_0;
    %flag_set/vec4 8;
    %jmp/0xz  T_16.2, 8;
    %load/vec4 v00000000011edd40_0;
    %addi 1, 0, 4;
    %assign/vec4 v00000000011edd40_0, 0;
T_16.2 ;
    %load/vec4 v00000000011ed840_0;
    %flag_set/vec4 8;
    %jmp/0xz  T_16.4, 8;
    %load/vec4 v00000000011edc00_0;
    %addi 1, 0, 4;
    %assign/vec4 v00000000011edc00_0, 0;
T_16.4 ;
T_16.1 ;
    %jmp T_16;
    .thread T_16;
    .scope S_00000000015749d0;
T_17 ;
    %wait E_00000000011cd7f0;
    %load/vec4 v00000000011ede80_0;
    %flag_set/vec4 8;
    %jmp/0xz  T_17.0, 8;
    %load/vec4 v00000000011eed80_0;
    %load/vec4 v00000000011edd40_0;
    %pad/u 6;
    %ix/vec4 3;
    %ix/load 4, 0, 0; Constant delay
    %assign/vec4/a/d v00000000011eeba0, 0, 4;
T_17.0 ;
    %jmp T_17;
    .thread T_17;
    .scope S_00000000015749d0;
T_18 ;
Ewait_7 .event/or E_00000000011cdab0, E_0x0;
    %wait Ewait_7;
    %load/vec4 v00000000011edc00_0;
    %pad/u 6;
    %ix/vec4 4;
    %load/vec4a v00000000011eeba0, 4;
    %store/vec4 v00000000011ed7a0_0, 0, 10;
    %load/vec4 v00000000011edd40_0;
    %load/vec4 v00000000011edc00_0;
    %cmp/e;
    %jmp/0xz  T_18.0, 4;
    %pushi/vec4 1, 0, 1;
    %store/vec4 v00000000011ecf80_0, 0, 1;
    %pushi/vec4 0, 0, 10;
    %store/vec4 v00000000011ed7a0_0, 0, 10;
    %jmp T_18.1;
T_18.0 ;
    %pushi/vec4 0, 0, 1;
    %store/vec4 v00000000011ecf80_0, 0, 1;
T_18.1 ;
    %load/vec4 v00000000011edd40_0;
    %addi 1, 0, 4;
    %store/vec4 v00000000011eea60_0, 0, 4;
    %load/vec4 v00000000011edc00_0;
    %load/vec4 v00000000011eea60_0;
    %cmp/e;
    %jmp/0xz  T_18.2, 4;
    %pushi/vec4 1, 0, 1;
    %store/vec4 v00000000011ed700_0, 0, 1;
    %jmp T_18.3;
T_18.2 ;
    %pushi/vec4 0, 0, 1;
    %store/vec4 v00000000011ed700_0, 0, 1;
T_18.3 ;
    %jmp T_18;
    .thread T_18, $push;
    .scope S_0000000001574e80;
T_19 ;
    %wait E_00000000011cd670;
    %load/vec4 v00000000011ee6a0_0;
    %flag_set/vec4 8;
    %jmp/0xz  T_19.0, 8;
    %pushi/vec4 1, 0, 3;
    %assign/vec4 v00000000011ee740_0, 0;
    %pushi/vec4 0, 0, 1;
    %assign/vec4 v00000000011ee4c0_0, 0;
    %pushi/vec4 0, 0, 4;
    %assign/vec4 v00000000011ee560_0, 0;
    %jmp T_19.1;
T_19.0 ;
    %pushi/vec4 1, 0, 32;
    %dup/vec4;
    %load/vec4 v00000000011ee740_0;
    %parti/s 1, 0, 2;
    %pad/u 32;
    %cmp/u;
    %jmp/1 T_19.2, 6;
    %dup/vec4;
    %load/vec4 v00000000011ee740_0;
    %parti/s 1, 1, 2;
    %pad/u 32;
    %cmp/u;
    %jmp/1 T_19.3, 6;
    %dup/vec4;
    %load/vec4 v00000000011ee740_0;
    %parti/s 1, 2, 3;
    %pad/u 32;
    %cmp/u;
    %jmp/1 T_19.4, 6;
    %jmp T_19.5;
T_19.2 ;
    %pushi/vec4 0, 0, 4;
    %store/vec4 v00000000011ee560_0, 0, 4;
    %load/vec4 v00000000011ee2e0_0;
    %parti/s 2, 8, 5;
    %cmpi/e 2, 0, 2;
    %jmp/0xz  T_19.6, 4;
    %pushi/vec4 2, 0, 3;
    %store/vec4 v00000000011ee740_0, 0, 3;
T_19.6 ;
    %jmp T_19.5;
T_19.3 ;
    %load/vec4 v00000000011ee2e0_0;
    %parti/s 2, 0, 2;
    %dup/vec4;
    %pushi/vec4 0, 0, 2;
    %cmp/u;
    %jmp/1 T_19.8, 6;
    %dup/vec4;
    %pushi/vec4 1, 0, 2;
    %cmp/u;
    %jmp/1 T_19.9, 6;
    %dup/vec4;
    %pushi/vec4 2, 0, 2;
    %cmp/u;
    %jmp/1 T_19.10, 6;
    %dup/vec4;
    %pushi/vec4 3, 0, 2;
    %cmp/u;
    %jmp/1 T_19.11, 6;
    %jmp T_19.12;
T_19.8 ;
    %pushi/vec4 1, 0, 4;
    %store/vec4 v00000000011ee560_0, 0, 4;
    %jmp T_19.12;
T_19.9 ;
    %pushi/vec4 2, 0, 4;
    %store/vec4 v00000000011ee560_0, 0, 4;
    %jmp T_19.12;
T_19.10 ;
    %pushi/vec4 4, 0, 4;
    %store/vec4 v00000000011ee560_0, 0, 4;
    %jmp T_19.12;
T_19.11 ;
    %pushi/vec4 8, 0, 4;
    %store/vec4 v00000000011ee560_0, 0, 4;
    %jmp T_19.12;
T_19.12 ;
    %pop/vec4 1;
    %load/vec4 v00000000011ee600_0;
    %cmpi/e 1, 0, 1;
    %jmp/0xz  T_19.13, 4;
    %pushi/vec4 4, 0, 3;
    %store/vec4 v00000000011ee740_0, 0, 3;
T_19.13 ;
    %jmp T_19.5;
T_19.4 ;
    %pushi/vec4 0, 0, 4;
    %store/vec4 v00000000011ee560_0, 0, 4;
    %pushi/vec4 1, 0, 1;
    %store/vec4 v00000000011ee4c0_0, 0, 1;
    %load/vec4 v00000000011ee240_0;
    %cmpi/e 1, 0, 1;
    %jmp/0xz  T_19.15, 4;
    %pushi/vec4 1, 0, 3;
    %store/vec4 v00000000011ee740_0, 0, 3;
    %pushi/vec4 0, 0, 1;
    %store/vec4 v00000000011ee4c0_0, 0, 1;
T_19.15 ;
    %jmp T_19.5;
T_19.5 ;
    %pop/vec4 1;
T_19.1 ;
    %jmp T_19;
    .thread T_19;
    .scope S_00000000011473a0;
T_20 ;
Ewait_8 .event/or E_00000000011cd730, E_0x0;
    %wait Ewait_8;
    %pushi/vec4 0, 0, 1;
    %store/vec4 v00000000011e17d0_0, 0, 1;
    %load/vec4 v00000000011e00b0_0;
    %flag_set/vec4 8;
    %load/vec4 v00000000011e1370_0;
    %flag_set/vec4 9;
    %flag_or 9, 8;
    %load/vec4 v00000000011dfed0_0;
    %flag_set/vec4 8;
    %flag_or 8, 9;
    %load/vec4 v00000000011e0970_0;
    %flag_set/vec4 9;
    %flag_or 9, 8;
    %jmp/0xz  T_20.0, 9;
    %pushi/vec4 0, 0, 1;
    %store/vec4 v00000000011e17d0_0, 0, 1;
    %jmp T_20.1;
T_20.0 ;
    %pushi/vec4 1, 0, 1;
    %store/vec4 v00000000011e17d0_0, 0, 1;
T_20.1 ;
    %jmp T_20;
    .thread T_20, $push;
    .scope S_00000000011473a0;
T_21 ;
    %wait E_00000000011cd670;
    %load/vec4 v00000000011e0d30_0;
    %flag_set/vec4 8;
    %jmp/0xz  T_21.0, 8;
    %pushi/vec4 0, 0, 1;
    %assign/vec4 v00000000011a5df0_0, 0;
    %pushi/vec4 0, 0, 1;
    %assign/vec4 v00000000011a6610_0, 0;
    %pushi/vec4 0, 0, 1;
    %assign/vec4 v00000000011a5f30_0, 0;
    %pushi/vec4 0, 0, 1;
    %assign/vec4 v00000000011a6250_0, 0;
    %pushi/vec4 0, 0, 3;
    %assign/vec4 v00000000011e1690_0, 0;
    %jmp T_21.1;
T_21.0 ;
    %load/vec4 v00000000011e1690_0;
    %dup/vec4;
    %pushi/vec4 0, 0, 3;
    %cmp/u;
    %jmp/1 T_21.2, 6;
    %dup/vec4;
    %pushi/vec4 1, 0, 3;
    %cmp/u;
    %jmp/1 T_21.3, 6;
    %dup/vec4;
    %pushi/vec4 2, 0, 3;
    %cmp/u;
    %jmp/1 T_21.4, 6;
    %dup/vec4;
    %pushi/vec4 3, 0, 3;
    %cmp/u;
    %jmp/1 T_21.5, 6;
    %jmp T_21.6;
T_21.2 ;
    %load/vec4 v00000000011e00b0_0;
    %flag_set/vec4 8;
    %jmp/0xz  T_21.7, 8;
    %pushi/vec4 1, 0, 1;
    %store/vec4 v00000000011a5df0_0, 0, 1;
    %jmp T_21.8;
T_21.7 ;
    %load/vec4 v00000000011e1370_0;
    %flag_set/vec4 8;
    %jmp/0xz  T_21.9, 8;
    %pushi/vec4 1, 0, 1;
    %store/vec4 v00000000011a6610_0, 0, 1;
    %jmp T_21.10;
T_21.9 ;
    %load/vec4 v00000000011dfed0_0;
    %flag_set/vec4 8;
    %jmp/0xz  T_21.11, 8;
    %pushi/vec4 1, 0, 1;
    %store/vec4 v00000000011a5f30_0, 0, 1;
    %jmp T_21.12;
T_21.11 ;
    %load/vec4 v00000000011e0970_0;
    %flag_set/vec4 8;
    %jmp/0xz  T_21.13, 8;
    %pushi/vec4 1, 0, 1;
    %store/vec4 v00000000011a6250_0, 0, 1;
T_21.13 ;
T_21.12 ;
T_21.10 ;
T_21.8 ;
    %jmp T_21.6;
T_21.3 ;
    %load/vec4 v00000000011e1370_0;
    %flag_set/vec4 8;
    %jmp/0xz  T_21.15, 8;
    %pushi/vec4 1, 0, 1;
    %store/vec4 v00000000011a6610_0, 0, 1;
    %jmp T_21.16;
T_21.15 ;
    %load/vec4 v00000000011dfed0_0;
    %flag_set/vec4 8;
    %jmp/0xz  T_21.17, 8;
    %pushi/vec4 1, 0, 1;
    %store/vec4 v00000000011a5f30_0, 0, 1;
    %jmp T_21.18;
T_21.17 ;
    %load/vec4 v00000000011e0970_0;
    %flag_set/vec4 8;
    %jmp/0xz  T_21.19, 8;
    %pushi/vec4 1, 0, 1;
    %store/vec4 v00000000011a6250_0, 0, 1;
    %jmp T_21.20;
T_21.19 ;
    %load/vec4 v00000000011e00b0_0;
    %flag_set/vec4 8;
    %jmp/0xz  T_21.21, 8;
    %pushi/vec4 1, 0, 1;
    %store/vec4 v00000000011a5df0_0, 0, 1;
T_21.21 ;
T_21.20 ;
T_21.18 ;
T_21.16 ;
    %jmp T_21.6;
T_21.4 ;
    %load/vec4 v00000000011dfed0_0;
    %flag_set/vec4 8;
    %jmp/0xz  T_21.23, 8;
    %pushi/vec4 1, 0, 1;
    %store/vec4 v00000000011a5f30_0, 0, 1;
    %jmp T_21.24;
T_21.23 ;
    %load/vec4 v00000000011e0970_0;
    %flag_set/vec4 8;
    %jmp/0xz  T_21.25, 8;
    %pushi/vec4 1, 0, 1;
    %store/vec4 v00000000011a6250_0, 0, 1;
    %jmp T_21.26;
T_21.25 ;
    %load/vec4 v00000000011e00b0_0;
    %flag_set/vec4 8;
    %jmp/0xz  T_21.27, 8;
    %pushi/vec4 1, 0, 1;
    %store/vec4 v00000000011a5df0_0, 0, 1;
    %jmp T_21.28;
T_21.27 ;
    %load/vec4 v00000000011e1370_0;
    %flag_set/vec4 8;
    %jmp/0xz  T_21.29, 8;
    %pushi/vec4 1, 0, 1;
    %store/vec4 v00000000011a6610_0, 0, 1;
T_21.29 ;
T_21.28 ;
T_21.26 ;
T_21.24 ;
    %jmp T_21.6;
T_21.5 ;
    %load/vec4 v00000000011e0970_0;
    %flag_set/vec4 8;
    %jmp/0xz  T_21.31, 8;
    %pushi/vec4 1, 0, 1;
    %store/vec4 v00000000011a6250_0, 0, 1;
    %jmp T_21.32;
T_21.31 ;
    %load/vec4 v00000000011e00b0_0;
    %flag_set/vec4 8;
    %jmp/0xz  T_21.33, 8;
    %pushi/vec4 1, 0, 1;
    %store/vec4 v00000000011a5df0_0, 0, 1;
    %jmp T_21.34;
T_21.33 ;
    %load/vec4 v00000000011e1370_0;
    %flag_set/vec4 8;
    %jmp/0xz  T_21.35, 8;
    %pushi/vec4 1, 0, 1;
    %store/vec4 v00000000011a6610_0, 0, 1;
    %jmp T_21.36;
T_21.35 ;
    %load/vec4 v00000000011dfed0_0;
    %flag_set/vec4 8;
    %jmp/0xz  T_21.37, 8;
    %pushi/vec4 1, 0, 1;
    %store/vec4 v00000000011a5f30_0, 0, 1;
T_21.37 ;
T_21.36 ;
T_21.34 ;
T_21.32 ;
    %jmp T_21.6;
T_21.6 ;
    %pop/vec4 1;
T_21.1 ;
    %jmp T_21;
    .thread T_21;
    .scope S_00000000011473a0;
T_22 ;
    %wait E_00000000011cd6f0;
    %load/vec4 v00000000011e1690_0;
    %addi 1, 0, 3;
    %assign/vec4 v00000000011e1690_0, 0;
    %pushi/vec4 0, 0, 1;
    %assign/vec4 v00000000011a5df0_0, 0;
    %pushi/vec4 0, 0, 1;
    %assign/vec4 v00000000011a6610_0, 0;
    %pushi/vec4 0, 0, 1;
    %assign/vec4 v00000000011a5f30_0, 0;
    %pushi/vec4 0, 0, 1;
    %assign/vec4 v00000000011a6250_0, 0;
    %jmp T_22;
    .thread T_22;
    .scope S_00000000011e1d50;
T_23 ;
Ewait_9 .event/or E_00000000011cd0b0, E_0x0;
    %wait Ewait_9;
    %pushi/vec4 0, 0, 1;
    %store/vec4 v00000000011e0650_0, 0, 1;
    %load/vec4 v00000000011e0bf0_0;
    %flag_set/vec4 8;
    %load/vec4 v00000000011e1050_0;
    %flag_set/vec4 9;
    %flag_or 9, 8;
    %load/vec4 v00000000011e0470_0;
    %flag_set/vec4 8;
    %flag_or 8, 9;
    %load/vec4 v00000000011e1410_0;
    %flag_set/vec4 9;
    %flag_or 9, 8;
    %jmp/0xz  T_23.0, 9;
    %pushi/vec4 0, 0, 1;
    %store/vec4 v00000000011e0650_0, 0, 1;
    %jmp T_23.1;
T_23.0 ;
    %pushi/vec4 1, 0, 1;
    %store/vec4 v00000000011e0650_0, 0, 1;
T_23.1 ;
    %jmp T_23;
    .thread T_23, $push;
    .scope S_00000000011e1d50;
T_24 ;
    %wait E_00000000011cd670;
    %load/vec4 v00000000011e01f0_0;
    %flag_set/vec4 8;
    %jmp/0xz  T_24.0, 8;
    %pushi/vec4 0, 0, 1;
    %assign/vec4 v00000000011e0290_0, 0;
    %pushi/vec4 0, 0, 1;
    %assign/vec4 v00000000011e08d0_0, 0;
    %pushi/vec4 0, 0, 1;
    %assign/vec4 v00000000011e03d0_0, 0;
    %pushi/vec4 0, 0, 1;
    %assign/vec4 v00000000011e1190_0, 0;
    %pushi/vec4 0, 0, 3;
    %assign/vec4 v00000000011e0510_0, 0;
    %jmp T_24.1;
T_24.0 ;
    %load/vec4 v00000000011e0510_0;
    %dup/vec4;
    %pushi/vec4 0, 0, 3;
    %cmp/u;
    %jmp/1 T_24.2, 6;
    %dup/vec4;
    %pushi/vec4 1, 0, 3;
    %cmp/u;
    %jmp/1 T_24.3, 6;
    %dup/vec4;
    %pushi/vec4 2, 0, 3;
    %cmp/u;
    %jmp/1 T_24.4, 6;
    %dup/vec4;
    %pushi/vec4 3, 0, 3;
    %cmp/u;
    %jmp/1 T_24.5, 6;
    %jmp T_24.6;
T_24.2 ;
    %load/vec4 v00000000011e0bf0_0;
    %flag_set/vec4 8;
    %jmp/0xz  T_24.7, 8;
    %pushi/vec4 1, 0, 1;
    %store/vec4 v00000000011e0290_0, 0, 1;
    %jmp T_24.8;
T_24.7 ;
    %load/vec4 v00000000011e1050_0;
    %flag_set/vec4 8;
    %jmp/0xz  T_24.9, 8;
    %pushi/vec4 1, 0, 1;
    %store/vec4 v00000000011e08d0_0, 0, 1;
    %jmp T_24.10;
T_24.9 ;
    %load/vec4 v00000000011e0470_0;
    %flag_set/vec4 8;
    %jmp/0xz  T_24.11, 8;
    %pushi/vec4 1, 0, 1;
    %store/vec4 v00000000011e03d0_0, 0, 1;
    %jmp T_24.12;
T_24.11 ;
    %load/vec4 v00000000011e1410_0;
    %flag_set/vec4 8;
    %jmp/0xz  T_24.13, 8;
    %pushi/vec4 1, 0, 1;
    %store/vec4 v00000000011e1190_0, 0, 1;
T_24.13 ;
T_24.12 ;
T_24.10 ;
T_24.8 ;
    %jmp T_24.6;
T_24.3 ;
    %load/vec4 v00000000011e1050_0;
    %flag_set/vec4 8;
    %jmp/0xz  T_24.15, 8;
    %pushi/vec4 1, 0, 1;
    %store/vec4 v00000000011e08d0_0, 0, 1;
    %jmp T_24.16;
T_24.15 ;
    %load/vec4 v00000000011e0470_0;
    %flag_set/vec4 8;
    %jmp/0xz  T_24.17, 8;
    %pushi/vec4 1, 0, 1;
    %store/vec4 v00000000011e03d0_0, 0, 1;
    %jmp T_24.18;
T_24.17 ;
    %load/vec4 v00000000011e1410_0;
    %flag_set/vec4 8;
    %jmp/0xz  T_24.19, 8;
    %pushi/vec4 1, 0, 1;
    %store/vec4 v00000000011e1190_0, 0, 1;
    %jmp T_24.20;
T_24.19 ;
    %load/vec4 v00000000011e0bf0_0;
    %flag_set/vec4 8;
    %jmp/0xz  T_24.21, 8;
    %pushi/vec4 1, 0, 1;
    %store/vec4 v00000000011e0290_0, 0, 1;
T_24.21 ;
T_24.20 ;
T_24.18 ;
T_24.16 ;
    %jmp T_24.6;
T_24.4 ;
    %load/vec4 v00000000011e0470_0;
    %flag_set/vec4 8;
    %jmp/0xz  T_24.23, 8;
    %pushi/vec4 1, 0, 1;
    %store/vec4 v00000000011e03d0_0, 0, 1;
    %jmp T_24.24;
T_24.23 ;
    %load/vec4 v00000000011e1410_0;
    %flag_set/vec4 8;
    %jmp/0xz  T_24.25, 8;
    %pushi/vec4 1, 0, 1;
    %store/vec4 v00000000011e1190_0, 0, 1;
    %jmp T_24.26;
T_24.25 ;
    %load/vec4 v00000000011e0bf0_0;
    %flag_set/vec4 8;
    %jmp/0xz  T_24.27, 8;
    %pushi/vec4 1, 0, 1;
    %store/vec4 v00000000011e0290_0, 0, 1;
    %jmp T_24.28;
T_24.27 ;
    %load/vec4 v00000000011e1050_0;
    %flag_set/vec4 8;
    %jmp/0xz  T_24.29, 8;
    %pushi/vec4 1, 0, 1;
    %store/vec4 v00000000011e08d0_0, 0, 1;
T_24.29 ;
T_24.28 ;
T_24.26 ;
T_24.24 ;
    %jmp T_24.6;
T_24.5 ;
    %load/vec4 v00000000011e1410_0;
    %flag_set/vec4 8;
    %jmp/0xz  T_24.31, 8;
    %pushi/vec4 1, 0, 1;
    %store/vec4 v00000000011e1190_0, 0, 1;
    %jmp T_24.32;
T_24.31 ;
    %load/vec4 v00000000011e0bf0_0;
    %flag_set/vec4 8;
    %jmp/0xz  T_24.33, 8;
    %pushi/vec4 1, 0, 1;
    %store/vec4 v00000000011e0290_0, 0, 1;
    %jmp T_24.34;
T_24.33 ;
    %load/vec4 v00000000011e1050_0;
    %flag_set/vec4 8;
    %jmp/0xz  T_24.35, 8;
    %pushi/vec4 1, 0, 1;
    %store/vec4 v00000000011e08d0_0, 0, 1;
    %jmp T_24.36;
T_24.35 ;
    %load/vec4 v00000000011e0470_0;
    %flag_set/vec4 8;
    %jmp/0xz  T_24.37, 8;
    %pushi/vec4 1, 0, 1;
    %store/vec4 v00000000011e03d0_0, 0, 1;
T_24.37 ;
T_24.36 ;
T_24.34 ;
T_24.32 ;
    %jmp T_24.6;
T_24.6 ;
    %pop/vec4 1;
T_24.1 ;
    %jmp T_24;
    .thread T_24;
    .scope S_00000000011e1d50;
T_25 ;
    %wait E_00000000011cd430;
    %load/vec4 v00000000011e0510_0;
    %addi 1, 0, 3;
    %assign/vec4 v00000000011e0510_0, 0;
    %pushi/vec4 0, 0, 1;
    %assign/vec4 v00000000011e0290_0, 0;
    %pushi/vec4 0, 0, 1;
    %assign/vec4 v00000000011e08d0_0, 0;
    %pushi/vec4 0, 0, 1;
    %assign/vec4 v00000000011e03d0_0, 0;
    %pushi/vec4 0, 0, 1;
    %assign/vec4 v00000000011e1190_0, 0;
    %jmp T_25;
    .thread T_25;
    .scope S_00000000011600a0;
T_26 ;
Ewait_10 .event/or E_00000000011ccd70, E_0x0;
    %wait Ewait_10;
    %pushi/vec4 0, 0, 1;
    %store/vec4 v00000000011dff70_0, 0, 1;
    %load/vec4 v00000000011dfe30_0;
    %flag_set/vec4 8;
    %load/vec4 v00000000011e0dd0_0;
    %flag_set/vec4 9;
    %flag_or 9, 8;
    %load/vec4 v00000000011e1870_0;
    %flag_set/vec4 8;
    %flag_or 8, 9;
    %load/vec4 v00000000011e0a10_0;
    %flag_set/vec4 9;
    %flag_or 9, 8;
    %jmp/0xz  T_26.0, 9;
    %pushi/vec4 0, 0, 1;
    %store/vec4 v00000000011dff70_0, 0, 1;
    %jmp T_26.1;
T_26.0 ;
    %pushi/vec4 1, 0, 1;
    %store/vec4 v00000000011dff70_0, 0, 1;
T_26.1 ;
    %jmp T_26;
    .thread T_26, $push;
    .scope S_00000000011600a0;
T_27 ;
    %wait E_00000000011cd670;
    %load/vec4 v00000000011e1a50_0;
    %flag_set/vec4 8;
    %jmp/0xz  T_27.0, 8;
    %pushi/vec4 0, 0, 1;
    %assign/vec4 v00000000011e0150_0, 0;
    %pushi/vec4 0, 0, 1;
    %assign/vec4 v00000000011e1550_0, 0;
    %pushi/vec4 0, 0, 1;
    %assign/vec4 v00000000011e0c90_0, 0;
    %pushi/vec4 0, 0, 1;
    %assign/vec4 v00000000011e1230_0, 0;
    %pushi/vec4 0, 0, 3;
    %assign/vec4 v00000000011e12d0_0, 0;
    %jmp T_27.1;
T_27.0 ;
    %load/vec4 v00000000011e12d0_0;
    %dup/vec4;
    %pushi/vec4 0, 0, 3;
    %cmp/u;
    %jmp/1 T_27.2, 6;
    %dup/vec4;
    %pushi/vec4 1, 0, 3;
    %cmp/u;
    %jmp/1 T_27.3, 6;
    %dup/vec4;
    %pushi/vec4 2, 0, 3;
    %cmp/u;
    %jmp/1 T_27.4, 6;
    %dup/vec4;
    %pushi/vec4 3, 0, 3;
    %cmp/u;
    %jmp/1 T_27.5, 6;
    %jmp T_27.6;
T_27.2 ;
    %load/vec4 v00000000011dfe30_0;
    %flag_set/vec4 8;
    %jmp/0xz  T_27.7, 8;
    %pushi/vec4 1, 0, 1;
    %store/vec4 v00000000011e0150_0, 0, 1;
    %jmp T_27.8;
T_27.7 ;
    %load/vec4 v00000000011e0dd0_0;
    %flag_set/vec4 8;
    %jmp/0xz  T_27.9, 8;
    %pushi/vec4 1, 0, 1;
    %store/vec4 v00000000011e1550_0, 0, 1;
    %jmp T_27.10;
T_27.9 ;
    %load/vec4 v00000000011e1870_0;
    %flag_set/vec4 8;
    %jmp/0xz  T_27.11, 8;
    %pushi/vec4 1, 0, 1;
    %store/vec4 v00000000011e0c90_0, 0, 1;
    %jmp T_27.12;
T_27.11 ;
    %load/vec4 v00000000011e0a10_0;
    %flag_set/vec4 8;
    %jmp/0xz  T_27.13, 8;
    %pushi/vec4 1, 0, 1;
    %store/vec4 v00000000011e1230_0, 0, 1;
T_27.13 ;
T_27.12 ;
T_27.10 ;
T_27.8 ;
    %jmp T_27.6;
T_27.3 ;
    %load/vec4 v00000000011e0dd0_0;
    %flag_set/vec4 8;
    %jmp/0xz  T_27.15, 8;
    %pushi/vec4 1, 0, 1;
    %store/vec4 v00000000011e1550_0, 0, 1;
    %jmp T_27.16;
T_27.15 ;
    %load/vec4 v00000000011e1870_0;
    %flag_set/vec4 8;
    %jmp/0xz  T_27.17, 8;
    %pushi/vec4 1, 0, 1;
    %store/vec4 v00000000011e0c90_0, 0, 1;
    %jmp T_27.18;
T_27.17 ;
    %load/vec4 v00000000011e0a10_0;
    %flag_set/vec4 8;
    %jmp/0xz  T_27.19, 8;
    %pushi/vec4 1, 0, 1;
    %store/vec4 v00000000011e1230_0, 0, 1;
    %jmp T_27.20;
T_27.19 ;
    %load/vec4 v00000000011dfe30_0;
    %flag_set/vec4 8;
    %jmp/0xz  T_27.21, 8;
    %pushi/vec4 1, 0, 1;
    %store/vec4 v00000000011e0150_0, 0, 1;
T_27.21 ;
T_27.20 ;
T_27.18 ;
T_27.16 ;
    %jmp T_27.6;
T_27.4 ;
    %load/vec4 v00000000011e1870_0;
    %flag_set/vec4 8;
    %jmp/0xz  T_27.23, 8;
    %pushi/vec4 1, 0, 1;
    %store/vec4 v00000000011e0c90_0, 0, 1;
    %jmp T_27.24;
T_27.23 ;
    %load/vec4 v00000000011e0a10_0;
    %flag_set/vec4 8;
    %jmp/0xz  T_27.25, 8;
    %pushi/vec4 1, 0, 1;
    %store/vec4 v00000000011e1230_0, 0, 1;
    %jmp T_27.26;
T_27.25 ;
    %load/vec4 v00000000011dfe30_0;
    %flag_set/vec4 8;
    %jmp/0xz  T_27.27, 8;
    %pushi/vec4 1, 0, 1;
    %store/vec4 v00000000011e0150_0, 0, 1;
    %jmp T_27.28;
T_27.27 ;
    %load/vec4 v00000000011e0dd0_0;
    %flag_set/vec4 8;
    %jmp/0xz  T_27.29, 8;
    %pushi/vec4 1, 0, 1;
    %store/vec4 v00000000011e1550_0, 0, 1;
T_27.29 ;
T_27.28 ;
T_27.26 ;
T_27.24 ;
    %jmp T_27.6;
T_27.5 ;
    %load/vec4 v00000000011e0a10_0;
    %flag_set/vec4 8;
    %jmp/0xz  T_27.31, 8;
    %pushi/vec4 1, 0, 1;
    %store/vec4 v00000000011e1230_0, 0, 1;
    %jmp T_27.32;
T_27.31 ;
    %load/vec4 v00000000011dfe30_0;
    %flag_set/vec4 8;
    %jmp/0xz  T_27.33, 8;
    %pushi/vec4 1, 0, 1;
    %store/vec4 v00000000011e0150_0, 0, 1;
    %jmp T_27.34;
T_27.33 ;
    %load/vec4 v00000000011e0dd0_0;
    %flag_set/vec4 8;
    %jmp/0xz  T_27.35, 8;
    %pushi/vec4 1, 0, 1;
    %store/vec4 v00000000011e1550_0, 0, 1;
    %jmp T_27.36;
T_27.35 ;
    %load/vec4 v00000000011e1870_0;
    %flag_set/vec4 8;
    %jmp/0xz  T_27.37, 8;
    %pushi/vec4 1, 0, 1;
    %store/vec4 v00000000011e0c90_0, 0, 1;
T_27.37 ;
T_27.36 ;
T_27.34 ;
T_27.32 ;
    %jmp T_27.6;
T_27.6 ;
    %pop/vec4 1;
T_27.1 ;
    %jmp T_27;
    .thread T_27;
    .scope S_00000000011600a0;
T_28 ;
    %wait E_00000000011cd970;
    %load/vec4 v00000000011e12d0_0;
    %addi 1, 0, 3;
    %assign/vec4 v00000000011e12d0_0, 0;
    %pushi/vec4 0, 0, 1;
    %assign/vec4 v00000000011e0150_0, 0;
    %pushi/vec4 0, 0, 1;
    %assign/vec4 v00000000011e1550_0, 0;
    %pushi/vec4 0, 0, 1;
    %assign/vec4 v00000000011e0c90_0, 0;
    %pushi/vec4 0, 0, 1;
    %assign/vec4 v00000000011e1230_0, 0;
    %jmp T_28;
    .thread T_28;
    .scope S_0000000001160230;
T_29 ;
Ewait_11 .event/or E_00000000011cd2f0, E_0x0;
    %wait Ewait_11;
    %pushi/vec4 0, 0, 1;
    %store/vec4 v00000000011e0e70_0, 0, 1;
    %load/vec4 v00000000011e0330_0;
    %flag_set/vec4 8;
    %load/vec4 v00000000011e0790_0;
    %flag_set/vec4 9;
    %flag_or 9, 8;
    %load/vec4 v00000000011e1b90_0;
    %flag_set/vec4 8;
    %flag_or 8, 9;
    %load/vec4 v00000000011e1af0_0;
    %flag_set/vec4 9;
    %flag_or 9, 8;
    %jmp/0xz  T_29.0, 9;
    %pushi/vec4 0, 0, 1;
    %store/vec4 v00000000011e0e70_0, 0, 1;
    %jmp T_29.1;
T_29.0 ;
    %pushi/vec4 1, 0, 1;
    %store/vec4 v00000000011e0e70_0, 0, 1;
T_29.1 ;
    %jmp T_29;
    .thread T_29, $push;
    .scope S_0000000001160230;
T_30 ;
    %wait E_00000000011cd670;
    %load/vec4 v00000000011e0ab0_0;
    %flag_set/vec4 8;
    %jmp/0xz  T_30.0, 8;
    %pushi/vec4 0, 0, 1;
    %assign/vec4 v00000000011e05b0_0, 0;
    %pushi/vec4 0, 0, 1;
    %assign/vec4 v00000000011e0010_0, 0;
    %pushi/vec4 0, 0, 1;
    %assign/vec4 v00000000011e06f0_0, 0;
    %pushi/vec4 0, 0, 1;
    %assign/vec4 v00000000011e0fb0_0, 0;
    %pushi/vec4 0, 0, 3;
    %assign/vec4 v00000000011e0b50_0, 0;
    %jmp T_30.1;
T_30.0 ;
    %load/vec4 v00000000011e0b50_0;
    %dup/vec4;
    %pushi/vec4 0, 0, 3;
    %cmp/u;
    %jmp/1 T_30.2, 6;
    %dup/vec4;
    %pushi/vec4 1, 0, 3;
    %cmp/u;
    %jmp/1 T_30.3, 6;
    %dup/vec4;
    %pushi/vec4 2, 0, 3;
    %cmp/u;
    %jmp/1 T_30.4, 6;
    %dup/vec4;
    %pushi/vec4 3, 0, 3;
    %cmp/u;
    %jmp/1 T_30.5, 6;
    %jmp T_30.6;
T_30.2 ;
    %load/vec4 v00000000011e0330_0;
    %flag_set/vec4 8;
    %jmp/0xz  T_30.7, 8;
    %pushi/vec4 1, 0, 1;
    %store/vec4 v00000000011e05b0_0, 0, 1;
    %jmp T_30.8;
T_30.7 ;
    %load/vec4 v00000000011e0790_0;
    %flag_set/vec4 8;
    %jmp/0xz  T_30.9, 8;
    %pushi/vec4 1, 0, 1;
    %store/vec4 v00000000011e0010_0, 0, 1;
    %jmp T_30.10;
T_30.9 ;
    %load/vec4 v00000000011e1b90_0;
    %flag_set/vec4 8;
    %jmp/0xz  T_30.11, 8;
    %pushi/vec4 1, 0, 1;
    %store/vec4 v00000000011e06f0_0, 0, 1;
    %jmp T_30.12;
T_30.11 ;
    %load/vec4 v00000000011e1af0_0;
    %flag_set/vec4 8;
    %jmp/0xz  T_30.13, 8;
    %pushi/vec4 1, 0, 1;
    %store/vec4 v00000000011e0fb0_0, 0, 1;
T_30.13 ;
T_30.12 ;
T_30.10 ;
T_30.8 ;
    %jmp T_30.6;
T_30.3 ;
    %load/vec4 v00000000011e0790_0;
    %flag_set/vec4 8;
    %jmp/0xz  T_30.15, 8;
    %pushi/vec4 1, 0, 1;
    %store/vec4 v00000000011e0010_0, 0, 1;
    %jmp T_30.16;
T_30.15 ;
    %load/vec4 v00000000011e1b90_0;
    %flag_set/vec4 8;
    %jmp/0xz  T_30.17, 8;
    %pushi/vec4 1, 0, 1;
    %store/vec4 v00000000011e06f0_0, 0, 1;
    %jmp T_30.18;
T_30.17 ;
    %load/vec4 v00000000011e1af0_0;
    %flag_set/vec4 8;
    %jmp/0xz  T_30.19, 8;
    %pushi/vec4 1, 0, 1;
    %store/vec4 v00000000011e0fb0_0, 0, 1;
    %jmp T_30.20;
T_30.19 ;
    %load/vec4 v00000000011e0330_0;
    %flag_set/vec4 8;
    %jmp/0xz  T_30.21, 8;
    %pushi/vec4 1, 0, 1;
    %store/vec4 v00000000011e05b0_0, 0, 1;
T_30.21 ;
T_30.20 ;
T_30.18 ;
T_30.16 ;
    %jmp T_30.6;
T_30.4 ;
    %load/vec4 v00000000011e1b90_0;
    %flag_set/vec4 8;
    %jmp/0xz  T_30.23, 8;
    %pushi/vec4 1, 0, 1;
    %store/vec4 v00000000011e06f0_0, 0, 1;
    %jmp T_30.24;
T_30.23 ;
    %load/vec4 v00000000011e1af0_0;
    %flag_set/vec4 8;
    %jmp/0xz  T_30.25, 8;
    %pushi/vec4 1, 0, 1;
    %store/vec4 v00000000011e0fb0_0, 0, 1;
    %jmp T_30.26;
T_30.25 ;
    %load/vec4 v00000000011e0330_0;
    %flag_set/vec4 8;
    %jmp/0xz  T_30.27, 8;
    %pushi/vec4 1, 0, 1;
    %store/vec4 v00000000011e05b0_0, 0, 1;
    %jmp T_30.28;
T_30.27 ;
    %load/vec4 v00000000011e0790_0;
    %flag_set/vec4 8;
    %jmp/0xz  T_30.29, 8;
    %pushi/vec4 1, 0, 1;
    %store/vec4 v00000000011e0010_0, 0, 1;
T_30.29 ;
T_30.28 ;
T_30.26 ;
T_30.24 ;
    %jmp T_30.6;
T_30.5 ;
    %load/vec4 v00000000011e1af0_0;
    %flag_set/vec4 8;
    %jmp/0xz  T_30.31, 8;
    %pushi/vec4 1, 0, 1;
    %store/vec4 v00000000011e0fb0_0, 0, 1;
    %jmp T_30.32;
T_30.31 ;
    %load/vec4 v00000000011e0330_0;
    %flag_set/vec4 8;
    %jmp/0xz  T_30.33, 8;
    %pushi/vec4 1, 0, 1;
    %store/vec4 v00000000011e05b0_0, 0, 1;
    %jmp T_30.34;
T_30.33 ;
    %load/vec4 v00000000011e0790_0;
    %flag_set/vec4 8;
    %jmp/0xz  T_30.35, 8;
    %pushi/vec4 1, 0, 1;
    %store/vec4 v00000000011e0010_0, 0, 1;
    %jmp T_30.36;
T_30.35 ;
    %load/vec4 v00000000011e1b90_0;
    %flag_set/vec4 8;
    %jmp/0xz  T_30.37, 8;
    %pushi/vec4 1, 0, 1;
    %store/vec4 v00000000011e06f0_0, 0, 1;
T_30.37 ;
T_30.36 ;
T_30.34 ;
T_30.32 ;
    %jmp T_30.6;
T_30.6 ;
    %pop/vec4 1;
T_30.1 ;
    %jmp T_30;
    .thread T_30;
    .scope S_0000000001160230;
T_31 ;
    %wait E_00000000011cd030;
    %load/vec4 v00000000011e0b50_0;
    %addi 1, 0, 3;
    %assign/vec4 v00000000011e0b50_0, 0;
    %pushi/vec4 0, 0, 1;
    %assign/vec4 v00000000011e05b0_0, 0;
    %pushi/vec4 0, 0, 1;
    %assign/vec4 v00000000011e0010_0, 0;
    %pushi/vec4 0, 0, 1;
    %assign/vec4 v00000000011e06f0_0, 0;
    %pushi/vec4 0, 0, 1;
    %assign/vec4 v00000000011e0fb0_0, 0;
    %jmp T_31;
    .thread T_31;
    .scope S_000000000115b1e0;
T_32 ;
Ewait_12 .event/or E_00000000011cd770, E_0x0;
    %wait Ewait_12;
    %pushi/vec4 0, 0, 10;
    %store/vec4 v00000000011e19b0_0, 0, 10;
    %pushi/vec4 1, 0, 32;
    %dup/vec4;
    %load/vec4 v00000000011e1c30_0;
    %parti/s 1, 0, 2;
    %pad/u 32;
    %cmp/u;
    %jmp/1 T_32.0, 6;
    %dup/vec4;
    %load/vec4 v00000000011e1c30_0;
    %parti/s 1, 1, 2;
    %pad/u 32;
    %cmp/u;
    %jmp/1 T_32.1, 6;
    %dup/vec4;
    %load/vec4 v00000000011e1c30_0;
    %parti/s 1, 2, 3;
    %pad/u 32;
    %cmp/u;
    %jmp/1 T_32.2, 6;
    %dup/vec4;
    %load/vec4 v00000000011e1c30_0;
    %parti/s 1, 3, 3;
    %pad/u 32;
    %cmp/u;
    %jmp/1 T_32.3, 6;
    %pushi/vec4 0, 0, 10;
    %store/vec4 v00000000011e19b0_0, 0, 10;
    %jmp T_32.5;
T_32.0 ;
    %load/vec4 v00000000011e0f10_0;
    %store/vec4 v00000000011e19b0_0, 0, 10;
    %jmp T_32.5;
T_32.1 ;
    %load/vec4 v00000000011e15f0_0;
    %store/vec4 v00000000011e19b0_0, 0, 10;
    %jmp T_32.5;
T_32.2 ;
    %load/vec4 v00000000011e1730_0;
    %store/vec4 v00000000011e19b0_0, 0, 10;
    %jmp T_32.5;
T_32.3 ;
    %load/vec4 v00000000011dfd90_0;
    %store/vec4 v00000000011e19b0_0, 0, 10;
    %jmp T_32.5;
T_32.5 ;
    %pop/vec4 1;
    %jmp T_32;
    .thread T_32, $push;
    .scope S_0000000001151d40;
T_33 ;
Ewait_13 .event/or E_00000000011cd570, E_0x0;
    %wait Ewait_13;
    %pushi/vec4 0, 0, 10;
    %store/vec4 v00000000011e33d0_0, 0, 10;
    %pushi/vec4 1, 0, 32;
    %dup/vec4;
    %load/vec4 v00000000011e3bf0_0;
    %parti/s 1, 0, 2;
    %pad/u 32;
    %cmp/u;
    %jmp/1 T_33.0, 6;
    %dup/vec4;
    %load/vec4 v00000000011e3bf0_0;
    %parti/s 1, 1, 2;
    %pad/u 32;
    %cmp/u;
    %jmp/1 T_33.1, 6;
    %dup/vec4;
    %load/vec4 v00000000011e3bf0_0;
    %parti/s 1, 2, 3;
    %pad/u 32;
    %cmp/u;
    %jmp/1 T_33.2, 6;
    %dup/vec4;
    %load/vec4 v00000000011e3bf0_0;
    %parti/s 1, 3, 3;
    %pad/u 32;
    %cmp/u;
    %jmp/1 T_33.3, 6;
    %pushi/vec4 0, 0, 10;
    %store/vec4 v00000000011e33d0_0, 0, 10;
    %jmp T_33.5;
T_33.0 ;
    %load/vec4 v00000000011e2d90_0;
    %store/vec4 v00000000011e33d0_0, 0, 10;
    %jmp T_33.5;
T_33.1 ;
    %load/vec4 v00000000011e1fd0_0;
    %store/vec4 v00000000011e33d0_0, 0, 10;
    %jmp T_33.5;
T_33.2 ;
    %load/vec4 v00000000011e3a10_0;
    %store/vec4 v00000000011e33d0_0, 0, 10;
    %jmp T_33.5;
T_33.3 ;
    %load/vec4 v00000000011e2a70_0;
    %store/vec4 v00000000011e33d0_0, 0, 10;
    %jmp T_33.5;
T_33.5 ;
    %pop/vec4 1;
    %jmp T_33;
    .thread T_33, $push;
    .scope S_0000000001151ed0;
T_34 ;
Ewait_14 .event/or E_00000000011cd1f0, E_0x0;
    %wait Ewait_14;
    %pushi/vec4 0, 0, 10;
    %store/vec4 v00000000011e2b10_0, 0, 10;
    %pushi/vec4 1, 0, 32;
    %dup/vec4;
    %load/vec4 v00000000011e2390_0;
    %parti/s 1, 0, 2;
    %pad/u 32;
    %cmp/u;
    %jmp/1 T_34.0, 6;
    %dup/vec4;
    %load/vec4 v00000000011e2390_0;
    %parti/s 1, 1, 2;
    %pad/u 32;
    %cmp/u;
    %jmp/1 T_34.1, 6;
    %dup/vec4;
    %load/vec4 v00000000011e2390_0;
    %parti/s 1, 2, 3;
    %pad/u 32;
    %cmp/u;
    %jmp/1 T_34.2, 6;
    %dup/vec4;
    %load/vec4 v00000000011e2390_0;
    %parti/s 1, 3, 3;
    %pad/u 32;
    %cmp/u;
    %jmp/1 T_34.3, 6;
    %pushi/vec4 0, 0, 10;
    %store/vec4 v00000000011e2b10_0, 0, 10;
    %jmp T_34.5;
T_34.0 ;
    %load/vec4 v00000000011e2cf0_0;
    %store/vec4 v00000000011e2b10_0, 0, 10;
    %jmp T_34.5;
T_34.1 ;
    %load/vec4 v00000000011e2f70_0;
    %store/vec4 v00000000011e2b10_0, 0, 10;
    %jmp T_34.5;
T_34.2 ;
    %load/vec4 v00000000011e26b0_0;
    %store/vec4 v00000000011e2b10_0, 0, 10;
    %jmp T_34.5;
T_34.3 ;
    %load/vec4 v00000000011e3010_0;
    %store/vec4 v00000000011e2b10_0, 0, 10;
    %jmp T_34.5;
T_34.5 ;
    %pop/vec4 1;
    %jmp T_34;
    .thread T_34, $push;
    .scope S_0000000001160cd0;
T_35 ;
Ewait_15 .event/or E_00000000011cdbb0, E_0x0;
    %wait Ewait_15;
    %pushi/vec4 0, 0, 10;
    %store/vec4 v00000000011e21b0_0, 0, 10;
    %pushi/vec4 1, 0, 32;
    %dup/vec4;
    %load/vec4 v00000000011e2890_0;
    %parti/s 1, 0, 2;
    %pad/u 32;
    %cmp/u;
    %jmp/1 T_35.0, 6;
    %dup/vec4;
    %load/vec4 v00000000011e2890_0;
    %parti/s 1, 1, 2;
    %pad/u 32;
    %cmp/u;
    %jmp/1 T_35.1, 6;
    %dup/vec4;
    %load/vec4 v00000000011e2890_0;
    %parti/s 1, 2, 3;
    %pad/u 32;
    %cmp/u;
    %jmp/1 T_35.2, 6;
    %dup/vec4;
    %load/vec4 v00000000011e2890_0;
    %parti/s 1, 3, 3;
    %pad/u 32;
    %cmp/u;
    %jmp/1 T_35.3, 6;
    %pushi/vec4 0, 0, 10;
    %store/vec4 v00000000011e21b0_0, 0, 10;
    %jmp T_35.5;
T_35.0 ;
    %load/vec4 v00000000011e2070_0;
    %store/vec4 v00000000011e21b0_0, 0, 10;
    %jmp T_35.5;
T_35.1 ;
    %load/vec4 v00000000011e2750_0;
    %store/vec4 v00000000011e21b0_0, 0, 10;
    %jmp T_35.5;
T_35.2 ;
    %load/vec4 v00000000011e2110_0;
    %store/vec4 v00000000011e21b0_0, 0, 10;
    %jmp T_35.5;
T_35.3 ;
    %load/vec4 v00000000011e3dd0_0;
    %store/vec4 v00000000011e21b0_0, 0, 10;
    %jmp T_35.5;
T_35.5 ;
    %pop/vec4 1;
    %jmp T_35;
    .thread T_35, $push;
    .scope S_000000000119bff0;
T_36 ;
    %delay 5, 0;
    %load/vec4 v000000000157a5a0_0;
    %inv;
    %store/vec4 v000000000157a5a0_0, 0, 1;
    %jmp T_36;
    .thread T_36;
    .scope S_000000000119bff0;
T_37 ;
    %vpi_call/w 3 9 "$dumpfile", "sw.vcd" {0 0 0};
    %vpi_call/w 3 10 "$dumpvars", 32'sb00000000000000000000000000000000, S_000000000119bff0 {0 0 0};
    %pushi/vec4 0, 0, 1;
    %store/vec4 v000000000157a5a0_0, 0, 1;
    %pushi/vec4 0, 0, 10;
    %store/vec4 v000000000157b2c0_0, 0, 10;
    %pushi/vec4 0, 0, 10;
    %store/vec4 v000000000157a6e0_0, 0, 10;
    %pushi/vec4 0, 0, 10;
    %store/vec4 v000000000157a8c0_0, 0, 10;
    %pushi/vec4 0, 0, 10;
    %store/vec4 v000000000157a820_0, 0, 10;
    %pushi/vec4 1, 0, 1;
    %store/vec4 v000000000157ae60_0, 0, 1;
    %delay 10, 0;
    %pushi/vec4 0, 0, 1;
    %store/vec4 v000000000157ae60_0, 0, 1;
    %delay 10, 0;
    %pushi/vec4 512, 0, 10;
    %store/vec4 v000000000157b2c0_0, 0, 10;
    %delay 10, 0;
    %pushi/vec4 256, 0, 10;
    %store/vec4 v000000000157b2c0_0, 0, 10;
    %delay 10, 0;
    %pushi/vec4 257, 0, 10;
    %store/vec4 v000000000157b2c0_0, 0, 10;
    %delay 10, 0;
    %pushi/vec4 770, 0, 10;
    %store/vec4 v000000000157b2c0_0, 0, 10;
    %delay 10, 0;
    %pushi/vec4 0, 0, 10;
    %store/vec4 v000000000157b2c0_0, 0, 10;
    %delay 10, 0;
    %pushi/vec4 657, 0, 10;
    %store/vec4 v000000000157b2c0_0, 0, 10;
    %delay 10, 0;
    %pushi/vec4 400, 0, 10;
    %store/vec4 v000000000157b2c0_0, 0, 10;
    %delay 10, 0;
    %pushi/vec4 401, 0, 10;
    %store/vec4 v000000000157b2c0_0, 0, 10;
    %delay 10, 0;
    %pushi/vec4 914, 0, 10;
    %store/vec4 v000000000157b2c0_0, 0, 10;
    %delay 10, 0;
    %pushi/vec4 0, 0, 10;
    %store/vec4 v000000000157b2c0_0, 0, 10;
    %delay 10, 0;
    %pushi/vec4 512, 0, 10;
    %store/vec4 v000000000157b2c0_0, 0, 10;
    %delay 10, 0;
    %pushi/vec4 783, 0, 10;
    %store/vec4 v000000000157b2c0_0, 0, 10;
    %delay 10, 0;
    %pushi/vec4 513, 0, 10;
    %store/vec4 v000000000157b2c0_0, 0, 10;
    %delay 10, 0;
    %pushi/vec4 783, 0, 10;
    %store/vec4 v000000000157b2c0_0, 0, 10;
    %delay 10, 0;
    %pushi/vec4 514, 0, 10;
    %store/vec4 v000000000157b2c0_0, 0, 10;
    %delay 10, 0;
    %pushi/vec4 783, 0, 10;
    %store/vec4 v000000000157b2c0_0, 0, 10;
    %delay 10, 0;
    %pushi/vec4 515, 0, 10;
    %store/vec4 v000000000157b2c0_0, 0, 10;
    %delay 10, 0;
    %pushi/vec4 783, 0, 10;
    %store/vec4 v000000000157b2c0_0, 0, 10;
    %delay 10, 0;
    %pushi/vec4 0, 0, 10;
    %store/vec4 v000000000157b2c0_0, 0, 10;
    %delay 10, 0;
    %pushi/vec4 528, 0, 10;
    %store/vec4 v000000000157a6e0_0, 0, 10;
    %delay 10, 0;
    %pushi/vec4 799, 0, 10;
    %store/vec4 v000000000157a6e0_0, 0, 10;
    %delay 10, 0;
    %pushi/vec4 529, 0, 10;
    %store/vec4 v000000000157a6e0_0, 0, 10;
    %delay 10, 0;
    %pushi/vec4 799, 0, 10;
    %store/vec4 v000000000157a6e0_0, 0, 10;
    %delay 10, 0;
    %pushi/vec4 530, 0, 10;
    %store/vec4 v000000000157a6e0_0, 0, 10;
    %delay 10, 0;
    %pushi/vec4 799, 0, 10;
    %store/vec4 v000000000157a6e0_0, 0, 10;
    %delay 10, 0;
    %pushi/vec4 531, 0, 10;
    %store/vec4 v000000000157a6e0_0, 0, 10;
    %delay 10, 0;
    %pushi/vec4 799, 0, 10;
    %store/vec4 v000000000157a6e0_0, 0, 10;
    %delay 10, 0;
    %pushi/vec4 0, 0, 10;
    %store/vec4 v000000000157a6e0_0, 0, 10;
    %delay 10, 0;
    %pushi/vec4 544, 0, 10;
    %store/vec4 v000000000157a8c0_0, 0, 10;
    %delay 10, 0;
    %pushi/vec4 815, 0, 10;
    %store/vec4 v000000000157a8c0_0, 0, 10;
    %delay 10, 0;
    %pushi/vec4 545, 0, 10;
    %store/vec4 v000000000157a8c0_0, 0, 10;
    %delay 10, 0;
    %pushi/vec4 815, 0, 10;
    %store/vec4 v000000000157a8c0_0, 0, 10;
    %delay 10, 0;
    %pushi/vec4 546, 0, 10;
    %store/vec4 v000000000157a8c0_0, 0, 10;
    %delay 10, 0;
    %pushi/vec4 815, 0, 10;
    %store/vec4 v000000000157a8c0_0, 0, 10;
    %delay 10, 0;
    %pushi/vec4 547, 0, 10;
    %store/vec4 v000000000157a8c0_0, 0, 10;
    %delay 10, 0;
    %pushi/vec4 815, 0, 10;
    %store/vec4 v000000000157a8c0_0, 0, 10;
    %delay 10, 0;
    %pushi/vec4 0, 0, 10;
    %store/vec4 v000000000157a8c0_0, 0, 10;
    %delay 10, 0;
    %pushi/vec4 560, 0, 10;
    %store/vec4 v000000000157a820_0, 0, 10;
    %delay 10, 0;
    %pushi/vec4 831, 0, 10;
    %store/vec4 v000000000157a820_0, 0, 10;
    %delay 10, 0;
    %pushi/vec4 561, 0, 10;
    %store/vec4 v000000000157a820_0, 0, 10;
    %delay 10, 0;
    %pushi/vec4 831, 0, 10;
    %store/vec4 v000000000157a820_0, 0, 10;
    %delay 10, 0;
    %pushi/vec4 562, 0, 10;
    %store/vec4 v000000000157a820_0, 0, 10;
    %delay 10, 0;
    %pushi/vec4 831, 0, 10;
    %store/vec4 v000000000157a820_0, 0, 10;
    %delay 10, 0;
    %pushi/vec4 563, 0, 10;
    %store/vec4 v000000000157a820_0, 0, 10;
    %delay 10, 0;
    %pushi/vec4 831, 0, 10;
    %store/vec4 v000000000157a820_0, 0, 10;
    %delay 10, 0;
    %pushi/vec4 0, 0, 10;
    %store/vec4 v000000000157a820_0, 0, 10;
    %delay 100, 0;
    %pushi/vec4 513, 0, 10;
    %store/vec4 v000000000157b2c0_0, 0, 10;
    %pushi/vec4 529, 0, 10;
    %store/vec4 v000000000157a6e0_0, 0, 10;
    %pushi/vec4 545, 0, 10;
    %store/vec4 v000000000157a8c0_0, 0, 10;
    %pushi/vec4 561, 0, 10;
    %store/vec4 v000000000157a820_0, 0, 10;
    %delay 10, 0;
    %pushi/vec4 256, 0, 10;
    %store/vec4 v000000000157b2c0_0, 0, 10;
    %pushi/vec4 272, 0, 10;
    %store/vec4 v000000000157a6e0_0, 0, 10;
    %pushi/vec4 288, 0, 10;
    %store/vec4 v000000000157a8c0_0, 0, 10;
    %pushi/vec4 304, 0, 10;
    %store/vec4 v000000000157a820_0, 0, 10;
    %delay 10, 0;
    %pushi/vec4 257, 0, 10;
    %store/vec4 v000000000157b2c0_0, 0, 10;
    %pushi/vec4 273, 0, 10;
    %store/vec4 v000000000157a6e0_0, 0, 10;
    %pushi/vec4 289, 0, 10;
    %store/vec4 v000000000157a8c0_0, 0, 10;
    %pushi/vec4 305, 0, 10;
    %store/vec4 v000000000157a820_0, 0, 10;
    %delay 10, 0;
    %pushi/vec4 783, 0, 10;
    %store/vec4 v000000000157b2c0_0, 0, 10;
    %pushi/vec4 799, 0, 10;
    %store/vec4 v000000000157a6e0_0, 0, 10;
    %pushi/vec4 815, 0, 10;
    %store/vec4 v000000000157a8c0_0, 0, 10;
    %pushi/vec4 831, 0, 10;
    %store/vec4 v000000000157a820_0, 0, 10;
    %delay 10, 0;
    %pushi/vec4 0, 0, 10;
    %store/vec4 v000000000157b2c0_0, 0, 10;
    %pushi/vec4 0, 0, 10;
    %store/vec4 v000000000157a6e0_0, 0, 10;
    %pushi/vec4 0, 0, 10;
    %store/vec4 v000000000157a8c0_0, 0, 10;
    %pushi/vec4 0, 0, 10;
    %store/vec4 v000000000157a820_0, 0, 10;
    %delay 200, 0;
    %pushi/vec4 512, 0, 10;
    %store/vec4 v000000000157b2c0_0, 0, 10;
    %pushi/vec4 528, 0, 10;
    %store/vec4 v000000000157a6e0_0, 0, 10;
    %pushi/vec4 544, 0, 10;
    %store/vec4 v000000000157a8c0_0, 0, 10;
    %pushi/vec4 560, 0, 10;
    %store/vec4 v000000000157a820_0, 0, 10;
    %delay 10, 0;
    %pushi/vec4 783, 0, 10;
    %store/vec4 v000000000157b2c0_0, 0, 10;
    %pushi/vec4 799, 0, 10;
    %store/vec4 v000000000157a6e0_0, 0, 10;
    %pushi/vec4 815, 0, 10;
    %store/vec4 v000000000157a8c0_0, 0, 10;
    %pushi/vec4 831, 0, 10;
    %store/vec4 v000000000157a820_0, 0, 10;
    %delay 10, 0;
    %pushi/vec4 0, 0, 10;
    %store/vec4 v000000000157b2c0_0, 0, 10;
    %pushi/vec4 0, 0, 10;
    %store/vec4 v000000000157a6e0_0, 0, 10;
    %pushi/vec4 0, 0, 10;
    %store/vec4 v000000000157a8c0_0, 0, 10;
    %pushi/vec4 0, 0, 10;
    %store/vec4 v000000000157a820_0, 0, 10;
    %delay 200, 0;
    %pushi/vec4 513, 0, 10;
    %store/vec4 v000000000157b2c0_0, 0, 10;
    %pushi/vec4 529, 0, 10;
    %store/vec4 v000000000157a6e0_0, 0, 10;
    %pushi/vec4 545, 0, 10;
    %store/vec4 v000000000157a8c0_0, 0, 10;
    %pushi/vec4 561, 0, 10;
    %store/vec4 v000000000157a820_0, 0, 10;
    %delay 10, 0;
    %pushi/vec4 783, 0, 10;
    %store/vec4 v000000000157b2c0_0, 0, 10;
    %pushi/vec4 799, 0, 10;
    %store/vec4 v000000000157a6e0_0, 0, 10;
    %pushi/vec4 815, 0, 10;
    %store/vec4 v000000000157a8c0_0, 0, 10;
    %pushi/vec4 831, 0, 10;
    %store/vec4 v000000000157a820_0, 0, 10;
    %delay 10, 0;
    %pushi/vec4 0, 0, 10;
    %store/vec4 v000000000157b2c0_0, 0, 10;
    %pushi/vec4 0, 0, 10;
    %store/vec4 v000000000157a6e0_0, 0, 10;
    %pushi/vec4 0, 0, 10;
    %store/vec4 v000000000157a8c0_0, 0, 10;
    %pushi/vec4 0, 0, 10;
    %store/vec4 v000000000157a820_0, 0, 10;
    %delay 200, 0;
    %pushi/vec4 514, 0, 10;
    %store/vec4 v000000000157b2c0_0, 0, 10;
    %pushi/vec4 530, 0, 10;
    %store/vec4 v000000000157a6e0_0, 0, 10;
    %pushi/vec4 546, 0, 10;
    %store/vec4 v000000000157a8c0_0, 0, 10;
    %pushi/vec4 562, 0, 10;
    %store/vec4 v000000000157a820_0, 0, 10;
    %delay 10, 0;
    %pushi/vec4 783, 0, 10;
    %store/vec4 v000000000157b2c0_0, 0, 10;
    %pushi/vec4 799, 0, 10;
    %store/vec4 v000000000157a6e0_0, 0, 10;
    %pushi/vec4 815, 0, 10;
    %store/vec4 v000000000157a8c0_0, 0, 10;
    %pushi/vec4 831, 0, 10;
    %store/vec4 v000000000157a820_0, 0, 10;
    %delay 10, 0;
    %pushi/vec4 0, 0, 10;
    %store/vec4 v000000000157b2c0_0, 0, 10;
    %pushi/vec4 0, 0, 10;
    %store/vec4 v000000000157a6e0_0, 0, 10;
    %pushi/vec4 0, 0, 10;
    %store/vec4 v000000000157a8c0_0, 0, 10;
    %pushi/vec4 0, 0, 10;
    %store/vec4 v000000000157a820_0, 0, 10;
    %delay 200, 0;
    %pushi/vec4 515, 0, 10;
    %store/vec4 v000000000157b2c0_0, 0, 10;
    %pushi/vec4 531, 0, 10;
    %store/vec4 v000000000157a6e0_0, 0, 10;
    %pushi/vec4 547, 0, 10;
    %store/vec4 v000000000157a8c0_0, 0, 10;
    %pushi/vec4 563, 0, 10;
    %store/vec4 v000000000157a820_0, 0, 10;
    %delay 10, 0;
    %pushi/vec4 783, 0, 10;
    %store/vec4 v000000000157b2c0_0, 0, 10;
    %pushi/vec4 799, 0, 10;
    %store/vec4 v000000000157a6e0_0, 0, 10;
    %pushi/vec4 815, 0, 10;
    %store/vec4 v000000000157a8c0_0, 0, 10;
    %pushi/vec4 831, 0, 10;
    %store/vec4 v000000000157a820_0, 0, 10;
    %delay 10, 0;
    %pushi/vec4 0, 0, 10;
    %store/vec4 v000000000157b2c0_0, 0, 10;
    %pushi/vec4 0, 0, 10;
    %store/vec4 v000000000157a6e0_0, 0, 10;
    %pushi/vec4 0, 0, 10;
    %store/vec4 v000000000157a8c0_0, 0, 10;
    %pushi/vec4 0, 0, 10;
    %store/vec4 v000000000157a820_0, 0, 10;
    %delay 500, 0;
    %vpi_call/w 3 197 "$finish" {0 0 0};
    %end;
    .thread T_37;
# The file index is used to find the file name in the following table.
:file_names 13;
    "N/A";
    "<interactive>";
    "-";
    "swtest.v";
    "sw.v";
    "ackor.v";
    "arb.v";
    "cb.v";
    "cbsel.v";
    "ib.v";
    "fifo.v";
    "ibsm.v";
    "mkwe.v";
