#! /usr/local/iverilog/bin/vvp
:ivl_version "11.0 (devel)" "(s20150603-642-g3bdb50da)";
:ivl_delay_selection "TYPICAL";
:vpi_time_precision + 0;
:vpi_module "system";
:vpi_module "vhdl_sys";
:vpi_module "vhdl_textio";
:vpi_module "v2005_math";
:vpi_module "va_math";
:vpi_module "v2009";
S_0000000000f9c280 .scope package, "$unit" "$unit" 2 1;
 .timescale 0 0;
S_0000000000f719c0 .scope module, "sw" "sw" 3 1;
 .timescale 0 0;
    .port_info 0 /INPUT 10 "i0";
    .port_info 1 /INPUT 10 "i1";
    .port_info 2 /INPUT 10 "i2";
    .port_info 3 /INPUT 10 "i3";
    .port_info 4 /OUTPUT 10 "o0";
    .port_info 5 /OUTPUT 10 "o1";
    .port_info 6 /OUTPUT 10 "o2";
    .port_info 7 /OUTPUT 10 "o3";
    .port_info 8 /INPUT 1 "clk";
    .port_info 9 /INPUT 1 "rst";
v0000000001433620_0 .net "ack0", 0 0, L_0000000000f670e0;  1 drivers
v00000000014324a0_0 .net "ack00", 0 0, v0000000000fa1050_0;  1 drivers
v00000000014336c0_0 .net "ack01", 0 0, v0000000000fa10f0_0;  1 drivers
v0000000001433760_0 .net "ack02", 0 0, v000000000141a100_0;  1 drivers
v0000000001433260_0 .net "ack03", 0 0, v000000000141b460_0;  1 drivers
v0000000001433c60_0 .net "ack1", 0 0, L_0000000000f67770;  1 drivers
v0000000001433da0_0 .net "ack10", 0 0, v000000000141b500_0;  1 drivers
v00000000014327c0_0 .net "ack11", 0 0, v000000000141b3c0_0;  1 drivers
v0000000001432900_0 .net "ack12", 0 0, v000000000141b000_0;  1 drivers
v0000000001432ae0_0 .net "ack13", 0 0, v000000000141a920_0;  1 drivers
v0000000001433940_0 .net "ack2", 0 0, L_0000000000f674d0;  1 drivers
v0000000001432860_0 .net "ack20", 0 0, v000000000141af60_0;  1 drivers
v0000000001432ea0_0 .net "ack21", 0 0, v000000000141a560_0;  1 drivers
v0000000001433080_0 .net "ack22", 0 0, v000000000141ae20_0;  1 drivers
v0000000001433f80_0 .net "ack23", 0 0, v000000000141b640_0;  1 drivers
v00000000014331c0_0 .net "ack3", 0 0, L_0000000000f678c0;  1 drivers
v0000000001432d60_0 .net "ack30", 0 0, v000000000141ba00_0;  1 drivers
v00000000014339e0_0 .net "ack31", 0 0, v000000000141a1a0_0;  1 drivers
v0000000001433d00_0 .net "ack32", 0 0, v000000000141baa0_0;  1 drivers
v00000000014329a0_0 .net "ack33", 0 0, v000000000141bb40_0;  1 drivers
o0000000000fca388 .functor BUFZ 1, C4<z>; HiZ drive
v0000000001432fe0_0 .net "clk", 0 0, o0000000000fca388;  0 drivers
v0000000001432360_0 .net "co0", 9 0, v000000000141fde0_0;  1 drivers
v0000000001433e40_0 .net "co1", 9 0, v000000000142c790_0;  1 drivers
v00000000014320e0_0 .net "co2", 9 0, v000000000142e840_0;  1 drivers
v0000000001432220_0 .net "co3", 9 0, v000000000142ea20_0;  1 drivers
v0000000001432400_0 .net "full0", 0 0, v000000000141eee0_0;  1 drivers
v0000000001432540_0 .net "full1", 0 0, v000000000142d4b0_0;  1 drivers
v00000000014325e0_0 .net "full2", 0 0, v000000000142e7a0_0;  1 drivers
v0000000001432680_0 .net "full3", 0 0, v000000000142fce0_0;  1 drivers
o0000000000fcbca8 .functor BUFZ 10, C4<zzzzzzzzzz>; HiZ drive
v0000000001432a40_0 .net "i0", 9 0, o0000000000fcbca8;  0 drivers
o0000000000fcc638 .functor BUFZ 10, C4<zzzzzzzzzz>; HiZ drive
v0000000001432b80_0 .net "i1", 9 0, o0000000000fcc638;  0 drivers
o0000000000fccfc8 .functor BUFZ 10, C4<zzzzzzzzzz>; HiZ drive
v0000000001432f40_0 .net "i2", 9 0, o0000000000fccfc8;  0 drivers
o0000000000fcd958 .functor BUFZ 10, C4<zzzzzzzzzz>; HiZ drive
v00000000014373c0_0 .net "i3", 9 0, o0000000000fcd958;  0 drivers
v00000000014378c0_0 .net "o0", 9 0, v000000000141f3e0_0;  1 drivers
v0000000001437820_0 .net "o1", 9 0, v000000000141f2a0_0;  1 drivers
v0000000001437aa0_0 .net "o2", 9 0, v000000000141f5c0_0;  1 drivers
v0000000001437c80_0 .net "o3", 9 0, v000000000141f660_0;  1 drivers
v0000000001437320_0 .net "req0", 3 0, v000000000142d0f0_0;  1 drivers
v0000000001437140_0 .net "req1", 3 0, v000000000142cbf0_0;  1 drivers
v0000000001436420_0 .net "req2", 3 0, v000000000142f100_0;  1 drivers
v0000000001437e60_0 .net "req3", 3 0, v0000000001433440_0;  1 drivers
o0000000000fca4a8 .functor BUFZ 1, C4<z>; HiZ drive
v00000000014364c0_0 .net "rst", 0 0, o0000000000fca4a8;  0 drivers
L_0000000001437780 .part v000000000142d0f0_0, 0, 1;
L_00000000014367e0 .part v000000000142cbf0_0, 0, 1;
L_00000000014370a0 .part v000000000142f100_0, 0, 1;
L_0000000001437460 .part v0000000001433440_0, 0, 1;
L_0000000001437f00 .part v000000000142d0f0_0, 1, 1;
L_0000000001437500 .part v000000000142cbf0_0, 1, 1;
L_0000000001437a00 .part v000000000142f100_0, 1, 1;
L_00000000014375a0 .part v0000000001433440_0, 1, 1;
L_0000000001437b40 .part v000000000142d0f0_0, 2, 1;
L_0000000001437be0 .part v000000000142cbf0_0, 2, 1;
L_0000000001437d20 .part v000000000142f100_0, 2, 1;
L_0000000001436d80 .part v0000000001433440_0, 2, 1;
L_0000000001437280 .part v000000000142d0f0_0, 3, 1;
L_0000000001436ba0 .part v000000000142cbf0_0, 3, 1;
L_0000000001437640 .part v000000000142f100_0, 3, 1;
L_0000000001436600 .part v0000000001433440_0, 3, 1;
L_00000000014376e0 .concat [ 1 1 1 1], v0000000000fa1050_0, v0000000000fa10f0_0, v000000000141a100_0, v000000000141b460_0;
L_00000000014362e0 .concat [ 1 1 1 1], v000000000141b500_0, v000000000141b3c0_0, v000000000141b000_0, v000000000141a920_0;
L_0000000001437dc0 .concat [ 1 1 1 1], v000000000141af60_0, v000000000141a560_0, v000000000141ae20_0, v000000000141b640_0;
L_0000000001436c40 .concat [ 1 1 1 1], v000000000141ba00_0, v000000000141a1a0_0, v000000000141baa0_0, v000000000141bb40_0;
S_0000000000f5e920 .scope module, "ackor0" "ackor" 3 8, 4 1 0, S_0000000000f719c0;
 .timescale 0 0;
    .port_info 0 /INPUT 1 "ack0";
    .port_info 1 /INPUT 1 "ack1";
    .port_info 2 /INPUT 1 "ack2";
    .port_info 3 /INPUT 1 "ack3";
    .port_info 4 /OUTPUT 1 "ack";
L_0000000000fa5080 .functor OR 1, v0000000000fa1050_0, v000000000141b500_0, C4<0>, C4<0>;
L_0000000000fa5320 .functor OR 1, L_0000000000fa5080, v000000000141af60_0, C4<0>, C4<0>;
L_0000000000f670e0 .functor OR 1, L_0000000000fa5320, v000000000141ba00_0, C4<0>, C4<0>;
v0000000000fac6b0_0 .net *"_s0", 0 0, L_0000000000fa5080;  1 drivers
v0000000000fac750_0 .net *"_s2", 0 0, L_0000000000fa5320;  1 drivers
v0000000000fabb70_0 .net "ack", 0 0, L_0000000000f670e0;  alias, 1 drivers
v0000000000fab2b0_0 .net "ack0", 0 0, v0000000000fa1050_0;  alias, 1 drivers
v0000000000fac9d0_0 .net "ack1", 0 0, v000000000141b500_0;  alias, 1 drivers
v0000000000facb10_0 .net "ack2", 0 0, v000000000141af60_0;  alias, 1 drivers
v0000000000fabc10_0 .net "ack3", 0 0, v000000000141ba00_0;  alias, 1 drivers
S_0000000000f5eab0 .scope module, "ackor1" "ackor" 3 9, 4 1 0, S_0000000000f719c0;
 .timescale 0 0;
    .port_info 0 /INPUT 1 "ack0";
    .port_info 1 /INPUT 1 "ack1";
    .port_info 2 /INPUT 1 "ack2";
    .port_info 3 /INPUT 1 "ack3";
    .port_info 4 /OUTPUT 1 "ack";
L_0000000000f67af0 .functor OR 1, v0000000000fa10f0_0, v000000000141b3c0_0, C4<0>, C4<0>;
L_0000000000f67620 .functor OR 1, L_0000000000f67af0, v000000000141a560_0, C4<0>, C4<0>;
L_0000000000f67770 .functor OR 1, L_0000000000f67620, v000000000141a1a0_0, C4<0>, C4<0>;
v0000000000fab530_0 .net *"_s0", 0 0, L_0000000000f67af0;  1 drivers
v0000000000faadb0_0 .net *"_s2", 0 0, L_0000000000f67620;  1 drivers
v0000000000faae50_0 .net "ack", 0 0, L_0000000000f67770;  alias, 1 drivers
v0000000000faba30_0 .net "ack0", 0 0, v0000000000fa10f0_0;  alias, 1 drivers
v0000000000fab5d0_0 .net "ack1", 0 0, v000000000141b3c0_0;  alias, 1 drivers
v0000000000fab670_0 .net "ack2", 0 0, v000000000141a560_0;  alias, 1 drivers
v0000000000fab990_0 .net "ack3", 0 0, v000000000141a1a0_0;  alias, 1 drivers
S_0000000000f4ef30 .scope module, "ackor2" "ackor" 3 10, 4 1 0, S_0000000000f719c0;
 .timescale 0 0;
    .port_info 0 /INPUT 1 "ack0";
    .port_info 1 /INPUT 1 "ack1";
    .port_info 2 /INPUT 1 "ack2";
    .port_info 3 /INPUT 1 "ack3";
    .port_info 4 /OUTPUT 1 "ack";
L_0000000000f66d60 .functor OR 1, v000000000141a100_0, v000000000141b000_0, C4<0>, C4<0>;
L_0000000000f67930 .functor OR 1, L_0000000000f66d60, v000000000141ae20_0, C4<0>, C4<0>;
L_0000000000f674d0 .functor OR 1, L_0000000000f67930, v000000000141baa0_0, C4<0>, C4<0>;
v0000000000fab710_0 .net *"_s0", 0 0, L_0000000000f66d60;  1 drivers
v0000000000fac250_0 .net *"_s2", 0 0, L_0000000000f67930;  1 drivers
v0000000000fabad0_0 .net "ack", 0 0, L_0000000000f674d0;  alias, 1 drivers
v0000000000fab850_0 .net "ack0", 0 0, v000000000141a100_0;  alias, 1 drivers
v0000000000fabfd0_0 .net "ack1", 0 0, v000000000141b000_0;  alias, 1 drivers
v0000000000fac070_0 .net "ack2", 0 0, v000000000141ae20_0;  alias, 1 drivers
v0000000000fa05b0_0 .net "ack3", 0 0, v000000000141baa0_0;  alias, 1 drivers
S_0000000000f4f0c0 .scope module, "ackor3" "ackor" 3 11, 4 1 0, S_0000000000f719c0;
 .timescale 0 0;
    .port_info 0 /INPUT 1 "ack0";
    .port_info 1 /INPUT 1 "ack1";
    .port_info 2 /INPUT 1 "ack2";
    .port_info 3 /INPUT 1 "ack3";
    .port_info 4 /OUTPUT 1 "ack";
L_0000000000f67540 .functor OR 1, v000000000141b460_0, v000000000141a920_0, C4<0>, C4<0>;
L_0000000000f677e0 .functor OR 1, L_0000000000f67540, v000000000141b640_0, C4<0>, C4<0>;
L_0000000000f678c0 .functor OR 1, L_0000000000f677e0, v000000000141bb40_0, C4<0>, C4<0>;
v0000000000fa06f0_0 .net *"_s0", 0 0, L_0000000000f67540;  1 drivers
v0000000000fa0330_0 .net *"_s2", 0 0, L_0000000000f677e0;  1 drivers
v0000000000fa0790_0 .net "ack", 0 0, L_0000000000f678c0;  alias, 1 drivers
v0000000000fa0830_0 .net "ack0", 0 0, v000000000141b460_0;  alias, 1 drivers
v0000000000fa0970_0 .net "ack1", 0 0, v000000000141a920_0;  alias, 1 drivers
v0000000000fa0b50_0 .net "ack2", 0 0, v000000000141b640_0;  alias, 1 drivers
v0000000000fa0e70_0 .net "ack3", 0 0, v000000000141bb40_0;  alias, 1 drivers
S_0000000000f56db0 .scope module, "arb0" "arb" 3 12, 5 1 0, S_0000000000f719c0;
 .timescale 0 0;
    .port_info 0 /INPUT 1 "req0";
    .port_info 1 /INPUT 1 "req1";
    .port_info 2 /INPUT 1 "req2";
    .port_info 3 /INPUT 1 "req3";
    .port_info 4 /OUTPUT 1 "ack0";
    .port_info 5 /OUTPUT 1 "ack1";
    .port_info 6 /OUTPUT 1 "ack2";
    .port_info 7 /OUTPUT 1 "ack3";
    .port_info 8 /INPUT 1 "clk";
    .port_info 9 /INPUT 1 "rst";
v0000000000fa1050_0 .var "ack0", 0 0;
v0000000000fa10f0_0 .var "ack1", 0 0;
v000000000141a100_0 .var "ack2", 0 0;
v000000000141b460_0 .var "ack3", 0 0;
v000000000141be60_0 .net "clk", 0 0, o0000000000fca388;  alias, 0 drivers
v000000000141ad80_0 .var "nstate", 3 0;
v000000000141ab00_0 .net "req0", 0 0, L_0000000001437780;  1 drivers
v000000000141b320_0 .net "req1", 0 0, L_00000000014367e0;  1 drivers
v000000000141b960_0 .net "req2", 0 0, L_00000000014370a0;  1 drivers
v000000000141bdc0_0 .net "req3", 0 0, L_0000000001437460;  1 drivers
v000000000141a2e0_0 .net "rst", 0 0, o0000000000fca4a8;  alias, 0 drivers
v000000000141a9c0_0 .var "state", 3 0;
E_0000000000fb0810/0 .event edge, v000000000141ab00_0, v000000000141b320_0, v000000000141b960_0, v000000000141bdc0_0;
E_0000000000fb0810/1 .event edge, v000000000141a9c0_0;
E_0000000000fb0810 .event/or E_0000000000fb0810/0, E_0000000000fb0810/1;
E_0000000000fb0950 .event posedge, v000000000141a2e0_0, v000000000141be60_0;
S_0000000000f56f40 .scope module, "arb1" "arb" 3 13, 5 1 0, S_0000000000f719c0;
 .timescale 0 0;
    .port_info 0 /INPUT 1 "req0";
    .port_info 1 /INPUT 1 "req1";
    .port_info 2 /INPUT 1 "req2";
    .port_info 3 /INPUT 1 "req3";
    .port_info 4 /OUTPUT 1 "ack0";
    .port_info 5 /OUTPUT 1 "ack1";
    .port_info 6 /OUTPUT 1 "ack2";
    .port_info 7 /OUTPUT 1 "ack3";
    .port_info 8 /INPUT 1 "clk";
    .port_info 9 /INPUT 1 "rst";
v000000000141b500_0 .var "ack0", 0 0;
v000000000141b3c0_0 .var "ack1", 0 0;
v000000000141b000_0 .var "ack2", 0 0;
v000000000141a920_0 .var "ack3", 0 0;
v000000000141ace0_0 .net "clk", 0 0, o0000000000fca388;  alias, 0 drivers
v000000000141b820_0 .var "nstate", 3 0;
v000000000141b8c0_0 .net "req0", 0 0, L_0000000001437f00;  1 drivers
v000000000141a880_0 .net "req1", 0 0, L_0000000001437500;  1 drivers
v000000000141a380_0 .net "req2", 0 0, L_0000000001437a00;  1 drivers
v000000000141bc80_0 .net "req3", 0 0, L_00000000014375a0;  1 drivers
v000000000141a6a0_0 .net "rst", 0 0, o0000000000fca4a8;  alias, 0 drivers
v000000000141b5a0_0 .var "state", 3 0;
E_0000000000fb0c50/0 .event edge, v000000000141b8c0_0, v000000000141a880_0, v000000000141a380_0, v000000000141bc80_0;
E_0000000000fb0c50/1 .event edge, v000000000141b5a0_0;
E_0000000000fb0c50 .event/or E_0000000000fb0c50/0, E_0000000000fb0c50/1;
S_0000000000f6dcb0 .scope module, "arb2" "arb" 3 14, 5 1 0, S_0000000000f719c0;
 .timescale 0 0;
    .port_info 0 /INPUT 1 "req0";
    .port_info 1 /INPUT 1 "req1";
    .port_info 2 /INPUT 1 "req2";
    .port_info 3 /INPUT 1 "req3";
    .port_info 4 /OUTPUT 1 "ack0";
    .port_info 5 /OUTPUT 1 "ack1";
    .port_info 6 /OUTPUT 1 "ack2";
    .port_info 7 /OUTPUT 1 "ack3";
    .port_info 8 /INPUT 1 "clk";
    .port_info 9 /INPUT 1 "rst";
v000000000141af60_0 .var "ack0", 0 0;
v000000000141a560_0 .var "ack1", 0 0;
v000000000141ae20_0 .var "ack2", 0 0;
v000000000141b640_0 .var "ack3", 0 0;
v000000000141bd20_0 .net "clk", 0 0, o0000000000fca388;  alias, 0 drivers
v000000000141bf00_0 .var "nstate", 3 0;
v000000000141a740_0 .net "req0", 0 0, L_0000000001437b40;  1 drivers
v000000000141a4c0_0 .net "req1", 0 0, L_0000000001437be0;  1 drivers
v000000000141b6e0_0 .net "req2", 0 0, L_0000000001437d20;  1 drivers
v000000000141a7e0_0 .net "req3", 0 0, L_0000000001436d80;  1 drivers
v000000000141b780_0 .net "rst", 0 0, o0000000000fca4a8;  alias, 0 drivers
v000000000141a420_0 .var "state", 3 0;
E_0000000000fafe90/0 .event edge, v000000000141a740_0, v000000000141a4c0_0, v000000000141b6e0_0, v000000000141a7e0_0;
E_0000000000fafe90/1 .event edge, v000000000141a420_0;
E_0000000000fafe90 .event/or E_0000000000fafe90/0, E_0000000000fafe90/1;
S_0000000000f6de40 .scope module, "arb3" "arb" 3 15, 5 1 0, S_0000000000f719c0;
 .timescale 0 0;
    .port_info 0 /INPUT 1 "req0";
    .port_info 1 /INPUT 1 "req1";
    .port_info 2 /INPUT 1 "req2";
    .port_info 3 /INPUT 1 "req3";
    .port_info 4 /OUTPUT 1 "ack0";
    .port_info 5 /OUTPUT 1 "ack1";
    .port_info 6 /OUTPUT 1 "ack2";
    .port_info 7 /OUTPUT 1 "ack3";
    .port_info 8 /INPUT 1 "clk";
    .port_info 9 /INPUT 1 "rst";
v000000000141ba00_0 .var "ack0", 0 0;
v000000000141a1a0_0 .var "ack1", 0 0;
v000000000141baa0_0 .var "ack2", 0 0;
v000000000141bb40_0 .var "ack3", 0 0;
v000000000141aec0_0 .net "clk", 0 0, o0000000000fca388;  alias, 0 drivers
v000000000141bbe0_0 .var "nstate", 3 0;
v000000000141a060_0 .net "req0", 0 0, L_0000000001437280;  1 drivers
v000000000141b1e0_0 .net "req1", 0 0, L_0000000001436ba0;  1 drivers
v000000000141a600_0 .net "req2", 0 0, L_0000000001437640;  1 drivers
v000000000141aa60_0 .net "req3", 0 0, L_0000000001436600;  1 drivers
v000000000141a240_0 .net "rst", 0 0, o0000000000fca4a8;  alias, 0 drivers
v000000000141aba0_0 .var "state", 3 0;
E_0000000000faffd0/0 .event edge, v000000000141a060_0, v000000000141b1e0_0, v000000000141a600_0, v000000000141aa60_0;
E_0000000000faffd0/1 .event edge, v000000000141aba0_0;
E_0000000000faffd0 .event/or E_0000000000faffd0/0, E_0000000000faffd0/1;
S_0000000000f69c50 .scope module, "cb" "cb" 3 16, 6 1 0, S_0000000000f719c0;
 .timescale 0 0;
    .port_info 0 /INPUT 10 "i0";
    .port_info 1 /INPUT 10 "i1";
    .port_info 2 /INPUT 10 "i2";
    .port_info 3 /INPUT 10 "i3";
    .port_info 4 /OUTPUT 10 "o0";
    .port_info 5 /OUTPUT 10 "o1";
    .port_info 6 /OUTPUT 10 "o2";
    .port_info 7 /OUTPUT 10 "o3";
    .port_info 8 /INPUT 4 "d0";
    .port_info 9 /INPUT 4 "d1";
    .port_info 10 /INPUT 4 "d2";
    .port_info 11 /INPUT 4 "d3";
v000000000141f7a0_0 .net "d0", 3 0, L_00000000014376e0;  1 drivers
v000000000141ed00_0 .net "d1", 3 0, L_00000000014362e0;  1 drivers
v000000000141fca0_0 .net "d2", 3 0, L_0000000001437dc0;  1 drivers
v000000000141f0c0_0 .net "d3", 3 0, L_0000000001436c40;  1 drivers
v000000000141f840_0 .net "i0", 9 0, v000000000141fde0_0;  alias, 1 drivers
v000000000141f8e0_0 .net "i1", 9 0, v000000000142c790_0;  alias, 1 drivers
v000000000141f160_0 .net "i2", 9 0, v000000000142e840_0;  alias, 1 drivers
v000000000141e6c0_0 .net "i3", 9 0, v000000000142ea20_0;  alias, 1 drivers
v000000000141e1c0_0 .net "o0", 9 0, v000000000141f3e0_0;  alias, 1 drivers
v000000000141f980_0 .net "o1", 9 0, v000000000141f2a0_0;  alias, 1 drivers
v000000000141fa20_0 .net "o2", 9 0, v000000000141f5c0_0;  alias, 1 drivers
v000000000141fb60_0 .net "o3", 9 0, v000000000141f660_0;  alias, 1 drivers
S_0000000000f69de0 .scope module, "cbsel0" "cbsel" 6 4, 7 1 0, S_0000000000f69c50;
 .timescale 0 0;
    .port_info 0 /INPUT 10 "i0";
    .port_info 1 /INPUT 10 "i1";
    .port_info 2 /INPUT 10 "i2";
    .port_info 3 /INPUT 10 "i3";
    .port_info 4 /OUTPUT 10 "o";
    .port_info 5 /INPUT 4 "d";
v000000000141ac40_0 .net "d", 3 0, L_00000000014376e0;  alias, 1 drivers
v000000000141b0a0_0 .net "i0", 9 0, v000000000141fde0_0;  alias, 1 drivers
v000000000141b140_0 .net "i1", 9 0, v000000000142c790_0;  alias, 1 drivers
v000000000141b280_0 .net "i2", 9 0, v000000000142e840_0;  alias, 1 drivers
v000000000141ec60_0 .net "i3", 9 0, v000000000142ea20_0;  alias, 1 drivers
v000000000141f3e0_0 .var "o", 9 0;
E_0000000000fb00d0/0 .event edge, v000000000141b0a0_0, v000000000141ac40_0, v000000000141b140_0, v000000000141b280_0;
E_0000000000fb00d0/1 .event edge, v000000000141ec60_0;
E_0000000000fb00d0 .event/or E_0000000000fb00d0/0, E_0000000000fb00d0/1;
S_0000000000f61fd0 .scope module, "cbsel1" "cbsel" 6 5, 7 1 0, S_0000000000f69c50;
 .timescale 0 0;
    .port_info 0 /INPUT 10 "i0";
    .port_info 1 /INPUT 10 "i1";
    .port_info 2 /INPUT 10 "i2";
    .port_info 3 /INPUT 10 "i3";
    .port_info 4 /OUTPUT 10 "o";
    .port_info 5 /INPUT 4 "d";
v000000000141ea80_0 .net "d", 3 0, L_00000000014362e0;  alias, 1 drivers
v000000000141e120_0 .net "i0", 9 0, v000000000141fde0_0;  alias, 1 drivers
v000000000141f200_0 .net "i1", 9 0, v000000000142c790_0;  alias, 1 drivers
v000000000141ee40_0 .net "i2", 9 0, v000000000142e840_0;  alias, 1 drivers
v000000000141ebc0_0 .net "i3", 9 0, v000000000142ea20_0;  alias, 1 drivers
v000000000141f2a0_0 .var "o", 9 0;
E_0000000000fb14d0/0 .event edge, v000000000141b0a0_0, v000000000141ea80_0, v000000000141b140_0, v000000000141b280_0;
E_0000000000fb14d0/1 .event edge, v000000000141ec60_0;
E_0000000000fb14d0 .event/or E_0000000000fb14d0/0, E_0000000000fb14d0/1;
S_0000000000f62160 .scope module, "cbsel2" "cbsel" 6 6, 7 1 0, S_0000000000f69c50;
 .timescale 0 0;
    .port_info 0 /INPUT 10 "i0";
    .port_info 1 /INPUT 10 "i1";
    .port_info 2 /INPUT 10 "i2";
    .port_info 3 /INPUT 10 "i3";
    .port_info 4 /OUTPUT 10 "o";
    .port_info 5 /INPUT 4 "d";
v000000000141fe80_0 .net "d", 3 0, L_0000000001437dc0;  alias, 1 drivers
v000000000141f700_0 .net "i0", 9 0, v000000000141fde0_0;  alias, 1 drivers
v000000000141f340_0 .net "i1", 9 0, v000000000142c790_0;  alias, 1 drivers
v000000000141e3a0_0 .net "i2", 9 0, v000000000142e840_0;  alias, 1 drivers
v000000000141e080_0 .net "i3", 9 0, v000000000142ea20_0;  alias, 1 drivers
v000000000141f5c0_0 .var "o", 9 0;
E_0000000000fb1090/0 .event edge, v000000000141b0a0_0, v000000000141fe80_0, v000000000141b140_0, v000000000141b280_0;
E_0000000000fb1090/1 .event edge, v000000000141ec60_0;
E_0000000000fb1090 .event/or E_0000000000fb1090/0, E_0000000000fb1090/1;
S_0000000000f71500 .scope module, "cbsel3" "cbsel" 6 7, 7 1 0, S_0000000000f69c50;
 .timescale 0 0;
    .port_info 0 /INPUT 10 "i0";
    .port_info 1 /INPUT 10 "i1";
    .port_info 2 /INPUT 10 "i2";
    .port_info 3 /INPUT 10 "i3";
    .port_info 4 /OUTPUT 10 "o";
    .port_info 5 /INPUT 4 "d";
v000000000141f020_0 .net "d", 3 0, L_0000000001436c40;  alias, 1 drivers
v000000000141ef80_0 .net "i0", 9 0, v000000000141fde0_0;  alias, 1 drivers
v000000000141f480_0 .net "i1", 9 0, v000000000142c790_0;  alias, 1 drivers
v000000000141f520_0 .net "i2", 9 0, v000000000142e840_0;  alias, 1 drivers
v000000000141e620_0 .net "i3", 9 0, v000000000142ea20_0;  alias, 1 drivers
v000000000141f660_0 .var "o", 9 0;
E_0000000000fb1950/0 .event edge, v000000000141b0a0_0, v000000000141f020_0, v000000000141b140_0, v000000000141b280_0;
E_0000000000fb1950/1 .event edge, v000000000141ec60_0;
E_0000000000fb1950 .event/or E_0000000000fb1950/0, E_0000000000fb1950/1;
S_0000000000f71690 .scope module, "ib0" "ib" 3 4, 8 1 0, S_0000000000f719c0;
 .timescale 0 0;
    .port_info 0 /INPUT 10 "pkti";
    .port_info 1 /OUTPUT 10 "pkto";
    .port_info 2 /OUTPUT 4 "req";
    .port_info 3 /INPUT 1 "ack";
    .port_info 4 /OUTPUT 1 "full";
    .port_info 5 /INPUT 1 "clk";
    .port_info 6 /INPUT 1 "rst";
v000000000142d9b0_0 .net "ack", 0 0, L_0000000000f670e0;  alias, 1 drivers
v000000000142deb0_0 .net "clk", 0 0, o0000000000fca388;  alias, 0 drivers
v000000000142d230_0 .net "empty", 0 0, v000000000141e260_0;  1 drivers
v000000000142c150_0 .net "full", 0 0, v000000000141eee0_0;  alias, 1 drivers
v000000000142d2d0_0 .net "pkti", 9 0, o0000000000fcbca8;  alias, 0 drivers
v000000000142c8d0_0 .net "pkto", 9 0, v000000000141fde0_0;  alias, 1 drivers
v000000000142c330_0 .net "re", 0 0, v000000000142c470_0;  1 drivers
v000000000142cb50_0 .net "req", 3 0, v000000000142d0f0_0;  alias, 1 drivers
v000000000142c6f0_0 .net "rst", 0 0, o0000000000fca4a8;  alias, 0 drivers
v000000000142d370_0 .net "we", 0 0, v000000000142cab0_0;  1 drivers
S_0000000000ffe930 .scope module, "fifo" "fifo" 8 5, 9 1 0, S_0000000000f71690;
 .timescale 0 0;
    .port_info 0 /INPUT 10 "pkti";
    .port_info 1 /INPUT 1 "we";
    .port_info 2 /OUTPUT 1 "full";
    .port_info 3 /OUTPUT 10 "pkto";
    .port_info 4 /INPUT 1 "re";
    .port_info 5 /OUTPUT 1 "empty";
    .port_info 6 /INPUT 1 "clk";
    .port_info 7 /INPUT 1 "rst";
v000000000141eda0_0 .net "clk", 0 0, o0000000000fca388;  alias, 0 drivers
v000000000141e260_0 .var "empty", 0 0;
v000000000141eee0_0 .var "full", 0 0;
v000000000141e440_0 .var "head", 3 0;
v000000000141fac0_0 .var "headi", 3 0;
v000000000141fc00 .array "mem", 0 15, 9 0;
v000000000141fd40_0 .net "pkti", 9 0, o0000000000fcbca8;  alias, 0 drivers
v000000000141fde0_0 .var "pkto", 9 0;
v000000000141ff20_0 .net "re", 0 0, v000000000142c470_0;  alias, 1 drivers
v000000000141e940_0 .net "rst", 0 0, o0000000000fca4a8;  alias, 0 drivers
v000000000141e300_0 .var "tail", 3 0;
v000000000141e4e0_0 .net "we", 0 0, v000000000142cab0_0;  alias, 1 drivers
v000000000141fc00_0 .array/port v000000000141fc00, 0;
v000000000141fc00_1 .array/port v000000000141fc00, 1;
v000000000141fc00_2 .array/port v000000000141fc00, 2;
E_0000000000fb2850/0 .event edge, v000000000141e300_0, v000000000141fc00_0, v000000000141fc00_1, v000000000141fc00_2;
v000000000141fc00_3 .array/port v000000000141fc00, 3;
v000000000141fc00_4 .array/port v000000000141fc00, 4;
v000000000141fc00_5 .array/port v000000000141fc00, 5;
v000000000141fc00_6 .array/port v000000000141fc00, 6;
E_0000000000fb2850/1 .event edge, v000000000141fc00_3, v000000000141fc00_4, v000000000141fc00_5, v000000000141fc00_6;
v000000000141fc00_7 .array/port v000000000141fc00, 7;
v000000000141fc00_8 .array/port v000000000141fc00, 8;
v000000000141fc00_9 .array/port v000000000141fc00, 9;
v000000000141fc00_10 .array/port v000000000141fc00, 10;
E_0000000000fb2850/2 .event edge, v000000000141fc00_7, v000000000141fc00_8, v000000000141fc00_9, v000000000141fc00_10;
v000000000141fc00_11 .array/port v000000000141fc00, 11;
v000000000141fc00_12 .array/port v000000000141fc00, 12;
v000000000141fc00_13 .array/port v000000000141fc00, 13;
v000000000141fc00_14 .array/port v000000000141fc00, 14;
E_0000000000fb2850/3 .event edge, v000000000141fc00_11, v000000000141fc00_12, v000000000141fc00_13, v000000000141fc00_14;
v000000000141fc00_15 .array/port v000000000141fc00, 15;
E_0000000000fb2850/4 .event edge, v000000000141fc00_15, v000000000141e440_0;
E_0000000000fb2850 .event/or E_0000000000fb2850/0, E_0000000000fb2850/1, E_0000000000fb2850/2, E_0000000000fb2850/3, E_0000000000fb2850/4;
E_0000000000fb2a10 .event posedge, v000000000141be60_0;
S_0000000000ffe2f0 .scope module, "ibsm" "ibsm" 8 6, 10 1 0, S_0000000000f71690;
 .timescale 0 0;
    .port_info 0 /INPUT 10 "pkto";
    .port_info 1 /OUTPUT 1 "re";
    .port_info 2 /INPUT 1 "empty";
    .port_info 3 /OUTPUT 4 "req";
    .port_info 4 /INPUT 1 "ack";
    .port_info 5 /INPUT 1 "clk";
    .port_info 6 /INPUT 1 "rst";
v000000000141e580_0 .net "ack", 0 0, L_0000000000f670e0;  alias, 1 drivers
v000000000141e760_0 .net "clk", 0 0, o0000000000fca388;  alias, 0 drivers
v000000000141e800_0 .net "empty", 0 0, v000000000141e260_0;  alias, 1 drivers
v000000000141e8a0_0 .var "nstate", 2 0;
v000000000141eb20_0 .net "pkto", 9 0, v000000000141fde0_0;  alias, 1 drivers
v000000000142c470_0 .var "re", 0 0;
v000000000142d0f0_0 .var "req", 3 0;
v000000000142c3d0_0 .net "rst", 0 0, o0000000000fca4a8;  alias, 0 drivers
v000000000142d050_0 .var "state", 2 0;
E_0000000000fb20d0 .event edge, v000000000141b0a0_0, v000000000142d050_0, v0000000000fabb70_0, v000000000141e260_0;
S_0000000000ffe480 .scope module, "mkwe" "mkwe" 8 4, 11 1 0, S_0000000000f71690;
 .timescale 0 0;
    .port_info 0 /INPUT 10 "pkti";
    .port_info 1 /OUTPUT 1 "we";
v000000000142d190_0 .net "pkti", 9 0, o0000000000fcbca8;  alias, 0 drivers
v000000000142cab0_0 .var "we", 0 0;
E_0000000000fb2a90 .event edge, v000000000141fd40_0;
S_0000000000ffe610 .scope module, "ib1" "ib" 3 5, 8 1 0, S_0000000000f719c0;
 .timescale 0 0;
    .port_info 0 /INPUT 10 "pkti";
    .port_info 1 /OUTPUT 10 "pkto";
    .port_info 2 /OUTPUT 4 "req";
    .port_info 3 /INPUT 1 "ack";
    .port_info 4 /OUTPUT 1 "full";
    .port_info 5 /INPUT 1 "clk";
    .port_info 6 /INPUT 1 "rst";
v000000000142cf10_0 .net "ack", 0 0, L_0000000000f67770;  alias, 1 drivers
v000000000142d5f0_0 .net "clk", 0 0, o0000000000fca388;  alias, 0 drivers
v000000000142dd70_0 .net "empty", 0 0, v000000000142cdd0_0;  1 drivers
v000000000142de10_0 .net "full", 0 0, v000000000142d4b0_0;  alias, 1 drivers
v000000000142cfb0_0 .net "pkti", 9 0, o0000000000fcc638;  alias, 0 drivers
v000000000142d7d0_0 .net "pkto", 9 0, v000000000142c790_0;  alias, 1 drivers
v000000000142d870_0 .net "re", 0 0, v000000000142d730_0;  1 drivers
v000000000142d910_0 .net "req", 3 0, v000000000142cbf0_0;  alias, 1 drivers
v000000000142da50_0 .net "rst", 0 0, o0000000000fca4a8;  alias, 0 drivers
v000000000142daf0_0 .net "we", 0 0, v000000000142ce70_0;  1 drivers
S_0000000000ffe160 .scope module, "fifo" "fifo" 8 5, 9 1 0, S_0000000000ffe610;
 .timescale 0 0;
    .port_info 0 /INPUT 10 "pkti";
    .port_info 1 /INPUT 1 "we";
    .port_info 2 /OUTPUT 1 "full";
    .port_info 3 /OUTPUT 10 "pkto";
    .port_info 4 /INPUT 1 "re";
    .port_info 5 /OUTPUT 1 "empty";
    .port_info 6 /INPUT 1 "clk";
    .port_info 7 /INPUT 1 "rst";
v000000000142db90_0 .net "clk", 0 0, o0000000000fca388;  alias, 0 drivers
v000000000142cdd0_0 .var "empty", 0 0;
v000000000142d4b0_0 .var "full", 0 0;
v000000000142c510_0 .var "head", 3 0;
v000000000142c970_0 .var "headi", 3 0;
v000000000142c650 .array "mem", 0 15, 9 0;
v000000000142dc30_0 .net "pkti", 9 0, o0000000000fcc638;  alias, 0 drivers
v000000000142c790_0 .var "pkto", 9 0;
v000000000142c830_0 .net "re", 0 0, v000000000142d730_0;  alias, 1 drivers
v000000000142d410_0 .net "rst", 0 0, o0000000000fca4a8;  alias, 0 drivers
v000000000142ca10_0 .var "tail", 3 0;
v000000000142df50_0 .net "we", 0 0, v000000000142ce70_0;  alias, 1 drivers
v000000000142c650_0 .array/port v000000000142c650, 0;
v000000000142c650_1 .array/port v000000000142c650, 1;
v000000000142c650_2 .array/port v000000000142c650, 2;
E_0000000000fafb90/0 .event edge, v000000000142ca10_0, v000000000142c650_0, v000000000142c650_1, v000000000142c650_2;
v000000000142c650_3 .array/port v000000000142c650, 3;
v000000000142c650_4 .array/port v000000000142c650, 4;
v000000000142c650_5 .array/port v000000000142c650, 5;
v000000000142c650_6 .array/port v000000000142c650, 6;
E_0000000000fafb90/1 .event edge, v000000000142c650_3, v000000000142c650_4, v000000000142c650_5, v000000000142c650_6;
v000000000142c650_7 .array/port v000000000142c650, 7;
v000000000142c650_8 .array/port v000000000142c650, 8;
v000000000142c650_9 .array/port v000000000142c650, 9;
v000000000142c650_10 .array/port v000000000142c650, 10;
E_0000000000fafb90/2 .event edge, v000000000142c650_7, v000000000142c650_8, v000000000142c650_9, v000000000142c650_10;
v000000000142c650_11 .array/port v000000000142c650, 11;
v000000000142c650_12 .array/port v000000000142c650, 12;
v000000000142c650_13 .array/port v000000000142c650, 13;
v000000000142c650_14 .array/port v000000000142c650, 14;
E_0000000000fafb90/3 .event edge, v000000000142c650_11, v000000000142c650_12, v000000000142c650_13, v000000000142c650_14;
v000000000142c650_15 .array/port v000000000142c650, 15;
E_0000000000fafb90/4 .event edge, v000000000142c650_15, v000000000142c510_0;
E_0000000000fafb90 .event/or E_0000000000fafb90/0, E_0000000000fafb90/1, E_0000000000fafb90/2, E_0000000000fafb90/3, E_0000000000fafb90/4;
S_0000000000ffe7a0 .scope module, "ibsm" "ibsm" 8 6, 10 1 0, S_0000000000ffe610;
 .timescale 0 0;
    .port_info 0 /INPUT 10 "pkto";
    .port_info 1 /OUTPUT 1 "re";
    .port_info 2 /INPUT 1 "empty";
    .port_info 3 /OUTPUT 4 "req";
    .port_info 4 /INPUT 1 "ack";
    .port_info 5 /INPUT 1 "clk";
    .port_info 6 /INPUT 1 "rst";
v000000000142c0b0_0 .net "ack", 0 0, L_0000000000f67770;  alias, 1 drivers
v000000000142c1f0_0 .net "clk", 0 0, o0000000000fca388;  alias, 0 drivers
v000000000142dcd0_0 .net "empty", 0 0, v000000000142cdd0_0;  alias, 1 drivers
v000000000142c290_0 .var "nstate", 2 0;
v000000000142d690_0 .net "pkto", 9 0, v000000000142c790_0;  alias, 1 drivers
v000000000142d730_0 .var "re", 0 0;
v000000000142cbf0_0 .var "req", 3 0;
v000000000142d550_0 .net "rst", 0 0, o0000000000fca4a8;  alias, 0 drivers
v000000000142cc90_0 .var "state", 2 0;
E_0000000000faf0d0 .event edge, v000000000141b140_0, v000000000142cc90_0, v0000000000faae50_0, v000000000142cdd0_0;
S_0000000000ffdb20 .scope module, "mkwe" "mkwe" 8 4, 11 1 0, S_0000000000ffe610;
 .timescale 0 0;
    .port_info 0 /INPUT 10 "pkti";
    .port_info 1 /OUTPUT 1 "we";
v000000000142cd30_0 .net "pkti", 9 0, o0000000000fcc638;  alias, 0 drivers
v000000000142ce70_0 .var "we", 0 0;
E_0000000000faf110 .event edge, v000000000142dc30_0;
S_0000000000ffdcb0 .scope module, "ib2" "ib" 3 6, 8 1 0, S_0000000000f719c0;
 .timescale 0 0;
    .port_info 0 /INPUT 10 "pkti";
    .port_info 1 /OUTPUT 10 "pkto";
    .port_info 2 /OUTPUT 4 "req";
    .port_info 3 /INPUT 1 "ack";
    .port_info 4 /OUTPUT 1 "full";
    .port_info 5 /INPUT 1 "clk";
    .port_info 6 /INPUT 1 "rst";
v000000000142e160_0 .net "ack", 0 0, L_0000000000f674d0;  alias, 1 drivers
v000000000142e8e0_0 .net "clk", 0 0, o0000000000fca388;  alias, 0 drivers
v000000000142e660_0 .net "empty", 0 0, v000000000142f380_0;  1 drivers
v000000000142e200_0 .net "full", 0 0, v000000000142e7a0_0;  alias, 1 drivers
v000000000142e2a0_0 .net "pkti", 9 0, o0000000000fccfc8;  alias, 0 drivers
v000000000142f7e0_0 .net "pkto", 9 0, v000000000142e840_0;  alias, 1 drivers
v000000000142f9c0_0 .net "re", 0 0, v000000000142eca0_0;  1 drivers
v000000000142e340_0 .net "req", 3 0, v000000000142f100_0;  alias, 1 drivers
v000000000142e3e0_0 .net "rst", 0 0, o0000000000fca4a8;  alias, 0 drivers
v000000000142f1a0_0 .net "we", 0 0, v000000000142e0c0_0;  1 drivers
S_0000000000ffde40 .scope module, "fifo" "fifo" 8 5, 9 1 0, S_0000000000ffdcb0;
 .timescale 0 0;
    .port_info 0 /INPUT 10 "pkti";
    .port_info 1 /INPUT 1 "we";
    .port_info 2 /OUTPUT 1 "full";
    .port_info 3 /OUTPUT 10 "pkto";
    .port_info 4 /INPUT 1 "re";
    .port_info 5 /OUTPUT 1 "empty";
    .port_info 6 /INPUT 1 "clk";
    .port_info 7 /INPUT 1 "rst";
v000000000142eb60_0 .net "clk", 0 0, o0000000000fca388;  alias, 0 drivers
v000000000142f380_0 .var "empty", 0 0;
v000000000142e7a0_0 .var "full", 0 0;
v000000000142ec00_0 .var "head", 3 0;
v000000000142f4c0_0 .var "headi", 3 0;
v000000000142e700 .array "mem", 0 15, 9 0;
v000000000142f420_0 .net "pkti", 9 0, o0000000000fccfc8;  alias, 0 drivers
v000000000142e840_0 .var "pkto", 9 0;
v000000000142f560_0 .net "re", 0 0, v000000000142eca0_0;  alias, 1 drivers
v000000000142f740_0 .net "rst", 0 0, o0000000000fca4a8;  alias, 0 drivers
v000000000142f600_0 .var "tail", 3 0;
v000000000142fb00_0 .net "we", 0 0, v000000000142e0c0_0;  alias, 1 drivers
v000000000142e700_0 .array/port v000000000142e700, 0;
v000000000142e700_1 .array/port v000000000142e700, 1;
v000000000142e700_2 .array/port v000000000142e700, 2;
E_0000000000faee50/0 .event edge, v000000000142f600_0, v000000000142e700_0, v000000000142e700_1, v000000000142e700_2;
v000000000142e700_3 .array/port v000000000142e700, 3;
v000000000142e700_4 .array/port v000000000142e700, 4;
v000000000142e700_5 .array/port v000000000142e700, 5;
v000000000142e700_6 .array/port v000000000142e700, 6;
E_0000000000faee50/1 .event edge, v000000000142e700_3, v000000000142e700_4, v000000000142e700_5, v000000000142e700_6;
v000000000142e700_7 .array/port v000000000142e700, 7;
v000000000142e700_8 .array/port v000000000142e700, 8;
v000000000142e700_9 .array/port v000000000142e700, 9;
v000000000142e700_10 .array/port v000000000142e700, 10;
E_0000000000faee50/2 .event edge, v000000000142e700_7, v000000000142e700_8, v000000000142e700_9, v000000000142e700_10;
v000000000142e700_11 .array/port v000000000142e700, 11;
v000000000142e700_12 .array/port v000000000142e700, 12;
v000000000142e700_13 .array/port v000000000142e700, 13;
v000000000142e700_14 .array/port v000000000142e700, 14;
E_0000000000faee50/3 .event edge, v000000000142e700_11, v000000000142e700_12, v000000000142e700_13, v000000000142e700_14;
v000000000142e700_15 .array/port v000000000142e700, 15;
E_0000000000faee50/4 .event edge, v000000000142e700_15, v000000000142ec00_0;
E_0000000000faee50 .event/or E_0000000000faee50/0, E_0000000000faee50/1, E_0000000000faee50/2, E_0000000000faee50/3, E_0000000000faee50/4;
S_0000000000ffdfd0 .scope module, "ibsm" "ibsm" 8 6, 10 1 0, S_0000000000ffdcb0;
 .timescale 0 0;
    .port_info 0 /INPUT 10 "pkto";
    .port_info 1 /OUTPUT 1 "re";
    .port_info 2 /INPUT 1 "empty";
    .port_info 3 /OUTPUT 4 "req";
    .port_info 4 /INPUT 1 "ack";
    .port_info 5 /INPUT 1 "clk";
    .port_info 6 /INPUT 1 "rst";
v000000000142e980_0 .net "ack", 0 0, L_0000000000f674d0;  alias, 1 drivers
v000000000142e520_0 .net "clk", 0 0, o0000000000fca388;  alias, 0 drivers
v000000000142f880_0 .net "empty", 0 0, v000000000142f380_0;  alias, 1 drivers
v000000000142f920_0 .var "nstate", 2 0;
v000000000142efc0_0 .net "pkto", 9 0, v000000000142e840_0;  alias, 1 drivers
v000000000142eca0_0 .var "re", 0 0;
v000000000142f100_0 .var "req", 3 0;
v000000000142f6a0_0 .net "rst", 0 0, o0000000000fca4a8;  alias, 0 drivers
v000000000142ed40_0 .var "state", 2 0;
E_0000000000faf610 .event edge, v000000000141b280_0, v000000000142ed40_0, v0000000000fabad0_0, v000000000142f380_0;
S_0000000001430bc0 .scope module, "mkwe" "mkwe" 8 4, 11 1 0, S_0000000000ffdcb0;
 .timescale 0 0;
    .port_info 0 /INPUT 10 "pkti";
    .port_info 1 /OUTPUT 1 "we";
v000000000142fba0_0 .net "pkti", 9 0, o0000000000fccfc8;  alias, 0 drivers
v000000000142e0c0_0 .var "we", 0 0;
E_0000000000fafc10 .event edge, v000000000142f420_0;
S_0000000001431200 .scope module, "ib3" "ib" 3 7, 8 1 0, S_0000000000f719c0;
 .timescale 0 0;
    .port_info 0 /INPUT 10 "pkti";
    .port_info 1 /OUTPUT 10 "pkto";
    .port_info 2 /OUTPUT 4 "req";
    .port_info 3 /INPUT 1 "ack";
    .port_info 4 /OUTPUT 1 "full";
    .port_info 5 /INPUT 1 "clk";
    .port_info 6 /INPUT 1 "rst";
v0000000001432cc0_0 .net "ack", 0 0, L_0000000000f678c0;  alias, 1 drivers
v00000000014333a0_0 .net "clk", 0 0, o0000000000fca388;  alias, 0 drivers
v0000000001433800_0 .net "empty", 0 0, v000000000142fa60_0;  1 drivers
v00000000014322c0_0 .net "full", 0 0, v000000000142fce0_0;  alias, 1 drivers
v00000000014334e0_0 .net "pkti", 9 0, o0000000000fcd958;  alias, 0 drivers
v0000000001432720_0 .net "pkto", 9 0, v000000000142ea20_0;  alias, 1 drivers
v0000000001433580_0 .net "re", 0 0, v0000000001432c20_0;  1 drivers
v0000000001433ee0_0 .net "req", 3 0, v0000000001433440_0;  alias, 1 drivers
v00000000014338a0_0 .net "rst", 0 0, o0000000000fca4a8;  alias, 0 drivers
v0000000001433300_0 .net "we", 0 0, v0000000001433bc0_0;  1 drivers
S_0000000001430710 .scope module, "fifo" "fifo" 8 5, 9 1 0, S_0000000001431200;
 .timescale 0 0;
    .port_info 0 /INPUT 10 "pkti";
    .port_info 1 /INPUT 1 "we";
    .port_info 2 /OUTPUT 1 "full";
    .port_info 3 /OUTPUT 10 "pkto";
    .port_info 4 /INPUT 1 "re";
    .port_info 5 /OUTPUT 1 "empty";
    .port_info 6 /INPUT 1 "clk";
    .port_info 7 /INPUT 1 "rst";
v000000000142e5c0_0 .net "clk", 0 0, o0000000000fca388;  alias, 0 drivers
v000000000142fa60_0 .var "empty", 0 0;
v000000000142fce0_0 .var "full", 0 0;
v000000000142fc40_0 .var "head", 3 0;
v000000000142fec0_0 .var "headi", 3 0;
v000000000142ef20 .array "mem", 0 15, 9 0;
v000000000142f060_0 .net "pkti", 9 0, o0000000000fcd958;  alias, 0 drivers
v000000000142ea20_0 .var "pkto", 9 0;
v000000000142f240_0 .net "re", 0 0, v0000000001432c20_0;  alias, 1 drivers
v000000000142fe20_0 .net "rst", 0 0, o0000000000fca4a8;  alias, 0 drivers
v000000000142ff60_0 .var "tail", 3 0;
v000000000142ede0_0 .net "we", 0 0, v0000000001433bc0_0;  alias, 1 drivers
v000000000142ef20_0 .array/port v000000000142ef20, 0;
v000000000142ef20_1 .array/port v000000000142ef20, 1;
v000000000142ef20_2 .array/port v000000000142ef20, 2;
E_0000000000fafcd0/0 .event edge, v000000000142ff60_0, v000000000142ef20_0, v000000000142ef20_1, v000000000142ef20_2;
v000000000142ef20_3 .array/port v000000000142ef20, 3;
v000000000142ef20_4 .array/port v000000000142ef20, 4;
v000000000142ef20_5 .array/port v000000000142ef20, 5;
v000000000142ef20_6 .array/port v000000000142ef20, 6;
E_0000000000fafcd0/1 .event edge, v000000000142ef20_3, v000000000142ef20_4, v000000000142ef20_5, v000000000142ef20_6;
v000000000142ef20_7 .array/port v000000000142ef20, 7;
v000000000142ef20_8 .array/port v000000000142ef20, 8;
v000000000142ef20_9 .array/port v000000000142ef20, 9;
v000000000142ef20_10 .array/port v000000000142ef20, 10;
E_0000000000fafcd0/2 .event edge, v000000000142ef20_7, v000000000142ef20_8, v000000000142ef20_9, v000000000142ef20_10;
v000000000142ef20_11 .array/port v000000000142ef20, 11;
v000000000142ef20_12 .array/port v000000000142ef20, 12;
v000000000142ef20_13 .array/port v000000000142ef20, 13;
v000000000142ef20_14 .array/port v000000000142ef20, 14;
E_0000000000fafcd0/3 .event edge, v000000000142ef20_11, v000000000142ef20_12, v000000000142ef20_13, v000000000142ef20_14;
v000000000142ef20_15 .array/port v000000000142ef20, 15;
E_0000000000fafcd0/4 .event edge, v000000000142ef20_15, v000000000142fc40_0;
E_0000000000fafcd0 .event/or E_0000000000fafcd0/0, E_0000000000fafcd0/1, E_0000000000fafcd0/2, E_0000000000fafcd0/3, E_0000000000fafcd0/4;
S_0000000001430580 .scope module, "ibsm" "ibsm" 8 6, 10 1 0, S_0000000001431200;
 .timescale 0 0;
    .port_info 0 /INPUT 10 "pkto";
    .port_info 1 /OUTPUT 1 "re";
    .port_info 2 /INPUT 1 "empty";
    .port_info 3 /OUTPUT 4 "req";
    .port_info 4 /INPUT 1 "ack";
    .port_info 5 /INPUT 1 "clk";
    .port_info 6 /INPUT 1 "rst";
v000000000142eac0_0 .net "ack", 0 0, L_0000000000f678c0;  alias, 1 drivers
v000000000142f2e0_0 .net "clk", 0 0, o0000000000fca388;  alias, 0 drivers
v000000000142ee80_0 .net "empty", 0 0, v000000000142fa60_0;  alias, 1 drivers
v0000000001433120_0 .var "nstate", 2 0;
v0000000001432180_0 .net "pkto", 9 0, v000000000142ea20_0;  alias, 1 drivers
v0000000001432c20_0 .var "re", 0 0;
v0000000001433440_0 .var "req", 3 0;
v0000000001433b20_0 .net "rst", 0 0, o0000000000fca4a8;  alias, 0 drivers
v0000000001433a80_0 .var "state", 2 0;
E_0000000000fafd10 .event edge, v000000000141ec60_0, v0000000001433a80_0, v0000000000fa0790_0, v000000000142fa60_0;
S_00000000014300d0 .scope module, "mkwe" "mkwe" 8 4, 11 1 0, S_0000000001431200;
 .timescale 0 0;
    .port_info 0 /INPUT 10 "pkti";
    .port_info 1 /OUTPUT 1 "we";
v0000000001432e00_0 .net "pkti", 9 0, o0000000000fcd958;  alias, 0 drivers
v0000000001433bc0_0 .var "we", 0 0;
E_0000000000faee90 .event edge, v000000000142f060_0;
S_0000000000f71b50 .scope module, "test" "test" 12 2;
 .timescale 0 0;
v00000000014371e0_0 .var "pkti", 9 0;
v0000000001437960_0 .net "we", 0 0, v0000000001436ec0_0;  1 drivers
S_0000000001431e80 .scope module, "mkwe" "mkwe" 12 5, 11 1 0, S_0000000000f71b50;
 .timescale 0 0;
    .port_info 0 /INPUT 10 "pkti";
    .port_info 1 /OUTPUT 1 "we";
v0000000001436740_0 .net "pkti", 9 0, v00000000014371e0_0;  1 drivers
v0000000001436ec0_0 .var "we", 0 0;
E_0000000000fb0150 .event edge, v0000000001436740_0;
    .scope S_0000000000ffe480;
T_0 ;
Ewait_0 .event/or E_0000000000fb2a90, E_0x0;
    %wait Ewait_0;
    %pushi/vec4 0, 0, 1;
    %store/vec4 v000000000142cab0_0, 0, 1;
    %load/vec4 v000000000142d190_0;
    %parti/s 2, 8, 5;
    %cmpi/e 2, 0, 2;
    %jmp/0xz  T_0.0, 4;
    %pushi/vec4 1, 0, 1;
    %store/vec4 v000000000142cab0_0, 0, 1;
    %jmp T_0.1;
T_0.0 ;
    %load/vec4 v000000000142d190_0;
    %parti/s 2, 8, 5;
    %cmpi/e 1, 0, 2;
    %jmp/0xz  T_0.2, 4;
    %pushi/vec4 1, 0, 1;
    %store/vec4 v000000000142cab0_0, 0, 1;
    %jmp T_0.3;
T_0.2 ;
    %pushi/vec4 0, 0, 1;
    %store/vec4 v000000000142cab0_0, 0, 1;
T_0.3 ;
T_0.1 ;
    %jmp T_0;
    .thread T_0, $push;
    .scope S_0000000000ffe930;
T_1 ;
    %wait E_0000000000fb0950;
    %load/vec4 v000000000141e940_0;
    %flag_set/vec4 8;
    %jmp/0xz  T_1.0, 8;
    %pushi/vec4 0, 0, 4;
    %assign/vec4 v000000000141e440_0, 0;
    %pushi/vec4 0, 0, 4;
    %assign/vec4 v000000000141e300_0, 0;
    %jmp T_1.1;
T_1.0 ;
    %load/vec4 v000000000141e4e0_0;
    %flag_set/vec4 8;
    %jmp/0xz  T_1.2, 8;
    %load/vec4 v000000000141e440_0;
    %addi 1, 0, 4;
    %assign/vec4 v000000000141e440_0, 0;
T_1.2 ;
    %load/vec4 v000000000141ff20_0;
    %flag_set/vec4 8;
    %jmp/0xz  T_1.4, 8;
    %load/vec4 v000000000141e300_0;
    %addi 1, 0, 4;
    %assign/vec4 v000000000141e300_0, 0;
T_1.4 ;
T_1.1 ;
    %jmp T_1;
    .thread T_1;
    .scope S_0000000000ffe930;
T_2 ;
    %wait E_0000000000fb2a10;
    %load/vec4 v000000000141e4e0_0;
    %flag_set/vec4 8;
    %jmp/0xz  T_2.0, 8;
    %load/vec4 v000000000141fd40_0;
    %load/vec4 v000000000141e440_0;
    %pad/u 6;
    %ix/vec4 3;
    %ix/load 4, 0, 0; Constant delay
    %assign/vec4/a/d v000000000141fc00, 0, 4;
T_2.0 ;
    %jmp T_2;
    .thread T_2;
    .scope S_0000000000ffe930;
T_3 ;
Ewait_1 .event/or E_0000000000fb2850, E_0x0;
    %wait Ewait_1;
    %load/vec4 v000000000141e300_0;
    %pad/u 6;
    %ix/vec4 4;
    %load/vec4a v000000000141fc00, 4;
    %store/vec4 v000000000141fde0_0, 0, 10;
    %load/vec4 v000000000141e440_0;
    %load/vec4 v000000000141e300_0;
    %cmp/e;
    %jmp/0xz  T_3.0, 4;
    %pushi/vec4 1, 0, 1;
    %store/vec4 v000000000141e260_0, 0, 1;
    %pushi/vec4 0, 0, 10;
    %store/vec4 v000000000141fde0_0, 0, 10;
    %jmp T_3.1;
T_3.0 ;
    %pushi/vec4 0, 0, 1;
    %store/vec4 v000000000141e260_0, 0, 1;
T_3.1 ;
    %load/vec4 v000000000141e440_0;
    %addi 1, 0, 4;
    %store/vec4 v000000000141fac0_0, 0, 4;
    %load/vec4 v000000000141e300_0;
    %load/vec4 v000000000141fac0_0;
    %cmp/e;
    %jmp/0xz  T_3.2, 4;
    %pushi/vec4 1, 0, 1;
    %store/vec4 v000000000141eee0_0, 0, 1;
    %jmp T_3.3;
T_3.2 ;
    %pushi/vec4 0, 0, 1;
    %store/vec4 v000000000141eee0_0, 0, 1;
T_3.3 ;
    %jmp T_3;
    .thread T_3, $push;
    .scope S_0000000000ffe2f0;
T_4 ;
    %wait E_0000000000fb0950;
    %load/vec4 v000000000142c3d0_0;
    %flag_set/vec4 8;
    %jmp/0xz  T_4.0, 8;
    %pushi/vec4 1, 0, 3;
    %assign/vec4 v000000000142d050_0, 0;
    %jmp T_4.1;
T_4.0 ;
    %load/vec4 v000000000141e8a0_0;
    %assign/vec4 v000000000142d050_0, 0;
T_4.1 ;
    %jmp T_4;
    .thread T_4;
    .scope S_0000000000ffe2f0;
T_5 ;
Ewait_2 .event/or E_0000000000fb20d0, E_0x0;
    %wait Ewait_2;
    %pushi/vec4 1, 0, 3;
    %store/vec4 v000000000141e8a0_0, 0, 3;
    %pushi/vec4 0, 0, 4;
    %store/vec4 v000000000142d0f0_0, 0, 4;
    %pushi/vec4 0, 0, 1;
    %store/vec4 v000000000142c470_0, 0, 1;
    %pushi/vec4 1, 0, 32;
    %dup/vec4;
    %load/vec4 v000000000142d050_0;
    %parti/s 1, 0, 2;
    %pad/u 32;
    %cmp/u;
    %jmp/1 T_5.0, 6;
    %dup/vec4;
    %load/vec4 v000000000142d050_0;
    %parti/s 1, 1, 2;
    %pad/u 32;
    %cmp/u;
    %jmp/1 T_5.1, 6;
    %dup/vec4;
    %load/vec4 v000000000142d050_0;
    %parti/s 1, 2, 3;
    %pad/u 32;
    %cmp/u;
    %jmp/1 T_5.2, 6;
    %jmp T_5.3;
T_5.0 ;
    %load/vec4 v000000000141eb20_0;
    %parti/s 2, 8, 5;
    %cmpi/e 2, 0, 2;
    %jmp/0xz  T_5.4, 4;
    %load/vec4 v000000000141eb20_0;
    %parti/s 2, 0, 2;
    %dup/vec4;
    %pushi/vec4 0, 0, 2;
    %cmp/u;
    %jmp/1 T_5.6, 6;
    %dup/vec4;
    %pushi/vec4 1, 0, 2;
    %cmp/u;
    %jmp/1 T_5.7, 6;
    %dup/vec4;
    %pushi/vec4 2, 0, 2;
    %cmp/u;
    %jmp/1 T_5.8, 6;
    %dup/vec4;
    %pushi/vec4 3, 0, 2;
    %cmp/u;
    %jmp/1 T_5.9, 6;
    %jmp T_5.10;
T_5.6 ;
    %pushi/vec4 1, 0, 4;
    %store/vec4 v000000000142d0f0_0, 0, 4;
    %jmp T_5.10;
T_5.7 ;
    %pushi/vec4 2, 0, 4;
    %store/vec4 v000000000142d0f0_0, 0, 4;
    %jmp T_5.10;
T_5.8 ;
    %pushi/vec4 4, 0, 4;
    %store/vec4 v000000000142d0f0_0, 0, 4;
    %jmp T_5.10;
T_5.9 ;
    %pushi/vec4 8, 0, 4;
    %store/vec4 v000000000142d0f0_0, 0, 4;
    %jmp T_5.10;
T_5.10 ;
    %pop/vec4 1;
    %pushi/vec4 2, 0, 3;
    %store/vec4 v000000000141e8a0_0, 0, 3;
T_5.4 ;
    %jmp T_5.3;
T_5.1 ;
    %load/vec4 v000000000141e580_0;
    %cmpi/e 1, 0, 1;
    %jmp/0xz  T_5.11, 4;
    %pushi/vec4 4, 0, 3;
    %store/vec4 v000000000141e8a0_0, 0, 3;
    %pushi/vec4 0, 0, 4;
    %store/vec4 v000000000142d0f0_0, 0, 4;
    %pushi/vec4 1, 0, 1;
    %store/vec4 v000000000142c470_0, 0, 1;
T_5.11 ;
    %jmp T_5.3;
T_5.2 ;
    %pushi/vec4 1, 0, 1;
    %store/vec4 v000000000142c470_0, 0, 1;
    %load/vec4 v000000000141e800_0;
    %cmpi/e 1, 0, 1;
    %jmp/0xz  T_5.13, 4;
    %pushi/vec4 1, 0, 3;
    %store/vec4 v000000000141e8a0_0, 0, 3;
    %pushi/vec4 0, 0, 1;
    %store/vec4 v000000000142c470_0, 0, 1;
T_5.13 ;
    %jmp T_5.3;
T_5.3 ;
    %pop/vec4 1;
    %jmp T_5;
    .thread T_5, $push;
    .scope S_0000000000ffdb20;
T_6 ;
Ewait_3 .event/or E_0000000000faf110, E_0x0;
    %wait Ewait_3;
    %pushi/vec4 0, 0, 1;
    %store/vec4 v000000000142ce70_0, 0, 1;
    %load/vec4 v000000000142cd30_0;
    %parti/s 2, 8, 5;
    %cmpi/e 2, 0, 2;
    %jmp/0xz  T_6.0, 4;
    %pushi/vec4 1, 0, 1;
    %store/vec4 v000000000142ce70_0, 0, 1;
    %jmp T_6.1;
T_6.0 ;
    %load/vec4 v000000000142cd30_0;
    %parti/s 2, 8, 5;
    %cmpi/e 1, 0, 2;
    %jmp/0xz  T_6.2, 4;
    %pushi/vec4 1, 0, 1;
    %store/vec4 v000000000142ce70_0, 0, 1;
    %jmp T_6.3;
T_6.2 ;
    %pushi/vec4 0, 0, 1;
    %store/vec4 v000000000142ce70_0, 0, 1;
T_6.3 ;
T_6.1 ;
    %jmp T_6;
    .thread T_6, $push;
    .scope S_0000000000ffe160;
T_7 ;
    %wait E_0000000000fb0950;
    %load/vec4 v000000000142d410_0;
    %flag_set/vec4 8;
    %jmp/0xz  T_7.0, 8;
    %pushi/vec4 0, 0, 4;
    %assign/vec4 v000000000142c510_0, 0;
    %pushi/vec4 0, 0, 4;
    %assign/vec4 v000000000142ca10_0, 0;
    %jmp T_7.1;
T_7.0 ;
    %load/vec4 v000000000142df50_0;
    %flag_set/vec4 8;
    %jmp/0xz  T_7.2, 8;
    %load/vec4 v000000000142c510_0;
    %addi 1, 0, 4;
    %assign/vec4 v000000000142c510_0, 0;
T_7.2 ;
    %load/vec4 v000000000142c830_0;
    %flag_set/vec4 8;
    %jmp/0xz  T_7.4, 8;
    %load/vec4 v000000000142ca10_0;
    %addi 1, 0, 4;
    %assign/vec4 v000000000142ca10_0, 0;
T_7.4 ;
T_7.1 ;
    %jmp T_7;
    .thread T_7;
    .scope S_0000000000ffe160;
T_8 ;
    %wait E_0000000000fb2a10;
    %load/vec4 v000000000142df50_0;
    %flag_set/vec4 8;
    %jmp/0xz  T_8.0, 8;
    %load/vec4 v000000000142dc30_0;
    %load/vec4 v000000000142c510_0;
    %pad/u 6;
    %ix/vec4 3;
    %ix/load 4, 0, 0; Constant delay
    %assign/vec4/a/d v000000000142c650, 0, 4;
T_8.0 ;
    %jmp T_8;
    .thread T_8;
    .scope S_0000000000ffe160;
T_9 ;
Ewait_4 .event/or E_0000000000fafb90, E_0x0;
    %wait Ewait_4;
    %load/vec4 v000000000142ca10_0;
    %pad/u 6;
    %ix/vec4 4;
    %load/vec4a v000000000142c650, 4;
    %store/vec4 v000000000142c790_0, 0, 10;
    %load/vec4 v000000000142c510_0;
    %load/vec4 v000000000142ca10_0;
    %cmp/e;
    %jmp/0xz  T_9.0, 4;
    %pushi/vec4 1, 0, 1;
    %store/vec4 v000000000142cdd0_0, 0, 1;
    %pushi/vec4 0, 0, 10;
    %store/vec4 v000000000142c790_0, 0, 10;
    %jmp T_9.1;
T_9.0 ;
    %pushi/vec4 0, 0, 1;
    %store/vec4 v000000000142cdd0_0, 0, 1;
T_9.1 ;
    %load/vec4 v000000000142c510_0;
    %addi 1, 0, 4;
    %store/vec4 v000000000142c970_0, 0, 4;
    %load/vec4 v000000000142ca10_0;
    %load/vec4 v000000000142c970_0;
    %cmp/e;
    %jmp/0xz  T_9.2, 4;
    %pushi/vec4 1, 0, 1;
    %store/vec4 v000000000142d4b0_0, 0, 1;
    %jmp T_9.3;
T_9.2 ;
    %pushi/vec4 0, 0, 1;
    %store/vec4 v000000000142d4b0_0, 0, 1;
T_9.3 ;
    %jmp T_9;
    .thread T_9, $push;
    .scope S_0000000000ffe7a0;
T_10 ;
    %wait E_0000000000fb0950;
    %load/vec4 v000000000142d550_0;
    %flag_set/vec4 8;
    %jmp/0xz  T_10.0, 8;
    %pushi/vec4 1, 0, 3;
    %assign/vec4 v000000000142cc90_0, 0;
    %jmp T_10.1;
T_10.0 ;
    %load/vec4 v000000000142c290_0;
    %assign/vec4 v000000000142cc90_0, 0;
T_10.1 ;
    %jmp T_10;
    .thread T_10;
    .scope S_0000000000ffe7a0;
T_11 ;
Ewait_5 .event/or E_0000000000faf0d0, E_0x0;
    %wait Ewait_5;
    %pushi/vec4 1, 0, 3;
    %store/vec4 v000000000142c290_0, 0, 3;
    %pushi/vec4 0, 0, 4;
    %store/vec4 v000000000142cbf0_0, 0, 4;
    %pushi/vec4 0, 0, 1;
    %store/vec4 v000000000142d730_0, 0, 1;
    %pushi/vec4 1, 0, 32;
    %dup/vec4;
    %load/vec4 v000000000142cc90_0;
    %parti/s 1, 0, 2;
    %pad/u 32;
    %cmp/u;
    %jmp/1 T_11.0, 6;
    %dup/vec4;
    %load/vec4 v000000000142cc90_0;
    %parti/s 1, 1, 2;
    %pad/u 32;
    %cmp/u;
    %jmp/1 T_11.1, 6;
    %dup/vec4;
    %load/vec4 v000000000142cc90_0;
    %parti/s 1, 2, 3;
    %pad/u 32;
    %cmp/u;
    %jmp/1 T_11.2, 6;
    %jmp T_11.3;
T_11.0 ;
    %load/vec4 v000000000142d690_0;
    %parti/s 2, 8, 5;
    %cmpi/e 2, 0, 2;
    %jmp/0xz  T_11.4, 4;
    %load/vec4 v000000000142d690_0;
    %parti/s 2, 0, 2;
    %dup/vec4;
    %pushi/vec4 0, 0, 2;
    %cmp/u;
    %jmp/1 T_11.6, 6;
    %dup/vec4;
    %pushi/vec4 1, 0, 2;
    %cmp/u;
    %jmp/1 T_11.7, 6;
    %dup/vec4;
    %pushi/vec4 2, 0, 2;
    %cmp/u;
    %jmp/1 T_11.8, 6;
    %dup/vec4;
    %pushi/vec4 3, 0, 2;
    %cmp/u;
    %jmp/1 T_11.9, 6;
    %jmp T_11.10;
T_11.6 ;
    %pushi/vec4 1, 0, 4;
    %store/vec4 v000000000142cbf0_0, 0, 4;
    %jmp T_11.10;
T_11.7 ;
    %pushi/vec4 2, 0, 4;
    %store/vec4 v000000000142cbf0_0, 0, 4;
    %jmp T_11.10;
T_11.8 ;
    %pushi/vec4 4, 0, 4;
    %store/vec4 v000000000142cbf0_0, 0, 4;
    %jmp T_11.10;
T_11.9 ;
    %pushi/vec4 8, 0, 4;
    %store/vec4 v000000000142cbf0_0, 0, 4;
    %jmp T_11.10;
T_11.10 ;
    %pop/vec4 1;
    %pushi/vec4 2, 0, 3;
    %store/vec4 v000000000142c290_0, 0, 3;
T_11.4 ;
    %jmp T_11.3;
T_11.1 ;
    %load/vec4 v000000000142c0b0_0;
    %cmpi/e 1, 0, 1;
    %jmp/0xz  T_11.11, 4;
    %pushi/vec4 4, 0, 3;
    %store/vec4 v000000000142c290_0, 0, 3;
    %pushi/vec4 0, 0, 4;
    %store/vec4 v000000000142cbf0_0, 0, 4;
    %pushi/vec4 1, 0, 1;
    %store/vec4 v000000000142d730_0, 0, 1;
T_11.11 ;
    %jmp T_11.3;
T_11.2 ;
    %pushi/vec4 1, 0, 1;
    %store/vec4 v000000000142d730_0, 0, 1;
    %load/vec4 v000000000142dcd0_0;
    %cmpi/e 1, 0, 1;
    %jmp/0xz  T_11.13, 4;
    %pushi/vec4 1, 0, 3;
    %store/vec4 v000000000142c290_0, 0, 3;
    %pushi/vec4 0, 0, 1;
    %store/vec4 v000000000142d730_0, 0, 1;
T_11.13 ;
    %jmp T_11.3;
T_11.3 ;
    %pop/vec4 1;
    %jmp T_11;
    .thread T_11, $push;
    .scope S_0000000001430bc0;
T_12 ;
Ewait_6 .event/or E_0000000000fafc10, E_0x0;
    %wait Ewait_6;
    %pushi/vec4 0, 0, 1;
    %store/vec4 v000000000142e0c0_0, 0, 1;
    %load/vec4 v000000000142fba0_0;
    %parti/s 2, 8, 5;
    %cmpi/e 2, 0, 2;
    %jmp/0xz  T_12.0, 4;
    %pushi/vec4 1, 0, 1;
    %store/vec4 v000000000142e0c0_0, 0, 1;
    %jmp T_12.1;
T_12.0 ;
    %load/vec4 v000000000142fba0_0;
    %parti/s 2, 8, 5;
    %cmpi/e 1, 0, 2;
    %jmp/0xz  T_12.2, 4;
    %pushi/vec4 1, 0, 1;
    %store/vec4 v000000000142e0c0_0, 0, 1;
    %jmp T_12.3;
T_12.2 ;
    %pushi/vec4 0, 0, 1;
    %store/vec4 v000000000142e0c0_0, 0, 1;
T_12.3 ;
T_12.1 ;
    %jmp T_12;
    .thread T_12, $push;
    .scope S_0000000000ffde40;
T_13 ;
    %wait E_0000000000fb0950;
    %load/vec4 v000000000142f740_0;
    %flag_set/vec4 8;
    %jmp/0xz  T_13.0, 8;
    %pushi/vec4 0, 0, 4;
    %assign/vec4 v000000000142ec00_0, 0;
    %pushi/vec4 0, 0, 4;
    %assign/vec4 v000000000142f600_0, 0;
    %jmp T_13.1;
T_13.0 ;
    %load/vec4 v000000000142fb00_0;
    %flag_set/vec4 8;
    %jmp/0xz  T_13.2, 8;
    %load/vec4 v000000000142ec00_0;
    %addi 1, 0, 4;
    %assign/vec4 v000000000142ec00_0, 0;
T_13.2 ;
    %load/vec4 v000000000142f560_0;
    %flag_set/vec4 8;
    %jmp/0xz  T_13.4, 8;
    %load/vec4 v000000000142f600_0;
    %addi 1, 0, 4;
    %assign/vec4 v000000000142f600_0, 0;
T_13.4 ;
T_13.1 ;
    %jmp T_13;
    .thread T_13;
    .scope S_0000000000ffde40;
T_14 ;
    %wait E_0000000000fb2a10;
    %load/vec4 v000000000142fb00_0;
    %flag_set/vec4 8;
    %jmp/0xz  T_14.0, 8;
    %load/vec4 v000000000142f420_0;
    %load/vec4 v000000000142ec00_0;
    %pad/u 6;
    %ix/vec4 3;
    %ix/load 4, 0, 0; Constant delay
    %assign/vec4/a/d v000000000142e700, 0, 4;
T_14.0 ;
    %jmp T_14;
    .thread T_14;
    .scope S_0000000000ffde40;
T_15 ;
Ewait_7 .event/or E_0000000000faee50, E_0x0;
    %wait Ewait_7;
    %load/vec4 v000000000142f600_0;
    %pad/u 6;
    %ix/vec4 4;
    %load/vec4a v000000000142e700, 4;
    %store/vec4 v000000000142e840_0, 0, 10;
    %load/vec4 v000000000142ec00_0;
    %load/vec4 v000000000142f600_0;
    %cmp/e;
    %jmp/0xz  T_15.0, 4;
    %pushi/vec4 1, 0, 1;
    %store/vec4 v000000000142f380_0, 0, 1;
    %pushi/vec4 0, 0, 10;
    %store/vec4 v000000000142e840_0, 0, 10;
    %jmp T_15.1;
T_15.0 ;
    %pushi/vec4 0, 0, 1;
    %store/vec4 v000000000142f380_0, 0, 1;
T_15.1 ;
    %load/vec4 v000000000142ec00_0;
    %addi 1, 0, 4;
    %store/vec4 v000000000142f4c0_0, 0, 4;
    %load/vec4 v000000000142f600_0;
    %load/vec4 v000000000142f4c0_0;
    %cmp/e;
    %jmp/0xz  T_15.2, 4;
    %pushi/vec4 1, 0, 1;
    %store/vec4 v000000000142e7a0_0, 0, 1;
    %jmp T_15.3;
T_15.2 ;
    %pushi/vec4 0, 0, 1;
    %store/vec4 v000000000142e7a0_0, 0, 1;
T_15.3 ;
    %jmp T_15;
    .thread T_15, $push;
    .scope S_0000000000ffdfd0;
T_16 ;
    %wait E_0000000000fb0950;
    %load/vec4 v000000000142f6a0_0;
    %flag_set/vec4 8;
    %jmp/0xz  T_16.0, 8;
    %pushi/vec4 1, 0, 3;
    %assign/vec4 v000000000142ed40_0, 0;
    %jmp T_16.1;
T_16.0 ;
    %load/vec4 v000000000142f920_0;
    %assign/vec4 v000000000142ed40_0, 0;
T_16.1 ;
    %jmp T_16;
    .thread T_16;
    .scope S_0000000000ffdfd0;
T_17 ;
Ewait_8 .event/or E_0000000000faf610, E_0x0;
    %wait Ewait_8;
    %pushi/vec4 1, 0, 3;
    %store/vec4 v000000000142f920_0, 0, 3;
    %pushi/vec4 0, 0, 4;
    %store/vec4 v000000000142f100_0, 0, 4;
    %pushi/vec4 0, 0, 1;
    %store/vec4 v000000000142eca0_0, 0, 1;
    %pushi/vec4 1, 0, 32;
    %dup/vec4;
    %load/vec4 v000000000142ed40_0;
    %parti/s 1, 0, 2;
    %pad/u 32;
    %cmp/u;
    %jmp/1 T_17.0, 6;
    %dup/vec4;
    %load/vec4 v000000000142ed40_0;
    %parti/s 1, 1, 2;
    %pad/u 32;
    %cmp/u;
    %jmp/1 T_17.1, 6;
    %dup/vec4;
    %load/vec4 v000000000142ed40_0;
    %parti/s 1, 2, 3;
    %pad/u 32;
    %cmp/u;
    %jmp/1 T_17.2, 6;
    %jmp T_17.3;
T_17.0 ;
    %load/vec4 v000000000142efc0_0;
    %parti/s 2, 8, 5;
    %cmpi/e 2, 0, 2;
    %jmp/0xz  T_17.4, 4;
    %load/vec4 v000000000142efc0_0;
    %parti/s 2, 0, 2;
    %dup/vec4;
    %pushi/vec4 0, 0, 2;
    %cmp/u;
    %jmp/1 T_17.6, 6;
    %dup/vec4;
    %pushi/vec4 1, 0, 2;
    %cmp/u;
    %jmp/1 T_17.7, 6;
    %dup/vec4;
    %pushi/vec4 2, 0, 2;
    %cmp/u;
    %jmp/1 T_17.8, 6;
    %dup/vec4;
    %pushi/vec4 3, 0, 2;
    %cmp/u;
    %jmp/1 T_17.9, 6;
    %jmp T_17.10;
T_17.6 ;
    %pushi/vec4 1, 0, 4;
    %store/vec4 v000000000142f100_0, 0, 4;
    %jmp T_17.10;
T_17.7 ;
    %pushi/vec4 2, 0, 4;
    %store/vec4 v000000000142f100_0, 0, 4;
    %jmp T_17.10;
T_17.8 ;
    %pushi/vec4 4, 0, 4;
    %store/vec4 v000000000142f100_0, 0, 4;
    %jmp T_17.10;
T_17.9 ;
    %pushi/vec4 8, 0, 4;
    %store/vec4 v000000000142f100_0, 0, 4;
    %jmp T_17.10;
T_17.10 ;
    %pop/vec4 1;
    %pushi/vec4 2, 0, 3;
    %store/vec4 v000000000142f920_0, 0, 3;
T_17.4 ;
    %jmp T_17.3;
T_17.1 ;
    %load/vec4 v000000000142e980_0;
    %cmpi/e 1, 0, 1;
    %jmp/0xz  T_17.11, 4;
    %pushi/vec4 4, 0, 3;
    %store/vec4 v000000000142f920_0, 0, 3;
    %pushi/vec4 0, 0, 4;
    %store/vec4 v000000000142f100_0, 0, 4;
    %pushi/vec4 1, 0, 1;
    %store/vec4 v000000000142eca0_0, 0, 1;
T_17.11 ;
    %jmp T_17.3;
T_17.2 ;
    %pushi/vec4 1, 0, 1;
    %store/vec4 v000000000142eca0_0, 0, 1;
    %load/vec4 v000000000142f880_0;
    %cmpi/e 1, 0, 1;
    %jmp/0xz  T_17.13, 4;
    %pushi/vec4 1, 0, 3;
    %store/vec4 v000000000142f920_0, 0, 3;
    %pushi/vec4 0, 0, 1;
    %store/vec4 v000000000142eca0_0, 0, 1;
T_17.13 ;
    %jmp T_17.3;
T_17.3 ;
    %pop/vec4 1;
    %jmp T_17;
    .thread T_17, $push;
    .scope S_00000000014300d0;
T_18 ;
Ewait_9 .event/or E_0000000000faee90, E_0x0;
    %wait Ewait_9;
    %pushi/vec4 0, 0, 1;
    %store/vec4 v0000000001433bc0_0, 0, 1;
    %load/vec4 v0000000001432e00_0;
    %parti/s 2, 8, 5;
    %cmpi/e 2, 0, 2;
    %jmp/0xz  T_18.0, 4;
    %pushi/vec4 1, 0, 1;
    %store/vec4 v0000000001433bc0_0, 0, 1;
    %jmp T_18.1;
T_18.0 ;
    %load/vec4 v0000000001432e00_0;
    %parti/s 2, 8, 5;
    %cmpi/e 1, 0, 2;
    %jmp/0xz  T_18.2, 4;
    %pushi/vec4 1, 0, 1;
    %store/vec4 v0000000001433bc0_0, 0, 1;
    %jmp T_18.3;
T_18.2 ;
    %pushi/vec4 0, 0, 1;
    %store/vec4 v0000000001433bc0_0, 0, 1;
T_18.3 ;
T_18.1 ;
    %jmp T_18;
    .thread T_18, $push;
    .scope S_0000000001430710;
T_19 ;
    %wait E_0000000000fb0950;
    %load/vec4 v000000000142fe20_0;
    %flag_set/vec4 8;
    %jmp/0xz  T_19.0, 8;
    %pushi/vec4 0, 0, 4;
    %assign/vec4 v000000000142fc40_0, 0;
    %pushi/vec4 0, 0, 4;
    %assign/vec4 v000000000142ff60_0, 0;
    %jmp T_19.1;
T_19.0 ;
    %load/vec4 v000000000142ede0_0;
    %flag_set/vec4 8;
    %jmp/0xz  T_19.2, 8;
    %load/vec4 v000000000142fc40_0;
    %addi 1, 0, 4;
    %assign/vec4 v000000000142fc40_0, 0;
T_19.2 ;
    %load/vec4 v000000000142f240_0;
    %flag_set/vec4 8;
    %jmp/0xz  T_19.4, 8;
    %load/vec4 v000000000142ff60_0;
    %addi 1, 0, 4;
    %assign/vec4 v000000000142ff60_0, 0;
T_19.4 ;
T_19.1 ;
    %jmp T_19;
    .thread T_19;
    .scope S_0000000001430710;
T_20 ;
    %wait E_0000000000fb2a10;
    %load/vec4 v000000000142ede0_0;
    %flag_set/vec4 8;
    %jmp/0xz  T_20.0, 8;
    %load/vec4 v000000000142f060_0;
    %load/vec4 v000000000142fc40_0;
    %pad/u 6;
    %ix/vec4 3;
    %ix/load 4, 0, 0; Constant delay
    %assign/vec4/a/d v000000000142ef20, 0, 4;
T_20.0 ;
    %jmp T_20;
    .thread T_20;
    .scope S_0000000001430710;
T_21 ;
Ewait_10 .event/or E_0000000000fafcd0, E_0x0;
    %wait Ewait_10;
    %load/vec4 v000000000142ff60_0;
    %pad/u 6;
    %ix/vec4 4;
    %load/vec4a v000000000142ef20, 4;
    %store/vec4 v000000000142ea20_0, 0, 10;
    %load/vec4 v000000000142fc40_0;
    %load/vec4 v000000000142ff60_0;
    %cmp/e;
    %jmp/0xz  T_21.0, 4;
    %pushi/vec4 1, 0, 1;
    %store/vec4 v000000000142fa60_0, 0, 1;
    %pushi/vec4 0, 0, 10;
    %store/vec4 v000000000142ea20_0, 0, 10;
    %jmp T_21.1;
T_21.0 ;
    %pushi/vec4 0, 0, 1;
    %store/vec4 v000000000142fa60_0, 0, 1;
T_21.1 ;
    %load/vec4 v000000000142fc40_0;
    %addi 1, 0, 4;
    %store/vec4 v000000000142fec0_0, 0, 4;
    %load/vec4 v000000000142ff60_0;
    %load/vec4 v000000000142fec0_0;
    %cmp/e;
    %jmp/0xz  T_21.2, 4;
    %pushi/vec4 1, 0, 1;
    %store/vec4 v000000000142fce0_0, 0, 1;
    %jmp T_21.3;
T_21.2 ;
    %pushi/vec4 0, 0, 1;
    %store/vec4 v000000000142fce0_0, 0, 1;
T_21.3 ;
    %jmp T_21;
    .thread T_21, $push;
    .scope S_0000000001430580;
T_22 ;
    %wait E_0000000000fb0950;
    %load/vec4 v0000000001433b20_0;
    %flag_set/vec4 8;
    %jmp/0xz  T_22.0, 8;
    %pushi/vec4 1, 0, 3;
    %assign/vec4 v0000000001433a80_0, 0;
    %jmp T_22.1;
T_22.0 ;
    %load/vec4 v0000000001433120_0;
    %assign/vec4 v0000000001433a80_0, 0;
T_22.1 ;
    %jmp T_22;
    .thread T_22;
    .scope S_0000000001430580;
T_23 ;
Ewait_11 .event/or E_0000000000fafd10, E_0x0;
    %wait Ewait_11;
    %pushi/vec4 1, 0, 3;
    %store/vec4 v0000000001433120_0, 0, 3;
    %pushi/vec4 0, 0, 4;
    %store/vec4 v0000000001433440_0, 0, 4;
    %pushi/vec4 0, 0, 1;
    %store/vec4 v0000000001432c20_0, 0, 1;
    %pushi/vec4 1, 0, 32;
    %dup/vec4;
    %load/vec4 v0000000001433a80_0;
    %parti/s 1, 0, 2;
    %pad/u 32;
    %cmp/u;
    %jmp/1 T_23.0, 6;
    %dup/vec4;
    %load/vec4 v0000000001433a80_0;
    %parti/s 1, 1, 2;
    %pad/u 32;
    %cmp/u;
    %jmp/1 T_23.1, 6;
    %dup/vec4;
    %load/vec4 v0000000001433a80_0;
    %parti/s 1, 2, 3;
    %pad/u 32;
    %cmp/u;
    %jmp/1 T_23.2, 6;
    %jmp T_23.3;
T_23.0 ;
    %load/vec4 v0000000001432180_0;
    %parti/s 2, 8, 5;
    %cmpi/e 2, 0, 2;
    %jmp/0xz  T_23.4, 4;
    %load/vec4 v0000000001432180_0;
    %parti/s 2, 0, 2;
    %dup/vec4;
    %pushi/vec4 0, 0, 2;
    %cmp/u;
    %jmp/1 T_23.6, 6;
    %dup/vec4;
    %pushi/vec4 1, 0, 2;
    %cmp/u;
    %jmp/1 T_23.7, 6;
    %dup/vec4;
    %pushi/vec4 2, 0, 2;
    %cmp/u;
    %jmp/1 T_23.8, 6;
    %dup/vec4;
    %pushi/vec4 3, 0, 2;
    %cmp/u;
    %jmp/1 T_23.9, 6;
    %jmp T_23.10;
T_23.6 ;
    %pushi/vec4 1, 0, 4;
    %store/vec4 v0000000001433440_0, 0, 4;
    %jmp T_23.10;
T_23.7 ;
    %pushi/vec4 2, 0, 4;
    %store/vec4 v0000000001433440_0, 0, 4;
    %jmp T_23.10;
T_23.8 ;
    %pushi/vec4 4, 0, 4;
    %store/vec4 v0000000001433440_0, 0, 4;
    %jmp T_23.10;
T_23.9 ;
    %pushi/vec4 8, 0, 4;
    %store/vec4 v0000000001433440_0, 0, 4;
    %jmp T_23.10;
T_23.10 ;
    %pop/vec4 1;
    %pushi/vec4 2, 0, 3;
    %store/vec4 v0000000001433120_0, 0, 3;
T_23.4 ;
    %jmp T_23.3;
T_23.1 ;
    %load/vec4 v000000000142eac0_0;
    %cmpi/e 1, 0, 1;
    %jmp/0xz  T_23.11, 4;
    %pushi/vec4 4, 0, 3;
    %store/vec4 v0000000001433120_0, 0, 3;
    %pushi/vec4 0, 0, 4;
    %store/vec4 v0000000001433440_0, 0, 4;
    %pushi/vec4 1, 0, 1;
    %store/vec4 v0000000001432c20_0, 0, 1;
T_23.11 ;
    %jmp T_23.3;
T_23.2 ;
    %pushi/vec4 1, 0, 1;
    %store/vec4 v0000000001432c20_0, 0, 1;
    %load/vec4 v000000000142ee80_0;
    %cmpi/e 1, 0, 1;
    %jmp/0xz  T_23.13, 4;
    %pushi/vec4 1, 0, 3;
    %store/vec4 v0000000001433120_0, 0, 3;
    %pushi/vec4 0, 0, 1;
    %store/vec4 v0000000001432c20_0, 0, 1;
T_23.13 ;
    %jmp T_23.3;
T_23.3 ;
    %pop/vec4 1;
    %jmp T_23;
    .thread T_23, $push;
    .scope S_0000000000f56db0;
T_24 ;
    %wait E_0000000000fb0950;
    %load/vec4 v000000000141a2e0_0;
    %flag_set/vec4 8;
    %jmp/0xz  T_24.0, 8;
    %pushi/vec4 1, 0, 4;
    %assign/vec4 v000000000141a9c0_0, 0;
    %jmp T_24.1;
T_24.0 ;
    %load/vec4 v000000000141ad80_0;
    %assign/vec4 v000000000141a9c0_0, 0;
T_24.1 ;
    %jmp T_24;
    .thread T_24;
    .scope S_0000000000f56db0;
T_25 ;
Ewait_12 .event/or E_0000000000fb0810, E_0x0;
    %wait Ewait_12;
    %pushi/vec4 0, 0, 1;
    %store/vec4 v0000000000fa1050_0, 0, 1;
    %pushi/vec4 0, 0, 1;
    %store/vec4 v0000000000fa10f0_0, 0, 1;
    %pushi/vec4 0, 0, 1;
    %store/vec4 v000000000141a100_0, 0, 1;
    %pushi/vec4 0, 0, 1;
    %store/vec4 v000000000141b460_0, 0, 1;
    %pushi/vec4 1, 0, 32;
    %dup/vec4;
    %load/vec4 v000000000141a9c0_0;
    %parti/s 1, 0, 2;
    %pad/u 32;
    %cmp/u;
    %jmp/1 T_25.0, 6;
    %dup/vec4;
    %load/vec4 v000000000141a9c0_0;
    %parti/s 1, 1, 2;
    %pad/u 32;
    %cmp/u;
    %jmp/1 T_25.1, 6;
    %dup/vec4;
    %load/vec4 v000000000141a9c0_0;
    %parti/s 1, 2, 3;
    %pad/u 32;
    %cmp/u;
    %jmp/1 T_25.2, 6;
    %dup/vec4;
    %load/vec4 v000000000141a9c0_0;
    %parti/s 1, 3, 3;
    %pad/u 32;
    %cmp/u;
    %jmp/1 T_25.3, 6;
    %jmp T_25.4;
T_25.0 ;
    %load/vec4 v000000000141ab00_0;
    %flag_set/vec4 8;
    %jmp/0xz  T_25.5, 8;
    %pushi/vec4 1, 0, 1;
    %store/vec4 v0000000000fa1050_0, 0, 1;
    %jmp T_25.6;
T_25.5 ;
    %load/vec4 v000000000141b320_0;
    %flag_set/vec4 8;
    %jmp/0xz  T_25.7, 8;
    %pushi/vec4 1, 0, 1;
    %store/vec4 v0000000000fa10f0_0, 0, 1;
    %jmp T_25.8;
T_25.7 ;
    %load/vec4 v000000000141b960_0;
    %flag_set/vec4 8;
    %jmp/0xz  T_25.9, 8;
    %pushi/vec4 1, 0, 1;
    %store/vec4 v000000000141a100_0, 0, 1;
    %jmp T_25.10;
T_25.9 ;
    %load/vec4 v000000000141bdc0_0;
    %flag_set/vec4 8;
    %jmp/0xz  T_25.11, 8;
    %pushi/vec4 1, 0, 1;
    %store/vec4 v000000000141b460_0, 0, 1;
T_25.11 ;
T_25.10 ;
T_25.8 ;
T_25.6 ;
    %pushi/vec4 1, 0, 4;
    %store/vec4 v000000000141ad80_0, 0, 4;
    %jmp T_25.4;
T_25.1 ;
    %load/vec4 v000000000141b320_0;
    %flag_set/vec4 8;
    %jmp/0xz  T_25.13, 8;
    %pushi/vec4 1, 0, 1;
    %store/vec4 v0000000000fa10f0_0, 0, 1;
    %jmp T_25.14;
T_25.13 ;
    %load/vec4 v000000000141b960_0;
    %flag_set/vec4 8;
    %jmp/0xz  T_25.15, 8;
    %pushi/vec4 1, 0, 1;
    %store/vec4 v000000000141a100_0, 0, 1;
    %jmp T_25.16;
T_25.15 ;
    %load/vec4 v000000000141bdc0_0;
    %flag_set/vec4 8;
    %jmp/0xz  T_25.17, 8;
    %pushi/vec4 1, 0, 1;
    %store/vec4 v000000000141b460_0, 0, 1;
    %jmp T_25.18;
T_25.17 ;
    %load/vec4 v000000000141ab00_0;
    %flag_set/vec4 8;
    %jmp/0xz  T_25.19, 8;
    %pushi/vec4 1, 0, 1;
    %store/vec4 v0000000000fa1050_0, 0, 1;
T_25.19 ;
T_25.18 ;
T_25.16 ;
T_25.14 ;
    %pushi/vec4 2, 0, 4;
    %store/vec4 v000000000141ad80_0, 0, 4;
    %jmp T_25.4;
T_25.2 ;
    %load/vec4 v000000000141b960_0;
    %flag_set/vec4 8;
    %jmp/0xz  T_25.21, 8;
    %pushi/vec4 1, 0, 1;
    %store/vec4 v000000000141a100_0, 0, 1;
    %jmp T_25.22;
T_25.21 ;
    %load/vec4 v000000000141bdc0_0;
    %flag_set/vec4 8;
    %jmp/0xz  T_25.23, 8;
    %pushi/vec4 1, 0, 1;
    %store/vec4 v000000000141b460_0, 0, 1;
    %jmp T_25.24;
T_25.23 ;
    %load/vec4 v000000000141ab00_0;
    %flag_set/vec4 8;
    %jmp/0xz  T_25.25, 8;
    %pushi/vec4 1, 0, 1;
    %store/vec4 v0000000000fa1050_0, 0, 1;
    %jmp T_25.26;
T_25.25 ;
    %load/vec4 v000000000141b320_0;
    %flag_set/vec4 8;
    %jmp/0xz  T_25.27, 8;
    %pushi/vec4 1, 0, 1;
    %store/vec4 v0000000000fa10f0_0, 0, 1;
T_25.27 ;
T_25.26 ;
T_25.24 ;
T_25.22 ;
    %pushi/vec4 3, 0, 4;
    %store/vec4 v000000000141ad80_0, 0, 4;
    %jmp T_25.4;
T_25.3 ;
    %load/vec4 v000000000141bdc0_0;
    %flag_set/vec4 8;
    %jmp/0xz  T_25.29, 8;
    %pushi/vec4 1, 0, 1;
    %store/vec4 v000000000141b460_0, 0, 1;
    %jmp T_25.30;
T_25.29 ;
    %load/vec4 v000000000141ab00_0;
    %flag_set/vec4 8;
    %jmp/0xz  T_25.31, 8;
    %pushi/vec4 1, 0, 1;
    %store/vec4 v0000000000fa1050_0, 0, 1;
    %jmp T_25.32;
T_25.31 ;
    %load/vec4 v000000000141b320_0;
    %flag_set/vec4 8;
    %jmp/0xz  T_25.33, 8;
    %pushi/vec4 1, 0, 1;
    %store/vec4 v0000000000fa10f0_0, 0, 1;
    %jmp T_25.34;
T_25.33 ;
    %load/vec4 v000000000141b960_0;
    %flag_set/vec4 8;
    %jmp/0xz  T_25.35, 8;
    %pushi/vec4 1, 0, 1;
    %store/vec4 v000000000141a100_0, 0, 1;
T_25.35 ;
T_25.34 ;
T_25.32 ;
T_25.30 ;
    %pushi/vec4 0, 0, 4;
    %store/vec4 v000000000141ad80_0, 0, 4;
    %jmp T_25.4;
T_25.4 ;
    %pop/vec4 1;
    %jmp T_25;
    .thread T_25, $push;
    .scope S_0000000000f56f40;
T_26 ;
    %wait E_0000000000fb0950;
    %load/vec4 v000000000141a6a0_0;
    %flag_set/vec4 8;
    %jmp/0xz  T_26.0, 8;
    %pushi/vec4 1, 0, 4;
    %assign/vec4 v000000000141b5a0_0, 0;
    %jmp T_26.1;
T_26.0 ;
    %load/vec4 v000000000141b820_0;
    %assign/vec4 v000000000141b5a0_0, 0;
T_26.1 ;
    %jmp T_26;
    .thread T_26;
    .scope S_0000000000f56f40;
T_27 ;
Ewait_13 .event/or E_0000000000fb0c50, E_0x0;
    %wait Ewait_13;
    %pushi/vec4 0, 0, 1;
    %store/vec4 v000000000141b500_0, 0, 1;
    %pushi/vec4 0, 0, 1;
    %store/vec4 v000000000141b3c0_0, 0, 1;
    %pushi/vec4 0, 0, 1;
    %store/vec4 v000000000141b000_0, 0, 1;
    %pushi/vec4 0, 0, 1;
    %store/vec4 v000000000141a920_0, 0, 1;
    %pushi/vec4 1, 0, 32;
    %dup/vec4;
    %load/vec4 v000000000141b5a0_0;
    %parti/s 1, 0, 2;
    %pad/u 32;
    %cmp/u;
    %jmp/1 T_27.0, 6;
    %dup/vec4;
    %load/vec4 v000000000141b5a0_0;
    %parti/s 1, 1, 2;
    %pad/u 32;
    %cmp/u;
    %jmp/1 T_27.1, 6;
    %dup/vec4;
    %load/vec4 v000000000141b5a0_0;
    %parti/s 1, 2, 3;
    %pad/u 32;
    %cmp/u;
    %jmp/1 T_27.2, 6;
    %dup/vec4;
    %load/vec4 v000000000141b5a0_0;
    %parti/s 1, 3, 3;
    %pad/u 32;
    %cmp/u;
    %jmp/1 T_27.3, 6;
    %jmp T_27.4;
T_27.0 ;
    %load/vec4 v000000000141b8c0_0;
    %flag_set/vec4 8;
    %jmp/0xz  T_27.5, 8;
    %pushi/vec4 1, 0, 1;
    %store/vec4 v000000000141b500_0, 0, 1;
    %jmp T_27.6;
T_27.5 ;
    %load/vec4 v000000000141a880_0;
    %flag_set/vec4 8;
    %jmp/0xz  T_27.7, 8;
    %pushi/vec4 1, 0, 1;
    %store/vec4 v000000000141b3c0_0, 0, 1;
    %jmp T_27.8;
T_27.7 ;
    %load/vec4 v000000000141a380_0;
    %flag_set/vec4 8;
    %jmp/0xz  T_27.9, 8;
    %pushi/vec4 1, 0, 1;
    %store/vec4 v000000000141b000_0, 0, 1;
    %jmp T_27.10;
T_27.9 ;
    %load/vec4 v000000000141bc80_0;
    %flag_set/vec4 8;
    %jmp/0xz  T_27.11, 8;
    %pushi/vec4 1, 0, 1;
    %store/vec4 v000000000141a920_0, 0, 1;
T_27.11 ;
T_27.10 ;
T_27.8 ;
T_27.6 ;
    %pushi/vec4 1, 0, 4;
    %store/vec4 v000000000141b820_0, 0, 4;
    %jmp T_27.4;
T_27.1 ;
    %load/vec4 v000000000141a880_0;
    %flag_set/vec4 8;
    %jmp/0xz  T_27.13, 8;
    %pushi/vec4 1, 0, 1;
    %store/vec4 v000000000141b3c0_0, 0, 1;
    %jmp T_27.14;
T_27.13 ;
    %load/vec4 v000000000141a380_0;
    %flag_set/vec4 8;
    %jmp/0xz  T_27.15, 8;
    %pushi/vec4 1, 0, 1;
    %store/vec4 v000000000141b000_0, 0, 1;
    %jmp T_27.16;
T_27.15 ;
    %load/vec4 v000000000141bc80_0;
    %flag_set/vec4 8;
    %jmp/0xz  T_27.17, 8;
    %pushi/vec4 1, 0, 1;
    %store/vec4 v000000000141a920_0, 0, 1;
    %jmp T_27.18;
T_27.17 ;
    %load/vec4 v000000000141b8c0_0;
    %flag_set/vec4 8;
    %jmp/0xz  T_27.19, 8;
    %pushi/vec4 1, 0, 1;
    %store/vec4 v000000000141b500_0, 0, 1;
T_27.19 ;
T_27.18 ;
T_27.16 ;
T_27.14 ;
    %pushi/vec4 2, 0, 4;
    %store/vec4 v000000000141b820_0, 0, 4;
    %jmp T_27.4;
T_27.2 ;
    %load/vec4 v000000000141a380_0;
    %flag_set/vec4 8;
    %jmp/0xz  T_27.21, 8;
    %pushi/vec4 1, 0, 1;
    %store/vec4 v000000000141b000_0, 0, 1;
    %jmp T_27.22;
T_27.21 ;
    %load/vec4 v000000000141bc80_0;
    %flag_set/vec4 8;
    %jmp/0xz  T_27.23, 8;
    %pushi/vec4 1, 0, 1;
    %store/vec4 v000000000141a920_0, 0, 1;
    %jmp T_27.24;
T_27.23 ;
    %load/vec4 v000000000141b8c0_0;
    %flag_set/vec4 8;
    %jmp/0xz  T_27.25, 8;
    %pushi/vec4 1, 0, 1;
    %store/vec4 v000000000141b500_0, 0, 1;
    %jmp T_27.26;
T_27.25 ;
    %load/vec4 v000000000141a880_0;
    %flag_set/vec4 8;
    %jmp/0xz  T_27.27, 8;
    %pushi/vec4 1, 0, 1;
    %store/vec4 v000000000141b3c0_0, 0, 1;
T_27.27 ;
T_27.26 ;
T_27.24 ;
T_27.22 ;
    %pushi/vec4 3, 0, 4;
    %store/vec4 v000000000141b820_0, 0, 4;
    %jmp T_27.4;
T_27.3 ;
    %load/vec4 v000000000141bc80_0;
    %flag_set/vec4 8;
    %jmp/0xz  T_27.29, 8;
    %pushi/vec4 1, 0, 1;
    %store/vec4 v000000000141a920_0, 0, 1;
    %jmp T_27.30;
T_27.29 ;
    %load/vec4 v000000000141b8c0_0;
    %flag_set/vec4 8;
    %jmp/0xz  T_27.31, 8;
    %pushi/vec4 1, 0, 1;
    %store/vec4 v000000000141b500_0, 0, 1;
    %jmp T_27.32;
T_27.31 ;
    %load/vec4 v000000000141a880_0;
    %flag_set/vec4 8;
    %jmp/0xz  T_27.33, 8;
    %pushi/vec4 1, 0, 1;
    %store/vec4 v000000000141b3c0_0, 0, 1;
    %jmp T_27.34;
T_27.33 ;
    %load/vec4 v000000000141a380_0;
    %flag_set/vec4 8;
    %jmp/0xz  T_27.35, 8;
    %pushi/vec4 1, 0, 1;
    %store/vec4 v000000000141b000_0, 0, 1;
T_27.35 ;
T_27.34 ;
T_27.32 ;
T_27.30 ;
    %pushi/vec4 0, 0, 4;
    %store/vec4 v000000000141b820_0, 0, 4;
    %jmp T_27.4;
T_27.4 ;
    %pop/vec4 1;
    %jmp T_27;
    .thread T_27, $push;
    .scope S_0000000000f6dcb0;
T_28 ;
    %wait E_0000000000fb0950;
    %load/vec4 v000000000141b780_0;
    %flag_set/vec4 8;
    %jmp/0xz  T_28.0, 8;
    %pushi/vec4 1, 0, 4;
    %assign/vec4 v000000000141a420_0, 0;
    %jmp T_28.1;
T_28.0 ;
    %load/vec4 v000000000141bf00_0;
    %assign/vec4 v000000000141a420_0, 0;
T_28.1 ;
    %jmp T_28;
    .thread T_28;
    .scope S_0000000000f6dcb0;
T_29 ;
Ewait_14 .event/or E_0000000000fafe90, E_0x0;
    %wait Ewait_14;
    %pushi/vec4 0, 0, 1;
    %store/vec4 v000000000141af60_0, 0, 1;
    %pushi/vec4 0, 0, 1;
    %store/vec4 v000000000141a560_0, 0, 1;
    %pushi/vec4 0, 0, 1;
    %store/vec4 v000000000141ae20_0, 0, 1;
    %pushi/vec4 0, 0, 1;
    %store/vec4 v000000000141b640_0, 0, 1;
    %pushi/vec4 1, 0, 32;
    %dup/vec4;
    %load/vec4 v000000000141a420_0;
    %parti/s 1, 0, 2;
    %pad/u 32;
    %cmp/u;
    %jmp/1 T_29.0, 6;
    %dup/vec4;
    %load/vec4 v000000000141a420_0;
    %parti/s 1, 1, 2;
    %pad/u 32;
    %cmp/u;
    %jmp/1 T_29.1, 6;
    %dup/vec4;
    %load/vec4 v000000000141a420_0;
    %parti/s 1, 2, 3;
    %pad/u 32;
    %cmp/u;
    %jmp/1 T_29.2, 6;
    %dup/vec4;
    %load/vec4 v000000000141a420_0;
    %parti/s 1, 3, 3;
    %pad/u 32;
    %cmp/u;
    %jmp/1 T_29.3, 6;
    %jmp T_29.4;
T_29.0 ;
    %load/vec4 v000000000141a740_0;
    %flag_set/vec4 8;
    %jmp/0xz  T_29.5, 8;
    %pushi/vec4 1, 0, 1;
    %store/vec4 v000000000141af60_0, 0, 1;
    %jmp T_29.6;
T_29.5 ;
    %load/vec4 v000000000141a4c0_0;
    %flag_set/vec4 8;
    %jmp/0xz  T_29.7, 8;
    %pushi/vec4 1, 0, 1;
    %store/vec4 v000000000141a560_0, 0, 1;
    %jmp T_29.8;
T_29.7 ;
    %load/vec4 v000000000141b6e0_0;
    %flag_set/vec4 8;
    %jmp/0xz  T_29.9, 8;
    %pushi/vec4 1, 0, 1;
    %store/vec4 v000000000141ae20_0, 0, 1;
    %jmp T_29.10;
T_29.9 ;
    %load/vec4 v000000000141a7e0_0;
    %flag_set/vec4 8;
    %jmp/0xz  T_29.11, 8;
    %pushi/vec4 1, 0, 1;
    %store/vec4 v000000000141b640_0, 0, 1;
T_29.11 ;
T_29.10 ;
T_29.8 ;
T_29.6 ;
    %pushi/vec4 1, 0, 4;
    %store/vec4 v000000000141bf00_0, 0, 4;
    %jmp T_29.4;
T_29.1 ;
    %load/vec4 v000000000141a4c0_0;
    %flag_set/vec4 8;
    %jmp/0xz  T_29.13, 8;
    %pushi/vec4 1, 0, 1;
    %store/vec4 v000000000141a560_0, 0, 1;
    %jmp T_29.14;
T_29.13 ;
    %load/vec4 v000000000141b6e0_0;
    %flag_set/vec4 8;
    %jmp/0xz  T_29.15, 8;
    %pushi/vec4 1, 0, 1;
    %store/vec4 v000000000141ae20_0, 0, 1;
    %jmp T_29.16;
T_29.15 ;
    %load/vec4 v000000000141a7e0_0;
    %flag_set/vec4 8;
    %jmp/0xz  T_29.17, 8;
    %pushi/vec4 1, 0, 1;
    %store/vec4 v000000000141b640_0, 0, 1;
    %jmp T_29.18;
T_29.17 ;
    %load/vec4 v000000000141a740_0;
    %flag_set/vec4 8;
    %jmp/0xz  T_29.19, 8;
    %pushi/vec4 1, 0, 1;
    %store/vec4 v000000000141af60_0, 0, 1;
T_29.19 ;
T_29.18 ;
T_29.16 ;
T_29.14 ;
    %pushi/vec4 2, 0, 4;
    %store/vec4 v000000000141bf00_0, 0, 4;
    %jmp T_29.4;
T_29.2 ;
    %load/vec4 v000000000141b6e0_0;
    %flag_set/vec4 8;
    %jmp/0xz  T_29.21, 8;
    %pushi/vec4 1, 0, 1;
    %store/vec4 v000000000141ae20_0, 0, 1;
    %jmp T_29.22;
T_29.21 ;
    %load/vec4 v000000000141a7e0_0;
    %flag_set/vec4 8;
    %jmp/0xz  T_29.23, 8;
    %pushi/vec4 1, 0, 1;
    %store/vec4 v000000000141b640_0, 0, 1;
    %jmp T_29.24;
T_29.23 ;
    %load/vec4 v000000000141a740_0;
    %flag_set/vec4 8;
    %jmp/0xz  T_29.25, 8;
    %pushi/vec4 1, 0, 1;
    %store/vec4 v000000000141af60_0, 0, 1;
    %jmp T_29.26;
T_29.25 ;
    %load/vec4 v000000000141a4c0_0;
    %flag_set/vec4 8;
    %jmp/0xz  T_29.27, 8;
    %pushi/vec4 1, 0, 1;
    %store/vec4 v000000000141a560_0, 0, 1;
T_29.27 ;
T_29.26 ;
T_29.24 ;
T_29.22 ;
    %pushi/vec4 3, 0, 4;
    %store/vec4 v000000000141bf00_0, 0, 4;
    %jmp T_29.4;
T_29.3 ;
    %load/vec4 v000000000141a7e0_0;
    %flag_set/vec4 8;
    %jmp/0xz  T_29.29, 8;
    %pushi/vec4 1, 0, 1;
    %store/vec4 v000000000141b640_0, 0, 1;
    %jmp T_29.30;
T_29.29 ;
    %load/vec4 v000000000141a740_0;
    %flag_set/vec4 8;
    %jmp/0xz  T_29.31, 8;
    %pushi/vec4 1, 0, 1;
    %store/vec4 v000000000141af60_0, 0, 1;
    %jmp T_29.32;
T_29.31 ;
    %load/vec4 v000000000141a4c0_0;
    %flag_set/vec4 8;
    %jmp/0xz  T_29.33, 8;
    %pushi/vec4 1, 0, 1;
    %store/vec4 v000000000141a560_0, 0, 1;
    %jmp T_29.34;
T_29.33 ;
    %load/vec4 v000000000141b6e0_0;
    %flag_set/vec4 8;
    %jmp/0xz  T_29.35, 8;
    %pushi/vec4 1, 0, 1;
    %store/vec4 v000000000141ae20_0, 0, 1;
T_29.35 ;
T_29.34 ;
T_29.32 ;
T_29.30 ;
    %pushi/vec4 0, 0, 4;
    %store/vec4 v000000000141bf00_0, 0, 4;
    %jmp T_29.4;
T_29.4 ;
    %pop/vec4 1;
    %jmp T_29;
    .thread T_29, $push;
    .scope S_0000000000f6de40;
T_30 ;
    %wait E_0000000000fb0950;
    %load/vec4 v000000000141a240_0;
    %flag_set/vec4 8;
    %jmp/0xz  T_30.0, 8;
    %pushi/vec4 1, 0, 4;
    %assign/vec4 v000000000141aba0_0, 0;
    %jmp T_30.1;
T_30.0 ;
    %load/vec4 v000000000141bbe0_0;
    %assign/vec4 v000000000141aba0_0, 0;
T_30.1 ;
    %jmp T_30;
    .thread T_30;
    .scope S_0000000000f6de40;
T_31 ;
Ewait_15 .event/or E_0000000000faffd0, E_0x0;
    %wait Ewait_15;
    %pushi/vec4 0, 0, 1;
    %store/vec4 v000000000141ba00_0, 0, 1;
    %pushi/vec4 0, 0, 1;
    %store/vec4 v000000000141a1a0_0, 0, 1;
    %pushi/vec4 0, 0, 1;
    %store/vec4 v000000000141baa0_0, 0, 1;
    %pushi/vec4 0, 0, 1;
    %store/vec4 v000000000141bb40_0, 0, 1;
    %pushi/vec4 1, 0, 32;
    %dup/vec4;
    %load/vec4 v000000000141aba0_0;
    %parti/s 1, 0, 2;
    %pad/u 32;
    %cmp/u;
    %jmp/1 T_31.0, 6;
    %dup/vec4;
    %load/vec4 v000000000141aba0_0;
    %parti/s 1, 1, 2;
    %pad/u 32;
    %cmp/u;
    %jmp/1 T_31.1, 6;
    %dup/vec4;
    %load/vec4 v000000000141aba0_0;
    %parti/s 1, 2, 3;
    %pad/u 32;
    %cmp/u;
    %jmp/1 T_31.2, 6;
    %dup/vec4;
    %load/vec4 v000000000141aba0_0;
    %parti/s 1, 3, 3;
    %pad/u 32;
    %cmp/u;
    %jmp/1 T_31.3, 6;
    %jmp T_31.4;
T_31.0 ;
    %load/vec4 v000000000141a060_0;
    %flag_set/vec4 8;
    %jmp/0xz  T_31.5, 8;
    %pushi/vec4 1, 0, 1;
    %store/vec4 v000000000141ba00_0, 0, 1;
    %jmp T_31.6;
T_31.5 ;
    %load/vec4 v000000000141b1e0_0;
    %flag_set/vec4 8;
    %jmp/0xz  T_31.7, 8;
    %pushi/vec4 1, 0, 1;
    %store/vec4 v000000000141a1a0_0, 0, 1;
    %jmp T_31.8;
T_31.7 ;
    %load/vec4 v000000000141a600_0;
    %flag_set/vec4 8;
    %jmp/0xz  T_31.9, 8;
    %pushi/vec4 1, 0, 1;
    %store/vec4 v000000000141baa0_0, 0, 1;
    %jmp T_31.10;
T_31.9 ;
    %load/vec4 v000000000141aa60_0;
    %flag_set/vec4 8;
    %jmp/0xz  T_31.11, 8;
    %pushi/vec4 1, 0, 1;
    %store/vec4 v000000000141bb40_0, 0, 1;
T_31.11 ;
T_31.10 ;
T_31.8 ;
T_31.6 ;
    %pushi/vec4 1, 0, 4;
    %store/vec4 v000000000141bbe0_0, 0, 4;
    %jmp T_31.4;
T_31.1 ;
    %load/vec4 v000000000141b1e0_0;
    %flag_set/vec4 8;
    %jmp/0xz  T_31.13, 8;
    %pushi/vec4 1, 0, 1;
    %store/vec4 v000000000141a1a0_0, 0, 1;
    %jmp T_31.14;
T_31.13 ;
    %load/vec4 v000000000141a600_0;
    %flag_set/vec4 8;
    %jmp/0xz  T_31.15, 8;
    %pushi/vec4 1, 0, 1;
    %store/vec4 v000000000141baa0_0, 0, 1;
    %jmp T_31.16;
T_31.15 ;
    %load/vec4 v000000000141aa60_0;
    %flag_set/vec4 8;
    %jmp/0xz  T_31.17, 8;
    %pushi/vec4 1, 0, 1;
    %store/vec4 v000000000141bb40_0, 0, 1;
    %jmp T_31.18;
T_31.17 ;
    %load/vec4 v000000000141a060_0;
    %flag_set/vec4 8;
    %jmp/0xz  T_31.19, 8;
    %pushi/vec4 1, 0, 1;
    %store/vec4 v000000000141ba00_0, 0, 1;
T_31.19 ;
T_31.18 ;
T_31.16 ;
T_31.14 ;
    %pushi/vec4 2, 0, 4;
    %store/vec4 v000000000141bbe0_0, 0, 4;
    %jmp T_31.4;
T_31.2 ;
    %load/vec4 v000000000141a600_0;
    %flag_set/vec4 8;
    %jmp/0xz  T_31.21, 8;
    %pushi/vec4 1, 0, 1;
    %store/vec4 v000000000141baa0_0, 0, 1;
    %jmp T_31.22;
T_31.21 ;
    %load/vec4 v000000000141aa60_0;
    %flag_set/vec4 8;
    %jmp/0xz  T_31.23, 8;
    %pushi/vec4 1, 0, 1;
    %store/vec4 v000000000141bb40_0, 0, 1;
    %jmp T_31.24;
T_31.23 ;
    %load/vec4 v000000000141a060_0;
    %flag_set/vec4 8;
    %jmp/0xz  T_31.25, 8;
    %pushi/vec4 1, 0, 1;
    %store/vec4 v000000000141ba00_0, 0, 1;
    %jmp T_31.26;
T_31.25 ;
    %load/vec4 v000000000141b1e0_0;
    %flag_set/vec4 8;
    %jmp/0xz  T_31.27, 8;
    %pushi/vec4 1, 0, 1;
    %store/vec4 v000000000141a1a0_0, 0, 1;
T_31.27 ;
T_31.26 ;
T_31.24 ;
T_31.22 ;
    %pushi/vec4 3, 0, 4;
    %store/vec4 v000000000141bbe0_0, 0, 4;
    %jmp T_31.4;
T_31.3 ;
    %load/vec4 v000000000141aa60_0;
    %flag_set/vec4 8;
    %jmp/0xz  T_31.29, 8;
    %pushi/vec4 1, 0, 1;
    %store/vec4 v000000000141bb40_0, 0, 1;
    %jmp T_31.30;
T_31.29 ;
    %load/vec4 v000000000141a060_0;
    %flag_set/vec4 8;
    %jmp/0xz  T_31.31, 8;
    %pushi/vec4 1, 0, 1;
    %store/vec4 v000000000141ba00_0, 0, 1;
    %jmp T_31.32;
T_31.31 ;
    %load/vec4 v000000000141b1e0_0;
    %flag_set/vec4 8;
    %jmp/0xz  T_31.33, 8;
    %pushi/vec4 1, 0, 1;
    %store/vec4 v000000000141a1a0_0, 0, 1;
    %jmp T_31.34;
T_31.33 ;
    %load/vec4 v000000000141a600_0;
    %flag_set/vec4 8;
    %jmp/0xz  T_31.35, 8;
    %pushi/vec4 1, 0, 1;
    %store/vec4 v000000000141baa0_0, 0, 1;
T_31.35 ;
T_31.34 ;
T_31.32 ;
T_31.30 ;
    %pushi/vec4 0, 0, 4;
    %store/vec4 v000000000141bbe0_0, 0, 4;
    %jmp T_31.4;
T_31.4 ;
    %pop/vec4 1;
    %jmp T_31;
    .thread T_31, $push;
    .scope S_0000000000f69de0;
T_32 ;
Ewait_16 .event/or E_0000000000fb00d0, E_0x0;
    %wait Ewait_16;
    %pushi/vec4 0, 0, 10;
    %store/vec4 v000000000141f3e0_0, 0, 10;
    %pushi/vec4 1, 0, 32;
    %dup/vec4;
    %load/vec4 v000000000141ac40_0;
    %parti/s 1, 0, 2;
    %pad/u 32;
    %cmp/u;
    %jmp/1 T_32.0, 6;
    %dup/vec4;
    %load/vec4 v000000000141ac40_0;
    %parti/s 1, 1, 2;
    %pad/u 32;
    %cmp/u;
    %jmp/1 T_32.1, 6;
    %dup/vec4;
    %load/vec4 v000000000141ac40_0;
    %parti/s 1, 2, 3;
    %pad/u 32;
    %cmp/u;
    %jmp/1 T_32.2, 6;
    %dup/vec4;
    %load/vec4 v000000000141ac40_0;
    %parti/s 1, 3, 3;
    %pad/u 32;
    %cmp/u;
    %jmp/1 T_32.3, 6;
    %pushi/vec4 0, 0, 10;
    %store/vec4 v000000000141f3e0_0, 0, 10;
    %jmp T_32.5;
T_32.0 ;
    %load/vec4 v000000000141b0a0_0;
    %store/vec4 v000000000141f3e0_0, 0, 10;
    %jmp T_32.5;
T_32.1 ;
    %load/vec4 v000000000141b140_0;
    %store/vec4 v000000000141f3e0_0, 0, 10;
    %jmp T_32.5;
T_32.2 ;
    %load/vec4 v000000000141b280_0;
    %store/vec4 v000000000141f3e0_0, 0, 10;
    %jmp T_32.5;
T_32.3 ;
    %load/vec4 v000000000141ec60_0;
    %store/vec4 v000000000141f3e0_0, 0, 10;
    %jmp T_32.5;
T_32.5 ;
    %pop/vec4 1;
    %jmp T_32;
    .thread T_32, $push;
    .scope S_0000000000f61fd0;
T_33 ;
Ewait_17 .event/or E_0000000000fb14d0, E_0x0;
    %wait Ewait_17;
    %pushi/vec4 0, 0, 10;
    %store/vec4 v000000000141f2a0_0, 0, 10;
    %pushi/vec4 1, 0, 32;
    %dup/vec4;
    %load/vec4 v000000000141ea80_0;
    %parti/s 1, 0, 2;
    %pad/u 32;
    %cmp/u;
    %jmp/1 T_33.0, 6;
    %dup/vec4;
    %load/vec4 v000000000141ea80_0;
    %parti/s 1, 1, 2;
    %pad/u 32;
    %cmp/u;
    %jmp/1 T_33.1, 6;
    %dup/vec4;
    %load/vec4 v000000000141ea80_0;
    %parti/s 1, 2, 3;
    %pad/u 32;
    %cmp/u;
    %jmp/1 T_33.2, 6;
    %dup/vec4;
    %load/vec4 v000000000141ea80_0;
    %parti/s 1, 3, 3;
    %pad/u 32;
    %cmp/u;
    %jmp/1 T_33.3, 6;
    %pushi/vec4 0, 0, 10;
    %store/vec4 v000000000141f2a0_0, 0, 10;
    %jmp T_33.5;
T_33.0 ;
    %load/vec4 v000000000141e120_0;
    %store/vec4 v000000000141f2a0_0, 0, 10;
    %jmp T_33.5;
T_33.1 ;
    %load/vec4 v000000000141f200_0;
    %store/vec4 v000000000141f2a0_0, 0, 10;
    %jmp T_33.5;
T_33.2 ;
    %load/vec4 v000000000141ee40_0;
    %store/vec4 v000000000141f2a0_0, 0, 10;
    %jmp T_33.5;
T_33.3 ;
    %load/vec4 v000000000141ebc0_0;
    %store/vec4 v000000000141f2a0_0, 0, 10;
    %jmp T_33.5;
T_33.5 ;
    %pop/vec4 1;
    %jmp T_33;
    .thread T_33, $push;
    .scope S_0000000000f62160;
T_34 ;
Ewait_18 .event/or E_0000000000fb1090, E_0x0;
    %wait Ewait_18;
    %pushi/vec4 0, 0, 10;
    %store/vec4 v000000000141f5c0_0, 0, 10;
    %pushi/vec4 1, 0, 32;
    %dup/vec4;
    %load/vec4 v000000000141fe80_0;
    %parti/s 1, 0, 2;
    %pad/u 32;
    %cmp/u;
    %jmp/1 T_34.0, 6;
    %dup/vec4;
    %load/vec4 v000000000141fe80_0;
    %parti/s 1, 1, 2;
    %pad/u 32;
    %cmp/u;
    %jmp/1 T_34.1, 6;
    %dup/vec4;
    %load/vec4 v000000000141fe80_0;
    %parti/s 1, 2, 3;
    %pad/u 32;
    %cmp/u;
    %jmp/1 T_34.2, 6;
    %dup/vec4;
    %load/vec4 v000000000141fe80_0;
    %parti/s 1, 3, 3;
    %pad/u 32;
    %cmp/u;
    %jmp/1 T_34.3, 6;
    %pushi/vec4 0, 0, 10;
    %store/vec4 v000000000141f5c0_0, 0, 10;
    %jmp T_34.5;
T_34.0 ;
    %load/vec4 v000000000141f700_0;
    %store/vec4 v000000000141f5c0_0, 0, 10;
    %jmp T_34.5;
T_34.1 ;
    %load/vec4 v000000000141f340_0;
    %store/vec4 v000000000141f5c0_0, 0, 10;
    %jmp T_34.5;
T_34.2 ;
    %load/vec4 v000000000141e3a0_0;
    %store/vec4 v000000000141f5c0_0, 0, 10;
    %jmp T_34.5;
T_34.3 ;
    %load/vec4 v000000000141e080_0;
    %store/vec4 v000000000141f5c0_0, 0, 10;
    %jmp T_34.5;
T_34.5 ;
    %pop/vec4 1;
    %jmp T_34;
    .thread T_34, $push;
    .scope S_0000000000f71500;
T_35 ;
Ewait_19 .event/or E_0000000000fb1950, E_0x0;
    %wait Ewait_19;
    %pushi/vec4 0, 0, 10;
    %store/vec4 v000000000141f660_0, 0, 10;
    %pushi/vec4 1, 0, 32;
    %dup/vec4;
    %load/vec4 v000000000141f020_0;
    %parti/s 1, 0, 2;
    %pad/u 32;
    %cmp/u;
    %jmp/1 T_35.0, 6;
    %dup/vec4;
    %load/vec4 v000000000141f020_0;
    %parti/s 1, 1, 2;
    %pad/u 32;
    %cmp/u;
    %jmp/1 T_35.1, 6;
    %dup/vec4;
    %load/vec4 v000000000141f020_0;
    %parti/s 1, 2, 3;
    %pad/u 32;
    %cmp/u;
    %jmp/1 T_35.2, 6;
    %dup/vec4;
    %load/vec4 v000000000141f020_0;
    %parti/s 1, 3, 3;
    %pad/u 32;
    %cmp/u;
    %jmp/1 T_35.3, 6;
    %pushi/vec4 0, 0, 10;
    %store/vec4 v000000000141f660_0, 0, 10;
    %jmp T_35.5;
T_35.0 ;
    %load/vec4 v000000000141ef80_0;
    %store/vec4 v000000000141f660_0, 0, 10;
    %jmp T_35.5;
T_35.1 ;
    %load/vec4 v000000000141f480_0;
    %store/vec4 v000000000141f660_0, 0, 10;
    %jmp T_35.5;
T_35.2 ;
    %load/vec4 v000000000141f520_0;
    %store/vec4 v000000000141f660_0, 0, 10;
    %jmp T_35.5;
T_35.3 ;
    %load/vec4 v000000000141e620_0;
    %store/vec4 v000000000141f660_0, 0, 10;
    %jmp T_35.5;
T_35.5 ;
    %pop/vec4 1;
    %jmp T_35;
    .thread T_35, $push;
    .scope S_0000000001431e80;
T_36 ;
Ewait_20 .event/or E_0000000000fb0150, E_0x0;
    %wait Ewait_20;
    %pushi/vec4 0, 0, 1;
    %store/vec4 v0000000001436ec0_0, 0, 1;
    %load/vec4 v0000000001436740_0;
    %parti/s 2, 8, 5;
    %cmpi/e 2, 0, 2;
    %jmp/0xz  T_36.0, 4;
    %pushi/vec4 1, 0, 1;
    %store/vec4 v0000000001436ec0_0, 0, 1;
    %jmp T_36.1;
T_36.0 ;
    %load/vec4 v0000000001436740_0;
    %parti/s 2, 8, 5;
    %cmpi/e 1, 0, 2;
    %jmp/0xz  T_36.2, 4;
    %pushi/vec4 1, 0, 1;
    %store/vec4 v0000000001436ec0_0, 0, 1;
    %jmp T_36.3;
T_36.2 ;
    %pushi/vec4 0, 0, 1;
    %store/vec4 v0000000001436ec0_0, 0, 1;
T_36.3 ;
T_36.1 ;
    %jmp T_36;
    .thread T_36, $push;
    .scope S_0000000000f71b50;
T_37 ;
    %vpi_call/w 12 7 "$dumpfile", "sw.vcd" {0 0 0};
    %vpi_call/w 12 8 "$dumpvars", 32'sb00000000000000000000000000000000, S_0000000000f71b50 {0 0 0};
    %pushi/vec4 0, 0, 10;
    %store/vec4 v00000000014371e0_0, 0, 10;
    %delay 10, 0;
    %pushi/vec4 512, 0, 10;
    %store/vec4 v00000000014371e0_0, 0, 10;
    %delay 10, 0;
    %pushi/vec4 256, 0, 10;
    %store/vec4 v00000000014371e0_0, 0, 10;
    %delay 10, 0;
    %pushi/vec4 257, 0, 10;
    %store/vec4 v00000000014371e0_0, 0, 10;
    %delay 10, 0;
    %pushi/vec4 770, 0, 10;
    %store/vec4 v00000000014371e0_0, 0, 10;
    %delay 100, 0;
    %pushi/vec4 0, 0, 10;
    %store/vec4 v00000000014371e0_0, 0, 10;
    %delay 10, 0;
    %pushi/vec4 657, 0, 10;
    %store/vec4 v00000000014371e0_0, 0, 10;
    %delay 10, 0;
    %pushi/vec4 400, 0, 10;
    %store/vec4 v00000000014371e0_0, 0, 10;
    %delay 10, 0;
    %pushi/vec4 401, 0, 10;
    %store/vec4 v00000000014371e0_0, 0, 10;
    %delay 10, 0;
    %pushi/vec4 914, 0, 10;
    %store/vec4 v00000000014371e0_0, 0, 10;
    %delay 100, 0;
    %pushi/vec4 0, 0, 10;
    %store/vec4 v00000000014371e0_0, 0, 10;
    %delay 10, 0;
    %pushi/vec4 0, 0, 10;
    %store/vec4 v00000000014371e0_0, 0, 10;
    %delay 500, 0;
    %vpi_call/w 12 35 "$finish" {0 0 0};
    %end;
    .thread T_37;
# The file index is used to find the file name in the following table.
:file_names 13;
    "N/A";
    "<interactive>";
    "-";
    "sw.v";
    "ackor.v";
    "arb.v";
    "cb.v";
    "cbsel.v";
    "ib.v";
    "fifo.v";
    "ibsm.v";
    "mkwe.v";
    "mkwe_test.v";
