#! /usr/local/iverilog/bin/vvp
:ivl_version "11.0 (devel)" "(s20150603-642-g3bdb50da)";
:ivl_delay_selection "TYPICAL";
:vpi_time_precision + 0;
:vpi_module "system";
:vpi_module "vhdl_sys";
:vpi_module "vhdl_textio";
:vpi_module "v2005_math";
:vpi_module "va_math";
:vpi_module "v2009";
S_00000000010025a0 .scope package, "$unit" "$unit" 2 1;
 .timescale 0 0;
S_0000000001027130 .scope module, "vm" "vm" 3 1;
 .timescale 0 0;
    .port_info 0 /INPUT 1 "a";
    .port_info 1 /INPUT 1 "b";
    .port_info 2 /INPUT 1 "clk";
    .port_info 3 /INPUT 1 "rst";
    .port_info 4 /OUTPUT 3 "change";
    .port_info 5 /OUTPUT 1 "out";
o000000000103df98 .functor BUFZ 1, C4<z>; HiZ drive
v00000000010027a0_0 .net "a", 0 0, o000000000103df98;  0 drivers
o000000000103dfc8 .functor BUFZ 1, C4<z>; HiZ drive
v0000000001031f40_0 .net "b", 0 0, o000000000103dfc8;  0 drivers
v0000000001031fe0_0 .var "change", 2 0;
o000000000103e028 .functor BUFZ 1, C4<z>; HiZ drive
v0000000001032080_0 .net "clk", 0 0, o000000000103e028;  0 drivers
v0000000001032120_0 .var "cnt", 1 0;
v00000000010321c0_0 .var "nchange", 2 0;
v0000000001032260_0 .var "nstate", 5 0;
v0000000001032300_0 .var "out", 0 0;
o000000000103e118 .functor BUFZ 1, C4<z>; HiZ drive
v00000000010323a0_0 .net "rst", 0 0, o000000000103e118;  0 drivers
v0000000001032440_0 .var "state", 5 0;
E_0000000001025990 .event edge, v00000000010027a0_0, v0000000001031f40_0, v0000000001032440_0;
E_0000000001025d10 .event posedge, v00000000010323a0_0, v0000000001032080_0;
    .scope S_0000000001027130;
T_0 ;
    %wait E_0000000001025d10;
    %load/vec4 v00000000010323a0_0;
    %flag_set/vec4 8;
    %jmp/0xz  T_0.0, 8;
    %load/vec4 v0000000001032440_0;
    %parti/s 1, 0, 2;
    %pad/u 6;
    %assign/vec4 v0000000001032440_0, 0;
    %jmp T_0.1;
T_0.0 ;
    %load/vec4 v0000000001032260_0;
    %assign/vec4 v0000000001032440_0, 0;
    %load/vec4 v00000000010321c0_0;
    %assign/vec4 v0000000001031fe0_0, 0;
T_0.1 ;
    %jmp T_0;
    .thread T_0;
    .scope S_0000000001027130;
T_1 ;
Ewait_0 .event/or E_0000000001025990, E_0x0;
    %wait Ewait_0;
    %load/vec4 v00000000010027a0_0;
    %cmpi/e 1, 0, 1;
    %jmp/0xz  T_1.0, 4;
    %pushi/vec4 2, 0, 2;
    %store/vec4 v0000000001032120_0, 0, 2;
    %jmp T_1.1;
T_1.0 ;
    %load/vec4 v0000000001031f40_0;
    %cmpi/e 1, 0, 1;
    %jmp/0xz  T_1.2, 4;
    %pushi/vec4 1, 0, 2;
    %store/vec4 v0000000001032120_0, 0, 2;
    %jmp T_1.3;
T_1.2 ;
    %pushi/vec4 0, 0, 2;
    %store/vec4 v0000000001032120_0, 0, 2;
T_1.3 ;
T_1.1 ;
    %pushi/vec4 1, 0, 32;
    %dup/vec4;
    %load/vec4 v0000000001032440_0;
    %parti/s 1, 0, 2;
    %pad/u 32;
    %cmp/u;
    %jmp/1 T_1.4, 6;
    %dup/vec4;
    %load/vec4 v0000000001032440_0;
    %parti/s 1, 1, 2;
    %pad/u 32;
    %cmp/u;
    %jmp/1 T_1.5, 6;
    %dup/vec4;
    %load/vec4 v0000000001032440_0;
    %parti/s 1, 2, 3;
    %pad/u 32;
    %cmp/u;
    %jmp/1 T_1.6, 6;
    %dup/vec4;
    %load/vec4 v0000000001032440_0;
    %parti/s 1, 3, 3;
    %pad/u 32;
    %cmp/u;
    %jmp/1 T_1.7, 6;
    %dup/vec4;
    %load/vec4 v0000000001032440_0;
    %parti/s 1, 4, 4;
    %pad/u 32;
    %cmp/u;
    %jmp/1 T_1.8, 6;
    %dup/vec4;
    %load/vec4 v0000000001032440_0;
    %parti/s 1, 5, 4;
    %pad/u 32;
    %cmp/u;
    %jmp/1 T_1.9, 6;
    %jmp T_1.10;
T_1.4 ;
    %pushi/vec4 0, 0, 3;
    %store/vec4 v0000000001031fe0_0, 0, 3;
    %pushi/vec4 0, 0, 1;
    %store/vec4 v0000000001032300_0, 0, 1;
    %pushi/vec4 0, 0, 3;
    %store/vec4 v00000000010321c0_0, 0, 3;
    %load/vec4 v0000000001032120_0;
    %dup/vec4;
    %pushi/vec4 0, 0, 2;
    %cmp/u;
    %jmp/1 T_1.11, 6;
    %dup/vec4;
    %pushi/vec4 1, 0, 2;
    %cmp/u;
    %jmp/1 T_1.12, 6;
    %dup/vec4;
    %pushi/vec4 2, 0, 2;
    %cmp/u;
    %jmp/1 T_1.13, 6;
    %jmp T_1.14;
T_1.11 ;
    %load/vec4 v0000000001032440_0;
    %parti/s 1, 0, 2;
    %pad/u 6;
    %store/vec4 v0000000001032260_0, 0, 6;
    %jmp T_1.14;
T_1.12 ;
    %load/vec4 v0000000001032440_0;
    %parti/s 1, 5, 4;
    %pad/u 6;
    %store/vec4 v0000000001032260_0, 0, 6;
    %jmp T_1.14;
T_1.13 ;
    %load/vec4 v0000000001032440_0;
    %parti/s 1, 1, 2;
    %pad/u 6;
    %store/vec4 v0000000001032260_0, 0, 6;
    %jmp T_1.14;
T_1.14 ;
    %pop/vec4 1;
    %jmp T_1.10;
T_1.5 ;
    %load/vec4 v0000000001032120_0;
    %dup/vec4;
    %pushi/vec4 0, 0, 2;
    %cmp/u;
    %jmp/1 T_1.15, 6;
    %dup/vec4;
    %pushi/vec4 1, 0, 2;
    %cmp/u;
    %jmp/1 T_1.16, 6;
    %dup/vec4;
    %pushi/vec4 2, 0, 2;
    %cmp/u;
    %jmp/1 T_1.17, 6;
    %jmp T_1.18;
T_1.15 ;
    %load/vec4 v0000000001032440_0;
    %parti/s 1, 1, 2;
    %pad/u 6;
    %store/vec4 v0000000001032260_0, 0, 6;
    %jmp T_1.18;
T_1.16 ;
    %load/vec4 v0000000001032440_0;
    %parti/s 1, 5, 4;
    %pad/u 6;
    %store/vec4 v0000000001032260_0, 0, 6;
    %pushi/vec4 1, 0, 3;
    %store/vec4 v00000000010321c0_0, 0, 3;
    %jmp T_1.18;
T_1.17 ;
    %load/vec4 v0000000001032440_0;
    %parti/s 1, 2, 3;
    %pad/u 6;
    %store/vec4 v0000000001032260_0, 0, 6;
    %jmp T_1.18;
T_1.18 ;
    %pop/vec4 1;
    %jmp T_1.10;
T_1.6 ;
    %load/vec4 v0000000001032120_0;
    %dup/vec4;
    %pushi/vec4 0, 0, 2;
    %cmp/u;
    %jmp/1 T_1.19, 6;
    %dup/vec4;
    %pushi/vec4 1, 0, 2;
    %cmp/u;
    %jmp/1 T_1.20, 6;
    %dup/vec4;
    %pushi/vec4 2, 0, 2;
    %cmp/u;
    %jmp/1 T_1.21, 6;
    %jmp T_1.22;
T_1.19 ;
    %load/vec4 v0000000001032440_0;
    %parti/s 1, 2, 3;
    %pad/u 6;
    %store/vec4 v0000000001032260_0, 0, 6;
    %jmp T_1.22;
T_1.20 ;
    %load/vec4 v0000000001032440_0;
    %parti/s 1, 5, 4;
    %pad/u 6;
    %store/vec4 v0000000001032260_0, 0, 6;
    %pushi/vec4 2, 0, 3;
    %store/vec4 v00000000010321c0_0, 0, 3;
    %jmp T_1.22;
T_1.21 ;
    %load/vec4 v0000000001032440_0;
    %parti/s 1, 3, 3;
    %pad/u 6;
    %store/vec4 v0000000001032260_0, 0, 6;
    %jmp T_1.22;
T_1.22 ;
    %pop/vec4 1;
    %jmp T_1.10;
T_1.7 ;
    %load/vec4 v0000000001032120_0;
    %dup/vec4;
    %pushi/vec4 0, 0, 2;
    %cmp/u;
    %jmp/1 T_1.23, 6;
    %dup/vec4;
    %pushi/vec4 1, 0, 2;
    %cmp/u;
    %jmp/1 T_1.24, 6;
    %dup/vec4;
    %pushi/vec4 2, 0, 2;
    %cmp/u;
    %jmp/1 T_1.25, 6;
    %jmp T_1.26;
T_1.23 ;
    %load/vec4 v0000000001032440_0;
    %parti/s 1, 3, 3;
    %pad/u 6;
    %store/vec4 v0000000001032260_0, 0, 6;
    %jmp T_1.26;
T_1.24 ;
    %load/vec4 v0000000001032440_0;
    %parti/s 1, 5, 4;
    %pad/u 6;
    %store/vec4 v0000000001032260_0, 0, 6;
    %pushi/vec4 3, 0, 3;
    %store/vec4 v00000000010321c0_0, 0, 3;
    %jmp T_1.26;
T_1.25 ;
    %load/vec4 v0000000001032440_0;
    %parti/s 1, 4, 4;
    %pad/u 6;
    %store/vec4 v0000000001032260_0, 0, 6;
    %jmp T_1.26;
T_1.26 ;
    %pop/vec4 1;
    %jmp T_1.10;
T_1.8 ;
    %load/vec4 v0000000001032120_0;
    %dup/vec4;
    %pushi/vec4 0, 0, 2;
    %cmp/u;
    %jmp/1 T_1.27, 6;
    %dup/vec4;
    %pushi/vec4 1, 0, 2;
    %cmp/u;
    %jmp/1 T_1.28, 6;
    %dup/vec4;
    %pushi/vec4 2, 0, 2;
    %cmp/u;
    %jmp/1 T_1.29, 6;
    %jmp T_1.30;
T_1.27 ;
    %load/vec4 v0000000001032440_0;
    %parti/s 1, 4, 4;
    %pad/u 6;
    %store/vec4 v0000000001032260_0, 0, 6;
    %jmp T_1.30;
T_1.28 ;
    %load/vec4 v0000000001032440_0;
    %parti/s 1, 5, 4;
    %pad/u 6;
    %store/vec4 v0000000001032260_0, 0, 6;
    %pushi/vec4 4, 0, 3;
    %store/vec4 v00000000010321c0_0, 0, 3;
    %jmp T_1.30;
T_1.29 ;
    %load/vec4 v0000000001032440_0;
    %parti/s 1, 5, 4;
    %pad/u 6;
    %store/vec4 v0000000001032260_0, 0, 6;
    %pushi/vec4 0, 0, 3;
    %store/vec4 v00000000010321c0_0, 0, 3;
    %jmp T_1.30;
T_1.30 ;
    %pop/vec4 1;
    %jmp T_1.10;
T_1.9 ;
    %load/vec4 v0000000001032440_0;
    %parti/s 1, 0, 2;
    %pad/u 6;
    %store/vec4 v0000000001032260_0, 0, 6;
    %pushi/vec4 1, 0, 1;
    %store/vec4 v0000000001032300_0, 0, 1;
    %jmp T_1.10;
T_1.10 ;
    %pop/vec4 1;
    %jmp T_1;
    .thread T_1, $push;
# The file index is used to find the file name in the following table.
:file_names 4;
    "N/A";
    "<interactive>";
    "-";
    "vm.v";
